2023-07-28 09:33:48,472 [INFO] McuFinderGlobals:63 - Set McuFinder mode to 2 (CubeIDE integrated)
2023-07-28 09:33:49,810 [INFO] MainUpdater:2868 - connection check result : 10
2023-07-28 09:33:49,816 [INFO] MainUpdater:2868 - connection check result : 10
2023-07-28 09:33:50,091 [INFO] MicroXplorer:468 - Change Database Path : 
2023-07-28 09:33:50,091 [INFO] MicroXplorer:498 - Change Database Version : DB.6.0.90
2023-07-28 09:33:50,093 [WARN] ThirdParty:871 - waiting for thirdparty lock release [close project]
2023-07-28 09:33:50,093 [INFO] ThirdParty:873 - entering critical section [close project]
2023-07-28 09:33:50,104 [INFO] ThirdParty:883 - exiting critical section [close project]
2023-07-28 09:33:50,105 [INFO] PinOutPanel:1499 - setPackage(No Configuration,No Configuration)
2023-07-28 09:33:50,112 [INFO] UtilMem:75 - Begin LoadConfig() Used Memory: 200680368 Bytes (363855872)
2023-07-28 09:33:50,113 [INFO] MicroXplorer:468 - Change Database Path : 
2023-07-28 09:33:50,113 [INFO] MicroXplorer:498 - Change Database Version : DB.6.0.90
2023-07-28 09:33:50,113 [INFO] OpenFileManager:308 - Change cursor
2023-07-28 09:33:50,211 [INFO] Mcu:1946 - Initializing MCU STM32F411R(C-E)Tx STM32F411RETx STM32F411RET6
2023-07-28 09:33:51,427 [INFO] Context:659 - Trying to add GPIOservice into a context  which must be forbidden
2023-07-28 09:33:51,881 [INFO] RtosManager:555 - Registered RTOS mode: class=CMSIS, group=RTOS, mode=CMSIS_V1, owner=FREERTOS
2023-07-28 09:33:51,881 [INFO] RtosManager:555 - Registered RTOS mode: class=CMSIS, group=RTOS2, mode=CMSIS_V2, owner=FREERTOS
2023-07-28 09:33:51,882 [INFO] RtosManager:555 - Registered RTOS mode: class=RTOS, group=Core, mode=CMSIS_V1, owner=FREERTOS
2023-07-28 09:33:51,882 [INFO] RtosManager:555 - Registered RTOS mode: class=RTOS, group=Core, mode=CMSIS_V2, owner=FREERTOS
2023-07-28 09:33:51,882 [WARN] ModelIntegratedComponent:184 - Missing modes for component STMicroelectronics:FreeRTOS:0.0.1:STMicroelectronics:RTOS:FreeRTOS:Core:::10.2.0:
2023-07-28 09:33:51,885 [WARN] ModelIntegratedComponent:182 - Modes not found for component STMicroelectronics:USB_HOST:1.0.0:STMicroelectronics:USB::USB Host:Audio HS::1.0:USB_HOST_1_0_RESTRICTED_HS
2023-07-28 09:33:51,885 [WARN] ModelIntegratedComponent:188 - Modes not found for component STMicroelectronics:USB_HOST:1.0.0:STMicroelectronics:USB::USB Host:Audio HS::1.0:USB_HOST_1_0_RESTRICTED_HS
2023-07-28 09:33:51,885 [WARN] ModelIntegratedComponent:182 - Modes not found for component STMicroelectronics:USB_HOST:1.0.0:STMicroelectronics:USB::USB Host:CDC HS::1.0:USB_HOST_1_0_RESTRICTED_HS
2023-07-28 09:33:51,885 [WARN] ModelIntegratedComponent:188 - Modes not found for component STMicroelectronics:USB_HOST:1.0.0:STMicroelectronics:USB::USB Host:CDC HS::1.0:USB_HOST_1_0_RESTRICTED_HS
2023-07-28 09:33:51,885 [WARN] ModelIntegratedComponent:182 - Modes not found for component STMicroelectronics:USB_HOST:1.0.0:STMicroelectronics:USB::USB Host:MSC HS::1.0:USB_HOST_1_0_RESTRICTED_HS
2023-07-28 09:33:51,885 [WARN] ModelIntegratedComponent:188 - Modes not found for component STMicroelectronics:USB_HOST:1.0.0:STMicroelectronics:USB::USB Host:MSC HS::1.0:USB_HOST_1_0_RESTRICTED_HS
2023-07-28 09:33:51,885 [WARN] ModelIntegratedComponent:182 - Modes not found for component STMicroelectronics:USB_HOST:1.0.0:STMicroelectronics:USB::USB Host:HID HS::1.0:USB_HOST_1_0_RESTRICTED_HS
2023-07-28 09:33:51,885 [WARN] ModelIntegratedComponent:188 - Modes not found for component STMicroelectronics:USB_HOST:1.0.0:STMicroelectronics:USB::USB Host:HID HS::1.0:USB_HOST_1_0_RESTRICTED_HS
2023-07-28 09:33:51,885 [WARN] ModelIntegratedComponent:182 - Modes not found for component STMicroelectronics:USB_HOST:1.0.0:STMicroelectronics:USB::USB Host:MTP HS::1.0:USB_HOST_1_0_RESTRICTED_HS
2023-07-28 09:33:51,885 [WARN] ModelIntegratedComponent:188 - Modes not found for component STMicroelectronics:USB_HOST:1.0.0:STMicroelectronics:USB::USB Host:MTP HS::1.0:USB_HOST_1_0_RESTRICTED_HS
2023-07-28 09:33:51,892 [WARN] ModelIntegratedComponent:63 - No mode defined for component null
2023-07-28 09:33:51,892 [WARN] ModelIntegratedComponent:63 - No mode defined for component null
2023-07-28 09:33:51,892 [WARN] ModelIntegratedComponent:63 - No mode defined for component null
2023-07-28 09:33:51,892 [WARN] ModelIntegratedComponent:63 - No mode defined for component null
2023-07-28 09:33:51,892 [WARN] ModelIntegratedComponent:63 - No mode defined for component null
2023-07-28 09:33:51,892 [WARN] ModelIntegratedComponent:63 - No mode defined for component null
2023-07-28 09:33:51,892 [WARN] ModelIntegratedComponent:63 - No mode defined for component null
2023-07-28 09:33:51,892 [WARN] ModelIntegratedComponent:63 - No mode defined for component null
2023-07-28 09:33:51,892 [WARN] ModelIntegratedComponent:63 - No mode defined for component null
2023-07-28 09:33:51,893 [WARN] ModelIntegratedComponent:63 - No mode defined for component null
2023-07-28 09:33:51,893 [WARN] ModelIntegratedComponent:63 - No mode defined for component null
2023-07-28 09:33:51,893 [WARN] ModelIntegratedComponent:63 - No mode defined for component null
2023-07-28 09:33:51,893 [WARN] ModelIntegratedComponent:63 - No mode defined for component null
2023-07-28 09:33:51,893 [WARN] ModelIntegratedComponent:63 - No mode defined for component null
2023-07-28 09:33:51,893 [WARN] ModelIntegratedComponent:63 - No mode defined for component null
2023-07-28 09:33:51,893 [WARN] ModelIntegratedComponent:63 - No mode defined for component null
2023-07-28 09:33:51,893 [WARN] ModelIntegratedComponent:63 - No mode defined for component null
2023-07-28 09:33:51,893 [WARN] ModelIntegratedComponent:63 - No mode defined for component null
2023-07-28 09:33:51,893 [WARN] ModelIntegratedComponent:63 - No mode defined for component null
2023-07-28 09:33:51,893 [WARN] ModelIntegratedComponent:63 - No mode defined for component null
2023-07-28 09:33:51,893 [WARN] ModelIntegratedComponent:63 - No mode defined for component null
2023-07-28 09:33:51,893 [WARN] ModelIntegratedComponent:63 - No mode defined for component null
2023-07-28 09:33:51,893 [WARN] ModelIntegratedComponent:63 - No mode defined for component null
2023-07-28 09:33:51,893 [WARN] ModelIntegratedComponent:63 - No mode defined for component null
2023-07-28 09:33:51,893 [WARN] ModelIntegratedComponent:63 - No mode defined for component null
2023-07-28 09:33:51,893 [WARN] ModelIntegratedComponent:63 - No mode defined for component null
2023-07-28 09:33:51,893 [WARN] ModelIntegratedComponent:63 - No mode defined for component null
2023-07-28 09:33:51,893 [WARN] ModelIntegratedComponent:63 - No mode defined for component null
2023-07-28 09:33:51,893 [WARN] ModelIntegratedComponent:63 - No mode defined for component null
2023-07-28 09:33:51,893 [WARN] ModelIntegratedComponent:63 - No mode defined for component null
2023-07-28 09:33:51,893 [WARN] ModelIntegratedComponent:63 - No mode defined for component null
2023-07-28 09:33:51,894 [WARN] ModelIntegratedComponent:63 - No mode defined for component null
2023-07-28 09:33:51,894 [WARN] ModelIntegratedComponent:63 - No mode defined for component null
2023-07-28 09:33:51,899 [WARN] ModelIntegratedComponent:182 - Modes not found for component STMicroelectronics:USB_DEVICE:1.0.0:STMicroelectronics:USB::USB Device:Audio HS::1.0:USB_DEVICE_1_0_RESTRICTED_HS
2023-07-28 09:33:51,900 [WARN] ModelIntegratedComponent:188 - Modes not found for component STMicroelectronics:USB_DEVICE:1.0.0:STMicroelectronics:USB::USB Device:Audio HS::1.0:USB_DEVICE_1_0_RESTRICTED_HS
2023-07-28 09:33:51,900 [WARN] ModelIntegratedComponent:182 - Modes not found for component STMicroelectronics:USB_DEVICE:1.0.0:STMicroelectronics:USB::USB Device:CDC HS::1.0:USB_DEVICE_1_0_RESTRICTED_HS
2023-07-28 09:33:51,900 [WARN] ModelIntegratedComponent:188 - Modes not found for component STMicroelectronics:USB_DEVICE:1.0.0:STMicroelectronics:USB::USB Device:CDC HS::1.0:USB_DEVICE_1_0_RESTRICTED_HS
2023-07-28 09:33:51,900 [WARN] ModelIntegratedComponent:182 - Modes not found for component STMicroelectronics:USB_DEVICE:1.0.0:STMicroelectronics:USB::USB Device:DFU HS::1.0:USB_DEVICE_1_0_RESTRICTED_HS
2023-07-28 09:33:51,900 [WARN] ModelIntegratedComponent:188 - Modes not found for component STMicroelectronics:USB_DEVICE:1.0.0:STMicroelectronics:USB::USB Device:DFU HS::1.0:USB_DEVICE_1_0_RESTRICTED_HS
2023-07-28 09:33:51,900 [WARN] ModelIntegratedComponent:182 - Modes not found for component STMicroelectronics:USB_DEVICE:1.0.0:STMicroelectronics:USB::USB Device:HID HS::1.0:USB_DEVICE_1_0_RESTRICTED_HS
2023-07-28 09:33:51,900 [WARN] ModelIntegratedComponent:188 - Modes not found for component STMicroelectronics:USB_DEVICE:1.0.0:STMicroelectronics:USB::USB Device:HID HS::1.0:USB_DEVICE_1_0_RESTRICTED_HS
2023-07-28 09:33:51,900 [WARN] ModelIntegratedComponent:182 - Modes not found for component STMicroelectronics:USB_DEVICE:1.0.0:STMicroelectronics:USB::USB Device:Custom HID HS::1.0:USB_DEVICE_1_0_RESTRICTED_HS
2023-07-28 09:33:51,900 [WARN] ModelIntegratedComponent:188 - Modes not found for component STMicroelectronics:USB_DEVICE:1.0.0:STMicroelectronics:USB::USB Device:Custom HID HS::1.0:USB_DEVICE_1_0_RESTRICTED_HS
2023-07-28 09:33:51,900 [WARN] ModelIntegratedComponent:182 - Modes not found for component STMicroelectronics:USB_DEVICE:1.0.0:STMicroelectronics:USB::USB Device:MSC HS::1.0:USB_DEVICE_1_0_RESTRICTED_HS
2023-07-28 09:33:51,900 [WARN] ModelIntegratedComponent:188 - Modes not found for component STMicroelectronics:USB_DEVICE:1.0.0:STMicroelectronics:USB::USB Device:MSC HS::1.0:USB_DEVICE_1_0_RESTRICTED_HS
2023-07-28 09:33:51,908 [INFO] ThirdPartyModel:298 - Start build external matchings
2023-07-28 09:33:52,177 [INFO] ThirdPartyModel:316 - End build external matchings
2023-07-28 09:33:52,184 [INFO] RtosManager:919 - Current active RTOS is FREERTOS [Cortex-M4NS]
2023-07-28 09:33:52,191 [INFO] ImportTextPane:194 - (OptionalMessage_ERROR) IP (RCC) : Parameter (48MHZClocksFreq_Value) has invalid value (84000000)
2023-07-28 09:33:52,192 [INFO] ImportTextPane:194 - (OptionalMessage_ERROR) IP (RCC) : Parameter (FLatency) has Id (AdvancedSettings) currently not set
2023-07-28 09:33:52,193 [INFO] ImportTextPane:194 - (OptionalMessage_ERROR) IP (RCC) : Parameter (RTCHSEDivFreq_Value) has invalid value (4000000)
2023-07-28 09:33:52,333 [INFO] UtilMem:75 - End LoadConfig() Used Memory: 145230640 Bytes (363855872)
2023-07-28 09:33:52,853 [INFO] ApiDb:581 - Connected to CubeFinder SQLite database (C:\Users\HP\.stmcufinder\plugins\mcufinder\mcu\cube-finder-db.db)
2023-07-28 09:33:53,000 [INFO] ApiDb:668 - CubeFinder database Data Model version=2.1
2023-07-28 09:33:53,000 [INFO] ApiDb:669 - CubeFinder database Configuration version=3.0.37
2023-07-28 09:33:53,001 [INFO] ApiDb:670 - CubeFinder database generation date=2023-06-26 (1687786131)
2023-07-28 09:33:53,001 [INFO] ApiDb:671 - CubeFinder database FW Pack versions=[FP-ATR-ASTRA1_V2.0.0, FP-SNS-FLIGHT1_V5.0.1, FP-SNS-MOTENV1_V4.3.1, STM32Cube_FW_C0_V1.1.0, STM32Cube_FW_F4_V1.27.1, STM32Cube_FW_F7_V1.17.0, STM32Cube_FW_G0_V1.6.1, STM32Cube_FW_G4_V1.5.1, STM32Cube_FW_H5_V0.5.1, STM32Cube_FW_H5_V1.1.0, STM32Cube_FW_H7_V1.11.0, STM32Cube_FW_L0_V1.12.2, STM32Cube_FW_L5_V1.5.0, STM32Cube_FW_U5_V1.3.0, STM32Cube_FW_U5_V1.3.0RC4, STM32Cube_FW_WBA_V1.0.0RC1, STM32Cube_FW_WBA_V1.1.0, STM32Cube_FW_WBA_V1.1.0RC1, STM32Cube_FW_WB_V1.15.0RC1, STM32Cube_FW_WB_V1.16.0, STM32Cube_FW_WB_V1.16.0RC2, STM32Cube_FW_WB_V1.17.0, STM32Cube_FW_WL_V1.3.0, X-CUBE-ALGOBUILD_V1.3.0, X-CUBE-ALS_V1.0.1, X-CUBE-AZRTOS-F4_V1.1.0, X-CUBE-AZRTOS-F7_V1.1.0, X-CUBE-AZRTOS-G0_V1.1.0, X-CUBE-AZRTOS-G4_V2.0.0, X-CUBE-AZRTOS-H7_V3.1.0, X-CUBE-AZRTOS-L4_V1.0.0, X-CUBE-AZRTOS-L4_V2.0.0, X-CUBE-AZRTOS-L5_V1.1.0, X-CUBE-AZRTOS-WB_V1.1.0, X-CUBE-AZRTOS-WL_V2.0.0, X-CUBE-BLE1_V6.2.4, X-CUBE-BLE2_V3.3.0, X-CUBE-BLEMGR_V2.0.0, X-CUBE-EEPRMA1_V4.1.0, X-CUBE-FREERTOS_V1.0.1, X-CUBE-GNSS1_V6.0.0, X-CUBE-MEMS1_V9.1.0, X-CUBE-MEMS1_V9.4.0, X-CUBE-MEMS1_V9.6.0, X-CUBE-NFC4_V3.0.0, X-CUBE-NFC7_V1.0.0, X-CUBE-SFXS2LP1_V4.0.0, X-CUBE-SUBG2_V5.0.0]
2023-07-28 09:33:55,882 [INFO] ApiDb:240 - Found 323 in-development CPN: [B-G473E-ZEST1S, B-WB1M-WPAN1, B-WL5M-SUBG1, NUCLEO-C031C6, NUCLEO-H503RB, NUCLEO-H563ZI, NUCLEO-U545RE-Q, NUCLEO-U5A5ZJ-Q, NUCLEO-WBA52CG, STEVAL-PROTEUS1, STEVAL-SMARTAG2, STEVAL-STWINBX1, STM320518-EVAL, STM32C0116-DK, STM32C011D6Y3TR, STM32C011D6Y6TR, STM32C011F4P3, STM32C011F4P6, STM32C011F4U3, STM32C011F4U6TR, STM32C011F6P3, STM32C011F6P6, STM32C011F6U3, STM32C011F6U6TR, STM32C011J4M3, STM32C011J4M6, STM32C011J6M3, STM32C011J6M6, STM32C0316-DK, STM32C031C4T3, STM32C031C4T6, STM32C031C4U3, STM32C031C4U6, STM32C031C6T3, STM32C031C6T6, STM32C031C6U3, STM32C031C6U6, STM32C031F4P3, STM32C031F4P6, STM32C031F6P3, STM32C031F6P6, STM32C031G4U3, STM32C031G4U6, STM32C031G6U3, STM32C031G6U6, STM32C031K4T3, STM32C031K4T6, STM32C031K4U3, STM32C031K4U6, STM32C031K6T3, STM32C031K6T6, STM32C031K6U3, STM32C031K6U6, STM32G071K8TXN, STM32G071K8UXN, STM32G081GBU6N, STM32G081KBT6N, STM32G081KBUXN, STM32G0B1CCT6N, STM32G0B1KCT6, STM32G0B1NEY6TR, STM32G0B1RCT6N, STM32G0C1CCT6, STM32G0C1CCT6N, STM32G0C1CCU6N, STM32G0C1CET6N, STM32G0C1CEU6N, STM32G0C1KCT6, STM32G0C1NEY6TR, STM32G0C1RCI6N, STM32G0C1RCT6N, STM32G0C1REI6N, STM32G0C1RET6N, STM32G0C1VCI6, STM32G0C1VEI6, STM32G471CCT6, STM32G471CCU6, STM32G471CET3, STM32G471CET6, STM32G471CEU3, STM32G471CEU6, STM32G471MCT6, STM32G471MET3, STM32G471MET6, STM32G471MEY6TR, STM32G471QCT6, STM32G471QET3, STM32G471RCT6, STM32G471RET3, STM32G471RET6, STM32G471VCH6, STM32G471VCI6, STM32G471VCT6, STM32G471VEH3, STM32G471VEH6, STM32G471VEI3, STM32G471VEI6, STM32G471VET3, STM32G471VET6, STM32G474CCT6, STM32H503CBT6, STM32H503CBU6, STM32H503EBY6TR, STM32H503KBU6, STM32H503RBT6, STM32H562AGI6, STM32H562AII6, STM32H562IGK6, STM32H562IGT6, STM32H562IIK6, STM32H562IIT6, STM32H562RGT6, STM32H562RGV6, STM32H562RIT6, STM32H562RIV6, STM32H562VGT6, STM32H562VIT6, STM32H562ZGT6, STM32H562ZIT6, STM32H563AGI6, STM32H563AII3Q, STM32H563AII6, STM32H563IGK6, STM32H563IGT6, STM32H563IIK3Q, STM32H563IIK6, STM32H563IIT3Q, STM32H563IIT6, STM32H563MIY3QTR, STM32H563RGT6, STM32H563RGV6, STM32H563RIT6, STM32H563RIV6, STM32H563VGT6, STM32H563VIT3Q, STM32H563VIT6, STM32H563ZGT6, STM32H563ZIT3Q, STM32H563ZIT6, STM32H573AII3Q, STM32H573AII6, STM32H573I-DK, STM32H573IIK3Q, STM32H573IIK6, STM32H573IIT3Q, STM32H573IIT6, STM32H573MIY3QTR, STM32H573RIT6, STM32H573RIV6, STM32H573VIT3Q, STM32H573VIT6, STM32H573ZIT3Q, STM32H573ZIT6, STM32L4R5QGI6STR, STM32MP131AAE3, STM32MP131AAF3, STM32MP131AAG3, STM32MP131CAE3, STM32MP131CAF3, STM32MP131CAG3, STM32MP131DAE7, STM32MP131DAF7, STM32MP131DAG7, STM32MP131FAE7, STM32MP131FAF7, STM32MP131FAG7, STM32MP133AAE3, STM32MP133AAF3, STM32MP133AAG3, STM32MP133CAE3, STM32MP133CAF3, STM32MP133CAG3, STM32MP133DAE7, STM32MP133DAF7, STM32MP133DAG7, STM32MP133FAE7, STM32MP133FAF7, STM32MP133FAG7, STM32MP135AAE3, STM32MP135AAF3, STM32MP135AAG3, STM32MP135CAE3, STM32MP135CAF3, STM32MP135CAG3, STM32MP135DAE7, STM32MP135DAF7, STM32MP135DAG7, STM32MP135F-DK, STM32MP135FAE7, STM32MP135FAF7, STM32MP135FAF7T, STM32MP135FAF7U, STM32MP135FAG7, STM32U535CBT6, STM32U535CBT6Q, STM32U535CBU6, STM32U535CBU6Q, STM32U535CCT6, STM32U535CCT6Q, STM32U535CCU6, STM32U535CCU6Q, STM32U535CET6, STM32U535CET6Q, STM32U535CEU6, STM32U535CEU6Q, STM32U535JEY6QTR, STM32U535NCY6QTR, STM32U535NEY6QTR, STM32U535RBI6, STM32U535RBI6Q, STM32U535RBT6, STM32U535RBT6Q, STM32U535RCI6, STM32U535RCI6Q, STM32U535RCT6, STM32U535RCT6Q, STM32U535REI6, STM32U535REI6Q, STM32U535RET6, STM32U535RET6Q, STM32U535VCI6, STM32U535VCI6Q, STM32U535VCT6, STM32U535VCT6Q, STM32U535VEI6, STM32U535VEI6Q, STM32U535VET6, STM32U535VET6Q, STM32U545CET6, STM32U545CET6Q, STM32U545CEU6, STM32U545CEU6Q, STM32U545JEY6QTR, STM32U545NEY6QTR, STM32U545REI6, STM32U545REI6Q, STM32U545RET6, STM32U545RET6Q, STM32U545VEI6, STM32U545VEI6Q, STM32U545VET6, STM32U545VET6Q, STM32U595AIH6, STM32U595AIH6Q, STM32U595AJH6, STM32U595AJH6Q, STM32U595QII6, STM32U595QII6Q, STM32U595QJI6, STM32U595QJI6Q, STM32U595RIT6, STM32U595RIT6Q, STM32U595RJT6, STM32U595RJT6Q, STM32U595VIT6, STM32U595VIT6Q, STM32U595VJT6, STM32U595VJT6Q, STM32U595ZIT6, STM32U595ZIT6Q, STM32U595ZIY6QTR, STM32U595ZJT6, STM32U595ZJT6Q, STM32U595ZJY6QTR, STM32U599BJY6QTR, STM32U599NIH6Q, STM32U599NJH6Q, STM32U599VIT6Q, STM32U599VJT6, STM32U599VJT6Q, STM32U599ZIT6Q, STM32U599ZIY6QTR, STM32U599ZJT6Q, STM32U599ZJY6QTR, STM32U5A5AJH6, STM32U5A5AJH6Q, STM32U5A5QJI6, STM32U5A5QJI6Q, STM32U5A5RJT6, STM32U5A5RJT6Q, STM32U5A5VJT6, STM32U5A5VJT6Q, STM32U5A5ZJT6, STM32U5A5ZJT6Q, STM32U5A5ZJY6QTR, STM32U5A9BJY6QTR, STM32U5A9J-DK, STM32U5A9NJH6Q, STM32U5A9VJT6Q, STM32U5A9ZJT6Q, STM32U5A9ZJY6QTR, STM32U5F7VIT6, STM32U5F7VIT6Q, STM32U5F7VJT6, STM32U5F7VJT6Q, STM32U5F9BJY6QTR, STM32U5F9NJH6Q, STM32U5F9VIT6Q, STM32U5F9VJT6Q, STM32U5F9ZIJ6QTR, STM32U5F9ZIT6Q, STM32U5F9ZJJ6QTR, STM32U5F9ZJT6Q, STM32U5G7VJT6, STM32U5G7VJT6Q, STM32U5G9BJY6QTR, STM32U5G9J-DK1, STM32U5G9J-DK2, STM32U5G9NJH6Q, STM32U5G9VJT6Q, STM32U5G9ZJJ6QTR, STM32U5G9ZJT6Q, STM32WB1MMCH6, STM32WBA52CEU6, STM32WBA52CEU6T, STM32WBA52CGU6, STM32WBA52CGU6T, STM32WBA52KEU6, STM32WBA52KEU6T, STM32WBA52KGU6, STM32WBA52KGU6T, STM32WL5MOCH6, STM32WL5MOCH6TR]
2023-07-28 09:33:55,885 [INFO] DbMcus:217 - Found 3848 MCUs, 3848 are supported
2023-07-28 09:33:55,885 [INFO] ApiDb:423 - Load user favorites file C:\Users\HP/.stm32cubeide/favorites.mcus.txt: 0 item(s)
2023-07-28 09:33:55,886 [INFO] ApiDb:427 - User favorites MCUs=[]
2023-07-28 09:33:55,886 [INFO] DbMcus:223 - Set 0 / 0 favorites MCUs
2023-07-28 09:33:56,262 [WARN] ThirdParty:833 - waiting for thirdparty lock release [change project]
2023-07-28 09:33:56,262 [INFO] ThirdParty:835 - entering critical section [change project]
2023-07-28 09:33:56,263 [INFO] ThirdParty:1030 - CMSIS Pack Vendor :STMicroelectronics X-CUBE-ISPU 1.1.0
2023-07-28 09:33:56,263 [INFO] ThirdParty:1030 - CMSIS Pack Vendor :STMicroelectronics USBPD 4.1
2023-07-28 09:33:56,263 [INFO] ThirdParty:1030 - CMSIS Pack Vendor :STMicroelectronics X-CUBE-GNSS1 6.0.0
2023-07-28 09:33:56,263 [INFO] ThirdParty:1030 - CMSIS Pack Vendor :STMicroelectronics USB_HOST 2.0.0
2023-07-28 09:33:56,263 [INFO] ThirdParty:1030 - CMSIS Pack Vendor :STMicroelectronics X-CUBE-AZRTOS-F4 1.1.0
2023-07-28 09:33:56,263 [INFO] ThirdParty:1030 - CMSIS Pack Vendor :STMicroelectronics LIBJPEG 8.0.0
2023-07-28 09:33:56,263 [INFO] ThirdParty:1030 - CMSIS Pack Vendor :wolfSSL I-CUBE-wolfSSL 5.6.3
2023-07-28 09:33:56,263 [INFO] ThirdParty:1030 - CMSIS Pack Vendor :STMicroelectronics X-CUBE-SMBUS 2.1.0
2023-07-28 09:33:56,263 [INFO] ThirdParty:1030 - CMSIS Pack Vendor :STMicroelectronics USB_DEVICE 3.0.0
2023-07-28 09:33:56,263 [INFO] ThirdParty:1030 - CMSIS Pack Vendor :STMicroelectronics X-CUBE-FREERTOS 1.0.1
2023-07-28 09:33:56,263 [INFO] ThirdParty:1030 - CMSIS Pack Vendor :STMicroelectronics X-CUBE-AZRTOS-F7 1.1.0
2023-07-28 09:33:56,263 [INFO] ThirdParty:1030 - CMSIS Pack Vendor :STMicroelectronics USB_DEVICE 2.0.0
2023-07-28 09:33:56,263 [INFO] ThirdParty:1030 - CMSIS Pack Vendor :STMicroelectronics X-CUBE-MEMS1 9.6.0
2023-07-28 09:33:56,263 [INFO] ThirdParty:1030 - CMSIS Pack Vendor :STMicroelectronics FP-SNS-MOTENV1 4.3.2
2023-07-28 09:33:56,263 [INFO] ThirdParty:1030 - CMSIS Pack Vendor :STMicroelectronics FP-SNS-FLIGHT1 5.0.1
2023-07-28 09:33:56,263 [INFO] ThirdParty:1030 - CMSIS Pack Vendor :STMicroelectronics X-CUBE-ALGOBUILD 1.3.0
2023-07-28 09:33:56,263 [INFO] ThirdParty:1030 - CMSIS Pack Vendor :STMicroelectronics X-CUBE-BLE1 6.2.4
2023-07-28 09:33:56,263 [INFO] ThirdParty:1030 - CMSIS Pack Vendor :STMicroelectronics X-CUBE-AZRTOS-L5 1.1.0
2023-07-28 09:33:56,263 [INFO] ThirdParty:1030 - CMSIS Pack Vendor :STMicroelectronics FreeRTOS 0.0.1
2023-07-28 09:33:56,263 [INFO] ThirdParty:1030 - CMSIS Pack Vendor :STMicroelectronics X-CUBE-AZRTOS-G0 1.1.0
2023-07-28 09:33:56,263 [INFO] ThirdParty:1030 - CMSIS Pack Vendor :STMicroelectronics X-CUBE-BLEMGR 2.0.0
2023-07-28 09:33:56,263 [INFO] ThirdParty:1030 - CMSIS Pack Vendor :STMicroelectronics X-CUBE-AI 8.0.1
2023-07-28 09:33:56,263 [INFO] ThirdParty:1030 - CMSIS Pack Vendor :STMicroelectronics X-CUBE-NFC4 3.0.0
2023-07-28 09:33:56,263 [INFO] ThirdParty:1030 - CMSIS Pack Vendor :STMicroelectronics X-CUBE-SUBG2 5.0.0
2023-07-28 09:33:56,263 [INFO] ThirdParty:1030 - CMSIS Pack Vendor :STMicroelectronics STM32_WPAN 1.0.0
2023-07-28 09:33:56,263 [INFO] ThirdParty:1030 - CMSIS Pack Vendor :STMicroelectronics lwIP 2.0.3
2023-07-28 09:33:56,263 [INFO] ThirdParty:1030 - CMSIS Pack Vendor :STMicroelectronics FP-SNS-FLIGHT1 5.0.2
2023-07-28 09:33:56,264 [INFO] ThirdParty:1030 - CMSIS Pack Vendor :STMicroelectronics USB_HOST 1.0.0
2023-07-28 09:33:56,264 [INFO] ThirdParty:1030 - CMSIS Pack Vendor :STMicroelectronics X-CUBE-TOF1 3.3.1
2023-07-28 09:33:56,264 [INFO] ThirdParty:1030 - CMSIS Pack Vendor :STMicroelectronics X-CUBE-AZRTOS-G4 2.0.0
2023-07-28 09:33:56,264 [INFO] ThirdParty:1030 - CMSIS Pack Vendor :STMicroelectronics PDM2PCM 3.1.0
2023-07-28 09:33:56,264 [INFO] ThirdParty:1030 - CMSIS Pack Vendor :STMicroelectronics X-CUBE-AZRTOS-H7 3.1.0
2023-07-28 09:33:56,264 [INFO] ThirdParty:1030 - CMSIS Pack Vendor :STMicroelectronics X-CUBE-TOF1 3.3.0
2023-07-28 09:33:56,264 [INFO] ThirdParty:1030 - CMSIS Pack Vendor :STMicroelectronics PDM2PCM 3.3.0
2023-07-28 09:33:56,264 [INFO] ThirdParty:1030 - CMSIS Pack Vendor :STMicroelectronics X-CUBE-DISPLAY 3.0.0
2023-07-28 09:33:56,264 [INFO] ThirdParty:1030 - CMSIS Pack Vendor :STMicroelectronics FP-ATR-SIGFOX1 3.2.0
2023-07-28 09:33:56,264 [INFO] ThirdParty:1030 - CMSIS Pack Vendor :wolfSSL I-CUBE-wolfSSL 5.5.4
2023-07-28 09:33:56,264 [INFO] ThirdParty:1030 - CMSIS Pack Vendor :STMicroelectronics HAL Drivers 0.0.0
2023-07-28 09:33:56,264 [INFO] ThirdParty:1030 - CMSIS Pack Vendor :STMicroelectronics MBEDTLS 2.16.2
2023-07-28 09:33:56,264 [INFO] ThirdParty:1030 - CMSIS Pack Vendor :emotas I-CUBE-CANOPEN 1.3.0
2023-07-28 09:33:56,264 [INFO] ThirdParty:1030 - CMSIS Pack Vendor :STMicroelectronics X-CUBE-TOUCHGFX 4.22.0
2023-07-28 09:33:56,264 [INFO] ThirdParty:1030 - CMSIS Pack Vendor :STMicroelectronics X-CUBE-NFC7 1.0.1
2023-07-28 09:33:56,264 [INFO] ThirdParty:1030 - CMSIS Pack Vendor :STMicroelectronics MBEDTLS 2.14.1
2023-07-28 09:33:56,264 [INFO] ThirdParty:1030 - CMSIS Pack Vendor :STMicroelectronics X-CUBE-EEPRMA1 4.1.0
2023-07-28 09:33:56,264 [INFO] ThirdParty:1030 - CMSIS Pack Vendor :portGmbH I-Cube-SoM-uGOAL 1.1.0
2023-07-28 09:33:56,264 [INFO] ThirdParty:1030 - CMSIS Pack Vendor :STMicroelectronics X-CUBE-ALS 1.0.1
2023-07-28 09:33:56,264 [INFO] ThirdParty:1030 - CMSIS Pack Vendor :STMicroelectronics ThreadX 1.0.0
2023-07-28 09:33:56,264 [INFO] ThirdParty:1030 - CMSIS Pack Vendor :STMicroelectronics X-CUBE-AZRTOS-WB 1.1.0
2023-07-28 09:33:56,264 [INFO] ThirdParty:1030 - CMSIS Pack Vendor :STMicroelectronics X-CUBE-AZRTOS-WL 2.0.0
2023-07-28 09:33:56,265 [INFO] ThirdParty:1030 - CMSIS Pack Vendor :SEGGER I-CUBE-embOS 1.3.1
2023-07-28 09:33:56,265 [INFO] ThirdParty:1030 - CMSIS Pack Vendor :STMicroelectronics USB_DEVICE 1.0.0
2023-07-28 09:33:56,265 [INFO] ThirdParty:1030 - CMSIS Pack Vendor :STMicroelectronics X-CUBE-AZRTOS-L4 2.0.0
2023-07-28 09:33:56,265 [INFO] ThirdParty:1030 - CMSIS Pack Vendor :STMicroelectronics ThreadX 0.0.2
2023-07-28 09:33:56,265 [INFO] ThirdParty:1030 - CMSIS Pack Vendor :WES I-CUBE-Cesium 1.3.0
2023-07-28 09:33:56,265 [INFO] ThirdParty:1030 - CMSIS Pack Vendor :STMicroelectronics FP-ATR-ASTRA1 2.0.0
2023-07-28 09:33:56,265 [INFO] ThirdParty:1030 - CMSIS Pack Vendor :STMicroelectronics lwIP 2.1.2
2023-07-28 09:33:56,265 [INFO] ThirdParty:1030 - CMSIS Pack Vendor :STMicroelectronics X-CUBE-SFXS2LP1 4.0.0
2023-07-28 09:33:56,265 [INFO] ThirdParty:1030 - CMSIS Pack Vendor :STMicroelectronics X-CUBE-BLE2 3.3.0
2023-07-28 09:33:56,265 [INFO] ThirdParty:1030 - CMSIS Pack Vendor :STMicroelectronics PDM2PCM 3.2.0
2023-07-28 09:33:56,265 [INFO] ThirdParty:841 - exiting critical section [change project]
2023-07-28 09:33:56,585 [INFO] PinOutPanel:1499 - setPackage(No Configuration,No Configuration)
2023-07-28 09:33:56,586 [INFO] PinOutPanel:1499 - setPackage(STM32F411RETx,LQFP64)
2023-07-28 09:33:57,121 [INFO] UtilMem:75 - Before build in PCC Used Memory: 266959936 Bytes (363855872)
2023-07-28 09:33:58,169 [INFO] UtilMem:75 - After build in PCC Used Memory: 203856528 Bytes (363855872)
2023-07-28 09:33:58,284 [INFO] ApiDbMcu:507 - Load IP Config File for FREERTOS
2023-07-28 09:33:58,305 [INFO] IPUIPlugin:80 - create IPUIPlugin
2023-07-28 09:33:58,305 [INFO] IPUIPlugin:80 - create IPUIPlugin
2023-07-28 09:33:58,305 [INFO] IPUIPlugin:80 - create IPUIPlugin
2023-07-28 09:33:58,305 [INFO] IPUIPlugin:80 - create IPUIPlugin
2023-07-28 09:33:58,305 [INFO] IPUIPlugin:80 - create IPUIPlugin
2023-07-28 09:33:58,305 [INFO] IPUIPlugin:80 - create IPUIPlugin
2023-07-28 09:33:58,305 [INFO] IPUIPlugin:80 - create IPUIPlugin
2023-07-28 09:33:58,305 [INFO] IPUIPlugin:80 - create IPUIPlugin
2023-07-28 09:33:58,305 [INFO] IPUIPlugin:80 - create IPUIPlugin
2023-07-28 09:33:58,306 [INFO] IPUIPlugin:80 - create IPUIPlugin
2023-07-28 09:33:58,306 [INFO] IPUIPlugin:80 - create IPUIPlugin
2023-07-28 09:33:58,306 [INFO] IPUIPlugin:80 - create IPUIPlugin
2023-07-28 09:33:58,306 [INFO] IPUIPlugin:80 - create IPUIPlugin
2023-07-28 09:33:58,306 [INFO] IPUIPlugin:80 - create IPUIPlugin
2023-07-28 09:33:58,306 [INFO] IPUIPlugin:80 - create IPUIPlugin
2023-07-28 09:33:58,306 [INFO] IPUIPlugin:80 - create IPUIPlugin
2023-07-28 09:33:58,306 [INFO] IPUIPlugin:80 - create IPUIPlugin
2023-07-28 09:33:58,306 [INFO] IPUIPlugin:80 - create IPUIPlugin
2023-07-28 09:33:58,307 [INFO] IPUIPlugin:80 - create IPUIPlugin
2023-07-28 09:33:58,307 [INFO] IPUIPlugin:80 - create IPUIPlugin
2023-07-28 09:33:58,307 [INFO] IPUIPlugin:80 - create IPUIPlugin
2023-07-28 09:33:58,307 [INFO] IPUIPlugin:80 - create IPUIPlugin
2023-07-28 09:33:58,307 [INFO] IPUIPlugin:80 - create IPUIPlugin
2023-07-28 09:33:58,307 [INFO] IPUIPlugin:80 - create IPUIPlugin
2023-07-28 09:33:58,307 [INFO] IPUIPlugin:80 - create IPUIPlugin
2023-07-28 09:33:58,308 [INFO] IPUIPlugin:80 - create IPUIPlugin
2023-07-28 09:33:58,308 [INFO] IPUIPlugin:80 - create IPUIPlugin
2023-07-28 09:33:58,308 [INFO] IPUIPlugin:80 - create IPUIPlugin
2023-07-28 09:33:58,308 [INFO] IPUIPlugin:80 - create IPUIPlugin
2023-07-28 09:33:58,308 [INFO] IPUIPlugin:80 - create IPUIPlugin
2023-07-28 09:33:58,308 [INFO] IPUIPlugin:80 - create IPUIPlugin
2023-07-28 09:33:58,308 [INFO] IPUIPlugin:80 - create IPUIPlugin
2023-07-28 09:33:58,309 [INFO] IPUIPlugin:80 - create IPUIPlugin
2023-07-28 09:33:58,309 [INFO] IPUIPlugin:80 - create IPUIPlugin
2023-07-28 09:33:58,309 [INFO] IPUIPlugin:80 - create IPUIPlugin
2023-07-28 09:33:58,309 [INFO] IPUIPlugin:80 - create IPUIPlugin
2023-07-28 09:33:58,309 [INFO] IPUIPlugin:80 - create IPUIPlugin
2023-07-28 09:33:58,309 [INFO] IPUIPlugin:80 - create IPUIPlugin
2023-07-28 09:33:58,310 [INFO] IPUIPlugin:80 - create IPUIPlugin
2023-07-28 09:33:58,310 [INFO] IPUIPlugin:80 - create IPUIPlugin
2023-07-28 09:33:58,310 [INFO] IPUIPlugin:80 - create IPUIPlugin
2023-07-28 09:33:58,310 [INFO] IPUIPlugin:80 - create IPUIPlugin
2023-07-28 09:33:58,310 [INFO] IPUIPlugin:80 - create IPUIPlugin
2023-07-28 09:33:58,336 [INFO] ApiDbMcu:507 - Load IP Config File for PDM2PCM
2023-07-28 09:33:58,374 [WARN] FreeRTOS:1023 - Null or empty value: should not occur! (nothing added to the table)
2023-07-28 09:33:58,651 [INFO] CADModel:165 - CPN selected for project levelSTM32F411RET6
2023-07-28 09:33:58,651 [INFO] CADModel:114 - Register for checkConnection events
2023-07-28 09:33:58,653 [INFO] RtosManager:697 - Active RTOS found at IOC load: FREERTOS [Cortex-M4NS]
2023-07-28 09:33:58,693 [INFO] OpenFileManager:328 - Restore cursor
2023-07-28 10:10:21,770 [INFO] MainUpdater:2868 - connection check result : 10
2023-07-28 10:10:21,941 [INFO] ApiDb:668 - CubeFinder database Data Model version=2.1
2023-07-28 10:10:21,941 [INFO] ApiDb:669 - CubeFinder database Configuration version=3.0.37
2023-07-28 10:10:21,942 [INFO] ApiDb:670 - CubeFinder database generation date=2023-06-26 (1687786131)
2023-07-28 10:10:21,942 [INFO] ApiDb:671 - CubeFinder database FW Pack versions=[FP-ATR-ASTRA1_V2.0.0, FP-SNS-FLIGHT1_V5.0.1, FP-SNS-MOTENV1_V4.3.1, STM32Cube_FW_C0_V1.1.0, STM32Cube_FW_F4_V1.27.1, STM32Cube_FW_F7_V1.17.0, STM32Cube_FW_G0_V1.6.1, STM32Cube_FW_G4_V1.5.1, STM32Cube_FW_H5_V0.5.1, STM32Cube_FW_H5_V1.1.0, STM32Cube_FW_H7_V1.11.0, STM32Cube_FW_L0_V1.12.2, STM32Cube_FW_L5_V1.5.0, STM32Cube_FW_U5_V1.3.0, STM32Cube_FW_U5_V1.3.0RC4, STM32Cube_FW_WBA_V1.0.0RC1, STM32Cube_FW_WBA_V1.1.0, STM32Cube_FW_WBA_V1.1.0RC1, STM32Cube_FW_WB_V1.15.0RC1, STM32Cube_FW_WB_V1.16.0, STM32Cube_FW_WB_V1.16.0RC2, STM32Cube_FW_WB_V1.17.0, STM32Cube_FW_WL_V1.3.0, X-CUBE-ALGOBUILD_V1.3.0, X-CUBE-ALS_V1.0.1, X-CUBE-AZRTOS-F4_V1.1.0, X-CUBE-AZRTOS-F7_V1.1.0, X-CUBE-AZRTOS-G0_V1.1.0, X-CUBE-AZRTOS-G4_V2.0.0, X-CUBE-AZRTOS-H7_V3.1.0, X-CUBE-AZRTOS-L4_V1.0.0, X-CUBE-AZRTOS-L4_V2.0.0, X-CUBE-AZRTOS-L5_V1.1.0, X-CUBE-AZRTOS-WB_V1.1.0, X-CUBE-AZRTOS-WL_V2.0.0, X-CUBE-BLE1_V6.2.4, X-CUBE-BLE2_V3.3.0, X-CUBE-BLEMGR_V2.0.0, X-CUBE-EEPRMA1_V4.1.0, X-CUBE-FREERTOS_V1.0.1, X-CUBE-GNSS1_V6.0.0, X-CUBE-MEMS1_V9.1.0, X-CUBE-MEMS1_V9.4.0, X-CUBE-MEMS1_V9.6.0, X-CUBE-NFC4_V3.0.0, X-CUBE-NFC7_V1.0.0, X-CUBE-SFXS2LP1_V4.0.0, X-CUBE-SUBG2_V5.0.0]
2023-07-28 10:10:22,158 [INFO] DbBoardsSqlite:226 - include board P-NUCLEO-WB55-NUCLEO as a kit item of type 'Nucleo-64'
2023-07-28 10:10:22,158 [INFO] DbBoardsSqlite:226 - include board P-NUCLEO-WB55-USBDONGLE as a kit item of type 'Nucleo USB Dongle'
2023-07-28 10:10:22,159 [INFO] DbBoardsSqlite:226 - include board STEVAL-IDP005V1 as a kit item of type 'Evaluation Board'
2023-07-28 10:10:22,159 [INFO] DbBoardsSqlite:226 - include board STEVAL-IDP005V2 as a kit item of type 'Evaluation Board'
2023-07-28 10:10:22,248 [INFO] ApiDb:240 - Found 323 in-development CPN: [B-G473E-ZEST1S, B-WB1M-WPAN1, B-WL5M-SUBG1, NUCLEO-C031C6, NUCLEO-H503RB, NUCLEO-H563ZI, NUCLEO-U545RE-Q, NUCLEO-U5A5ZJ-Q, NUCLEO-WBA52CG, STEVAL-PROTEUS1, STEVAL-SMARTAG2, STEVAL-STWINBX1, STM320518-EVAL, STM32C0116-DK, STM32C011D6Y3TR, STM32C011D6Y6TR, STM32C011F4P3, STM32C011F4P6, STM32C011F4U3, STM32C011F4U6TR, STM32C011F6P3, STM32C011F6P6, STM32C011F6U3, STM32C011F6U6TR, STM32C011J4M3, STM32C011J4M6, STM32C011J6M3, STM32C011J6M6, STM32C0316-DK, STM32C031C4T3, STM32C031C4T6, STM32C031C4U3, STM32C031C4U6, STM32C031C6T3, STM32C031C6T6, STM32C031C6U3, STM32C031C6U6, STM32C031F4P3, STM32C031F4P6, STM32C031F6P3, STM32C031F6P6, STM32C031G4U3, STM32C031G4U6, STM32C031G6U3, STM32C031G6U6, STM32C031K4T3, STM32C031K4T6, STM32C031K4U3, STM32C031K4U6, STM32C031K6T3, STM32C031K6T6, STM32C031K6U3, STM32C031K6U6, STM32G071K8TXN, STM32G071K8UXN, STM32G081GBU6N, STM32G081KBT6N, STM32G081KBUXN, STM32G0B1CCT6N, STM32G0B1KCT6, STM32G0B1NEY6TR, STM32G0B1RCT6N, STM32G0C1CCT6, STM32G0C1CCT6N, STM32G0C1CCU6N, STM32G0C1CET6N, STM32G0C1CEU6N, STM32G0C1KCT6, STM32G0C1NEY6TR, STM32G0C1RCI6N, STM32G0C1RCT6N, STM32G0C1REI6N, STM32G0C1RET6N, STM32G0C1VCI6, STM32G0C1VEI6, STM32G471CCT6, STM32G471CCU6, STM32G471CET3, STM32G471CET6, STM32G471CEU3, STM32G471CEU6, STM32G471MCT6, STM32G471MET3, STM32G471MET6, STM32G471MEY6TR, STM32G471QCT6, STM32G471QET3, STM32G471RCT6, STM32G471RET3, STM32G471RET6, STM32G471VCH6, STM32G471VCI6, STM32G471VCT6, STM32G471VEH3, STM32G471VEH6, STM32G471VEI3, STM32G471VEI6, STM32G471VET3, STM32G471VET6, STM32G474CCT6, STM32H503CBT6, STM32H503CBU6, STM32H503EBY6TR, STM32H503KBU6, STM32H503RBT6, STM32H562AGI6, STM32H562AII6, STM32H562IGK6, STM32H562IGT6, STM32H562IIK6, STM32H562IIT6, STM32H562RGT6, STM32H562RGV6, STM32H562RIT6, STM32H562RIV6, STM32H562VGT6, STM32H562VIT6, STM32H562ZGT6, STM32H562ZIT6, STM32H563AGI6, STM32H563AII3Q, STM32H563AII6, STM32H563IGK6, STM32H563IGT6, STM32H563IIK3Q, STM32H563IIK6, STM32H563IIT3Q, STM32H563IIT6, STM32H563MIY3QTR, STM32H563RGT6, STM32H563RGV6, STM32H563RIT6, STM32H563RIV6, STM32H563VGT6, STM32H563VIT3Q, STM32H563VIT6, STM32H563ZGT6, STM32H563ZIT3Q, STM32H563ZIT6, STM32H573AII3Q, STM32H573AII6, STM32H573I-DK, STM32H573IIK3Q, STM32H573IIK6, STM32H573IIT3Q, STM32H573IIT6, STM32H573MIY3QTR, STM32H573RIT6, STM32H573RIV6, STM32H573VIT3Q, STM32H573VIT6, STM32H573ZIT3Q, STM32H573ZIT6, STM32L4R5QGI6STR, STM32MP131AAE3, STM32MP131AAF3, STM32MP131AAG3, STM32MP131CAE3, STM32MP131CAF3, STM32MP131CAG3, STM32MP131DAE7, STM32MP131DAF7, STM32MP131DAG7, STM32MP131FAE7, STM32MP131FAF7, STM32MP131FAG7, STM32MP133AAE3, STM32MP133AAF3, STM32MP133AAG3, STM32MP133CAE3, STM32MP133CAF3, STM32MP133CAG3, STM32MP133DAE7, STM32MP133DAF7, STM32MP133DAG7, STM32MP133FAE7, STM32MP133FAF7, STM32MP133FAG7, STM32MP135AAE3, STM32MP135AAF3, STM32MP135AAG3, STM32MP135CAE3, STM32MP135CAF3, STM32MP135CAG3, STM32MP135DAE7, STM32MP135DAF7, STM32MP135DAG7, STM32MP135F-DK, STM32MP135FAE7, STM32MP135FAF7, STM32MP135FAF7T, STM32MP135FAF7U, STM32MP135FAG7, STM32U535CBT6, STM32U535CBT6Q, STM32U535CBU6, STM32U535CBU6Q, STM32U535CCT6, STM32U535CCT6Q, STM32U535CCU6, STM32U535CCU6Q, STM32U535CET6, STM32U535CET6Q, STM32U535CEU6, STM32U535CEU6Q, STM32U535JEY6QTR, STM32U535NCY6QTR, STM32U535NEY6QTR, STM32U535RBI6, STM32U535RBI6Q, STM32U535RBT6, STM32U535RBT6Q, STM32U535RCI6, STM32U535RCI6Q, STM32U535RCT6, STM32U535RCT6Q, STM32U535REI6, STM32U535REI6Q, STM32U535RET6, STM32U535RET6Q, STM32U535VCI6, STM32U535VCI6Q, STM32U535VCT6, STM32U535VCT6Q, STM32U535VEI6, STM32U535VEI6Q, STM32U535VET6, STM32U535VET6Q, STM32U545CET6, STM32U545CET6Q, STM32U545CEU6, STM32U545CEU6Q, STM32U545JEY6QTR, STM32U545NEY6QTR, STM32U545REI6, STM32U545REI6Q, STM32U545RET6, STM32U545RET6Q, STM32U545VEI6, STM32U545VEI6Q, STM32U545VET6, STM32U545VET6Q, STM32U595AIH6, STM32U595AIH6Q, STM32U595AJH6, STM32U595AJH6Q, STM32U595QII6, STM32U595QII6Q, STM32U595QJI6, STM32U595QJI6Q, STM32U595RIT6, STM32U595RIT6Q, STM32U595RJT6, STM32U595RJT6Q, STM32U595VIT6, STM32U595VIT6Q, STM32U595VJT6, STM32U595VJT6Q, STM32U595ZIT6, STM32U595ZIT6Q, STM32U595ZIY6QTR, STM32U595ZJT6, STM32U595ZJT6Q, STM32U595ZJY6QTR, STM32U599BJY6QTR, STM32U599NIH6Q, STM32U599NJH6Q, STM32U599VIT6Q, STM32U599VJT6, STM32U599VJT6Q, STM32U599ZIT6Q, STM32U599ZIY6QTR, STM32U599ZJT6Q, STM32U599ZJY6QTR, STM32U5A5AJH6, STM32U5A5AJH6Q, STM32U5A5QJI6, STM32U5A5QJI6Q, STM32U5A5RJT6, STM32U5A5RJT6Q, STM32U5A5VJT6, STM32U5A5VJT6Q, STM32U5A5ZJT6, STM32U5A5ZJT6Q, STM32U5A5ZJY6QTR, STM32U5A9BJY6QTR, STM32U5A9J-DK, STM32U5A9NJH6Q, STM32U5A9VJT6Q, STM32U5A9ZJT6Q, STM32U5A9ZJY6QTR, STM32U5F7VIT6, STM32U5F7VIT6Q, STM32U5F7VJT6, STM32U5F7VJT6Q, STM32U5F9BJY6QTR, STM32U5F9NJH6Q, STM32U5F9VIT6Q, STM32U5F9VJT6Q, STM32U5F9ZIJ6QTR, STM32U5F9ZIT6Q, STM32U5F9ZJJ6QTR, STM32U5F9ZJT6Q, STM32U5G7VJT6, STM32U5G7VJT6Q, STM32U5G9BJY6QTR, STM32U5G9J-DK1, STM32U5G9J-DK2, STM32U5G9NJH6Q, STM32U5G9VJT6Q, STM32U5G9ZJJ6QTR, STM32U5G9ZJT6Q, STM32WB1MMCH6, STM32WBA52CEU6, STM32WBA52CEU6T, STM32WBA52CGU6, STM32WBA52CGU6T, STM32WBA52KEU6, STM32WBA52KEU6T, STM32WBA52KGU6, STM32WBA52KGU6T, STM32WL5MOCH6, STM32WL5MOCH6TR]
2023-07-28 10:10:22,397 [INFO] BoardInfo:880 - No configuration file found for board P-NUCLEO-WB55
2023-07-28 10:10:22,397 [INFO] DbBoards:157 - Kit is not supported: P-NUCLEO-WB55
2023-07-28 10:10:22,403 [INFO] BoardInfo:880 - No configuration file found for board STEVAL-BFA001V1B
2023-07-28 10:10:22,403 [INFO] DbBoards:157 - Kit is not supported: STEVAL-BFA001V1B
2023-07-28 10:10:22,404 [INFO] BoardInfo:880 - No configuration file found for board STEVAL-BFA001V2B
2023-07-28 10:10:22,404 [INFO] DbBoards:157 - Kit is not supported: STEVAL-BFA001V2B
2023-07-28 10:10:22,487 [INFO] DbBoards:161 - Found 190 boards, 187 are supported
2023-07-28 10:10:22,489 [INFO] ApiDb:423 - Load user favorites file C:\Users\HP/.stm32cubeide/favorites.boards.txt: 0 item(s)
2023-07-28 10:10:22,489 [INFO] ApiDb:427 - User favorites Boards=[]
2023-07-28 10:10:22,489 [INFO] DbBoards:190 - Set 0 / 0 favorites Boards
2023-07-28 10:10:22,489 [INFO] McuFinderGlobals:76 - Set McuFinderConnectedMode to true
2023-07-28 10:10:22,501 [INFO] MultiScanPanel:200 - Auto-refresh data requested => check proxy status ongoing
2023-07-28 10:10:22,514 [INFO] FinderPluginLoader:95 - Searching for filters in installed packs
2023-07-28 10:10:23,606 [INFO] LoadUrlFilesThread:185 - End of LoadServerUrlFiles without Thread
2023-07-28 10:10:23,643 [INFO] DetailPanel:341 - Set advertising image to C:/Users/HP/STM32Cube/Repository/\en.prom-stm32h5-mcu-finder.jpg
2023-07-28 10:10:34,093 [INFO] MultiScanPanel:200 - Auto-refresh data requested => check proxy status ongoing
2023-07-28 10:10:34,171 [INFO] LoadUrlFilesThread:185 - End of LoadServerUrlFiles without Thread
2023-07-28 10:10:34,171 [INFO] DetailPanel:341 - Set advertising image to C:/Users/HP/STM32Cube/Repository/\en.prom-stm32h5-mcu-finder.jpg
2023-07-28 10:10:34,179 [INFO] DbBoards:634 - Loading board mini-images...
2023-07-28 10:10:38,358 [ERROR] DbBoards:651 - Image file not found for board STM32U5G9J-DK1: C:\Users\HP\.stmcufinder\plugins\mcufinder//mcu//boards_images/STM32U5G9J-DK1.jpg
2023-07-28 10:10:38,358 [ERROR] DbBoards:651 - Image file not found for board STM32U5G9J-DK2: C:\Users\HP\.stmcufinder\plugins\mcufinder//mcu//boards_images/STM32U5G9J-DK2.jpg
2023-07-28 10:10:38,397 [INFO] DbBoards:657 - Loaded 188 board mini-images
2023-07-28 10:10:59,275 [INFO] MainUpdater:2868 - connection check result : 10
2023-07-28 10:10:59,275 [INFO] MainUpdater:2868 - connection check result : 10
2023-07-28 10:10:59,285 [INFO] MicroXplorer:468 - Change Database Path : 
2023-07-28 10:10:59,285 [INFO] MicroXplorer:498 - Change Database Version : DB.6.0.90
2023-07-28 10:10:59,314 [WARN] ThirdParty:871 - waiting for thirdparty lock release [close project]
2023-07-28 10:10:59,314 [INFO] ThirdParty:873 - entering critical section [close project]
2023-07-28 10:10:59,314 [INFO] ThirdParty:883 - exiting critical section [close project]
2023-07-28 10:10:59,315 [INFO] PinOutPanel:1499 - setPackage(No Configuration,No Configuration)
2023-07-28 10:10:59,342 [WARN] IpParametersView:151 - Warning: This peripheral hasn't parameters
2023-07-28 10:10:59,374 [WARN] MainPanel:272 - <html><b><center>Warning: This peripheral has no parameters to be configured<br></b></html>
2023-07-28 10:10:59,410 [INFO] UtilMem:75 - Begin LoadConfig() Used Memory: 433202032 Bytes (639631360)
2023-07-28 10:10:59,425 [INFO] OpenFileManager:308 - Change cursor
2023-07-28 10:10:59,450 [INFO] Mcu:1946 - Initializing MCU STM32U5A5ZJTxQ STM32U5A5ZJTxQ STM32U5A5ZJT6Q
2023-07-28 10:11:06,715 [WARN] ModelIntegratedComponent:63 - No mode defined for component null
2023-07-28 10:11:06,715 [WARN] ModelIntegratedComponent:63 - No mode defined for component null
2023-07-28 10:11:06,715 [WARN] ModelIntegratedComponent:63 - No mode defined for component null
2023-07-28 10:11:06,715 [WARN] ModelIntegratedComponent:63 - No mode defined for component null
2023-07-28 10:11:06,715 [WARN] ModelIntegratedComponent:63 - No mode defined for component null
2023-07-28 10:11:06,716 [WARN] ModelIntegratedComponent:63 - No mode defined for component null
2023-07-28 10:11:06,716 [WARN] ModelIntegratedComponent:63 - No mode defined for component null
2023-07-28 10:11:06,716 [WARN] ModelIntegratedComponent:63 - No mode defined for component null
2023-07-28 10:11:06,716 [WARN] ModelIntegratedComponent:63 - No mode defined for component null
2023-07-28 10:11:06,716 [WARN] ModelIntegratedComponent:63 - No mode defined for component null
2023-07-28 10:11:06,716 [WARN] ModelIntegratedComponent:63 - No mode defined for component null
2023-07-28 10:11:06,716 [WARN] ModelIntegratedComponent:63 - No mode defined for component null
2023-07-28 10:11:06,716 [WARN] ModelIntegratedComponent:63 - No mode defined for component null
2023-07-28 10:11:06,716 [WARN] ModelIntegratedComponent:63 - No mode defined for component null
2023-07-28 10:11:06,716 [WARN] ModelIntegratedComponent:63 - No mode defined for component null
2023-07-28 10:11:06,716 [WARN] ModelIntegratedComponent:63 - No mode defined for component null
2023-07-28 10:11:06,716 [WARN] ModelIntegratedComponent:63 - No mode defined for component null
2023-07-28 10:11:06,716 [WARN] ModelIntegratedComponent:63 - No mode defined for component null
2023-07-28 10:11:06,716 [WARN] ModelIntegratedComponent:63 - No mode defined for component null
2023-07-28 10:11:06,716 [WARN] ModelIntegratedComponent:63 - No mode defined for component null
2023-07-28 10:11:06,716 [WARN] ModelIntegratedComponent:63 - No mode defined for component null
2023-07-28 10:11:06,716 [WARN] ModelIntegratedComponent:63 - No mode defined for component null
2023-07-28 10:11:06,716 [WARN] ModelIntegratedComponent:63 - No mode defined for component null
2023-07-28 10:11:06,717 [WARN] ModelIntegratedComponent:63 - No mode defined for component null
2023-07-28 10:11:06,717 [WARN] ModelIntegratedComponent:63 - No mode defined for component null
2023-07-28 10:11:06,717 [WARN] ModelIntegratedComponent:63 - No mode defined for component null
2023-07-28 10:11:06,717 [WARN] ModelIntegratedComponent:63 - No mode defined for component null
2023-07-28 10:11:06,717 [WARN] ModelIntegratedComponent:63 - No mode defined for component null
2023-07-28 10:11:06,717 [WARN] ModelIntegratedComponent:63 - No mode defined for component null
2023-07-28 10:11:06,717 [WARN] ModelIntegratedComponent:63 - No mode defined for component null
2023-07-28 10:11:06,717 [WARN] ModelIntegratedComponent:63 - No mode defined for component null
2023-07-28 10:11:06,717 [WARN] ModelIntegratedComponent:63 - No mode defined for component null
2023-07-28 10:11:06,717 [WARN] ModelIntegratedComponent:63 - No mode defined for component null
2023-07-28 10:11:06,719 [INFO] RtosManager:555 - Registered RTOS mode: class=RTOS, group=ThreadX, mode=Core, owner=THREADX
2023-07-28 10:11:06,729 [INFO] ThirdPartyModel:298 - Start build external matchings
2023-07-28 10:11:07,004 [INFO] ThirdPartyModel:316 - End build external matchings
2023-07-28 10:11:07,014 [WARN] IP:2114 - SRAM6PowerDownInRunMode not found: check if there is a RefParameter without a condition.
2023-07-28 10:11:07,016 [INFO] ImportTextPane:194 - (OptionalMessage_ERROR) IP (RCC) : Invalid parameter (FamilyName)
2023-07-28 10:11:07,016 [INFO] ImportTextPane:194 - (OptionalMessage_ERROR) IP (RCC) : Parameter (SAI1Freq_Value) has invalid value (3096000000)
2023-07-28 10:11:07,016 [INFO] ImportTextPane:194 - (OptionalMessage_ERROR) IP (RCC) : Parameter (SAI2Freq_Value) has invalid value (3096000000)
2023-07-28 10:11:07,017 [WARN] IP:2114 - vbus_sensing_enable not found: check if there is a RefParameter without a condition.
2023-07-28 10:11:07,364 [INFO] UtilMem:75 - End LoadConfig() Used Memory: 883889432 Bytes (1073741824)
2023-07-28 10:11:07,494 [WARN] ThirdParty:833 - waiting for thirdparty lock release [change project]
2023-07-28 10:11:07,494 [INFO] ThirdParty:835 - entering critical section [change project]
2023-07-28 10:11:07,494 [INFO] ThirdParty:1030 - CMSIS Pack Vendor :STMicroelectronics X-CUBE-ISPU 1.1.0
2023-07-28 10:11:07,494 [INFO] ThirdParty:1030 - CMSIS Pack Vendor :STMicroelectronics USBPD 4.1
2023-07-28 10:11:07,494 [INFO] ThirdParty:1030 - CMSIS Pack Vendor :STMicroelectronics X-CUBE-GNSS1 6.0.0
2023-07-28 10:11:07,494 [INFO] ThirdParty:1030 - CMSIS Pack Vendor :STMicroelectronics USB_HOST 2.0.0
2023-07-28 10:11:07,494 [INFO] ThirdParty:1030 - CMSIS Pack Vendor :STMicroelectronics X-CUBE-AZRTOS-F4 1.1.0
2023-07-28 10:11:07,494 [INFO] ThirdParty:1030 - CMSIS Pack Vendor :STMicroelectronics LIBJPEG 8.0.0
2023-07-28 10:11:07,494 [INFO] ThirdParty:1030 - CMSIS Pack Vendor :wolfSSL I-CUBE-wolfSSL 5.6.3
2023-07-28 10:11:07,494 [INFO] ThirdParty:1030 - CMSIS Pack Vendor :STMicroelectronics X-CUBE-SMBUS 2.1.0
2023-07-28 10:11:07,494 [INFO] ThirdParty:1030 - CMSIS Pack Vendor :STMicroelectronics USB_DEVICE 3.0.0
2023-07-28 10:11:07,494 [INFO] ThirdParty:1030 - CMSIS Pack Vendor :STMicroelectronics X-CUBE-FREERTOS 1.0.1
2023-07-28 10:11:07,494 [INFO] ThirdParty:1030 - CMSIS Pack Vendor :STMicroelectronics X-CUBE-AZRTOS-F7 1.1.0
2023-07-28 10:11:07,494 [INFO] ThirdParty:1030 - CMSIS Pack Vendor :STMicroelectronics USB_DEVICE 2.0.0
2023-07-28 10:11:07,494 [INFO] ThirdParty:1030 - CMSIS Pack Vendor :STMicroelectronics X-CUBE-MEMS1 9.6.0
2023-07-28 10:11:07,494 [INFO] ThirdParty:1030 - CMSIS Pack Vendor :STMicroelectronics FP-SNS-MOTENV1 4.3.2
2023-07-28 10:11:07,494 [INFO] ThirdParty:1030 - CMSIS Pack Vendor :STMicroelectronics FP-SNS-FLIGHT1 5.0.1
2023-07-28 10:11:07,494 [INFO] ThirdParty:1030 - CMSIS Pack Vendor :STMicroelectronics X-CUBE-ALGOBUILD 1.3.0
2023-07-28 10:11:07,494 [INFO] ThirdParty:1030 - CMSIS Pack Vendor :STMicroelectronics X-CUBE-BLE1 6.2.4
2023-07-28 10:11:07,494 [INFO] ThirdParty:1030 - CMSIS Pack Vendor :STMicroelectronics X-CUBE-AZRTOS-L5 1.1.0
2023-07-28 10:11:07,494 [INFO] ThirdParty:1030 - CMSIS Pack Vendor :STMicroelectronics FreeRTOS 0.0.1
2023-07-28 10:11:07,494 [INFO] ThirdParty:1030 - CMSIS Pack Vendor :STMicroelectronics X-CUBE-AZRTOS-G0 1.1.0
2023-07-28 10:11:07,494 [INFO] ThirdParty:1030 - CMSIS Pack Vendor :STMicroelectronics X-CUBE-BLEMGR 2.0.0
2023-07-28 10:11:07,494 [INFO] ThirdParty:1030 - CMSIS Pack Vendor :STMicroelectronics X-CUBE-AI 8.0.1
2023-07-28 10:11:07,494 [INFO] ThirdParty:1030 - CMSIS Pack Vendor :STMicroelectronics X-CUBE-NFC4 3.0.0
2023-07-28 10:11:07,494 [INFO] ThirdParty:1030 - CMSIS Pack Vendor :STMicroelectronics X-CUBE-SUBG2 5.0.0
2023-07-28 10:11:07,494 [INFO] ThirdParty:1030 - CMSIS Pack Vendor :STMicroelectronics STM32_WPAN 1.0.0
2023-07-28 10:11:07,494 [INFO] ThirdParty:1030 - CMSIS Pack Vendor :STMicroelectronics lwIP 2.0.3
2023-07-28 10:11:07,494 [INFO] ThirdParty:1030 - CMSIS Pack Vendor :STMicroelectronics FP-SNS-FLIGHT1 5.0.2
2023-07-28 10:11:07,494 [INFO] ThirdParty:1030 - CMSIS Pack Vendor :STMicroelectronics USB_HOST 1.0.0
2023-07-28 10:11:07,495 [INFO] ThirdParty:1030 - CMSIS Pack Vendor :STMicroelectronics X-CUBE-TOF1 3.3.1
2023-07-28 10:11:07,495 [INFO] ThirdParty:1030 - CMSIS Pack Vendor :STMicroelectronics X-CUBE-AZRTOS-G4 2.0.0
2023-07-28 10:11:07,495 [INFO] ThirdParty:1030 - CMSIS Pack Vendor :STMicroelectronics PDM2PCM 3.1.0
2023-07-28 10:11:07,495 [INFO] ThirdParty:1030 - CMSIS Pack Vendor :STMicroelectronics X-CUBE-AZRTOS-H7 3.1.0
2023-07-28 10:11:07,495 [INFO] ThirdParty:1030 - CMSIS Pack Vendor :STMicroelectronics X-CUBE-TOF1 3.3.0
2023-07-28 10:11:07,495 [INFO] ThirdParty:1030 - CMSIS Pack Vendor :STMicroelectronics PDM2PCM 3.3.0
2023-07-28 10:11:07,495 [INFO] ThirdParty:1030 - CMSIS Pack Vendor :STMicroelectronics X-CUBE-DISPLAY 3.0.0
2023-07-28 10:11:07,495 [INFO] ThirdParty:1030 - CMSIS Pack Vendor :STMicroelectronics FP-ATR-SIGFOX1 3.2.0
2023-07-28 10:11:07,495 [INFO] ThirdParty:1030 - CMSIS Pack Vendor :wolfSSL I-CUBE-wolfSSL 5.5.4
2023-07-28 10:11:07,495 [INFO] ThirdParty:1030 - CMSIS Pack Vendor :STMicroelectronics HAL Drivers 0.0.0
2023-07-28 10:11:07,495 [INFO] ThirdParty:1030 - CMSIS Pack Vendor :STMicroelectronics MBEDTLS 2.16.2
2023-07-28 10:11:07,495 [INFO] ThirdParty:1030 - CMSIS Pack Vendor :emotas I-CUBE-CANOPEN 1.3.0
2023-07-28 10:11:07,495 [INFO] ThirdParty:1030 - CMSIS Pack Vendor :STMicroelectronics X-CUBE-TOUCHGFX 4.22.0
2023-07-28 10:11:07,495 [INFO] ThirdParty:1030 - CMSIS Pack Vendor :STMicroelectronics X-CUBE-NFC7 1.0.1
2023-07-28 10:11:07,495 [INFO] ThirdParty:1030 - CMSIS Pack Vendor :STMicroelectronics MBEDTLS 2.14.1
2023-07-28 10:11:07,495 [INFO] ThirdParty:1030 - CMSIS Pack Vendor :STMicroelectronics X-CUBE-EEPRMA1 4.1.0
2023-07-28 10:11:07,495 [INFO] ThirdParty:1030 - CMSIS Pack Vendor :portGmbH I-Cube-SoM-uGOAL 1.1.0
2023-07-28 10:11:07,495 [INFO] ThirdParty:1030 - CMSIS Pack Vendor :STMicroelectronics X-CUBE-ALS 1.0.1
2023-07-28 10:11:07,495 [INFO] ThirdParty:1030 - CMSIS Pack Vendor :STMicroelectronics ThreadX 1.0.0
2023-07-28 10:11:07,495 [INFO] ThirdParty:1030 - CMSIS Pack Vendor :STMicroelectronics X-CUBE-AZRTOS-WB 1.1.0
2023-07-28 10:11:07,495 [INFO] ThirdParty:1030 - CMSIS Pack Vendor :STMicroelectronics X-CUBE-AZRTOS-WL 2.0.0
2023-07-28 10:11:07,495 [INFO] ThirdParty:1030 - CMSIS Pack Vendor :SEGGER I-CUBE-embOS 1.3.1
2023-07-28 10:11:07,495 [INFO] ThirdParty:1030 - CMSIS Pack Vendor :STMicroelectronics USB_DEVICE 1.0.0
2023-07-28 10:11:07,495 [INFO] ThirdParty:1030 - CMSIS Pack Vendor :STMicroelectronics X-CUBE-AZRTOS-L4 2.0.0
2023-07-28 10:11:07,495 [INFO] ThirdParty:1030 - CMSIS Pack Vendor :STMicroelectronics ThreadX 0.0.2
2023-07-28 10:11:07,495 [INFO] ThirdParty:1030 - CMSIS Pack Vendor :WES I-CUBE-Cesium 1.3.0
2023-07-28 10:11:07,495 [INFO] ThirdParty:1030 - CMSIS Pack Vendor :STMicroelectronics FP-ATR-ASTRA1 2.0.0
2023-07-28 10:11:07,495 [INFO] ThirdParty:1030 - CMSIS Pack Vendor :STMicroelectronics lwIP 2.1.2
2023-07-28 10:11:07,495 [INFO] ThirdParty:1030 - CMSIS Pack Vendor :STMicroelectronics X-CUBE-SFXS2LP1 4.0.0
2023-07-28 10:11:07,495 [INFO] ThirdParty:1030 - CMSIS Pack Vendor :STMicroelectronics X-CUBE-BLE2 3.3.0
2023-07-28 10:11:07,495 [INFO] ThirdParty:1030 - CMSIS Pack Vendor :STMicroelectronics PDM2PCM 3.2.0
2023-07-28 10:11:07,495 [INFO] ThirdParty:841 - exiting critical section [change project]
2023-07-28 10:11:07,768 [INFO] PinOutPanel:1499 - setPackage(No Configuration,No Configuration)
2023-07-28 10:11:07,768 [INFO] PinOutPanel:1499 - setPackage(STM32U5A5ZJTxQ,LQFP144)
2023-07-28 10:11:07,895 [WARN] IP:2114 - rccPrivilegeSecure not found: check if there is a RefParameter without a condition.
2023-07-28 10:11:07,895 [WARN] IP:2114 - rccSecurity not found: check if there is a RefParameter without a condition.
2023-07-28 10:11:08,085 [WARN] IP:2114 - rccPrivilegeSecure not found: check if there is a RefParameter without a condition.
2023-07-28 10:11:08,085 [WARN] IP:2114 - rccSecurity not found: check if there is a RefParameter without a condition.
2023-07-28 10:11:08,482 [WARN] IP:2114 - rccPrivilegeSecure not found: check if there is a RefParameter without a condition.
2023-07-28 10:11:08,482 [WARN] IP:2114 - rccSecurity not found: check if there is a RefParameter without a condition.
2023-07-28 10:11:08,496 [INFO] UtilMem:75 - Before build in PCC Used Memory: 649725408 Bytes (1073741824)
2023-07-28 10:11:09,046 [INFO] UtilMem:75 - After build in PCC Used Memory: 824837600 Bytes (1073741824)
2023-07-28 10:11:09,071 [INFO] IPUIPlugin:80 - create IPUIPlugin
2023-07-28 10:11:09,071 [INFO] IPUIPlugin:80 - create IPUIPlugin
2023-07-28 10:11:09,071 [INFO] IPUIPlugin:80 - create IPUIPlugin
2023-07-28 10:11:09,072 [INFO] IPUIPlugin:80 - create IPUIPlugin
2023-07-28 10:11:09,072 [INFO] IPUIPlugin:80 - create IPUIPlugin
2023-07-28 10:11:09,072 [INFO] IPUIPlugin:80 - create IPUIPlugin
2023-07-28 10:11:09,072 [INFO] IPUIPlugin:80 - create IPUIPlugin
2023-07-28 10:11:09,072 [INFO] IPUIPlugin:80 - create IPUIPlugin
2023-07-28 10:11:09,072 [INFO] IPUIPlugin:80 - create IPUIPlugin
2023-07-28 10:11:09,072 [INFO] IPUIPlugin:80 - create IPUIPlugin
2023-07-28 10:11:09,072 [INFO] IPUIPlugin:80 - create IPUIPlugin
2023-07-28 10:11:09,072 [INFO] IPUIPlugin:80 - create IPUIPlugin
2023-07-28 10:11:09,072 [INFO] IPUIPlugin:80 - create IPUIPlugin
2023-07-28 10:11:09,072 [INFO] IPUIPlugin:80 - create IPUIPlugin
2023-07-28 10:11:09,072 [INFO] IPUIPlugin:80 - create IPUIPlugin
2023-07-28 10:11:09,072 [INFO] IPUIPlugin:80 - create IPUIPlugin
2023-07-28 10:11:09,072 [INFO] IPUIPlugin:80 - create IPUIPlugin
2023-07-28 10:11:09,073 [INFO] IPUIPlugin:80 - create IPUIPlugin
2023-07-28 10:11:09,073 [INFO] IPUIPlugin:80 - create IPUIPlugin
2023-07-28 10:11:09,073 [INFO] IPUIPlugin:80 - create IPUIPlugin
2023-07-28 10:11:09,073 [INFO] IPUIPlugin:80 - create IPUIPlugin
2023-07-28 10:11:09,073 [INFO] IPUIPlugin:80 - create IPUIPlugin
2023-07-28 10:11:09,073 [INFO] IPUIPlugin:80 - create IPUIPlugin
2023-07-28 10:11:09,073 [INFO] IPUIPlugin:80 - create IPUIPlugin
2023-07-28 10:11:09,073 [INFO] IPUIPlugin:80 - create IPUIPlugin
2023-07-28 10:11:09,073 [INFO] IPUIPlugin:80 - create IPUIPlugin
2023-07-28 10:11:09,073 [INFO] IPUIPlugin:80 - create IPUIPlugin
2023-07-28 10:11:09,073 [INFO] IPUIPlugin:80 - create IPUIPlugin
2023-07-28 10:11:09,074 [INFO] IPUIPlugin:80 - create IPUIPlugin
2023-07-28 10:11:09,074 [INFO] IPUIPlugin:80 - create IPUIPlugin
2023-07-28 10:11:09,074 [INFO] IPUIPlugin:80 - create IPUIPlugin
2023-07-28 10:11:09,074 [INFO] IPUIPlugin:80 - create IPUIPlugin
2023-07-28 10:11:09,074 [INFO] IPUIPlugin:80 - create IPUIPlugin
2023-07-28 10:11:09,075 [INFO] IPUIPlugin:80 - create IPUIPlugin
2023-07-28 10:11:09,075 [INFO] IPUIPlugin:80 - create IPUIPlugin
2023-07-28 10:11:09,075 [INFO] IPUIPlugin:80 - create IPUIPlugin
2023-07-28 10:11:09,075 [INFO] IPUIPlugin:80 - create IPUIPlugin
2023-07-28 10:11:09,075 [INFO] IPUIPlugin:80 - create IPUIPlugin
2023-07-28 10:11:09,075 [INFO] IPUIPlugin:80 - create IPUIPlugin
2023-07-28 10:11:09,076 [INFO] IPUIPlugin:80 - create IPUIPlugin
2023-07-28 10:11:09,076 [INFO] IPUIPlugin:80 - create IPUIPlugin
2023-07-28 10:11:09,076 [INFO] IPUIPlugin:80 - create IPUIPlugin
2023-07-28 10:11:09,076 [INFO] IPUIPlugin:80 - create IPUIPlugin
2023-07-28 10:11:09,076 [INFO] IPUIPlugin:80 - create IPUIPlugin
2023-07-28 10:11:09,077 [INFO] IPUIPlugin:80 - create IPUIPlugin
2023-07-28 10:11:09,077 [INFO] IPUIPlugin:80 - create IPUIPlugin
2023-07-28 10:11:09,077 [INFO] IPUIPlugin:80 - create IPUIPlugin
2023-07-28 10:11:09,077 [INFO] IPUIPlugin:80 - create IPUIPlugin
2023-07-28 10:11:09,078 [INFO] IPUIPlugin:80 - create IPUIPlugin
2023-07-28 10:11:09,078 [INFO] IPUIPlugin:80 - create IPUIPlugin
2023-07-28 10:11:09,078 [INFO] IPUIPlugin:80 - create IPUIPlugin
2023-07-28 10:11:09,078 [INFO] IPUIPlugin:80 - create IPUIPlugin
2023-07-28 10:11:09,078 [INFO] IPUIPlugin:80 - create IPUIPlugin
2023-07-28 10:11:09,079 [INFO] IPUIPlugin:80 - create IPUIPlugin
2023-07-28 10:11:09,079 [INFO] IPUIPlugin:80 - create IPUIPlugin
2023-07-28 10:11:09,079 [INFO] IPUIPlugin:80 - create IPUIPlugin
2023-07-28 10:11:09,079 [INFO] IPUIPlugin:80 - create IPUIPlugin
2023-07-28 10:11:09,079 [INFO] IPUIPlugin:80 - create IPUIPlugin
2023-07-28 10:11:09,080 [INFO] IPUIPlugin:80 - create IPUIPlugin
2023-07-28 10:11:09,080 [INFO] IPUIPlugin:80 - create IPUIPlugin
2023-07-28 10:11:09,080 [INFO] IPUIPlugin:80 - create IPUIPlugin
2023-07-28 10:11:09,080 [INFO] IPUIPlugin:80 - create IPUIPlugin
2023-07-28 10:11:09,081 [INFO] IPUIPlugin:80 - create IPUIPlugin
2023-07-28 10:11:09,081 [INFO] IPUIPlugin:80 - create IPUIPlugin
2023-07-28 10:11:09,081 [INFO] IPUIPlugin:80 - create IPUIPlugin
2023-07-28 10:11:09,081 [INFO] IPUIPlugin:80 - create IPUIPlugin
2023-07-28 10:11:09,082 [INFO] IPUIPlugin:80 - create IPUIPlugin
2023-07-28 10:11:09,082 [INFO] IPUIPlugin:80 - create IPUIPlugin
2023-07-28 10:11:09,082 [INFO] IPUIPlugin:80 - create IPUIPlugin
2023-07-28 10:11:09,082 [INFO] IPUIPlugin:80 - create IPUIPlugin
2023-07-28 10:11:09,083 [INFO] IPUIPlugin:80 - create IPUIPlugin
2023-07-28 10:11:09,083 [INFO] IPUIPlugin:80 - create IPUIPlugin
2023-07-28 10:11:09,083 [INFO] IPUIPlugin:80 - create IPUIPlugin
2023-07-28 10:11:09,084 [INFO] IPUIPlugin:80 - create IPUIPlugin
2023-07-28 10:11:09,084 [INFO] IPUIPlugin:80 - create IPUIPlugin
2023-07-28 10:11:09,084 [INFO] IPUIPlugin:80 - create IPUIPlugin
2023-07-28 10:11:09,084 [INFO] IPUIPlugin:80 - create IPUIPlugin
2023-07-28 10:11:09,084 [INFO] IPUIPlugin:80 - create IPUIPlugin
2023-07-28 10:11:09,085 [INFO] IPUIPlugin:80 - create IPUIPlugin
2023-07-28 10:11:09,085 [INFO] IPUIPlugin:80 - create IPUIPlugin
2023-07-28 10:11:09,085 [INFO] IPUIPlugin:80 - create IPUIPlugin
2023-07-28 10:11:09,086 [INFO] IPUIPlugin:80 - create IPUIPlugin
2023-07-28 10:11:09,086 [INFO] IPUIPlugin:80 - create IPUIPlugin
2023-07-28 10:11:09,086 [INFO] IPUIPlugin:80 - create IPUIPlugin
2023-07-28 10:11:09,087 [INFO] IPUIPlugin:80 - create IPUIPlugin
2023-07-28 10:11:09,087 [INFO] IPUIPlugin:80 - create IPUIPlugin
2023-07-28 10:11:09,087 [INFO] IPUIPlugin:80 - create IPUIPlugin
2023-07-28 10:11:09,087 [INFO] IPUIPlugin:80 - create IPUIPlugin
2023-07-28 10:11:09,088 [INFO] IPUIPlugin:80 - create IPUIPlugin
2023-07-28 10:11:09,088 [INFO] IPUIPlugin:80 - create IPUIPlugin
2023-07-28 10:11:09,088 [INFO] IPUIPlugin:80 - create IPUIPlugin
2023-07-28 10:11:09,089 [INFO] IPUIPlugin:80 - create IPUIPlugin
2023-07-28 10:11:09,089 [INFO] IPUIPlugin:80 - create IPUIPlugin
2023-07-28 10:11:09,089 [INFO] IPUIPlugin:80 - create IPUIPlugin
2023-07-28 10:11:09,089 [INFO] IPUIPlugin:80 - create IPUIPlugin
2023-07-28 10:11:09,090 [INFO] IPUIPlugin:80 - create IPUIPlugin
2023-07-28 10:11:09,090 [INFO] IPUIPlugin:80 - create IPUIPlugin
2023-07-28 10:11:09,090 [INFO] IPUIPlugin:80 - create IPUIPlugin
2023-07-28 10:11:09,091 [INFO] IPUIPlugin:80 - create IPUIPlugin
2023-07-28 10:11:09,091 [INFO] IPUIPlugin:80 - create IPUIPlugin
2023-07-28 10:11:09,091 [INFO] IPUIPlugin:80 - create IPUIPlugin
2023-07-28 10:11:09,092 [INFO] IPUIPlugin:80 - create IPUIPlugin
2023-07-28 10:11:09,092 [INFO] IPUIPlugin:80 - create IPUIPlugin
2023-07-28 10:11:09,093 [INFO] IPUIPlugin:80 - create IPUIPlugin
2023-07-28 10:11:09,093 [INFO] IPUIPlugin:80 - create IPUIPlugin
2023-07-28 10:11:09,093 [INFO] IPUIPlugin:80 - create IPUIPlugin
2023-07-28 10:11:09,094 [INFO] IPUIPlugin:80 - create IPUIPlugin
2023-07-28 10:11:09,094 [INFO] IPUIPlugin:80 - create IPUIPlugin
2023-07-28 10:11:09,095 [INFO] IPUIPlugin:80 - create IPUIPlugin
2023-07-28 10:11:09,095 [INFO] IPUIPlugin:80 - create IPUIPlugin
2023-07-28 10:11:09,095 [INFO] IPUIPlugin:80 - create IPUIPlugin
2023-07-28 10:11:09,096 [INFO] IPUIPlugin:80 - create IPUIPlugin
2023-07-28 10:11:09,096 [INFO] IPUIPlugin:80 - create IPUIPlugin
2023-07-28 10:11:09,179 [INFO] CADModel:165 - CPN selected for project levelSTM32U5A5ZJT6Q
2023-07-28 10:11:09,179 [INFO] CADModel:114 - Register for checkConnection events
2023-07-28 10:11:09,225 [INFO] OpenFileManager:328 - Restore cursor
2023-07-28 10:11:09,376 [WARN] IP:2114 - vbus_sensing_enable not found: check if there is a RefParameter without a condition.
2023-07-28 10:11:09,376 [WARN] IP:2114 - vbus_sensing_enable not found: check if there is a RefParameter without a condition.
2023-07-28 10:11:09,382 [WARN] IP:2114 - SRAM6PowerDownInRunMode not found: check if there is a RefParameter without a condition.
2023-07-28 10:11:09,383 [WARN] IP:2114 - pwrPrivilegeSecure not found: check if there is a RefParameter without a condition.
2023-07-28 10:11:09,383 [WARN] IP:2114 - pwrPrivilegeNSecure not found: check if there is a RefParameter without a condition.
2023-07-28 10:11:09,383 [WARN] IP:2114 - PWR_WKUP1 not found: check if there is a RefParameter without a condition.
2023-07-28 10:11:09,383 [WARN] IP:2114 - PWR_WKUP2 not found: check if there is a RefParameter without a condition.
2023-07-28 10:11:09,383 [WARN] IP:2114 - PWR_WKUP3 not found: check if there is a RefParameter without a condition.
2023-07-28 10:11:09,383 [WARN] IP:2114 - PWR_WKUP4 not found: check if there is a RefParameter without a condition.
2023-07-28 10:11:09,383 [WARN] IP:2114 - PWR_WKUP5 not found: check if there is a RefParameter without a condition.
2023-07-28 10:11:09,383 [WARN] IP:2114 - PWR_WKUP6 not found: check if there is a RefParameter without a condition.
2023-07-28 10:11:09,383 [WARN] IP:2114 - PWR_WKUP7 not found: check if there is a RefParameter without a condition.
2023-07-28 10:11:09,383 [WARN] IP:2114 - PWR_WKUP8 not found: check if there is a RefParameter without a condition.
2023-07-28 10:11:09,383 [WARN] IP:2114 - PWR_VDM not found: check if there is a RefParameter without a condition.
2023-07-28 10:11:09,383 [WARN] IP:2114 - PWR_APC not found: check if there is a RefParameter without a condition.
2023-07-28 10:11:09,383 [WARN] IP:2114 - PWR_LPM not found: check if there is a RefParameter without a condition.
2023-07-28 10:11:09,383 [WARN] IP:2114 - PWR_VB not found: check if there is a RefParameter without a condition.
2023-07-28 10:11:09,423 [WARN] IP:2114 - rccPrivilegeSecure not found: check if there is a RefParameter without a condition.
2023-07-28 10:11:09,423 [WARN] IP:2114 - rccSecurity not found: check if there is a RefParameter without a condition.
2023-07-28 10:11:09,471 [WARN] IP:2114 - rccPrivilegeSecure not found: check if there is a RefParameter without a condition.
2023-07-28 10:11:09,471 [WARN] IP:2114 - rccSecurity not found: check if there is a RefParameter without a condition.
2023-07-28 10:11:09,744 [INFO] UtilMem:75 - End SaveConfig() Used Memory: 730863040 Bytes (1073741824)
2023-07-28 10:11:09,799 [WARN] Context:732 - Trying to set MEMORYMAP twice on same context CortexM33
2023-07-28 10:11:11,725 [INFO] ServerAccessManage:473 - Download File stm32cube_fw_u5_v130.zip
2023-07-28 10:16:01,621 [INFO] AnalyticsPlugin:363 - Accepted License(s) without tracking enabled: [FW.U5.1.3.0]
2023-07-28 10:16:01,621 [INFO] FileExtend:240 - Unzip File : stm32cube_fw_u5_v130.zip
2023-07-28 10:16:01,621 [INFO] FileExtend:255 - Standard Zip Deflate
2023-07-28 10:25:59,247 [INFO] LoadServerPackagesThread:196 - End of LoadServerPackages Thread
2023-07-28 10:25:59,392 [INFO] ThirdPartyModel:298 - Start build external matchings
2023-07-28 10:25:59,406 [INFO] UtilMem:75 - End SaveConfig() Used Memory: 957981984 Bytes (964689920)
2023-07-28 10:25:59,757 [INFO] ThirdPartyModel:316 - End build external matchings
2023-07-28 10:25:59,761 [INFO] CheckServerUpdateThread:120 - End of CheckServer Thread
2023-07-28 10:25:59,843 [INFO] BlockDiagram:2759 - set Specific Code input for plugin: USB_OTG_HS
2023-07-28 10:25:59,843 [INFO] BlockDiagram:2759 - set Specific Code input for plugin: PWR
2023-07-28 10:25:59,843 [INFO] BlockDiagram:2759 - set Specific Code input for plugin: RCC
2023-07-28 10:25:59,843 [INFO] BlockDiagram:2759 - set Specific Code input for plugin: USART
2023-07-28 10:25:59,843 [INFO] BlockDiagram:2759 - set Specific Code input for plugin: MEMORYMAP
2023-07-28 10:25:59,843 [INFO] BlockDiagram:2759 - set Specific Code input for plugin: UCPD
2023-07-28 10:25:59,843 [INFO] BlockDiagram:2759 - set Specific Code input for plugin: SYS
2023-07-28 10:25:59,843 [INFO] BlockDiagram:2759 - set Specific Code input for plugin: ADC
2023-07-28 10:25:59,843 [INFO] BlockDiagram:2759 - set Specific Code input for plugin: LPBAM
2023-07-28 10:25:59,843 [INFO] BlockDiagram:2759 - set Specific Code input for plugin: NVIC
2023-07-28 10:25:59,843 [INFO] BlockDiagram:2759 - set Specific Code input for plugin: ICACHE
2023-07-28 10:25:59,843 [INFO] BlockDiagram:2759 - set Specific Code input for plugin: DEBUG
2023-07-28 10:25:59,844 [INFO] BlockDiagram:2759 - set Specific Code input for plugin: GPIO
2023-07-28 10:25:59,844 [INFO] BlockDiagram:2759 - set Specific Code input for plugin: LPBAMQUEUE
2023-07-28 10:25:59,845 [INFO] CodeGenerator:799 - code generatio: config db path: C:\ST\STM32CubeIDE_1.12.1\STM32CubeIDE\plugins\com.st.stm32cube.common.mx_6.9.0.202307051724\\db\
2023-07-28 10:26:00,103 [WARN] IP:2114 - SRAM6PowerDownInRunMode not found: check if there is a RefParameter without a condition.
2023-07-28 10:26:00,104 [WARN] IP:2114 - pwrPrivilegeSecure not found: check if there is a RefParameter without a condition.
2023-07-28 10:26:00,104 [WARN] IP:2114 - pwrPrivilegeNSecure not found: check if there is a RefParameter without a condition.
2023-07-28 10:26:00,104 [WARN] IP:2114 - PWR_WKUP1 not found: check if there is a RefParameter without a condition.
2023-07-28 10:26:00,104 [WARN] IP:2114 - PWR_WKUP2 not found: check if there is a RefParameter without a condition.
2023-07-28 10:26:00,104 [WARN] IP:2114 - PWR_WKUP3 not found: check if there is a RefParameter without a condition.
2023-07-28 10:26:00,104 [WARN] IP:2114 - PWR_WKUP4 not found: check if there is a RefParameter without a condition.
2023-07-28 10:26:00,104 [WARN] IP:2114 - PWR_WKUP5 not found: check if there is a RefParameter without a condition.
2023-07-28 10:26:00,104 [WARN] IP:2114 - PWR_WKUP6 not found: check if there is a RefParameter without a condition.
2023-07-28 10:26:00,104 [WARN] IP:2114 - PWR_WKUP7 not found: check if there is a RefParameter without a condition.
2023-07-28 10:26:00,104 [WARN] IP:2114 - PWR_WKUP8 not found: check if there is a RefParameter without a condition.
2023-07-28 10:26:00,104 [WARN] IP:2114 - PWR_VDM not found: check if there is a RefParameter without a condition.
2023-07-28 10:26:00,104 [WARN] IP:2114 - PWR_APC not found: check if there is a RefParameter without a condition.
2023-07-28 10:26:00,104 [WARN] IP:2114 - PWR_LPM not found: check if there is a RefParameter without a condition.
2023-07-28 10:26:00,104 [WARN] IP:2114 - PWR_VB not found: check if there is a RefParameter without a condition.
2023-07-28 10:26:00,144 [WARN] IP:2114 - rccPrivilegeSecure not found: check if there is a RefParameter without a condition.
2023-07-28 10:26:00,144 [WARN] IP:2114 - rccSecurity not found: check if there is a RefParameter without a condition.
2023-07-28 10:26:00,161 [WARN] IP:2114 - vbus_sensing_enable not found: check if there is a RefParameter without a condition.
2023-07-28 10:26:00,466 [INFO] CodeEngine:255 - oldGeneratedFile, C:\Users\HP\Documents\git\STM32\rtos-demo\MXTmpFiles\license.tmp_save
2023-07-28 10:26:00,860 [INFO] CodeEngine:279 - Generated code: C:\Users\HP\Documents\git\STM32\rtos-demo\MXTmpFiles\license.tmp
2023-07-28 10:26:01,160 [INFO] CodeEngine:255 - oldGeneratedFile, C:\Users\HP\Documents\git\STM32\rtos-demo\MXTmpFiles\gpio.tmp_save
2023-07-28 10:26:01,288 [INFO] CodeEngine:279 - Generated code: C:\Users\HP\Documents\git\STM32\rtos-demo\MXTmpFiles\gpio.tmp
2023-07-28 10:26:01,651 [WARN] IPConfigManager:99 - WARNING: Missing Config File for DEBUG ip!!
2023-07-28 10:26:01,797 [WARN] IPConfigManager:99 - WARNING: Missing Config File for MEMORYMAP ip!!
2023-07-28 10:26:01,797 [WARN] IP:2114 - DefaultDataRegion not found: check if there is a RefParameter without a condition.
2023-07-28 10:26:02,930 [WARN] IPConfigManager:4154 - WARNING: Missing Config File for LINKEDLIST ip!!
2023-07-28 10:26:03,389 [WARN] IPConfigManager:2937 - Warning: the RefConfig PWREx_EnableUSBVoltageDetector is not available in your config.xml file
2023-07-28 10:26:03,608 [INFO] CodeEngine:255 - oldGeneratedFile, C:\Users\HP\Documents\git\STM32\rtos-demo\MXTmpFiles\cortex.tmp_save
2023-07-28 10:26:03,683 [INFO] CodeEngine:279 - Generated code: C:\Users\HP\Documents\git\STM32\rtos-demo\MXTmpFiles\cortex.tmp
2023-07-28 10:26:03,722 [INFO] CodeEngine:255 - oldGeneratedFile, C:\Users\HP\Documents\git\STM32\rtos-demo\Core\Src\stm32u5xx_it.c_save
2023-07-28 10:26:03,822 [INFO] CodeEngine:279 - Generated code: C:\Users\HP\Documents\git\STM32\rtos-demo\Core\Src\stm32u5xx_it.c
2023-07-28 10:26:03,836 [INFO] CodeEngine:255 - oldGeneratedFile, C:\Users\HP\Documents\git\STM32\rtos-demo\Core\Inc\stm32u5xx_it.h_save
2023-07-28 10:26:03,890 [INFO] CodeEngine:279 - Generated code: C:\Users\HP\Documents\git\STM32\rtos-demo\Core\Inc\stm32u5xx_it.h
2023-07-28 10:26:03,939 [INFO] CodeEngine:255 - oldGeneratedFile, C:\Users\HP\Documents\git\STM32\rtos-demo\Core\Src\stm32u5xx_hal_msp.c_save
2023-07-28 10:26:04,649 [INFO] CodeEngine:279 - Generated code: C:\Users\HP\Documents\git\STM32\rtos-demo\Core\Src\stm32u5xx_hal_msp.c
2023-07-28 10:26:04,738 [INFO] CodeEngine:255 - oldGeneratedFile, C:\Users\HP\Documents\git\STM32\rtos-demo\MXTmpFiles\system.tmp_save
2023-07-28 10:26:04,892 [INFO] CodeEngine:279 - Generated code: C:\Users\HP\Documents\git\STM32\rtos-demo\MXTmpFiles\system.tmp
2023-07-28 10:26:04,909 [INFO] CodeEngine:255 - oldGeneratedFile, C:\Users\HP\Documents\git\STM32\rtos-demo\Core\Inc\stm32_assert.h_save
2023-07-28 10:26:04,950 [INFO] CodeEngine:279 - Generated code: C:\Users\HP\Documents\git\STM32\rtos-demo\Core\Inc\stm32_assert.h
2023-07-28 10:26:04,972 [INFO] CodeEngine:311 - oldGeneratedFile, C:\Users\HP\Documents\git\STM32\rtos-demo\Core\Inc\stm32u5xx_hal_conf.h_save
2023-07-28 10:26:05,175 [INFO] CodeEngine:335 - Generated code: C:\Users\HP\Documents\git\STM32\rtos-demo\Core\Inc\stm32u5xx_hal_conf.h
2023-07-28 10:26:05,236 [WARN] IPConfigManager:3431 - IP not found : USB_OTG
2023-07-28 10:26:05,237 [WARN] CodeGenerator:3760 - IP not found : null
2023-07-28 10:26:05,515 [INFO] CodeEngine:255 - oldGeneratedFile, C:\Users\HP\Documents\git\STM32\rtos-demo\Core\Inc\main.h_save
2023-07-28 10:26:05,601 [INFO] CodeEngine:279 - Generated code: C:\Users\HP\Documents\git\STM32\rtos-demo\Core\Inc\main.h
2023-07-28 10:26:05,669 [INFO] CodeEngine:255 - oldGeneratedFile, C:\Users\HP\Documents\git\STM32\rtos-demo\Core\Src\main.c_save
2023-07-28 10:26:05,798 [INFO] CodeEngine:279 - Generated code: C:\Users\HP\Documents\git\STM32\rtos-demo\Core\Src\main.c
2023-07-28 10:26:07,722 [INFO] ProjectBuilder:3064 - Time for Copy HAL[1] : 1648mS.
2023-07-28 10:26:07,727 [INFO] ProjectBuilder:4404 - Project Generator version: 4.1.0
2023-07-28 10:26:07,921 [INFO] ConfigFileManager:1457 - The Die is : DIE481
2023-07-28 10:26:08,427 [INFO] ApiDbMcu:507 - Load IP Config File for FileX
2023-07-28 10:26:08,628 [INFO] ApiDbMcu:507 - Load IP Config File for LevelX
2023-07-28 10:26:08,652 [INFO] ApiDbMcu:507 - Load IP Config File for NetXDuo
2023-07-28 10:26:08,674 [INFO] ApiDbMcu:507 - Load IP Config File for ThreadX
2023-07-28 10:26:08,698 [INFO] ApiDbMcu:507 - Load IP Config File for TOUCHSENSING
2023-07-28 10:26:08,722 [INFO] ApiDbMcu:507 - Load IP Config File for USBPD
2023-07-28 10:26:08,740 [INFO] ApiDbMcu:507 - Load IP Config File for USBX
