2023-08-25 10:00:36,000 [INFO] Activator:176 - 


2023-08-25 10:00:36,027 [INFO] Activator:177 - !SESSION log4j initialized
2023-08-25 10:00:56,423 [INFO] LogOutputStream:77 - [STDOUT_REDIRECT] 
2023-08-25 10:01:11,891 [INFO] ApplicationProperties:184 - Using Application install path: C:\ST\STM32CubeIDE_1.12.1\STM32CubeIDE\plugins\com.st.stm32cube.common.mx_6.9.1.202307191849
2023-08-25 10:01:11,920 [INFO] DbMcusXml:78 - Set database path to: C:\ST\STM32CubeIDE_1.12.1\STM32CubeIDE\plugins\com.st.stm32cube.common.mx_6.9.1.202307191849\\db\/mcu/
2023-08-25 10:01:11,920 [INFO] ApiDb:274 - Set plugin database path to: C:\ST\STM32CubeIDE_1.12.1\STM32CubeIDE\plugins\com.st.stm32cube.common.mx_6.9.1.202307191849\\db\/plugins/boardmanager/
2023-08-25 10:01:11,920 [WARN] ApiDb:259 - Overriding images path with different value:  => C:\ST\STM32CubeIDE_1.12.1\STM32CubeIDE\plugins\com.st.stm32cube.common.mx_6.9.1.202307191849\\db\/plugins/mcufinder/images/
2023-08-25 10:01:11,988 [INFO] ApiDb:250 - Set database path to: C:\Users\HP\.stmcufinder\plugins\mcufinder//mcu/
2023-08-25 10:01:11,988 [INFO] DbMcusAds:125 - Set database path to: C:\Users\HP\.stmcufinder\plugins\mcufinder//mcu/
2023-08-25 10:01:12,004 [INFO] CrossReferenceDbSqlite:203 - Set database path to: C:\Users\HP\.stmcufinder\plugins\mcufinder//mcu/cs/
2023-08-25 10:01:12,264 [INFO] RulesReader:64 - Compatibility file has been processed (293 Rules)
2023-08-25 10:01:12,519 [INFO] DbMcusXml:78 - Set database path to: C:\ST\STM32CubeIDE_1.12.1\STM32CubeIDE\plugins\com.st.stm32cube.common.mx_6.9.1.202307191849\\db\/mcu/
2023-08-25 10:01:12,519 [INFO] ApiDb:274 - Set plugin database path to: C:\ST\STM32CubeIDE_1.12.1\STM32CubeIDE\plugins\com.st.stm32cube.common.mx_6.9.1.202307191849\\db\/plugins/boardmanager/
2023-08-25 10:01:12,519 [INFO] ApiDb:261 - Set plugin images path to: C:\ST\STM32CubeIDE_1.12.1\STM32CubeIDE\plugins\com.st.stm32cube.common.mx_6.9.1.202307191849\\db\/plugins/mcufinder/images/
2023-08-25 10:01:12,520 [WARN] DbFile:41 - Overriding database path with different value: C:\Users\HP\.stmcufinder\plugins\mcufinder/ => C:\Users\HP\.stmcufinder\plugins\mcufinder
2023-08-25 10:01:12,520 [INFO] ApiDb:250 - Set database path to: C:\Users\HP\.stmcufinder\plugins\mcufinder//mcu/
2023-08-25 10:01:12,520 [WARN] DbFile:41 - Overriding database path with different value: C:\Users\HP\.stmcufinder\plugins\mcufinder/ => C:\Users\HP\.stmcufinder\plugins\mcufinder
2023-08-25 10:01:12,520 [INFO] DbMcusAds:125 - Set database path to: C:\Users\HP\.stmcufinder\plugins\mcufinder//mcu/
2023-08-25 10:01:12,520 [WARN] DbFile:41 - Overriding database path with different value: C:\Users\HP\.stmcufinder\plugins\mcufinder/ => C:\Users\HP\.stmcufinder\plugins\mcufinder
2023-08-25 10:01:12,520 [WARN] DbFile:41 - Overriding database path with different value: C:\Users\HP\.stmcufinder\plugins\mcufinder/ => C:\Users\HP\.stmcufinder\plugins\mcufinder
2023-08-25 10:01:12,520 [INFO] CrossReferenceDbSqlite:203 - Set database path to: C:\Users\HP\.stmcufinder\plugins\mcufinder//mcu/cs/
2023-08-25 10:01:12,650 [INFO] MainPanel:262 - HeapMemory: 268435456
2023-08-25 10:01:13,069 [INFO] DbMcusXml:78 - Set database path to: C:\ST\STM32CubeIDE_1.12.1\STM32CubeIDE\plugins\com.st.stm32cube.common.mx_6.9.1.202307191849\\db\/mcu/
2023-08-25 10:01:13,069 [INFO] ApiDb:274 - Set plugin database path to: C:\ST\STM32CubeIDE_1.12.1\STM32CubeIDE\plugins\com.st.stm32cube.common.mx_6.9.1.202307191849\\db\/plugins/boardmanager/
2023-08-25 10:01:13,069 [INFO] ApiDb:261 - Set plugin images path to: C:\ST\STM32CubeIDE_1.12.1\STM32CubeIDE\plugins\com.st.stm32cube.common.mx_6.9.1.202307191849\\db\/plugins/mcufinder/images/
2023-08-25 10:01:13,077 [WARN] DbFile:41 - Overriding database path with different value: C:\Users\HP\.stmcufinder\plugins\mcufinder/ => C:\Users\HP\.stmcufinder\plugins\mcufinder
2023-08-25 10:01:13,077 [INFO] ApiDb:250 - Set database path to: C:\Users\HP\.stmcufinder\plugins\mcufinder//mcu/
2023-08-25 10:01:13,077 [WARN] DbFile:41 - Overriding database path with different value: C:\Users\HP\.stmcufinder\plugins\mcufinder/ => C:\Users\HP\.stmcufinder\plugins\mcufinder
2023-08-25 10:01:13,077 [INFO] DbMcusAds:125 - Set database path to: C:\Users\HP\.stmcufinder\plugins\mcufinder//mcu/
2023-08-25 10:01:13,077 [WARN] DbFile:41 - Overriding database path with different value: C:\Users\HP\.stmcufinder\plugins\mcufinder/ => C:\Users\HP\.stmcufinder\plugins\mcufinder
2023-08-25 10:01:13,077 [WARN] DbFile:41 - Overriding database path with different value: C:\Users\HP\.stmcufinder\plugins\mcufinder/ => C:\Users\HP\.stmcufinder\plugins\mcufinder
2023-08-25 10:01:13,077 [INFO] CrossReferenceDbSqlite:203 - Set database path to: C:\Users\HP\.stmcufinder\plugins\mcufinder//mcu/cs/
2023-08-25 10:01:13,103 [INFO] ApplicationProperties:184 - Using Application install path: C:\ST\STM32CubeIDE_1.12.1\STM32CubeIDE\plugins\com.st.stm32cube.common.mx_6.9.1.202307191849
2023-08-25 10:01:13,104 [INFO] PluginManage:196 - Search for loadable plugins [exclusion list=, ]
2023-08-25 10:01:13,106 [INFO] PluginManage:310 - Check plugin analytics
2023-08-25 10:01:18,452 [INFO] AnalyticsPlugin:253 - Accepted Software Licenses: STM32CubeMX.6.7.0,STM32CubeMX.6.8.1,STM32CubeMX.6.5.0
2023-08-25 10:01:18,453 [INFO] AnalyticsPlugin:255 - Accepted CMSIS Pack Licenses: 
2023-08-25 10:01:18,453 [INFO] AnalyticsPlugin:257 - Accepted Firmware Licenses: FW.U5.1.0.0,FW.F4.1.27.0,FW.U5.1.2.0
2023-08-25 10:01:18,454 [INFO] PluginManage:359 - Loaded plugin analytics (category:tool,tabindex:-1)
2023-08-25 10:01:18,455 [INFO] PluginManage:310 - Check plugin cadmodel
2023-08-25 10:01:18,677 [INFO] CADModel:105 - Init CAD model plugin
2023-08-25 10:01:18,677 [INFO] PluginManage:359 - Loaded plugin cadmodel (category:power,tabindex:5)
2023-08-25 10:01:18,677 [INFO] PluginManage:310 - Check plugin clock
2023-08-25 10:01:18,703 [INFO] PluginManage:359 - Loaded plugin clock (category:base,tabindex:2)
2023-08-25 10:01:18,703 [INFO] PluginManage:310 - Check plugin ddr
2023-08-25 10:01:18,719 [INFO] PluginManage:359 - Loaded plugin ddr (category:tool,tabindex:6)
2023-08-25 10:01:18,719 [INFO] PluginManage:310 - Check plugin filemanager
2023-08-25 10:01:19,172 [INFO] PluginManage:359 - Loaded plugin filemanager (category:base,tabindex:10)
2023-08-25 10:01:19,172 [INFO] PluginManage:310 - Check plugin ipmanager
2023-08-25 10:01:19,208 [INFO] PluginManage:359 - Loaded plugin ipmanager (category:base,tabindex:5)
2023-08-25 10:01:19,208 [INFO] PluginManage:310 - Check plugin lpbam
2023-08-25 10:01:19,234 [INFO] PluginManage:359 - Loaded plugin lpbam (category:base,tabindex:0)
2023-08-25 10:01:19,234 [INFO] PluginManage:310 - Check plugin memorymap
2023-08-25 10:01:19,282 [INFO] PluginManage:359 - Loaded plugin memorymap (category:base,tabindex:4)
2023-08-25 10:01:19,282 [INFO] PluginManage:310 - Check plugin pinoutandconfiguration
2023-08-25 10:01:19,305 [INFO] PluginManage:359 - Loaded plugin pinoutandconfiguration (category:base,tabindex:1)
2023-08-25 10:01:19,305 [INFO] PluginManage:310 - Check plugin pinoutconfig
2023-08-25 10:01:19,612 [WARN] SupportedApi:132 - Cannot load RTOS API schema: s4s-elt-must-match.1: The content of 'definitions' must match (annotation?, (simpleType | complexType)?, (unique | key | keyref)*)). A problem was found starting at: attribute.
2023-08-25 10:01:19,789 [INFO] PluginManage:359 - Loaded plugin pinoutconfig (category:base,tabindex:0)
2023-08-25 10:01:19,790 [INFO] PluginManage:310 - Check plugin power
2023-08-25 10:01:19,839 [INFO] PluginManage:359 - Loaded plugin power (category:power,tabindex:4)
2023-08-25 10:01:19,839 [INFO] PluginManage:310 - Check plugin projectmanager
2023-08-25 10:01:19,846 [INFO] PluginManage:359 - Loaded plugin projectmanager (category:projectmanager,tabindex:3)
2023-08-25 10:01:19,846 [INFO] PluginManage:310 - Check plugin thirdparty
2023-08-25 10:01:20,565 [INFO] PluginManage:359 - Loaded plugin thirdparty (category:base,tabindex:-1)
2023-08-25 10:01:20,565 [WARN] IntegrityCheckThread:84 - waiting for thirdparty lock release [integrity check]
2023-08-25 10:01:20,565 [INFO] PluginManage:310 - Check plugin tools
2023-08-25 10:01:20,565 [INFO] IntegrityCheckThread:86 - entering critical section [integrity check]
2023-08-25 10:01:20,565 [INFO] ThirdPartyUpdaterWithRetryManager:70 - Updater plugin not ready yet. [1/15]
2023-08-25 10:01:20,597 [INFO] PluginManage:359 - Loaded plugin tools (category:base,tabindex:7)
2023-08-25 10:01:20,597 [INFO] PluginManage:310 - Check plugin tutovideos
2023-08-25 10:01:21,173 [INFO] PluginManage:359 - Loaded plugin tutovideos (category:base,tabindex:-1)
2023-08-25 10:01:21,173 [INFO] PluginManage:310 - Check plugin updater
2023-08-25 10:01:21,205 [INFO] PluginManage:359 - Loaded plugin updater (category:base,tabindex:12)
2023-08-25 10:01:21,205 [INFO] PluginManage:310 - Check plugin userauth
2023-08-25 10:01:21,220 [INFO] UserAuth:113 - Init User Auth plugin
2023-08-25 10:01:21,220 [INFO] PluginManage:359 - Loaded plugin userauth (category:base,tabindex:14)
2023-08-25 10:01:21,220 [INFO] PluginManage:283 - PluginManage : Loaded plugins [17]
2023-08-25 10:01:22,682 [INFO] PinOutPanel:1499 - setPackage(No Configuration,No Configuration)
2023-08-25 10:01:22,942 [INFO] CADModel:165 - CPN selected for project level
2023-08-25 10:01:22,942 [INFO] CADModel:114 - Register for checkConnection events
2023-08-25 10:01:22,989 [INFO] IPUIPlugin:80 - create IPUIPlugin
2023-08-25 10:01:22,989 [INFO] PluginManager:220 - loadIPPluginJar : add adc
2023-08-25 10:01:23,043 [INFO] IPUIPlugin:80 - create IPUIPlugin
2023-08-25 10:01:23,043 [INFO] PluginManager:220 - loadIPPluginJar : add aes
2023-08-25 10:01:23,097 [INFO] IPUIPlugin:80 - create IPUIPlugin
2023-08-25 10:01:23,097 [INFO] PluginManager:220 - loadIPPluginJar : add can
2023-08-25 10:01:23,449 [INFO] IPUIPlugin:80 - create IPUIPlugin
2023-08-25 10:01:23,449 [INFO] PluginManager:220 - loadIPPluginJar : add comp
2023-08-25 10:01:23,506 [INFO] IPUIPlugin:80 - create IPUIPlugin
2023-08-25 10:01:23,506 [INFO] PluginManager:220 - loadIPPluginJar : add cryp
2023-08-25 10:01:23,541 [INFO] IPUIPlugin:80 - create IPUIPlugin
2023-08-25 10:01:23,541 [INFO] PluginManager:220 - loadIPPluginJar : add dfsdm
2023-08-25 10:01:23,561 [INFO] IPUIPlugin:80 - create IPUIPlugin
2023-08-25 10:01:23,566 [INFO] PluginManager:220 - loadIPPluginJar : add dma
2023-08-25 10:01:23,579 [INFO] ThirdPartyUpdaterWithRetryManager:70 - Updater plugin not ready yet. [2/15]
2023-08-25 10:01:23,598 [INFO] IPUIPlugin:80 - create IPUIPlugin
2023-08-25 10:01:23,598 [INFO] PluginManager:220 - loadIPPluginJar : add dma3
2023-08-25 10:01:23,626 [INFO] IPUIPlugin:80 - create IPUIPlugin
2023-08-25 10:01:23,626 [INFO] PluginManager:220 - loadIPPluginJar : add fatfs
2023-08-25 10:01:23,696 [INFO] IPUIPlugin:80 - create IPUIPlugin
2023-08-25 10:01:23,697 [INFO] PluginManager:220 - loadIPPluginJar : add fmc
2023-08-25 10:01:23,780 [INFO] IPUIPlugin:80 - create IPUIPlugin
2023-08-25 10:01:23,780 [INFO] PluginManager:220 - loadIPPluginJar : add freertos
2023-08-25 10:01:23,808 [INFO] IPUIPlugin:80 - create IPUIPlugin
2023-08-25 10:01:23,808 [INFO] PluginManager:220 - loadIPPluginJar : add genericplugin
2023-08-25 10:01:23,879 [INFO] IPUIPlugin:80 - create IPUIPlugin
2023-08-25 10:01:23,879 [INFO] PluginManager:220 - loadIPPluginJar : add gfxmmu
2023-08-25 10:01:23,974 [INFO] IPUIPlugin:80 - create IPUIPlugin
2023-08-25 10:01:23,974 [INFO] PluginManager:220 - loadIPPluginJar : add gic
2023-08-25 10:01:23,992 [INFO] IPUIPlugin:80 - create IPUIPlugin
2023-08-25 10:01:23,992 [INFO] PluginManager:220 - loadIPPluginJar : add gpio
2023-08-25 10:01:24,060 [INFO] IPUIPlugin:80 - create IPUIPlugin
2023-08-25 10:01:24,060 [INFO] PluginManager:220 - loadIPPluginJar : add gtzc
2023-08-25 10:01:24,097 [INFO] IPUIPlugin:80 - create IPUIPlugin
2023-08-25 10:01:24,097 [INFO] PluginManager:220 - loadIPPluginJar : add hash
2023-08-25 10:01:24,154 [INFO] IPUIPlugin:80 - create IPUIPlugin
2023-08-25 10:01:24,250 [INFO] PluginManager:220 - loadIPPluginJar : add i2c
2023-08-25 10:01:24,293 [INFO] IPUIPlugin:80 - create IPUIPlugin
2023-08-25 10:01:24,293 [INFO] PluginManager:220 - loadIPPluginJar : add i2s
2023-08-25 10:01:24,328 [INFO] IPUIPlugin:80 - create IPUIPlugin
2023-08-25 10:01:24,328 [INFO] PluginManager:220 - loadIPPluginJar : add i3c
2023-08-25 10:01:24,437 [INFO] IPUIPlugin:80 - create IPUIPlugin
2023-08-25 10:01:24,438 [INFO] PluginManager:220 - loadIPPluginJar : add ipddr
2023-08-25 10:01:24,513 [INFO] IPUIPlugin:80 - create IPUIPlugin
2023-08-25 10:01:24,513 [INFO] PluginManager:220 - loadIPPluginJar : add linkedlist
2023-08-25 10:01:24,547 [INFO] IPUIPlugin:80 - create IPUIPlugin
2023-08-25 10:01:24,547 [INFO] PluginManager:220 - loadIPPluginJar : add lorawan
2023-08-25 10:01:24,580 [INFO] IPUIPlugin:80 - create IPUIPlugin
2023-08-25 10:01:24,580 [INFO] PluginManager:220 - loadIPPluginJar : add ltdc
2023-08-25 10:01:26,584 [INFO] ThirdPartyUpdaterWithRetryManager:70 - Updater plugin not ready yet. [3/15]
2023-08-25 10:01:27,408 [INFO] IPUIPlugin:80 - create IPUIPlugin
2023-08-25 10:01:27,408 [INFO] PluginManager:220 - loadIPPluginJar : add mdma
2023-08-25 10:01:27,442 [INFO] IPUIPlugin:80 - create IPUIPlugin
2023-08-25 10:01:27,442 [INFO] PluginManager:220 - loadIPPluginJar : add nvic
2023-08-25 10:01:27,484 [INFO] IPUIPlugin:80 - create IPUIPlugin
2023-08-25 10:01:27,922 [INFO] PluginManager:220 - loadIPPluginJar : add opamp
2023-08-25 10:01:28,004 [INFO] IPUIPlugin:80 - create IPUIPlugin
2023-08-25 10:01:28,004 [INFO] PluginManager:220 - loadIPPluginJar : add openamp
2023-08-25 10:01:28,083 [INFO] IPUIPlugin:80 - create IPUIPlugin
2023-08-25 10:01:28,083 [INFO] PluginManager:220 - loadIPPluginJar : add pdm2pcm
2023-08-25 10:01:28,098 [INFO] IPUIPlugin:80 - create IPUIPlugin
2023-08-25 10:01:28,098 [INFO] PluginManager:220 - loadIPPluginJar : add plateformsettings
2023-08-25 10:01:28,114 [INFO] IPUIPlugin:80 - create IPUIPlugin
2023-08-25 10:01:28,114 [INFO] PluginManager:220 - loadIPPluginJar : add quadspi
2023-08-25 10:01:28,130 [INFO] IPUIPlugin:80 - create IPUIPlugin
2023-08-25 10:01:28,130 [INFO] PluginManager:220 - loadIPPluginJar : add resmgrutility
2023-08-25 10:01:28,177 [INFO] IPUIPlugin:80 - create IPUIPlugin
2023-08-25 10:01:28,631 [INFO] PluginManager:220 - loadIPPluginJar : add sai
2023-08-25 10:01:28,709 [INFO] IPUIPlugin:80 - create IPUIPlugin
2023-08-25 10:01:28,709 [INFO] PluginManager:220 - loadIPPluginJar : add spi
2023-08-25 10:01:28,756 [INFO] IPUIPlugin:80 - create IPUIPlugin
2023-08-25 10:01:28,756 [INFO] PluginManager:220 - loadIPPluginJar : add stm32_wpan
2023-08-25 10:01:28,803 [INFO] IPUIPlugin:80 - create IPUIPlugin
2023-08-25 10:01:28,803 [INFO] PluginManager:220 - loadIPPluginJar : add tim
2023-08-25 10:01:28,994 [INFO] IPUIPlugin:80 - create IPUIPlugin
2023-08-25 10:01:28,994 [INFO] PluginManager:220 - loadIPPluginJar : add touchsensing
2023-08-25 10:01:29,022 [INFO] IPUIPlugin:80 - create IPUIPlugin
2023-08-25 10:01:29,036 [INFO] PluginManager:220 - loadIPPluginJar : add tracer_emb
2023-08-25 10:01:29,055 [INFO] IPUIPlugin:80 - create IPUIPlugin
2023-08-25 10:01:29,055 [INFO] PluginManager:220 - loadIPPluginJar : add ts
2023-08-25 10:01:29,121 [INFO] IPUIPlugin:80 - create IPUIPlugin
2023-08-25 10:01:29,121 [INFO] PluginManager:220 - loadIPPluginJar : add tsc
2023-08-25 10:01:29,136 [INFO] IPUIPlugin:80 - create IPUIPlugin
2023-08-25 10:01:29,136 [INFO] PluginManager:220 - loadIPPluginJar : add ucpd
2023-08-25 10:01:29,174 [INFO] IPUIPlugin:80 - create IPUIPlugin
2023-08-25 10:01:29,174 [INFO] PluginManager:220 - loadIPPluginJar : add usart
2023-08-25 10:01:29,222 [INFO] IPUIPlugin:80 - create IPUIPlugin
2023-08-25 10:01:29,222 [INFO] PluginManager:220 - loadIPPluginJar : add usbx
2023-08-25 10:01:29,591 [INFO] ThirdPartyUpdaterWithRetryManager:70 - Updater plugin not ready yet. [4/15]
2023-08-25 10:01:30,947 [INFO] CADModel:165 - CPN selected for project level
2023-08-25 10:01:30,947 [INFO] CADModel:114 - Register for checkConnection events
2023-08-25 10:01:30,947 [FATAL] Updater:308 - Updater called before beeing initialized
2023-08-25 10:01:30,947 [ERROR] CADModel:125 - Updater not yet initialized, retry later 
2023-08-25 10:01:32,606 [INFO] ThirdPartyUpdaterWithRetryManager:70 - Updater plugin not ready yet. [5/15]
2023-08-25 10:01:32,700 [INFO] CADModel:165 - CPN selected for project level
2023-08-25 10:01:32,700 [INFO] CADModel:114 - Register for checkConnection events
2023-08-25 10:01:32,700 [FATAL] Updater:308 - Updater called before beeing initialized
2023-08-25 10:01:32,700 [ERROR] CADModel:125 - Updater not yet initialized, retry later 
2023-08-25 10:01:32,700 [FATAL] Updater:308 - Updater called before beeing initialized
2023-08-25 10:01:32,825 [FATAL] Updater:308 - Updater called before beeing initialized
2023-08-25 10:01:32,856 [INFO] DbMcusAds:53 - JSON generation date=Tue Mar 07 14:20:55 IST 2023 (1678179055114)
2023-08-25 10:01:32,856 [FATAL] Updater:308 - Updater called before beeing initialized
2023-08-25 10:01:32,966 [WARN] DetailPanel:346 - Failed to get advertising image, set to default
2023-08-25 10:01:35,608 [FATAL] Updater:308 - Updater called before beeing initialized
2023-08-25 10:01:35,608 [ERROR] IntegrityCheckThread:130 - Cannot retrieve database content from updater: error 21
2023-08-25 10:01:35,608 [INFO] ThirdParty:978 - Integrity check success = false
2023-08-25 10:01:35,608 [INFO] IntegrityCheckThread:100 - exiting critical section [integrity check]
2023-08-25 10:01:35,608 [INFO] IntegrityCheckThread:103 - End integrity checks thread
2023-08-25 10:01:36,478 [FATAL] Updater:308 - Updater called before beeing initialized
2023-08-25 10:01:36,497 [FATAL] Updater:308 - Updater called before beeing initialized
2023-08-25 10:01:36,497 [FATAL] Updater:308 - Updater called before beeing initialized
2023-08-25 10:01:36,497 [WARN] DetailPanel:346 - Failed to get advertising image, set to default
2023-08-25 10:01:36,498 [FATAL] Updater:308 - Updater called before beeing initialized
2023-08-25 10:01:36,926 [ERROR] Updater:1120 - MainUpdater not yet initialized. External WinMGr cannot be set.
2023-08-25 10:01:36,930 [INFO] Updater:1056 - Updater Version found : 6.9.1
2023-08-25 10:01:36,974 [INFO] ApplicationProperties:184 - Using Application install path: C:\ST\STM32CubeIDE_1.12.1\STM32CubeIDE\plugins\com.st.stm32cube.common.mx_6.9.1.202307191849
2023-08-25 10:01:39,752 [WARN] ServerAccessManage:1168 - Warning during Server Connection :  timeout Read timed out
2023-08-25 10:01:40,816 [INFO] MainUpdater:2868 - connection check result : 10
2023-08-25 10:01:40,817 [INFO] MainUpdater:285 - Updater Check For Update Now.
2023-08-25 10:01:40,818 [INFO] MicroXplorer:498 - Change Database Version : DB.6.0.91
2023-08-25 10:01:40,845 [INFO] McuFinderGlobals:63 - Set McuFinder mode to 2 (CubeIDE integrated)
2023-08-25 10:01:41,030 [INFO] CheckServerUpdateThread:120 - End of CheckServer Thread
2023-08-25 10:02:45,173 [ERROR] LogOutputStream:75 - [STDERR_REDIRECT] SLF4J: Failed to load class "org.slf4j.impl.StaticLoggerBinder".
2023-08-25 10:02:45,173 [ERROR] LogOutputStream:75 - [STDERR_REDIRECT] SLF4J: Defaulting to no-operation (NOP) logger implementation
2023-08-25 10:02:45,174 [ERROR] LogOutputStream:75 - [STDERR_REDIRECT] SLF4J: See http://www.slf4j.org/codes.html#StaticLoggerBinder for further details.
