2023-08-29 12:02:59,358 [INFO] Activator:176 - 


2023-08-29 12:02:59,407 [INFO] Activator:177 - !SESSION log4j initialized
2023-08-29 12:03:14,145 [INFO] LogOutputStream:77 - [STDOUT_REDIRECT] 
2023-08-29 12:03:31,955 [INFO] ApplicationProperties:184 - Using Application install path: C:\ST\STM32CubeIDE_1.12.1\STM32CubeIDE\plugins\com.st.stm32cube.common.mx_6.9.1.202307191849
2023-08-29 12:03:31,986 [INFO] DbMcusXml:78 - Set database path to: C:\ST\STM32CubeIDE_1.12.1\STM32CubeIDE\plugins\com.st.stm32cube.common.mx_6.9.1.202307191849\\db\/mcu/
2023-08-29 12:03:31,986 [INFO] ApiDb:274 - Set plugin database path to: C:\ST\STM32CubeIDE_1.12.1\STM32CubeIDE\plugins\com.st.stm32cube.common.mx_6.9.1.202307191849\\db\/plugins/boardmanager/
2023-08-29 12:03:31,989 [WARN] ApiDb:259 - Overriding images path with different value:  => C:\ST\STM32CubeIDE_1.12.1\STM32CubeIDE\plugins\com.st.stm32cube.common.mx_6.9.1.202307191849\\db\/plugins/mcufinder/images/
2023-08-29 12:03:32,108 [INFO] ApiDb:250 - Set database path to: C:\Users\HP\.stmcufinder\plugins\mcufinder//mcu/
2023-08-29 12:03:32,111 [INFO] DbMcusAds:125 - Set database path to: C:\Users\HP\.stmcufinder\plugins\mcufinder//mcu/
2023-08-29 12:03:32,123 [INFO] CrossReferenceDbSqlite:203 - Set database path to: C:\Users\HP\.stmcufinder\plugins\mcufinder//mcu/cs/
2023-08-29 12:03:32,624 [INFO] RulesReader:64 - Compatibility file has been processed (293 Rules)
2023-08-29 12:03:32,845 [INFO] DbMcusXml:78 - Set database path to: C:\ST\STM32CubeIDE_1.12.1\STM32CubeIDE\plugins\com.st.stm32cube.common.mx_6.9.1.202307191849\\db\/mcu/
2023-08-29 12:03:32,845 [INFO] ApiDb:274 - Set plugin database path to: C:\ST\STM32CubeIDE_1.12.1\STM32CubeIDE\plugins\com.st.stm32cube.common.mx_6.9.1.202307191849\\db\/plugins/boardmanager/
2023-08-29 12:03:32,845 [INFO] ApiDb:261 - Set plugin images path to: C:\ST\STM32CubeIDE_1.12.1\STM32CubeIDE\plugins\com.st.stm32cube.common.mx_6.9.1.202307191849\\db\/plugins/mcufinder/images/
2023-08-29 12:03:32,845 [WARN] DbFile:41 - Overriding database path with different value: C:\Users\HP\.stmcufinder\plugins\mcufinder/ => C:\Users\HP\.stmcufinder\plugins\mcufinder
2023-08-29 12:03:32,845 [INFO] ApiDb:250 - Set database path to: C:\Users\HP\.stmcufinder\plugins\mcufinder//mcu/
2023-08-29 12:03:32,845 [WARN] DbFile:41 - Overriding database path with different value: C:\Users\HP\.stmcufinder\plugins\mcufinder/ => C:\Users\HP\.stmcufinder\plugins\mcufinder
2023-08-29 12:03:32,846 [INFO] DbMcusAds:125 - Set database path to: C:\Users\HP\.stmcufinder\plugins\mcufinder//mcu/
2023-08-29 12:03:32,846 [WARN] DbFile:41 - Overriding database path with different value: C:\Users\HP\.stmcufinder\plugins\mcufinder/ => C:\Users\HP\.stmcufinder\plugins\mcufinder
2023-08-29 12:03:32,846 [WARN] DbFile:41 - Overriding database path with different value: C:\Users\HP\.stmcufinder\plugins\mcufinder/ => C:\Users\HP\.stmcufinder\plugins\mcufinder
2023-08-29 12:03:32,846 [INFO] CrossReferenceDbSqlite:203 - Set database path to: C:\Users\HP\.stmcufinder\plugins\mcufinder//mcu/cs/
2023-08-29 12:03:34,629 [INFO] MainPanel:262 - HeapMemory: 268435456
2023-08-29 12:03:34,804 [INFO] DbMcusXml:78 - Set database path to: C:\ST\STM32CubeIDE_1.12.1\STM32CubeIDE\plugins\com.st.stm32cube.common.mx_6.9.1.202307191849\\db\/mcu/
2023-08-29 12:03:34,804 [INFO] ApiDb:274 - Set plugin database path to: C:\ST\STM32CubeIDE_1.12.1\STM32CubeIDE\plugins\com.st.stm32cube.common.mx_6.9.1.202307191849\\db\/plugins/boardmanager/
2023-08-29 12:03:34,804 [INFO] ApiDb:261 - Set plugin images path to: C:\ST\STM32CubeIDE_1.12.1\STM32CubeIDE\plugins\com.st.stm32cube.common.mx_6.9.1.202307191849\\db\/plugins/mcufinder/images/
2023-08-29 12:03:34,810 [WARN] DbFile:41 - Overriding database path with different value: C:\Users\HP\.stmcufinder\plugins\mcufinder/ => C:\Users\HP\.stmcufinder\plugins\mcufinder
2023-08-29 12:03:34,810 [INFO] ApiDb:250 - Set database path to: C:\Users\HP\.stmcufinder\plugins\mcufinder//mcu/
2023-08-29 12:03:34,810 [WARN] DbFile:41 - Overriding database path with different value: C:\Users\HP\.stmcufinder\plugins\mcufinder/ => C:\Users\HP\.stmcufinder\plugins\mcufinder
2023-08-29 12:03:34,810 [INFO] DbMcusAds:125 - Set database path to: C:\Users\HP\.stmcufinder\plugins\mcufinder//mcu/
2023-08-29 12:03:34,810 [WARN] DbFile:41 - Overriding database path with different value: C:\Users\HP\.stmcufinder\plugins\mcufinder/ => C:\Users\HP\.stmcufinder\plugins\mcufinder
2023-08-29 12:03:34,810 [WARN] DbFile:41 - Overriding database path with different value: C:\Users\HP\.stmcufinder\plugins\mcufinder/ => C:\Users\HP\.stmcufinder\plugins\mcufinder
2023-08-29 12:03:34,810 [INFO] CrossReferenceDbSqlite:203 - Set database path to: C:\Users\HP\.stmcufinder\plugins\mcufinder//mcu/cs/
2023-08-29 12:03:35,520 [INFO] ApplicationProperties:184 - Using Application install path: C:\ST\STM32CubeIDE_1.12.1\STM32CubeIDE\plugins\com.st.stm32cube.common.mx_6.9.1.202307191849
2023-08-29 12:03:35,521 [INFO] PluginManage:196 - Search for loadable plugins [exclusion list=, ]
2023-08-29 12:03:35,626 [INFO] PluginManage:310 - Check plugin analytics
2023-08-29 12:03:40,860 [INFO] AnalyticsPlugin:253 - Accepted Software Licenses: STM32CubeMX.6.7.0,STM32CubeMX.6.8.1,STM32CubeMX.6.5.0
2023-08-29 12:03:40,860 [INFO] AnalyticsPlugin:255 - Accepted CMSIS Pack Licenses: 
2023-08-29 12:03:40,860 [INFO] AnalyticsPlugin:257 - Accepted Firmware Licenses: FW.U5.1.0.0,FW.F4.1.27.0,FW.U5.1.2.0
2023-08-29 12:03:40,862 [INFO] PluginManage:359 - Loaded plugin analytics (category:tool,tabindex:-1)
2023-08-29 12:03:40,863 [INFO] PluginManage:310 - Check plugin cadmodel
2023-08-29 12:03:41,088 [INFO] CADModel:105 - Init CAD model plugin
2023-08-29 12:03:41,088 [INFO] PluginManage:359 - Loaded plugin cadmodel (category:power,tabindex:5)
2023-08-29 12:03:41,088 [INFO] PluginManage:310 - Check plugin clock
2023-08-29 12:03:41,137 [INFO] PluginManage:359 - Loaded plugin clock (category:base,tabindex:2)
2023-08-29 12:03:41,137 [INFO] PluginManage:310 - Check plugin ddr
2023-08-29 12:03:41,153 [INFO] PluginManage:359 - Loaded plugin ddr (category:tool,tabindex:6)
2023-08-29 12:03:41,153 [INFO] PluginManage:310 - Check plugin filemanager
2023-08-29 12:03:41,536 [INFO] PluginManage:359 - Loaded plugin filemanager (category:base,tabindex:10)
2023-08-29 12:03:41,536 [INFO] PluginManage:310 - Check plugin ipmanager
2023-08-29 12:03:41,565 [INFO] PluginManage:359 - Loaded plugin ipmanager (category:base,tabindex:5)
2023-08-29 12:03:41,565 [INFO] PluginManage:310 - Check plugin lpbam
2023-08-29 12:03:41,589 [INFO] PluginManage:359 - Loaded plugin lpbam (category:base,tabindex:0)
2023-08-29 12:03:41,589 [INFO] PluginManage:310 - Check plugin memorymap
2023-08-29 12:03:41,639 [INFO] PluginManage:359 - Loaded plugin memorymap (category:base,tabindex:4)
2023-08-29 12:03:41,639 [INFO] PluginManage:310 - Check plugin pinoutandconfiguration
2023-08-29 12:03:41,743 [INFO] PluginManage:359 - Loaded plugin pinoutandconfiguration (category:base,tabindex:1)
2023-08-29 12:03:41,744 [INFO] PluginManage:310 - Check plugin pinoutconfig
2023-08-29 12:03:41,907 [WARN] SupportedApi:132 - Cannot load RTOS API schema: s4s-elt-must-match.1: The content of 'definitions' must match (annotation?, (simpleType | complexType)?, (unique | key | keyref)*)). A problem was found starting at: attribute.
2023-08-29 12:03:42,131 [INFO] PluginManage:359 - Loaded plugin pinoutconfig (category:base,tabindex:0)
2023-08-29 12:03:42,131 [INFO] PluginManage:310 - Check plugin power
2023-08-29 12:03:42,186 [INFO] PluginManage:359 - Loaded plugin power (category:power,tabindex:4)
2023-08-29 12:03:42,186 [INFO] PluginManage:310 - Check plugin projectmanager
2023-08-29 12:03:42,204 [INFO] PluginManage:359 - Loaded plugin projectmanager (category:projectmanager,tabindex:3)
2023-08-29 12:03:42,204 [INFO] PluginManage:310 - Check plugin thirdparty
2023-08-29 12:03:42,927 [INFO] PluginManage:359 - Loaded plugin thirdparty (category:base,tabindex:-1)
2023-08-29 12:03:42,927 [WARN] IntegrityCheckThread:84 - waiting for thirdparty lock release [integrity check]
2023-08-29 12:03:42,927 [INFO] PluginManage:310 - Check plugin tools
2023-08-29 12:03:42,928 [INFO] IntegrityCheckThread:86 - entering critical section [integrity check]
2023-08-29 12:03:42,928 [INFO] ThirdPartyUpdaterWithRetryManager:70 - Updater plugin not ready yet. [1/15]
2023-08-29 12:03:42,956 [INFO] PluginManage:359 - Loaded plugin tools (category:base,tabindex:7)
2023-08-29 12:03:42,956 [INFO] PluginManage:310 - Check plugin tutovideos
2023-08-29 12:03:43,191 [INFO] PluginManage:359 - Loaded plugin tutovideos (category:base,tabindex:-1)
2023-08-29 12:03:43,191 [INFO] PluginManage:310 - Check plugin updater
2023-08-29 12:03:43,211 [INFO] PluginManage:359 - Loaded plugin updater (category:base,tabindex:12)
2023-08-29 12:03:43,211 [INFO] PluginManage:310 - Check plugin userauth
2023-08-29 12:03:43,231 [INFO] UserAuth:113 - Init User Auth plugin
2023-08-29 12:03:43,231 [INFO] PluginManage:359 - Loaded plugin userauth (category:base,tabindex:14)
2023-08-29 12:03:43,231 [INFO] PluginManage:283 - PluginManage : Loaded plugins [17]
2023-08-29 12:03:44,310 [INFO] PinOutPanel:1499 - setPackage(No Configuration,No Configuration)
2023-08-29 12:03:44,719 [INFO] CADModel:165 - CPN selected for project level
2023-08-29 12:03:44,720 [INFO] CADModel:114 - Register for checkConnection events
2023-08-29 12:03:44,801 [INFO] IPUIPlugin:80 - create IPUIPlugin
2023-08-29 12:03:44,801 [INFO] PluginManager:220 - loadIPPluginJar : add adc
2023-08-29 12:03:44,836 [INFO] IPUIPlugin:80 - create IPUIPlugin
2023-08-29 12:03:44,837 [INFO] PluginManager:220 - loadIPPluginJar : add aes
2023-08-29 12:03:44,912 [INFO] IPUIPlugin:80 - create IPUIPlugin
2023-08-29 12:03:44,912 [INFO] PluginManager:220 - loadIPPluginJar : add can
2023-08-29 12:03:45,046 [INFO] IPUIPlugin:80 - create IPUIPlugin
2023-08-29 12:03:45,046 [INFO] PluginManager:220 - loadIPPluginJar : add comp
2023-08-29 12:03:45,092 [INFO] IPUIPlugin:80 - create IPUIPlugin
2023-08-29 12:03:45,092 [INFO] PluginManager:220 - loadIPPluginJar : add cryp
2023-08-29 12:03:45,125 [INFO] IPUIPlugin:80 - create IPUIPlugin
2023-08-29 12:03:45,125 [INFO] PluginManager:220 - loadIPPluginJar : add dfsdm
2023-08-29 12:03:45,144 [INFO] IPUIPlugin:80 - create IPUIPlugin
2023-08-29 12:03:45,150 [INFO] PluginManager:220 - loadIPPluginJar : add dma
2023-08-29 12:03:45,180 [INFO] IPUIPlugin:80 - create IPUIPlugin
2023-08-29 12:03:45,180 [INFO] PluginManager:220 - loadIPPluginJar : add dma3
2023-08-29 12:03:45,200 [INFO] IPUIPlugin:80 - create IPUIPlugin
2023-08-29 12:03:45,200 [INFO] PluginManager:220 - loadIPPluginJar : add fatfs
2023-08-29 12:03:45,235 [INFO] IPUIPlugin:80 - create IPUIPlugin
2023-08-29 12:03:45,235 [INFO] PluginManager:220 - loadIPPluginJar : add fmc
2023-08-29 12:03:45,255 [INFO] IPUIPlugin:80 - create IPUIPlugin
2023-08-29 12:03:45,256 [INFO] PluginManager:220 - loadIPPluginJar : add freertos
2023-08-29 12:03:45,282 [INFO] IPUIPlugin:80 - create IPUIPlugin
2023-08-29 12:03:45,282 [INFO] PluginManager:220 - loadIPPluginJar : add genericplugin
2023-08-29 12:03:45,342 [INFO] IPUIPlugin:80 - create IPUIPlugin
2023-08-29 12:03:45,342 [INFO] PluginManager:220 - loadIPPluginJar : add gfxmmu
2023-08-29 12:03:45,487 [INFO] IPUIPlugin:80 - create IPUIPlugin
2023-08-29 12:03:45,487 [INFO] PluginManager:220 - loadIPPluginJar : add gic
2023-08-29 12:03:45,500 [INFO] IPUIPlugin:80 - create IPUIPlugin
2023-08-29 12:03:45,500 [INFO] PluginManager:220 - loadIPPluginJar : add gpio
2023-08-29 12:03:45,563 [INFO] IPUIPlugin:80 - create IPUIPlugin
2023-08-29 12:03:45,563 [INFO] PluginManager:220 - loadIPPluginJar : add gtzc
2023-08-29 12:03:45,773 [INFO] IPUIPlugin:80 - create IPUIPlugin
2023-08-29 12:03:45,773 [INFO] PluginManager:220 - loadIPPluginJar : add hash
2023-08-29 12:03:45,928 [INFO] ThirdPartyUpdaterWithRetryManager:70 - Updater plugin not ready yet. [2/15]
2023-08-29 12:03:45,929 [INFO] IPUIPlugin:80 - create IPUIPlugin
2023-08-29 12:03:45,929 [INFO] PluginManager:220 - loadIPPluginJar : add i2c
2023-08-29 12:03:45,957 [INFO] IPUIPlugin:80 - create IPUIPlugin
2023-08-29 12:03:45,958 [INFO] PluginManager:220 - loadIPPluginJar : add i2s
2023-08-29 12:03:45,992 [INFO] IPUIPlugin:80 - create IPUIPlugin
2023-08-29 12:03:45,992 [INFO] PluginManager:220 - loadIPPluginJar : add i3c
2023-08-29 12:03:46,112 [INFO] IPUIPlugin:80 - create IPUIPlugin
2023-08-29 12:03:46,112 [INFO] PluginManager:220 - loadIPPluginJar : add ipddr
2023-08-29 12:03:46,186 [INFO] IPUIPlugin:80 - create IPUIPlugin
2023-08-29 12:03:46,186 [INFO] PluginManager:220 - loadIPPluginJar : add linkedlist
2023-08-29 12:03:46,221 [INFO] IPUIPlugin:80 - create IPUIPlugin
2023-08-29 12:03:46,222 [INFO] PluginManager:220 - loadIPPluginJar : add lorawan
2023-08-29 12:03:46,250 [INFO] IPUIPlugin:80 - create IPUIPlugin
2023-08-29 12:03:46,251 [INFO] PluginManager:220 - loadIPPluginJar : add ltdc
2023-08-29 12:03:46,713 [INFO] IPUIPlugin:80 - create IPUIPlugin
2023-08-29 12:03:46,713 [INFO] PluginManager:220 - loadIPPluginJar : add mdma
2023-08-29 12:03:46,763 [INFO] IPUIPlugin:80 - create IPUIPlugin
2023-08-29 12:03:46,763 [INFO] PluginManager:220 - loadIPPluginJar : add nvic
2023-08-29 12:03:46,800 [INFO] IPUIPlugin:80 - create IPUIPlugin
2023-08-29 12:03:46,800 [INFO] PluginManager:220 - loadIPPluginJar : add opamp
2023-08-29 12:03:46,863 [INFO] IPUIPlugin:80 - create IPUIPlugin
2023-08-29 12:03:46,863 [INFO] PluginManager:220 - loadIPPluginJar : add openamp
2023-08-29 12:03:46,908 [INFO] IPUIPlugin:80 - create IPUIPlugin
2023-08-29 12:03:46,908 [INFO] PluginManager:220 - loadIPPluginJar : add pdm2pcm
2023-08-29 12:03:46,928 [INFO] IPUIPlugin:80 - create IPUIPlugin
2023-08-29 12:03:46,929 [INFO] PluginManager:220 - loadIPPluginJar : add plateformsettings
2023-08-29 12:03:46,952 [INFO] IPUIPlugin:80 - create IPUIPlugin
2023-08-29 12:03:46,953 [INFO] PluginManager:220 - loadIPPluginJar : add quadspi
2023-08-29 12:03:46,969 [INFO] IPUIPlugin:80 - create IPUIPlugin
2023-08-29 12:03:46,969 [INFO] PluginManager:220 - loadIPPluginJar : add resmgrutility
2023-08-29 12:03:47,005 [INFO] IPUIPlugin:80 - create IPUIPlugin
2023-08-29 12:03:47,006 [INFO] PluginManager:220 - loadIPPluginJar : add sai
2023-08-29 12:03:47,046 [INFO] IPUIPlugin:80 - create IPUIPlugin
2023-08-29 12:03:47,046 [INFO] PluginManager:220 - loadIPPluginJar : add spi
2023-08-29 12:03:47,182 [INFO] IPUIPlugin:80 - create IPUIPlugin
2023-08-29 12:03:47,182 [INFO] PluginManager:220 - loadIPPluginJar : add stm32_wpan
2023-08-29 12:03:47,204 [INFO] IPUIPlugin:80 - create IPUIPlugin
2023-08-29 12:03:47,204 [INFO] PluginManager:220 - loadIPPluginJar : add tim
2023-08-29 12:03:47,252 [INFO] IPUIPlugin:80 - create IPUIPlugin
2023-08-29 12:03:47,253 [INFO] PluginManager:220 - loadIPPluginJar : add touchsensing
2023-08-29 12:03:47,278 [INFO] IPUIPlugin:80 - create IPUIPlugin
2023-08-29 12:03:47,278 [INFO] PluginManager:220 - loadIPPluginJar : add tracer_emb
2023-08-29 12:03:47,301 [INFO] IPUIPlugin:80 - create IPUIPlugin
2023-08-29 12:03:47,301 [INFO] PluginManager:220 - loadIPPluginJar : add ts
2023-08-29 12:03:47,317 [INFO] IPUIPlugin:80 - create IPUIPlugin
2023-08-29 12:03:47,317 [INFO] PluginManager:220 - loadIPPluginJar : add tsc
2023-08-29 12:03:47,392 [INFO] IPUIPlugin:80 - create IPUIPlugin
2023-08-29 12:03:47,392 [INFO] PluginManager:220 - loadIPPluginJar : add ucpd
2023-08-29 12:03:47,428 [INFO] IPUIPlugin:80 - create IPUIPlugin
2023-08-29 12:03:47,428 [INFO] PluginManager:220 - loadIPPluginJar : add usart
2023-08-29 12:03:47,472 [INFO] IPUIPlugin:80 - create IPUIPlugin
2023-08-29 12:03:47,472 [INFO] PluginManager:220 - loadIPPluginJar : add usbx
2023-08-29 12:03:48,358 [INFO] CADModel:165 - CPN selected for project level
2023-08-29 12:03:48,358 [INFO] CADModel:114 - Register for checkConnection events
2023-08-29 12:03:48,358 [FATAL] Updater:308 - Updater called before beeing initialized
2023-08-29 12:03:48,358 [ERROR] CADModel:125 - Updater not yet initialized, retry later 
2023-08-29 12:03:48,929 [INFO] ThirdPartyUpdaterWithRetryManager:70 - Updater plugin not ready yet. [3/15]
2023-08-29 12:03:49,582 [INFO] CADModel:165 - CPN selected for project level
2023-08-29 12:03:49,582 [INFO] CADModel:114 - Register for checkConnection events
2023-08-29 12:03:49,582 [FATAL] Updater:308 - Updater called before beeing initialized
2023-08-29 12:03:49,582 [ERROR] CADModel:125 - Updater not yet initialized, retry later 
2023-08-29 12:03:49,585 [FATAL] Updater:308 - Updater called before beeing initialized
2023-08-29 12:03:51,185 [FATAL] Updater:308 - Updater called before beeing initialized
2023-08-29 12:03:51,215 [INFO] DbMcusAds:53 - JSON generation date=Tue Mar 07 14:20:55 IST 2023 (1678179055114)
2023-08-29 12:03:51,215 [FATAL] Updater:308 - Updater called before beeing initialized
2023-08-29 12:03:51,353 [WARN] DetailPanel:346 - Failed to get advertising image, set to default
2023-08-29 12:03:51,931 [FATAL] Updater:308 - Updater called before beeing initialized
2023-08-29 12:03:51,940 [FATAL] Updater:308 - Updater called before beeing initialized
2023-08-29 12:03:51,957 [ERROR] IntegrityCheckThread:130 - Cannot retrieve database content from updater: error 21
2023-08-29 12:03:51,957 [INFO] ThirdParty:978 - Integrity check success = false
2023-08-29 12:03:51,957 [INFO] IntegrityCheckThread:100 - exiting critical section [integrity check]
2023-08-29 12:03:51,957 [INFO] IntegrityCheckThread:103 - End integrity checks thread
2023-08-29 12:03:51,976 [FATAL] Updater:308 - Updater called before beeing initialized
2023-08-29 12:03:51,976 [FATAL] Updater:308 - Updater called before beeing initialized
2023-08-29 12:03:51,976 [WARN] DetailPanel:346 - Failed to get advertising image, set to default
2023-08-29 12:03:51,979 [FATAL] Updater:308 - Updater called before beeing initialized
2023-08-29 12:03:52,159 [ERROR] Updater:1120 - MainUpdater not yet initialized. External WinMGr cannot be set.
2023-08-29 12:03:52,172 [INFO] Updater:1056 - Updater Version found : 6.9.1
2023-08-29 12:03:52,199 [INFO] ApplicationProperties:184 - Using Application install path: C:\ST\STM32CubeIDE_1.12.1\STM32CubeIDE\plugins\com.st.stm32cube.common.mx_6.9.1.202307191849
2023-08-29 12:03:53,777 [INFO] MainUpdater:2868 - connection check result : 10
2023-08-29 12:03:53,777 [INFO] MainUpdater:3562 - Updater definition file requires update
2023-08-29 12:03:53,778 [INFO] MainUpdater:285 - Updater Check For Update Now.
2023-08-29 12:03:53,778 [INFO] MicroXplorer:498 - Change Database Version : DB.6.0.91
2023-08-29 12:03:53,803 [INFO] McuFinderGlobals:63 - Set McuFinder mode to 2 (CubeIDE integrated)
2023-08-29 12:03:53,885 [INFO] ServerAccessManage:473 - Download File updaters.zip
2023-08-29 12:03:53,981 [INFO] FileExtend:240 - Unzip File : updaters.zip
2023-08-29 12:03:53,981 [INFO] FileExtend:255 - Standard Zip Deflate
2023-08-29 12:03:55,602 [INFO] ServerAccessManage:473 - Download File PacksControlFlags.xml
2023-08-29 12:03:56,134 [INFO] ServerAccessManage:473 - Download File cubemx.pidx
2023-08-29 12:03:56,756 [INFO] ServerAccessManage:473 - Download File STMicroelectronics.X-CUBE-FREERTOS.pdsc
2023-08-29 12:04:01,416 [ERROR] ServerAccessManage:1096 - Problem, Http access forbiden
2023-08-29 12:04:01,418 [ERROR] ServerAccessManage:651 - Problem, Http access forbiden : RoweBots.I-CUBE-UNISONRTOS.pdsc.
2023-08-29 12:04:01,780 [WARN] PackLoader:240 - Cannot read IP mode file for STMicroelectronics.X-CUBE-FREERTOS.1.1.0
2023-08-29 12:04:01,781 [INFO] PopulateThirdPartyThread:66 - Ending populate Thread
2023-08-29 12:04:01,783 [INFO] ThirdParty:1030 - CMSIS Pack Vendor :STMicroelectronics X-CUBE-FREERTOS 1.1.0
2023-08-29 12:04:01,783 [INFO] LoadServerUpdatesThread:373 - End of LoadServerUpdate Thread
2023-08-29 12:04:01,860 [INFO] CheckServerUpdateThread:120 - End of CheckServer Thread
2023-08-29 12:04:15,203 [ERROR] LogOutputStream:75 - [STDERR_REDIRECT] SLF4J: Failed to load class "org.slf4j.impl.StaticLoggerBinder".
2023-08-29 12:04:15,203 [ERROR] LogOutputStream:75 - [STDERR_REDIRECT] SLF4J: Defaulting to no-operation (NOP) logger implementation
2023-08-29 12:04:15,204 [ERROR] LogOutputStream:75 - [STDERR_REDIRECT] SLF4J: See http://www.slf4j.org/codes.html#StaticLoggerBinder for further details.
