2023-09-06 14:28:44,983 [INFO] Activator:176 - 


2023-09-06 14:28:45,001 [INFO] Activator:177 - !SESSION log4j initialized
2023-09-06 14:28:52,891 [INFO] LogOutputStream:77 - [STDOUT_REDIRECT] 
2023-09-06 14:29:05,793 [INFO] ApplicationProperties:184 - Using Application install path: C:\ST\STM32CubeIDE_1.12.1\STM32CubeIDE\plugins\com.st.stm32cube.common.mx_6.9.1.202307191849
2023-09-06 14:29:05,830 [INFO] DbMcusXml:78 - Set database path to: C:\ST\STM32CubeIDE_1.12.1\STM32CubeIDE\plugins\com.st.stm32cube.common.mx_6.9.1.202307191849\\db\/mcu/
2023-09-06 14:29:05,830 [INFO] ApiDb:274 - Set plugin database path to: C:\ST\STM32CubeIDE_1.12.1\STM32CubeIDE\plugins\com.st.stm32cube.common.mx_6.9.1.202307191849\\db\/plugins/boardmanager/
2023-09-06 14:29:05,832 [WARN] ApiDb:259 - Overriding images path with different value:  => C:\ST\STM32CubeIDE_1.12.1\STM32CubeIDE\plugins\com.st.stm32cube.common.mx_6.9.1.202307191849\\db\/plugins/mcufinder/images/
2023-09-06 14:29:05,997 [INFO] ApiDb:250 - Set database path to: C:\Users\HP\.stmcufinder\plugins\mcufinder//mcu/
2023-09-06 14:29:06,025 [INFO] DbMcusAds:125 - Set database path to: C:\Users\HP\.stmcufinder\plugins\mcufinder//mcu/
2023-09-06 14:29:06,028 [INFO] CrossReferenceDbSqlite:203 - Set database path to: C:\Users\HP\.stmcufinder\plugins\mcufinder//mcu/cs/
2023-09-06 14:29:06,162 [INFO] RulesReader:64 - Compatibility file has been processed (293 Rules)
2023-09-06 14:29:06,362 [INFO] DbMcusXml:78 - Set database path to: C:\ST\STM32CubeIDE_1.12.1\STM32CubeIDE\plugins\com.st.stm32cube.common.mx_6.9.1.202307191849\\db\/mcu/
2023-09-06 14:29:06,362 [INFO] ApiDb:274 - Set plugin database path to: C:\ST\STM32CubeIDE_1.12.1\STM32CubeIDE\plugins\com.st.stm32cube.common.mx_6.9.1.202307191849\\db\/plugins/boardmanager/
2023-09-06 14:29:06,362 [INFO] ApiDb:261 - Set plugin images path to: C:\ST\STM32CubeIDE_1.12.1\STM32CubeIDE\plugins\com.st.stm32cube.common.mx_6.9.1.202307191849\\db\/plugins/mcufinder/images/
2023-09-06 14:29:06,362 [WARN] DbFile:41 - Overriding database path with different value: C:\Users\HP\.stmcufinder\plugins\mcufinder/ => C:\Users\HP\.stmcufinder\plugins\mcufinder
2023-09-06 14:29:06,362 [INFO] ApiDb:250 - Set database path to: C:\Users\HP\.stmcufinder\plugins\mcufinder//mcu/
2023-09-06 14:29:06,363 [WARN] DbFile:41 - Overriding database path with different value: C:\Users\HP\.stmcufinder\plugins\mcufinder/ => C:\Users\HP\.stmcufinder\plugins\mcufinder
2023-09-06 14:29:06,363 [INFO] DbMcusAds:125 - Set database path to: C:\Users\HP\.stmcufinder\plugins\mcufinder//mcu/
2023-09-06 14:29:06,363 [WARN] DbFile:41 - Overriding database path with different value: C:\Users\HP\.stmcufinder\plugins\mcufinder/ => C:\Users\HP\.stmcufinder\plugins\mcufinder
2023-09-06 14:29:06,363 [WARN] DbFile:41 - Overriding database path with different value: C:\Users\HP\.stmcufinder\plugins\mcufinder/ => C:\Users\HP\.stmcufinder\plugins\mcufinder
2023-09-06 14:29:06,363 [INFO] CrossReferenceDbSqlite:203 - Set database path to: C:\Users\HP\.stmcufinder\plugins\mcufinder//mcu/cs/
2023-09-06 14:29:06,512 [INFO] MainPanel:262 - HeapMemory: 268435456
2023-09-06 14:29:06,667 [INFO] DbMcusXml:78 - Set database path to: C:\ST\STM32CubeIDE_1.12.1\STM32CubeIDE\plugins\com.st.stm32cube.common.mx_6.9.1.202307191849\\db\/mcu/
2023-09-06 14:29:06,667 [INFO] ApiDb:274 - Set plugin database path to: C:\ST\STM32CubeIDE_1.12.1\STM32CubeIDE\plugins\com.st.stm32cube.common.mx_6.9.1.202307191849\\db\/plugins/boardmanager/
2023-09-06 14:29:06,667 [INFO] ApiDb:261 - Set plugin images path to: C:\ST\STM32CubeIDE_1.12.1\STM32CubeIDE\plugins\com.st.stm32cube.common.mx_6.9.1.202307191849\\db\/plugins/mcufinder/images/
2023-09-06 14:29:06,678 [WARN] DbFile:41 - Overriding database path with different value: C:\Users\HP\.stmcufinder\plugins\mcufinder/ => C:\Users\HP\.stmcufinder\plugins\mcufinder
2023-09-06 14:29:06,678 [INFO] ApiDb:250 - Set database path to: C:\Users\HP\.stmcufinder\plugins\mcufinder//mcu/
2023-09-06 14:29:06,678 [WARN] DbFile:41 - Overriding database path with different value: C:\Users\HP\.stmcufinder\plugins\mcufinder/ => C:\Users\HP\.stmcufinder\plugins\mcufinder
2023-09-06 14:29:06,678 [INFO] DbMcusAds:125 - Set database path to: C:\Users\HP\.stmcufinder\plugins\mcufinder//mcu/
2023-09-06 14:29:06,678 [WARN] DbFile:41 - Overriding database path with different value: C:\Users\HP\.stmcufinder\plugins\mcufinder/ => C:\Users\HP\.stmcufinder\plugins\mcufinder
2023-09-06 14:29:06,678 [WARN] DbFile:41 - Overriding database path with different value: C:\Users\HP\.stmcufinder\plugins\mcufinder/ => C:\Users\HP\.stmcufinder\plugins\mcufinder
2023-09-06 14:29:06,678 [INFO] CrossReferenceDbSqlite:203 - Set database path to: C:\Users\HP\.stmcufinder\plugins\mcufinder//mcu/cs/
2023-09-06 14:29:06,707 [INFO] ApplicationProperties:184 - Using Application install path: C:\ST\STM32CubeIDE_1.12.1\STM32CubeIDE\plugins\com.st.stm32cube.common.mx_6.9.1.202307191849
2023-09-06 14:29:06,708 [INFO] PluginManage:196 - Search for loadable plugins [exclusion list=, ]
2023-09-06 14:29:06,709 [INFO] PluginManage:310 - Check plugin analytics
2023-09-06 14:29:09,424 [INFO] McuFinderGlobals:63 - Set McuFinder mode to 2 (CubeIDE integrated)
2023-09-06 14:29:11,887 [INFO] AnalyticsPlugin:253 - Accepted Software Licenses: STM32CubeMX.6.7.0,STM32CubeMX.6.8.1,STM32CubeMX.6.5.0
2023-09-06 14:29:11,888 [INFO] AnalyticsPlugin:255 - Accepted CMSIS Pack Licenses: 
2023-09-06 14:29:11,889 [INFO] AnalyticsPlugin:257 - Accepted Firmware Licenses: FW.U5.1.0.0,FW.F4.1.27.0,FW.U5.1.2.0
2023-09-06 14:29:11,893 [INFO] PluginManage:359 - Loaded plugin analytics (category:tool,tabindex:-1)
2023-09-06 14:29:11,894 [INFO] PluginManage:310 - Check plugin cadmodel
2023-09-06 14:29:12,167 [INFO] CADModel:105 - Init CAD model plugin
2023-09-06 14:29:12,168 [INFO] PluginManage:359 - Loaded plugin cadmodel (category:power,tabindex:5)
2023-09-06 14:29:12,168 [INFO] PluginManage:310 - Check plugin clock
2023-09-06 14:29:12,202 [INFO] PluginManage:359 - Loaded plugin clock (category:base,tabindex:2)
2023-09-06 14:29:12,203 [INFO] PluginManage:310 - Check plugin ddr
2023-09-06 14:29:12,220 [INFO] PluginManage:359 - Loaded plugin ddr (category:tool,tabindex:6)
2023-09-06 14:29:12,220 [INFO] PluginManage:310 - Check plugin filemanager
2023-09-06 14:29:12,578 [INFO] PluginManage:359 - Loaded plugin filemanager (category:base,tabindex:10)
2023-09-06 14:29:12,728 [INFO] PluginManage:310 - Check plugin ipmanager
2023-09-06 14:29:12,816 [INFO] PluginManage:359 - Loaded plugin ipmanager (category:base,tabindex:5)
2023-09-06 14:29:12,816 [INFO] PluginManage:310 - Check plugin lpbam
2023-09-06 14:29:12,841 [INFO] PluginManage:359 - Loaded plugin lpbam (category:base,tabindex:0)
2023-09-06 14:29:12,841 [INFO] PluginManage:310 - Check plugin memorymap
2023-09-06 14:29:12,889 [INFO] PluginManage:359 - Loaded plugin memorymap (category:base,tabindex:4)
2023-09-06 14:29:12,889 [INFO] PluginManage:310 - Check plugin pinoutandconfiguration
2023-09-06 14:29:12,921 [INFO] PluginManage:359 - Loaded plugin pinoutandconfiguration (category:base,tabindex:1)
2023-09-06 14:29:12,921 [INFO] PluginManage:310 - Check plugin pinoutconfig
2023-09-06 14:29:13,040 [WARN] SupportedApi:132 - Cannot load RTOS API schema: s4s-elt-must-match.1: The content of 'definitions' must match (annotation?, (simpleType | complexType)?, (unique | key | keyref)*)). A problem was found starting at: attribute.
2023-09-06 14:29:13,210 [INFO] PluginManage:359 - Loaded plugin pinoutconfig (category:base,tabindex:0)
2023-09-06 14:29:13,210 [INFO] PluginManage:310 - Check plugin power
2023-09-06 14:29:13,258 [INFO] PluginManage:359 - Loaded plugin power (category:power,tabindex:4)
2023-09-06 14:29:13,258 [INFO] PluginManage:310 - Check plugin projectmanager
2023-09-06 14:29:13,279 [INFO] PluginManage:359 - Loaded plugin projectmanager (category:projectmanager,tabindex:3)
2023-09-06 14:29:13,279 [INFO] PluginManage:310 - Check plugin thirdparty
2023-09-06 14:29:14,062 [INFO] PluginManage:359 - Loaded plugin thirdparty (category:base,tabindex:-1)
2023-09-06 14:29:14,062 [WARN] IntegrityCheckThread:84 - waiting for thirdparty lock release [integrity check]
2023-09-06 14:29:14,151 [INFO] PluginManage:310 - Check plugin tools
2023-09-06 14:29:14,151 [INFO] IntegrityCheckThread:86 - entering critical section [integrity check]
2023-09-06 14:29:14,152 [INFO] ThirdPartyUpdaterWithRetryManager:70 - Updater plugin not ready yet. [1/15]
2023-09-06 14:29:14,283 [INFO] PluginManage:359 - Loaded plugin tools (category:base,tabindex:7)
2023-09-06 14:29:14,283 [INFO] PluginManage:310 - Check plugin tutovideos
2023-09-06 14:29:14,525 [INFO] PluginManage:359 - Loaded plugin tutovideos (category:base,tabindex:-1)
2023-09-06 14:29:14,525 [INFO] PluginManage:310 - Check plugin updater
2023-09-06 14:29:14,545 [INFO] PluginManage:359 - Loaded plugin updater (category:base,tabindex:12)
2023-09-06 14:29:14,545 [INFO] PluginManage:310 - Check plugin userauth
2023-09-06 14:29:14,564 [INFO] UserAuth:113 - Init User Auth plugin
2023-09-06 14:29:14,564 [INFO] PluginManage:359 - Loaded plugin userauth (category:base,tabindex:14)
2023-09-06 14:29:14,564 [INFO] PluginManage:283 - PluginManage : Loaded plugins [17]
2023-09-06 14:29:15,152 [INFO] PinOutPanel:1499 - setPackage(No Configuration,No Configuration)
2023-09-06 14:29:16,112 [INFO] CADModel:165 - CPN selected for project level
2023-09-06 14:29:16,113 [INFO] CADModel:114 - Register for checkConnection events
2023-09-06 14:29:16,193 [INFO] IPUIPlugin:80 - create IPUIPlugin
2023-09-06 14:29:16,193 [INFO] PluginManager:220 - loadIPPluginJar : add adc
2023-09-06 14:29:16,238 [INFO] IPUIPlugin:80 - create IPUIPlugin
2023-09-06 14:29:16,238 [INFO] PluginManager:220 - loadIPPluginJar : add aes
2023-09-06 14:29:16,296 [INFO] IPUIPlugin:80 - create IPUIPlugin
2023-09-06 14:29:16,296 [INFO] PluginManager:220 - loadIPPluginJar : add can
2023-09-06 14:29:16,315 [INFO] IPUIPlugin:80 - create IPUIPlugin
2023-09-06 14:29:16,315 [INFO] PluginManager:220 - loadIPPluginJar : add comp
2023-09-06 14:29:16,338 [INFO] IPUIPlugin:80 - create IPUIPlugin
2023-09-06 14:29:16,338 [INFO] PluginManager:220 - loadIPPluginJar : add cryp
2023-09-06 14:29:16,368 [INFO] IPUIPlugin:80 - create IPUIPlugin
2023-09-06 14:29:16,368 [INFO] PluginManager:220 - loadIPPluginJar : add dfsdm
2023-09-06 14:29:16,427 [INFO] IPUIPlugin:80 - create IPUIPlugin
2023-09-06 14:29:16,434 [INFO] PluginManager:220 - loadIPPluginJar : add dma
2023-09-06 14:29:16,465 [INFO] IPUIPlugin:80 - create IPUIPlugin
2023-09-06 14:29:16,465 [INFO] PluginManager:220 - loadIPPluginJar : add dma3
2023-09-06 14:29:16,496 [INFO] IPUIPlugin:80 - create IPUIPlugin
2023-09-06 14:29:16,496 [INFO] PluginManager:220 - loadIPPluginJar : add fatfs
2023-09-06 14:29:16,547 [INFO] IPUIPlugin:80 - create IPUIPlugin
2023-09-06 14:29:17,074 [INFO] PluginManager:220 - loadIPPluginJar : add fmc
2023-09-06 14:29:17,106 [INFO] IPUIPlugin:80 - create IPUIPlugin
2023-09-06 14:29:17,106 [INFO] PluginManager:220 - loadIPPluginJar : add freertos
2023-09-06 14:29:17,135 [INFO] IPUIPlugin:80 - create IPUIPlugin
2023-09-06 14:29:17,135 [INFO] PluginManager:220 - loadIPPluginJar : add genericplugin
2023-09-06 14:29:17,153 [INFO] ThirdPartyUpdaterWithRetryManager:70 - Updater plugin not ready yet. [2/15]
2023-09-06 14:29:17,212 [INFO] IPUIPlugin:80 - create IPUIPlugin
2023-09-06 14:29:17,212 [INFO] PluginManager:220 - loadIPPluginJar : add gfxmmu
2023-09-06 14:29:17,311 [INFO] IPUIPlugin:80 - create IPUIPlugin
2023-09-06 14:29:17,311 [INFO] PluginManager:220 - loadIPPluginJar : add gic
2023-09-06 14:29:17,500 [INFO] IPUIPlugin:80 - create IPUIPlugin
2023-09-06 14:29:17,500 [INFO] PluginManager:220 - loadIPPluginJar : add gpio
2023-09-06 14:29:17,565 [INFO] IPUIPlugin:80 - create IPUIPlugin
2023-09-06 14:29:17,565 [INFO] PluginManager:220 - loadIPPluginJar : add gtzc
2023-09-06 14:29:17,596 [INFO] IPUIPlugin:80 - create IPUIPlugin
2023-09-06 14:29:17,596 [INFO] PluginManager:220 - loadIPPluginJar : add hash
2023-09-06 14:29:17,645 [INFO] IPUIPlugin:80 - create IPUIPlugin
2023-09-06 14:29:17,645 [INFO] PluginManager:220 - loadIPPluginJar : add i2c
2023-09-06 14:29:17,684 [INFO] IPUIPlugin:80 - create IPUIPlugin
2023-09-06 14:29:17,685 [INFO] PluginManager:220 - loadIPPluginJar : add i2s
2023-09-06 14:29:17,727 [INFO] IPUIPlugin:80 - create IPUIPlugin
2023-09-06 14:29:17,727 [INFO] PluginManager:220 - loadIPPluginJar : add i3c
2023-09-06 14:29:17,818 [INFO] IPUIPlugin:80 - create IPUIPlugin
2023-09-06 14:29:17,818 [INFO] PluginManager:220 - loadIPPluginJar : add ipddr
2023-09-06 14:29:17,901 [INFO] IPUIPlugin:80 - create IPUIPlugin
2023-09-06 14:29:18,423 [INFO] PluginManager:220 - loadIPPluginJar : add linkedlist
2023-09-06 14:29:18,480 [INFO] IPUIPlugin:80 - create IPUIPlugin
2023-09-06 14:29:18,480 [INFO] PluginManager:220 - loadIPPluginJar : add lorawan
2023-09-06 14:29:18,527 [INFO] IPUIPlugin:80 - create IPUIPlugin
2023-09-06 14:29:18,527 [INFO] PluginManager:220 - loadIPPluginJar : add ltdc
2023-09-06 14:29:18,633 [INFO] IPUIPlugin:80 - create IPUIPlugin
2023-09-06 14:29:18,633 [INFO] PluginManager:220 - loadIPPluginJar : add mdma
2023-09-06 14:29:18,646 [INFO] IPUIPlugin:80 - create IPUIPlugin
2023-09-06 14:29:18,647 [INFO] PluginManager:220 - loadIPPluginJar : add nvic
2023-09-06 14:29:18,676 [INFO] IPUIPlugin:80 - create IPUIPlugin
2023-09-06 14:29:18,676 [INFO] PluginManager:220 - loadIPPluginJar : add opamp
2023-09-06 14:29:18,830 [INFO] IPUIPlugin:80 - create IPUIPlugin
2023-09-06 14:29:18,830 [INFO] PluginManager:220 - loadIPPluginJar : add openamp
2023-09-06 14:29:18,879 [INFO] IPUIPlugin:80 - create IPUIPlugin
2023-09-06 14:29:18,880 [INFO] PluginManager:220 - loadIPPluginJar : add pdm2pcm
2023-09-06 14:29:18,903 [INFO] IPUIPlugin:80 - create IPUIPlugin
2023-09-06 14:29:18,905 [INFO] PluginManager:220 - loadIPPluginJar : add plateformsettings
2023-09-06 14:29:18,925 [INFO] IPUIPlugin:80 - create IPUIPlugin
2023-09-06 14:29:18,925 [INFO] PluginManager:220 - loadIPPluginJar : add quadspi
2023-09-06 14:29:18,957 [INFO] IPUIPlugin:80 - create IPUIPlugin
2023-09-06 14:29:18,957 [INFO] PluginManager:220 - loadIPPluginJar : add resmgrutility
2023-09-06 14:29:19,000 [INFO] IPUIPlugin:80 - create IPUIPlugin
2023-09-06 14:29:19,000 [INFO] PluginManager:220 - loadIPPluginJar : add sai
2023-09-06 14:29:19,034 [INFO] IPUIPlugin:80 - create IPUIPlugin
2023-09-06 14:29:19,034 [INFO] PluginManager:220 - loadIPPluginJar : add spi
2023-09-06 14:29:19,083 [INFO] IPUIPlugin:80 - create IPUIPlugin
2023-09-06 14:29:19,083 [INFO] PluginManager:220 - loadIPPluginJar : add stm32_wpan
2023-09-06 14:29:19,160 [INFO] IPUIPlugin:80 - create IPUIPlugin
2023-09-06 14:29:19,160 [INFO] PluginManager:220 - loadIPPluginJar : add tim
2023-09-06 14:29:19,201 [INFO] IPUIPlugin:80 - create IPUIPlugin
2023-09-06 14:29:19,201 [INFO] PluginManager:220 - loadIPPluginJar : add touchsensing
2023-09-06 14:29:19,286 [INFO] IPUIPlugin:80 - create IPUIPlugin
2023-09-06 14:29:19,616 [INFO] PluginManager:220 - loadIPPluginJar : add tracer_emb
2023-09-06 14:29:19,677 [INFO] IPUIPlugin:80 - create IPUIPlugin
2023-09-06 14:29:19,677 [INFO] PluginManager:220 - loadIPPluginJar : add ts
2023-09-06 14:29:19,706 [INFO] IPUIPlugin:80 - create IPUIPlugin
2023-09-06 14:29:19,706 [INFO] PluginManager:220 - loadIPPluginJar : add tsc
2023-09-06 14:29:19,721 [INFO] IPUIPlugin:80 - create IPUIPlugin
2023-09-06 14:29:19,721 [INFO] PluginManager:220 - loadIPPluginJar : add ucpd
2023-09-06 14:29:19,763 [INFO] IPUIPlugin:80 - create IPUIPlugin
2023-09-06 14:29:19,763 [INFO] PluginManager:220 - loadIPPluginJar : add usart
2023-09-06 14:29:19,824 [INFO] IPUIPlugin:80 - create IPUIPlugin
2023-09-06 14:29:19,824 [INFO] PluginManager:220 - loadIPPluginJar : add usbx
2023-09-06 14:29:19,997 [INFO] CADModel:165 - CPN selected for project level
2023-09-06 14:29:19,997 [INFO] CADModel:114 - Register for checkConnection events
2023-09-06 14:29:19,997 [FATAL] Updater:308 - Updater called before beeing initialized
2023-09-06 14:29:19,998 [ERROR] CADModel:125 - Updater not yet initialized, retry later 
2023-09-06 14:29:20,155 [INFO] ThirdPartyUpdaterWithRetryManager:70 - Updater plugin not ready yet. [3/15]
2023-09-06 14:29:20,602 [INFO] CADModel:165 - CPN selected for project level
2023-09-06 14:29:20,602 [INFO] CADModel:114 - Register for checkConnection events
2023-09-06 14:29:20,603 [FATAL] Updater:308 - Updater called before beeing initialized
2023-09-06 14:29:20,603 [ERROR] CADModel:125 - Updater not yet initialized, retry later 
2023-09-06 14:29:20,612 [FATAL] Updater:308 - Updater called before beeing initialized
2023-09-06 14:29:20,836 [FATAL] Updater:308 - Updater called before beeing initialized
2023-09-06 14:29:20,998 [INFO] DbMcusAds:53 - JSON generation date=Tue Mar 07 14:20:55 IST 2023 (1678179055114)
2023-09-06 14:29:20,998 [FATAL] Updater:308 - Updater called before beeing initialized
2023-09-06 14:29:21,148 [WARN] DetailPanel:346 - Failed to get advertising image, set to default
2023-09-06 14:29:21,707 [FATAL] Updater:308 - Updater called before beeing initialized
2023-09-06 14:29:21,709 [FATAL] Updater:308 - Updater called before beeing initialized
2023-09-06 14:29:21,709 [FATAL] Updater:308 - Updater called before beeing initialized
2023-09-06 14:29:21,709 [WARN] DetailPanel:346 - Failed to get advertising image, set to default
2023-09-06 14:29:21,710 [FATAL] Updater:308 - Updater called before beeing initialized
2023-09-06 14:29:21,818 [ERROR] Updater:1120 - MainUpdater not yet initialized. External WinMGr cannot be set.
2023-09-06 14:29:21,831 [INFO] Updater:1056 - Updater Version found : 6.9.1
2023-09-06 14:29:21,864 [INFO] ApplicationProperties:184 - Using Application install path: C:\ST\STM32CubeIDE_1.12.1\STM32CubeIDE\plugins\com.st.stm32cube.common.mx_6.9.1.202307191849
2023-09-06 14:29:23,157 [FATAL] Updater:308 - Updater called before beeing initialized
2023-09-06 14:29:23,157 [ERROR] IntegrityCheckThread:130 - Cannot retrieve database content from updater: error 21
2023-09-06 14:29:23,157 [INFO] ThirdParty:978 - Integrity check success = false
2023-09-06 14:29:23,157 [INFO] IntegrityCheckThread:100 - exiting critical section [integrity check]
2023-09-06 14:29:23,157 [INFO] IntegrityCheckThread:103 - End integrity checks thread
2023-09-06 14:29:23,467 [INFO] MainUpdater:2868 - connection check result : 10
2023-09-06 14:29:23,467 [INFO] MainUpdater:3562 - Updater definition file requires update
2023-09-06 14:29:23,467 [INFO] MainUpdater:285 - Updater Check For Update Now.
2023-09-06 14:29:23,467 [INFO] MicroXplorer:498 - Change Database Version : DB.6.0.91
2023-09-06 14:29:23,512 [INFO] McuFinderGlobals:63 - Set McuFinder mode to 2 (CubeIDE integrated)
2023-09-06 14:29:23,620 [INFO] ServerAccessManage:473 - Download File updaters.zip
2023-09-06 14:29:23,953 [INFO] FileExtend:240 - Unzip File : updaters.zip
2023-09-06 14:29:23,953 [INFO] FileExtend:255 - Standard Zip Deflate
2023-09-06 14:29:25,087 [INFO] ServerAccessManage:473 - Download File PacksControlFlags.xml
2023-09-06 14:29:25,241 [INFO] ServerAccessManage:473 - Download File cubemx.pidx
2023-09-06 14:29:25,356 [INFO] LoadServerUpdatesThread:373 - End of LoadServerUpdate Thread
2023-09-06 14:29:25,508 [INFO] CheckServerUpdateThread:120 - End of CheckServer Thread
2023-09-06 14:29:25,545 [INFO] MainUpdater:2868 - connection check result : 10
2023-09-06 14:29:25,611 [INFO] McuFinderGlobals:76 - Set McuFinderConnectedMode to true
2023-09-06 14:29:26,197 [INFO] ServerAccessManage:473 - Download File mcusAds.json._tmp_
2023-09-06 14:29:26,306 [INFO] LoadUrlFilesThread:156 - End of LoadUrlFiles Thread
2023-09-06 14:29:26,554 [INFO] ServerAccessManage:473 - Download File cube-finder-db.zip
2023-09-06 14:29:40,390 [INFO] FileExtend:240 - Unzip File : cube-finder-db.zip
2023-09-06 14:29:40,390 [INFO] FileExtend:255 - Standard Zip Deflate
2023-09-06 14:29:41,259 [INFO] LoadUrlFilesThread:156 - End of LoadUrlFiles Thread
2023-09-06 14:29:44,267 [INFO] ServerAccessManage:473 - Download File crdb.zip
2023-09-06 14:29:44,669 [ERROR] LogOutputStream:75 - [STDERR_REDIRECT] SLF4J: Failed to load class "org.slf4j.impl.StaticLoggerBinder".
2023-09-06 14:29:44,670 [ERROR] LogOutputStream:75 - [STDERR_REDIRECT] SLF4J: Defaulting to no-operation (NOP) logger implementation
2023-09-06 14:29:44,671 [ERROR] LogOutputStream:75 - [STDERR_REDIRECT] SLF4J: See http://www.slf4j.org/codes.html#StaticLoggerBinder for further details.
2023-09-06 14:29:45,642 [INFO] FileExtend:240 - Unzip File : crdb.zip
2023-09-06 14:29:45,642 [INFO] FileExtend:255 - Standard Zip Deflate
2023-09-06 14:29:45,765 [INFO] LoadUrlFilesThread:156 - End of LoadUrlFiles Thread
2023-09-06 14:29:46,119 [INFO] ServerAccessManage:473 - Download File tutoVideoDB.zip
2023-09-06 14:29:46,303 [INFO] FileExtend:240 - Unzip File : tutoVideoDB.zip
2023-09-06 14:29:46,304 [INFO] FileExtend:255 - Standard Zip Deflate
2023-09-06 14:29:46,410 [INFO] LoadUrlFilesThread:156 - End of LoadUrlFiles Thread
2023-09-06 14:29:46,419 [WARN] DbFile:41 - Overriding database path with different value: C:\Users\HP\.stmcufinder\plugins\mcufinder/ => C:\Users\HP\.stmcufinder\plugins\mcufinder
2023-09-06 14:29:46,608 [INFO] ServerAccessManage:473 - Download File api_config.json
2023-09-06 14:29:46,713 [INFO] LoadUrlFilesThread:156 - End of LoadUrlFiles Thread
2023-09-06 14:29:46,714 [INFO] DbMcusAds:53 - JSON generation date=Tue Mar 07 14:20:55 IST 2023 (1678179055114)
2023-09-06 14:29:46,734 [INFO] LoadUrlFilesThread:185 - End of LoadServerUrlFiles without Thread
2023-09-06 14:29:46,734 [INFO] TargetSelectorAdapter:259 - Refresh data is successful
2023-09-06 14:29:47,049 [INFO] ApiDb:581 - Connected to CubeFinder SQLite database (C:\Users\HP\.stmcufinder\plugins\mcufinder\mcu\cube-finder-db.db)
2023-09-06 14:29:47,113 [INFO] ApiDb:668 - CubeFinder database Data Model version=2.1
2023-09-06 14:29:47,113 [INFO] ApiDb:669 - CubeFinder database Configuration version=3.0.37
2023-09-06 14:29:47,113 [INFO] ApiDb:670 - CubeFinder database generation date=2023-08-09 (1691586011)
2023-09-06 14:29:47,113 [INFO] ApiDb:671 - CubeFinder database FW Pack versions=[FP-ATR-ASTRA1_V2.0.0, FP-SNS-FLIGHT1_V5.0.1, FP-SNS-FLIGHT1_V5.0.2, FP-SNS-MOTENV1_V4.3.1, FP-SNS-MOTENV1_V4.3.2, STM32Cube_FW_C0_V1.1.0, STM32Cube_FW_F4_V1.27.1, STM32Cube_FW_F7_V1.17.0, STM32Cube_FW_G0_V1.6.1, STM32Cube_FW_G4_V1.5.1, STM32Cube_FW_H5_V0.5.1, STM32Cube_FW_H5_V1.1.0, STM32Cube_FW_H7_V1.11.0, STM32Cube_FW_L0_V1.12.2, STM32Cube_FW_L5_V1.5.0, STM32Cube_FW_U5_V1.3.0, STM32Cube_FW_U5_V1.3.0RC4, STM32Cube_FW_WBA_V1.0.0RC1, STM32Cube_FW_WBA_V1.1.0, STM32Cube_FW_WBA_V1.1.0RC1, STM32Cube_FW_WB_V1.15.0RC1, STM32Cube_FW_WB_V1.16.0, STM32Cube_FW_WB_V1.16.0RC2, STM32Cube_FW_WB_V1.17.0, STM32Cube_FW_WL_V1.3.0, X-CUBE-ALGOBUILD_V1.3.0, X-CUBE-ALS_V1.0.1, X-CUBE-AZRTOS-F4_V1.1.0, X-CUBE-AZRTOS-F7_V1.1.0, X-CUBE-AZRTOS-G0_V1.1.0, X-CUBE-AZRTOS-G4_V2.0.0, X-CUBE-AZRTOS-H7_V3.1.0, X-CUBE-AZRTOS-L4_V1.0.0, X-CUBE-AZRTOS-L4_V2.0.0, X-CUBE-AZRTOS-L5_V1.1.0, X-CUBE-AZRTOS-WB_V1.1.0, X-CUBE-AZRTOS-WL_V2.0.0, X-CUBE-BLE1_V7.0.0, X-CUBE-BLE2_V3.3.0, X-CUBE-BLEMGR_V2.0.0, X-CUBE-EEPRMA1_V4.1.0, X-CUBE-FREERTOS_V1.1.0, X-CUBE-GNSS1_V6.0.0, X-CUBE-MEMS1_V9.1.0, X-CUBE-MEMS1_V9.4.0, X-CUBE-MEMS1_V9.6.0, X-CUBE-NFC4_V3.0.0, X-CUBE-NFC7_V1.0.0, X-CUBE-SFXS2LP1_V4.0.0, X-CUBE-SUBG2_V5.0.0, X-CUBE-TOF1_V3.3.1]
2023-09-06 14:29:48,506 [INFO] ApiDb:240 - Found 323 in-development CPN: [B-G473E-ZEST1S, B-WB1M-WPAN1, B-WL5M-SUBG1, NUCLEO-C031C6, NUCLEO-H503RB, NUCLEO-H563ZI, NUCLEO-U545RE-Q, NUCLEO-U5A5ZJ-Q, NUCLEO-WBA52CG, STEVAL-PROTEUS1, STEVAL-SMARTAG2, STEVAL-STWINBX1, STM320518-EVAL, STM32C0116-DK, STM32C011D6Y3TR, STM32C011D6Y6TR, STM32C011F4P3, STM32C011F4P6, STM32C011F4U3, STM32C011F4U6TR, STM32C011F6P3, STM32C011F6P6, STM32C011F6U3, STM32C011F6U6TR, STM32C011J4M3, STM32C011J4M6, STM32C011J6M3, STM32C011J6M6, STM32C0316-DK, STM32C031C4T3, STM32C031C4T6, STM32C031C4U3, STM32C031C4U6, STM32C031C6T3, STM32C031C6T6, STM32C031C6U3, STM32C031C6U6, STM32C031F4P3, STM32C031F4P6, STM32C031F6P3, STM32C031F6P6, STM32C031G4U3, STM32C031G4U6, STM32C031G6U3, STM32C031G6U6, STM32C031K4T3, STM32C031K4T6, STM32C031K4U3, STM32C031K4U6, STM32C031K6T3, STM32C031K6T6, STM32C031K6U3, STM32C031K6U6, STM32G071K8TXN, STM32G071K8UXN, STM32G081GBU6N, STM32G081KBT6N, STM32G081KBUXN, STM32G0B1CCT6N, STM32G0B1KCT6, STM32G0B1NEY6TR, STM32G0B1RCT6N, STM32G0C1CCT6, STM32G0C1CCT6N, STM32G0C1CCU6N, STM32G0C1CET6N, STM32G0C1CEU6N, STM32G0C1KCT6, STM32G0C1NEY6TR, STM32G0C1RCI6N, STM32G0C1RCT6N, STM32G0C1REI6N, STM32G0C1RET6N, STM32G0C1VCI6, STM32G0C1VEI6, STM32G471CCT6, STM32G471CCU6, STM32G471CET3, STM32G471CET6, STM32G471CEU3, STM32G471CEU6, STM32G471MCT6, STM32G471MET3, STM32G471MET6, STM32G471MEY6TR, STM32G471QCT6, STM32G471QET3, STM32G471RCT6, STM32G471RET3, STM32G471RET6, STM32G471VCH6, STM32G471VCI6, STM32G471VCT6, STM32G471VEH3, STM32G471VEH6, STM32G471VEI3, STM32G471VEI6, STM32G471VET3, STM32G471VET6, STM32G474CCT6, STM32H503CBT6, STM32H503CBU6, STM32H503EBY6TR, STM32H503KBU6, STM32H503RBT6, STM32H562AGI6, STM32H562AII6, STM32H562IGK6, STM32H562IGT6, STM32H562IIK6, STM32H562IIT6, STM32H562RGT6, STM32H562RGV6, STM32H562RIT6, STM32H562RIV6, STM32H562VGT6, STM32H562VIT6, STM32H562ZGT6, STM32H562ZIT6, STM32H563AGI6, STM32H563AII3Q, STM32H563AII6, STM32H563IGK6, STM32H563IGT6, STM32H563IIK3Q, STM32H563IIK6, STM32H563IIT3Q, STM32H563IIT6, STM32H563MIY3QTR, STM32H563RGT6, STM32H563RGV6, STM32H563RIT6, STM32H563RIV6, STM32H563VGT6, STM32H563VIT3Q, STM32H563VIT6, STM32H563ZGT6, STM32H563ZIT3Q, STM32H563ZIT6, STM32H573AII3Q, STM32H573AII6, STM32H573I-DK, STM32H573IIK3Q, STM32H573IIK6, STM32H573IIT3Q, STM32H573IIT6, STM32H573MIY3QTR, STM32H573RIT6, STM32H573RIV6, STM32H573VIT3Q, STM32H573VIT6, STM32H573ZIT3Q, STM32H573ZIT6, STM32L4R5QGI6STR, STM32MP131AAE3, STM32MP131AAF3, STM32MP131AAG3, STM32MP131CAE3, STM32MP131CAF3, STM32MP131CAG3, STM32MP131DAE7, STM32MP131DAF7, STM32MP131DAG7, STM32MP131FAE7, STM32MP131FAF7, STM32MP131FAG7, STM32MP133AAE3, STM32MP133AAF3, STM32MP133AAG3, STM32MP133CAE3, STM32MP133CAF3, STM32MP133CAG3, STM32MP133DAE7, STM32MP133DAF7, STM32MP133DAG7, STM32MP133FAE7, STM32MP133FAF7, STM32MP133FAG7, STM32MP135AAE3, STM32MP135AAF3, STM32MP135AAG3, STM32MP135CAE3, STM32MP135CAF3, STM32MP135CAG3, STM32MP135DAE7, STM32MP135DAF7, STM32MP135DAG7, STM32MP135F-DK, STM32MP135FAE7, STM32MP135FAF7, STM32MP135FAF7T, STM32MP135FAF7U, STM32MP135FAG7, STM32U535CBT6, STM32U535CBT6Q, STM32U535CBU6, STM32U535CBU6Q, STM32U535CCT6, STM32U535CCT6Q, STM32U535CCU6, STM32U535CCU6Q, STM32U535CET6, STM32U535CET6Q, STM32U535CEU6, STM32U535CEU6Q, STM32U535JEY6QTR, STM32U535NCY6QTR, STM32U535NEY6QTR, STM32U535RBI6, STM32U535RBI6Q, STM32U535RBT6, STM32U535RBT6Q, STM32U535RCI6, STM32U535RCI6Q, STM32U535RCT6, STM32U535RCT6Q, STM32U535REI6, STM32U535REI6Q, STM32U535RET6, STM32U535RET6Q, STM32U535VCI6, STM32U535VCI6Q, STM32U535VCT6, STM32U535VCT6Q, STM32U535VEI6, STM32U535VEI6Q, STM32U535VET6, STM32U535VET6Q, STM32U545CET6, STM32U545CET6Q, STM32U545CEU6, STM32U545CEU6Q, STM32U545JEY6QTR, STM32U545NEY6QTR, STM32U545REI6, STM32U545REI6Q, STM32U545RET6, STM32U545RET6Q, STM32U545VEI6, STM32U545VEI6Q, STM32U545VET6, STM32U545VET6Q, STM32U595AIH6, STM32U595AIH6Q, STM32U595AJH6, STM32U595AJH6Q, STM32U595QII6, STM32U595QII6Q, STM32U595QJI6, STM32U595QJI6Q, STM32U595RIT6, STM32U595RIT6Q, STM32U595RJT6, STM32U595RJT6Q, STM32U595VIT6, STM32U595VIT6Q, STM32U595VJT6, STM32U595VJT6Q, STM32U595ZIT6, STM32U595ZIT6Q, STM32U595ZIY6QTR, STM32U595ZJT6, STM32U595ZJT6Q, STM32U595ZJY6QTR, STM32U599BJY6QTR, STM32U599NIH6Q, STM32U599NJH6Q, STM32U599VIT6Q, STM32U599VJT6, STM32U599VJT6Q, STM32U599ZIT6Q, STM32U599ZIY6QTR, STM32U599ZJT6Q, STM32U599ZJY6QTR, STM32U5A5AJH6, STM32U5A5AJH6Q, STM32U5A5QJI6, STM32U5A5QJI6Q, STM32U5A5RJT6, STM32U5A5RJT6Q, STM32U5A5VJT6, STM32U5A5VJT6Q, STM32U5A5ZJT6, STM32U5A5ZJT6Q, STM32U5A5ZJY6QTR, STM32U5A9BJY6QTR, STM32U5A9J-DK, STM32U5A9NJH6Q, STM32U5A9VJT6Q, STM32U5A9ZJT6Q, STM32U5A9ZJY6QTR, STM32U5F7VIT6, STM32U5F7VIT6Q, STM32U5F7VJT6, STM32U5F7VJT6Q, STM32U5F9BJY6QTR, STM32U5F9NJH6Q, STM32U5F9VIT6Q, STM32U5F9VJT6Q, STM32U5F9ZIJ6QTR, STM32U5F9ZIT6Q, STM32U5F9ZJJ6QTR, STM32U5F9ZJT6Q, STM32U5G7VJT6, STM32U5G7VJT6Q, STM32U5G9BJY6QTR, STM32U5G9J-DK1, STM32U5G9J-DK2, STM32U5G9NJH6Q, STM32U5G9VJT6Q, STM32U5G9ZJJ6QTR, STM32U5G9ZJT6Q, STM32WB1MMCH6, STM32WBA52CEU6, STM32WBA52CEU6T, STM32WBA52CGU6, STM32WBA52CGU6T, STM32WBA52KEU6, STM32WBA52KEU6T, STM32WBA52KGU6, STM32WBA52KGU6T, STM32WL5MOCH6, STM32WL5MOCH6TR]
2023-09-06 14:29:48,509 [INFO] DbMcus:217 - Found 3848 MCUs, 3848 are supported
2023-09-06 14:29:48,521 [INFO] ApiDb:423 - Load user favorites file C:\Users\HP/.stm32cubeide/favorites.mcus.txt: 0 item(s)
2023-09-06 14:29:48,521 [INFO] ApiDb:427 - User favorites MCUs=[]
2023-09-06 14:29:48,522 [INFO] DbMcus:223 - Set 0 / 0 favorites MCUs
2023-09-06 14:29:48,711 [INFO] ApiDb:668 - CubeFinder database Data Model version=2.1
2023-09-06 14:29:48,712 [INFO] ApiDb:669 - CubeFinder database Configuration version=3.0.37
2023-09-06 14:29:48,712 [INFO] ApiDb:670 - CubeFinder database generation date=2023-08-09 (1691586011)
2023-09-06 14:29:48,712 [INFO] ApiDb:671 - CubeFinder database FW Pack versions=[FP-ATR-ASTRA1_V2.0.0, FP-SNS-FLIGHT1_V5.0.1, FP-SNS-FLIGHT1_V5.0.2, FP-SNS-MOTENV1_V4.3.1, FP-SNS-MOTENV1_V4.3.2, STM32Cube_FW_C0_V1.1.0, STM32Cube_FW_F4_V1.27.1, STM32Cube_FW_F7_V1.17.0, STM32Cube_FW_G0_V1.6.1, STM32Cube_FW_G4_V1.5.1, STM32Cube_FW_H5_V0.5.1, STM32Cube_FW_H5_V1.1.0, STM32Cube_FW_H7_V1.11.0, STM32Cube_FW_L0_V1.12.2, STM32Cube_FW_L5_V1.5.0, STM32Cube_FW_U5_V1.3.0, STM32Cube_FW_U5_V1.3.0RC4, STM32Cube_FW_WBA_V1.0.0RC1, STM32Cube_FW_WBA_V1.1.0, STM32Cube_FW_WBA_V1.1.0RC1, STM32Cube_FW_WB_V1.15.0RC1, STM32Cube_FW_WB_V1.16.0, STM32Cube_FW_WB_V1.16.0RC2, STM32Cube_FW_WB_V1.17.0, STM32Cube_FW_WL_V1.3.0, X-CUBE-ALGOBUILD_V1.3.0, X-CUBE-ALS_V1.0.1, X-CUBE-AZRTOS-F4_V1.1.0, X-CUBE-AZRTOS-F7_V1.1.0, X-CUBE-AZRTOS-G0_V1.1.0, X-CUBE-AZRTOS-G4_V2.0.0, X-CUBE-AZRTOS-H7_V3.1.0, X-CUBE-AZRTOS-L4_V1.0.0, X-CUBE-AZRTOS-L4_V2.0.0, X-CUBE-AZRTOS-L5_V1.1.0, X-CUBE-AZRTOS-WB_V1.1.0, X-CUBE-AZRTOS-WL_V2.0.0, X-CUBE-BLE1_V7.0.0, X-CUBE-BLE2_V3.3.0, X-CUBE-BLEMGR_V2.0.0, X-CUBE-EEPRMA1_V4.1.0, X-CUBE-FREERTOS_V1.1.0, X-CUBE-GNSS1_V6.0.0, X-CUBE-MEMS1_V9.1.0, X-CUBE-MEMS1_V9.4.0, X-CUBE-MEMS1_V9.6.0, X-CUBE-NFC4_V3.0.0, X-CUBE-NFC7_V1.0.0, X-CUBE-SFXS2LP1_V4.0.0, X-CUBE-SUBG2_V5.0.0, X-CUBE-TOF1_V3.3.1]
2023-09-06 14:29:48,752 [INFO] DbBoardsSqlite:226 - include board P-NUCLEO-WB55-NUCLEO as a kit item of type 'Nucleo-64'
2023-09-06 14:29:48,752 [INFO] DbBoardsSqlite:226 - include board P-NUCLEO-WB55-USBDONGLE as a kit item of type 'Nucleo USB Dongle'
2023-09-06 14:29:48,753 [INFO] DbBoardsSqlite:226 - include board STEVAL-IDP005V1 as a kit item of type 'Evaluation Board'
2023-09-06 14:29:48,753 [INFO] DbBoardsSqlite:226 - include board STEVAL-IDP005V2 as a kit item of type 'Evaluation Board'
2023-09-06 14:29:48,784 [INFO] ApiDb:240 - Found 323 in-development CPN: [B-G473E-ZEST1S, B-WB1M-WPAN1, B-WL5M-SUBG1, NUCLEO-C031C6, NUCLEO-H503RB, NUCLEO-H563ZI, NUCLEO-U545RE-Q, NUCLEO-U5A5ZJ-Q, NUCLEO-WBA52CG, STEVAL-PROTEUS1, STEVAL-SMARTAG2, STEVAL-STWINBX1, STM320518-EVAL, STM32C0116-DK, STM32C011D6Y3TR, STM32C011D6Y6TR, STM32C011F4P3, STM32C011F4P6, STM32C011F4U3, STM32C011F4U6TR, STM32C011F6P3, STM32C011F6P6, STM32C011F6U3, STM32C011F6U6TR, STM32C011J4M3, STM32C011J4M6, STM32C011J6M3, STM32C011J6M6, STM32C0316-DK, STM32C031C4T3, STM32C031C4T6, STM32C031C4U3, STM32C031C4U6, STM32C031C6T3, STM32C031C6T6, STM32C031C6U3, STM32C031C6U6, STM32C031F4P3, STM32C031F4P6, STM32C031F6P3, STM32C031F6P6, STM32C031G4U3, STM32C031G4U6, STM32C031G6U3, STM32C031G6U6, STM32C031K4T3, STM32C031K4T6, STM32C031K4U3, STM32C031K4U6, STM32C031K6T3, STM32C031K6T6, STM32C031K6U3, STM32C031K6U6, STM32G071K8TXN, STM32G071K8UXN, STM32G081GBU6N, STM32G081KBT6N, STM32G081KBUXN, STM32G0B1CCT6N, STM32G0B1KCT6, STM32G0B1NEY6TR, STM32G0B1RCT6N, STM32G0C1CCT6, STM32G0C1CCT6N, STM32G0C1CCU6N, STM32G0C1CET6N, STM32G0C1CEU6N, STM32G0C1KCT6, STM32G0C1NEY6TR, STM32G0C1RCI6N, STM32G0C1RCT6N, STM32G0C1REI6N, STM32G0C1RET6N, STM32G0C1VCI6, STM32G0C1VEI6, STM32G471CCT6, STM32G471CCU6, STM32G471CET3, STM32G471CET6, STM32G471CEU3, STM32G471CEU6, STM32G471MCT6, STM32G471MET3, STM32G471MET6, STM32G471MEY6TR, STM32G471QCT6, STM32G471QET3, STM32G471RCT6, STM32G471RET3, STM32G471RET6, STM32G471VCH6, STM32G471VCI6, STM32G471VCT6, STM32G471VEH3, STM32G471VEH6, STM32G471VEI3, STM32G471VEI6, STM32G471VET3, STM32G471VET6, STM32G474CCT6, STM32H503CBT6, STM32H503CBU6, STM32H503EBY6TR, STM32H503KBU6, STM32H503RBT6, STM32H562AGI6, STM32H562AII6, STM32H562IGK6, STM32H562IGT6, STM32H562IIK6, STM32H562IIT6, STM32H562RGT6, STM32H562RGV6, STM32H562RIT6, STM32H562RIV6, STM32H562VGT6, STM32H562VIT6, STM32H562ZGT6, STM32H562ZIT6, STM32H563AGI6, STM32H563AII3Q, STM32H563AII6, STM32H563IGK6, STM32H563IGT6, STM32H563IIK3Q, STM32H563IIK6, STM32H563IIT3Q, STM32H563IIT6, STM32H563MIY3QTR, STM32H563RGT6, STM32H563RGV6, STM32H563RIT6, STM32H563RIV6, STM32H563VGT6, STM32H563VIT3Q, STM32H563VIT6, STM32H563ZGT6, STM32H563ZIT3Q, STM32H563ZIT6, STM32H573AII3Q, STM32H573AII6, STM32H573I-DK, STM32H573IIK3Q, STM32H573IIK6, STM32H573IIT3Q, STM32H573IIT6, STM32H573MIY3QTR, STM32H573RIT6, STM32H573RIV6, STM32H573VIT3Q, STM32H573VIT6, STM32H573ZIT3Q, STM32H573ZIT6, STM32L4R5QGI6STR, STM32MP131AAE3, STM32MP131AAF3, STM32MP131AAG3, STM32MP131CAE3, STM32MP131CAF3, STM32MP131CAG3, STM32MP131DAE7, STM32MP131DAF7, STM32MP131DAG7, STM32MP131FAE7, STM32MP131FAF7, STM32MP131FAG7, STM32MP133AAE3, STM32MP133AAF3, STM32MP133AAG3, STM32MP133CAE3, STM32MP133CAF3, STM32MP133CAG3, STM32MP133DAE7, STM32MP133DAF7, STM32MP133DAG7, STM32MP133FAE7, STM32MP133FAF7, STM32MP133FAG7, STM32MP135AAE3, STM32MP135AAF3, STM32MP135AAG3, STM32MP135CAE3, STM32MP135CAF3, STM32MP135CAG3, STM32MP135DAE7, STM32MP135DAF7, STM32MP135DAG7, STM32MP135F-DK, STM32MP135FAE7, STM32MP135FAF7, STM32MP135FAF7T, STM32MP135FAF7U, STM32MP135FAG7, STM32U535CBT6, STM32U535CBT6Q, STM32U535CBU6, STM32U535CBU6Q, STM32U535CCT6, STM32U535CCT6Q, STM32U535CCU6, STM32U535CCU6Q, STM32U535CET6, STM32U535CET6Q, STM32U535CEU6, STM32U535CEU6Q, STM32U535JEY6QTR, STM32U535NCY6QTR, STM32U535NEY6QTR, STM32U535RBI6, STM32U535RBI6Q, STM32U535RBT6, STM32U535RBT6Q, STM32U535RCI6, STM32U535RCI6Q, STM32U535RCT6, STM32U535RCT6Q, STM32U535REI6, STM32U535REI6Q, STM32U535RET6, STM32U535RET6Q, STM32U535VCI6, STM32U535VCI6Q, STM32U535VCT6, STM32U535VCT6Q, STM32U535VEI6, STM32U535VEI6Q, STM32U535VET6, STM32U535VET6Q, STM32U545CET6, STM32U545CET6Q, STM32U545CEU6, STM32U545CEU6Q, STM32U545JEY6QTR, STM32U545NEY6QTR, STM32U545REI6, STM32U545REI6Q, STM32U545RET6, STM32U545RET6Q, STM32U545VEI6, STM32U545VEI6Q, STM32U545VET6, STM32U545VET6Q, STM32U595AIH6, STM32U595AIH6Q, STM32U595AJH6, STM32U595AJH6Q, STM32U595QII6, STM32U595QII6Q, STM32U595QJI6, STM32U595QJI6Q, STM32U595RIT6, STM32U595RIT6Q, STM32U595RJT6, STM32U595RJT6Q, STM32U595VIT6, STM32U595VIT6Q, STM32U595VJT6, STM32U595VJT6Q, STM32U595ZIT6, STM32U595ZIT6Q, STM32U595ZIY6QTR, STM32U595ZJT6, STM32U595ZJT6Q, STM32U595ZJY6QTR, STM32U599BJY6QTR, STM32U599NIH6Q, STM32U599NJH6Q, STM32U599VIT6Q, STM32U599VJT6, STM32U599VJT6Q, STM32U599ZIT6Q, STM32U599ZIY6QTR, STM32U599ZJT6Q, STM32U599ZJY6QTR, STM32U5A5AJH6, STM32U5A5AJH6Q, STM32U5A5QJI6, STM32U5A5QJI6Q, STM32U5A5RJT6, STM32U5A5RJT6Q, STM32U5A5VJT6, STM32U5A5VJT6Q, STM32U5A5ZJT6, STM32U5A5ZJT6Q, STM32U5A5ZJY6QTR, STM32U5A9BJY6QTR, STM32U5A9J-DK, STM32U5A9NJH6Q, STM32U5A9VJT6Q, STM32U5A9ZJT6Q, STM32U5A9ZJY6QTR, STM32U5F7VIT6, STM32U5F7VIT6Q, STM32U5F7VJT6, STM32U5F7VJT6Q, STM32U5F9BJY6QTR, STM32U5F9NJH6Q, STM32U5F9VIT6Q, STM32U5F9VJT6Q, STM32U5F9ZIJ6QTR, STM32U5F9ZIT6Q, STM32U5F9ZJJ6QTR, STM32U5F9ZJT6Q, STM32U5G7VJT6, STM32U5G7VJT6Q, STM32U5G9BJY6QTR, STM32U5G9J-DK1, STM32U5G9J-DK2, STM32U5G9NJH6Q, STM32U5G9VJT6Q, STM32U5G9ZJJ6QTR, STM32U5G9ZJT6Q, STM32WB1MMCH6, STM32WBA52CEU6, STM32WBA52CEU6T, STM32WBA52CGU6, STM32WBA52CGU6T, STM32WBA52KEU6, STM32WBA52KEU6T, STM32WBA52KGU6, STM32WBA52KGU6T, STM32WL5MOCH6, STM32WL5MOCH6TR]
2023-09-06 14:29:48,970 [INFO] BoardInfo:880 - No configuration file found for board P-NUCLEO-WB55
2023-09-06 14:29:48,970 [INFO] DbBoards:157 - Kit is not supported: P-NUCLEO-WB55
2023-09-06 14:29:48,974 [INFO] BoardInfo:880 - No configuration file found for board STEVAL-BFA001V1B
2023-09-06 14:29:48,974 [INFO] DbBoards:157 - Kit is not supported: STEVAL-BFA001V1B
2023-09-06 14:29:48,975 [INFO] BoardInfo:880 - No configuration file found for board STEVAL-BFA001V2B
2023-09-06 14:29:48,975 [INFO] DbBoards:157 - Kit is not supported: STEVAL-BFA001V2B
2023-09-06 14:29:49,066 [INFO] DbBoards:161 - Found 190 boards, 187 are supported
2023-09-06 14:29:49,068 [INFO] ApiDb:423 - Load user favorites file C:\Users\HP/.stm32cubeide/favorites.boards.txt: 0 item(s)
2023-09-06 14:29:49,068 [INFO] ApiDb:427 - User favorites Boards=[]
2023-09-06 14:29:49,069 [INFO] DbBoards:190 - Set 0 / 0 favorites Boards
2023-09-06 14:29:49,071 [INFO] ApiDb:668 - CubeFinder database Data Model version=2.1
2023-09-06 14:29:49,071 [INFO] ApiDb:669 - CubeFinder database Configuration version=3.0.37
2023-09-06 14:29:49,071 [INFO] ApiDb:670 - CubeFinder database generation date=2023-08-09 (1691586011)
2023-09-06 14:29:49,071 [INFO] ApiDb:671 - CubeFinder database FW Pack versions=[FP-ATR-ASTRA1_V2.0.0, FP-SNS-FLIGHT1_V5.0.1, FP-SNS-FLIGHT1_V5.0.2, FP-SNS-MOTENV1_V4.3.1, FP-SNS-MOTENV1_V4.3.2, STM32Cube_FW_C0_V1.1.0, STM32Cube_FW_F4_V1.27.1, STM32Cube_FW_F7_V1.17.0, STM32Cube_FW_G0_V1.6.1, STM32Cube_FW_G4_V1.5.1, STM32Cube_FW_H5_V0.5.1, STM32Cube_FW_H5_V1.1.0, STM32Cube_FW_H7_V1.11.0, STM32Cube_FW_L0_V1.12.2, STM32Cube_FW_L5_V1.5.0, STM32Cube_FW_U5_V1.3.0, STM32Cube_FW_U5_V1.3.0RC4, STM32Cube_FW_WBA_V1.0.0RC1, STM32Cube_FW_WBA_V1.1.0, STM32Cube_FW_WBA_V1.1.0RC1, STM32Cube_FW_WB_V1.15.0RC1, STM32Cube_FW_WB_V1.16.0, STM32Cube_FW_WB_V1.16.0RC2, STM32Cube_FW_WB_V1.17.0, STM32Cube_FW_WL_V1.3.0, X-CUBE-ALGOBUILD_V1.3.0, X-CUBE-ALS_V1.0.1, X-CUBE-AZRTOS-F4_V1.1.0, X-CUBE-AZRTOS-F7_V1.1.0, X-CUBE-AZRTOS-G0_V1.1.0, X-CUBE-AZRTOS-G4_V2.0.0, X-CUBE-AZRTOS-H7_V3.1.0, X-CUBE-AZRTOS-L4_V1.0.0, X-CUBE-AZRTOS-L4_V2.0.0, X-CUBE-AZRTOS-L5_V1.1.0, X-CUBE-AZRTOS-WB_V1.1.0, X-CUBE-AZRTOS-WL_V2.0.0, X-CUBE-BLE1_V7.0.0, X-CUBE-BLE2_V3.3.0, X-CUBE-BLEMGR_V2.0.0, X-CUBE-EEPRMA1_V4.1.0, X-CUBE-FREERTOS_V1.1.0, X-CUBE-GNSS1_V6.0.0, X-CUBE-MEMS1_V9.1.0, X-CUBE-MEMS1_V9.4.0, X-CUBE-MEMS1_V9.6.0, X-CUBE-NFC4_V3.0.0, X-CUBE-NFC7_V1.0.0, X-CUBE-SFXS2LP1_V4.0.0, X-CUBE-SUBG2_V5.0.0, X-CUBE-TOF1_V3.3.1]
2023-09-06 14:29:49,638 [INFO] DbExamplesSqlite:395 - Ignored 27 examples not supported by CubeIDE
2023-09-06 14:29:49,639 [INFO] DbExamplesSqlite:396 - Found 7231 examples active
2023-09-06 14:29:49,639 [INFO] DbExamplesSqlite:397 - Found 677 examples obsolete
2023-09-06 14:29:49,639 [INFO] DbExamplesSqlite:398 - Found 0 examples under development
2023-09-06 14:29:49,639 [INFO] DbExamplesSqlite:399 - Found 74 examples not building
2023-09-06 14:29:49,642 [INFO] DbExamples:125 - Found 7278 examples
2023-09-06 14:29:49,651 [INFO] DbExamples:222 - Found 92 boards with related examples
2023-09-06 14:29:49,652 [INFO] DbExamples:235 - Found 78 MCUs with related examples
2023-09-06 14:29:49,667 [INFO] ApiDb:423 - Load user favorites file C:\Users\HP/.stm32cubeide/favorites.examples.txt: 0 item(s)
2023-09-06 14:29:49,667 [INFO] ApiDb:427 - User favorites Examples=[]
2023-09-06 14:29:49,667 [INFO] DbExamples:250 - Set 0 / 0 favorites Examples
2023-09-06 14:29:50,210 [INFO] McuFinderGlobals:76 - Set McuFinderConnectedMode to true
2023-09-06 14:29:50,232 [INFO] MultiScanPanel:200 - Auto-refresh data requested => check proxy status ongoing
2023-09-06 14:29:50,247 [INFO] FinderPluginLoader:95 - Searching for filters in installed packs
2023-09-06 14:29:51,439 [INFO] LoadUrlFilesThread:185 - End of LoadServerUrlFiles without Thread
2023-09-06 14:29:51,463 [INFO] DetailPanel:341 - Set advertising image to C:/Users/HP/STM32Cube/Repository/\en.prom-stm32h5-mcu-finder.jpg
2023-09-06 14:30:01,483 [INFO] McuFinderGlobals:76 - Set McuFinderConnectedMode to true
2023-09-06 14:30:01,487 [INFO] ApiDb:448 - Save user favorites file C:\Users\HP/.stm32cubeide/favorites.mcus.txt: 0 item(s)
2023-09-06 14:30:01,487 [INFO] ApiDb:452 - User favorites MCUs=[]
