2023-07-07 09:53:15,849 [INFO] MainUpdater:2854 - connection check result : 10
2023-07-07 09:53:15,943 [INFO] MainUpdater:2854 - connection check result : 10
2023-07-07 09:53:16,427 [INFO] MicroXplorer:468 - Change Database Path : 
2023-07-07 09:53:16,427 [INFO] MicroXplorer:498 - Change Database Version : DB.6.0.81
2023-07-07 09:53:16,567 [WARN] ThirdParty:871 - waiting for thirdparty lock release [close project]
2023-07-07 09:53:16,567 [INFO] ThirdParty:873 - entering critical section [close project]
2023-07-07 09:53:16,567 [INFO] ThirdParty:883 - exiting critical section [close project]
2023-07-07 09:53:16,567 [INFO] PinOutPanel:1499 - setPackage(No Configuration,No Configuration)
2023-07-07 09:53:16,583 [WARN] IpParametersView:150 - Warning: This peripheral hasn't parameters
2023-07-07 09:53:16,646 [WARN] MainPanel:257 - <html><b><center>Warning: This peripheral has no parameters to be configured<br></b></html>
2023-07-07 09:53:16,864 [INFO] UtilMem:75 - Begin LoadConfig() Used Memory: 266263064 Bytes (505413632)
2023-07-07 09:53:16,864 [INFO] MicroXplorer:468 - Change Database Path : 
2023-07-07 09:53:16,864 [INFO] MicroXplorer:498 - Change Database Version : DB.6.0.81
2023-07-07 09:53:16,864 [INFO] OpenFileManager:308 - Change cursor
2023-07-07 09:53:16,895 [INFO] Mcu:1937 - Initializing MCU STM32F411R(C-E)Tx STM32F411RETx STM32F411RET6
2023-07-07 09:53:17,817 [INFO] Context:659 - Trying to add GPIOservice into a context  which must be forbidden
2023-07-07 09:53:18,098 [INFO] RtosManager:555 - Registered RTOS mode: class=CMSIS, group=RTOS, mode=CMSIS_V1, owner=FREERTOS
2023-07-07 09:53:18,098 [INFO] RtosManager:555 - Registered RTOS mode: class=CMSIS, group=RTOS2, mode=CMSIS_V2, owner=FREERTOS
2023-07-07 09:53:18,098 [INFO] RtosManager:555 - Registered RTOS mode: class=RTOS, group=Core, mode=CMSIS_V1, owner=FREERTOS
2023-07-07 09:53:18,098 [INFO] RtosManager:555 - Registered RTOS mode: class=RTOS, group=Core, mode=CMSIS_V2, owner=FREERTOS
2023-07-07 09:53:18,098 [WARN] ModelIntegratedComponent:184 - Missing modes for component STMicroelectronics:FreeRTOS:0.0.1:STMicroelectronics:RTOS:FreeRTOS:Core:::10.2.0:
2023-07-07 09:53:18,098 [WARN] ModelIntegratedComponent:182 - Modes not found for component STMicroelectronics:USB_HOST:1.0.0:STMicroelectronics:USB::USB Host:Audio HS::1.0:USB_HOST_1_0_RESTRICTED_HS
2023-07-07 09:53:18,098 [WARN] ModelIntegratedComponent:188 - Modes not found for component STMicroelectronics:USB_HOST:1.0.0:STMicroelectronics:USB::USB Host:Audio HS::1.0:USB_HOST_1_0_RESTRICTED_HS
2023-07-07 09:53:18,098 [WARN] ModelIntegratedComponent:182 - Modes not found for component STMicroelectronics:USB_HOST:1.0.0:STMicroelectronics:USB::USB Host:CDC HS::1.0:USB_HOST_1_0_RESTRICTED_HS
2023-07-07 09:53:18,098 [WARN] ModelIntegratedComponent:188 - Modes not found for component STMicroelectronics:USB_HOST:1.0.0:STMicroelectronics:USB::USB Host:CDC HS::1.0:USB_HOST_1_0_RESTRICTED_HS
2023-07-07 09:53:18,098 [WARN] ModelIntegratedComponent:182 - Modes not found for component STMicroelectronics:USB_HOST:1.0.0:STMicroelectronics:USB::USB Host:MSC HS::1.0:USB_HOST_1_0_RESTRICTED_HS
2023-07-07 09:53:18,098 [WARN] ModelIntegratedComponent:188 - Modes not found for component STMicroelectronics:USB_HOST:1.0.0:STMicroelectronics:USB::USB Host:MSC HS::1.0:USB_HOST_1_0_RESTRICTED_HS
2023-07-07 09:53:18,098 [WARN] ModelIntegratedComponent:182 - Modes not found for component STMicroelectronics:USB_HOST:1.0.0:STMicroelectronics:USB::USB Host:HID HS::1.0:USB_HOST_1_0_RESTRICTED_HS
2023-07-07 09:53:18,098 [WARN] ModelIntegratedComponent:188 - Modes not found for component STMicroelectronics:USB_HOST:1.0.0:STMicroelectronics:USB::USB Host:HID HS::1.0:USB_HOST_1_0_RESTRICTED_HS
2023-07-07 09:53:18,098 [WARN] ModelIntegratedComponent:182 - Modes not found for component STMicroelectronics:USB_HOST:1.0.0:STMicroelectronics:USB::USB Host:MTP HS::1.0:USB_HOST_1_0_RESTRICTED_HS
2023-07-07 09:53:18,098 [WARN] ModelIntegratedComponent:188 - Modes not found for component STMicroelectronics:USB_HOST:1.0.0:STMicroelectronics:USB::USB Host:MTP HS::1.0:USB_HOST_1_0_RESTRICTED_HS
2023-07-07 09:53:18,098 [WARN] ModelIntegratedComponent:63 - No mode defined for component null
2023-07-07 09:53:18,098 [WARN] ModelIntegratedComponent:63 - No mode defined for component null
2023-07-07 09:53:18,098 [WARN] ModelIntegratedComponent:63 - No mode defined for component null
2023-07-07 09:53:18,098 [WARN] ModelIntegratedComponent:63 - No mode defined for component null
2023-07-07 09:53:18,098 [WARN] ModelIntegratedComponent:63 - No mode defined for component null
2023-07-07 09:53:18,098 [WARN] ModelIntegratedComponent:63 - No mode defined for component null
2023-07-07 09:53:18,098 [WARN] ModelIntegratedComponent:63 - No mode defined for component null
2023-07-07 09:53:18,098 [WARN] ModelIntegratedComponent:63 - No mode defined for component null
2023-07-07 09:53:18,098 [WARN] ModelIntegratedComponent:63 - No mode defined for component null
2023-07-07 09:53:18,098 [WARN] ModelIntegratedComponent:63 - No mode defined for component null
2023-07-07 09:53:18,098 [WARN] ModelIntegratedComponent:63 - No mode defined for component null
2023-07-07 09:53:18,098 [WARN] ModelIntegratedComponent:63 - No mode defined for component null
2023-07-07 09:53:18,098 [WARN] ModelIntegratedComponent:63 - No mode defined for component null
2023-07-07 09:53:18,098 [WARN] ModelIntegratedComponent:63 - No mode defined for component null
2023-07-07 09:53:18,098 [WARN] ModelIntegratedComponent:63 - No mode defined for component null
2023-07-07 09:53:18,098 [WARN] ModelIntegratedComponent:63 - No mode defined for component null
2023-07-07 09:53:18,098 [WARN] ModelIntegratedComponent:63 - No mode defined for component null
2023-07-07 09:53:18,098 [WARN] ModelIntegratedComponent:63 - No mode defined for component null
2023-07-07 09:53:18,098 [WARN] ModelIntegratedComponent:63 - No mode defined for component null
2023-07-07 09:53:18,098 [WARN] ModelIntegratedComponent:63 - No mode defined for component null
2023-07-07 09:53:18,098 [WARN] ModelIntegratedComponent:63 - No mode defined for component null
2023-07-07 09:53:18,098 [WARN] ModelIntegratedComponent:63 - No mode defined for component null
2023-07-07 09:53:18,098 [WARN] ModelIntegratedComponent:63 - No mode defined for component null
2023-07-07 09:53:18,098 [WARN] ModelIntegratedComponent:63 - No mode defined for component null
2023-07-07 09:53:18,098 [WARN] ModelIntegratedComponent:63 - No mode defined for component null
2023-07-07 09:53:18,098 [WARN] ModelIntegratedComponent:63 - No mode defined for component null
2023-07-07 09:53:18,098 [WARN] ModelIntegratedComponent:63 - No mode defined for component null
2023-07-07 09:53:18,098 [WARN] ModelIntegratedComponent:63 - No mode defined for component null
2023-07-07 09:53:18,098 [WARN] ModelIntegratedComponent:63 - No mode defined for component null
2023-07-07 09:53:18,098 [WARN] ModelIntegratedComponent:63 - No mode defined for component null
2023-07-07 09:53:18,098 [WARN] ModelIntegratedComponent:63 - No mode defined for component null
2023-07-07 09:53:18,098 [WARN] ModelIntegratedComponent:63 - No mode defined for component null
2023-07-07 09:53:18,098 [WARN] ModelIntegratedComponent:63 - No mode defined for component null
2023-07-07 09:53:18,098 [WARN] ModelIntegratedComponent:182 - Modes not found for component STMicroelectronics:USB_DEVICE:1.0.0:STMicroelectronics:USB::USB Device:Audio HS::1.0:USB_DEVICE_1_0_RESTRICTED_HS
2023-07-07 09:53:18,098 [WARN] ModelIntegratedComponent:188 - Modes not found for component STMicroelectronics:USB_DEVICE:1.0.0:STMicroelectronics:USB::USB Device:Audio HS::1.0:USB_DEVICE_1_0_RESTRICTED_HS
2023-07-07 09:53:18,098 [WARN] ModelIntegratedComponent:182 - Modes not found for component STMicroelectronics:USB_DEVICE:1.0.0:STMicroelectronics:USB::USB Device:CDC HS::1.0:USB_DEVICE_1_0_RESTRICTED_HS
2023-07-07 09:53:18,098 [WARN] ModelIntegratedComponent:188 - Modes not found for component STMicroelectronics:USB_DEVICE:1.0.0:STMicroelectronics:USB::USB Device:CDC HS::1.0:USB_DEVICE_1_0_RESTRICTED_HS
2023-07-07 09:53:18,098 [WARN] ModelIntegratedComponent:182 - Modes not found for component STMicroelectronics:USB_DEVICE:1.0.0:STMicroelectronics:USB::USB Device:DFU HS::1.0:USB_DEVICE_1_0_RESTRICTED_HS
2023-07-07 09:53:18,098 [WARN] ModelIntegratedComponent:188 - Modes not found for component STMicroelectronics:USB_DEVICE:1.0.0:STMicroelectronics:USB::USB Device:DFU HS::1.0:USB_DEVICE_1_0_RESTRICTED_HS
2023-07-07 09:53:18,098 [WARN] ModelIntegratedComponent:182 - Modes not found for component STMicroelectronics:USB_DEVICE:1.0.0:STMicroelectronics:USB::USB Device:HID HS::1.0:USB_DEVICE_1_0_RESTRICTED_HS
2023-07-07 09:53:18,098 [WARN] ModelIntegratedComponent:188 - Modes not found for component STMicroelectronics:USB_DEVICE:1.0.0:STMicroelectronics:USB::USB Device:HID HS::1.0:USB_DEVICE_1_0_RESTRICTED_HS
2023-07-07 09:53:18,098 [WARN] ModelIntegratedComponent:182 - Modes not found for component STMicroelectronics:USB_DEVICE:1.0.0:STMicroelectronics:USB::USB Device:Custom HID HS::1.0:USB_DEVICE_1_0_RESTRICTED_HS
2023-07-07 09:53:18,098 [WARN] ModelIntegratedComponent:188 - Modes not found for component STMicroelectronics:USB_DEVICE:1.0.0:STMicroelectronics:USB::USB Device:Custom HID HS::1.0:USB_DEVICE_1_0_RESTRICTED_HS
2023-07-07 09:53:18,098 [WARN] ModelIntegratedComponent:182 - Modes not found for component STMicroelectronics:USB_DEVICE:1.0.0:STMicroelectronics:USB::USB Device:MSC HS::1.0:USB_DEVICE_1_0_RESTRICTED_HS
2023-07-07 09:53:18,098 [WARN] ModelIntegratedComponent:188 - Modes not found for component STMicroelectronics:USB_DEVICE:1.0.0:STMicroelectronics:USB::USB Device:MSC HS::1.0:USB_DEVICE_1_0_RESTRICTED_HS
2023-07-07 09:53:18,114 [INFO] ThirdPartyModel:298 - Start build external matchings
2023-07-07 09:53:18,286 [INFO] ThirdPartyModel:316 - End build external matchings
2023-07-07 09:53:18,301 [WARN] IP:2113 - I2C_Coeff_DF not found: check if there is a RefParameter without a condition.
2023-07-07 09:53:18,301 [WARN] IP:2113 - Analog_Filter not found: check if there is a RefParameter without a condition.
2023-07-07 09:53:18,301 [INFO] ImportTextPane:194 - (OptionalMessage_ERROR) IP (RCC) : Parameter (FLatency) has Id (AdvancedSettings) currently not set
2023-07-07 09:53:18,301 [INFO] ImportTextPane:194 - (OptionalMessage_ERROR) IP (RCC) : Parameter (RTCHSEDivFreq_Value) has invalid value (13000000)
2023-07-07 09:53:18,473 [INFO] UtilMem:75 - End LoadConfig() Used Memory: 260469216 Bytes (505413632)
2023-07-07 09:53:18,520 [WARN] ThirdParty:833 - waiting for thirdparty lock release [change project]
2023-07-07 09:53:18,520 [INFO] ThirdParty:835 - entering critical section [change project]
2023-07-07 09:53:18,520 [INFO] ThirdParty:1030 - CMSIS Pack Vendor :STMicroelectronics X-CUBE-ISPU 1.1.0
2023-07-07 09:53:18,520 [INFO] ThirdParty:1030 - CMSIS Pack Vendor :STMicroelectronics X-CUBE-GNSS1 6.0.0
2023-07-07 09:53:18,520 [INFO] ThirdParty:1030 - CMSIS Pack Vendor :STMicroelectronics USB_HOST 2.0.0
2023-07-07 09:53:18,520 [INFO] ThirdParty:1030 - CMSIS Pack Vendor :STMicroelectronics X-CUBE-AZRTOS-F4 1.1.0
2023-07-07 09:53:18,520 [INFO] ThirdParty:1030 - CMSIS Pack Vendor :STMicroelectronics LIBJPEG 8.0.0
2023-07-07 09:53:18,520 [INFO] ThirdParty:1030 - CMSIS Pack Vendor :wolfSSL I-CUBE-wolfSSL 5.6.3
2023-07-07 09:53:18,520 [INFO] ThirdParty:1030 - CMSIS Pack Vendor :STMicroelectronics X-CUBE-SMBUS 2.1.0
2023-07-07 09:53:18,520 [INFO] ThirdParty:1030 - CMSIS Pack Vendor :STMicroelectronics USB_DEVICE 3.0.0
2023-07-07 09:53:18,520 [INFO] ThirdParty:1030 - CMSIS Pack Vendor :STMicroelectronics X-CUBE-FREERTOS 1.0.1
2023-07-07 09:53:18,520 [INFO] ThirdParty:1030 - CMSIS Pack Vendor :STMicroelectronics X-CUBE-AZRTOS-F7 1.1.0
2023-07-07 09:53:18,520 [INFO] ThirdParty:1030 - CMSIS Pack Vendor :STMicroelectronics USB_DEVICE 2.0.0
2023-07-07 09:53:18,520 [INFO] ThirdParty:1030 - CMSIS Pack Vendor :STMicroelectronics X-CUBE-MEMS1 9.6.0
2023-07-07 09:53:18,520 [INFO] ThirdParty:1030 - CMSIS Pack Vendor :STMicroelectronics FP-SNS-MOTENV1 4.3.2
2023-07-07 09:53:18,520 [INFO] ThirdParty:1030 - CMSIS Pack Vendor :STMicroelectronics FP-SNS-FLIGHT1 5.0.1
2023-07-07 09:53:18,520 [INFO] ThirdParty:1030 - CMSIS Pack Vendor :STMicroelectronics X-CUBE-ALGOBUILD 1.3.0
2023-07-07 09:53:18,520 [INFO] ThirdParty:1030 - CMSIS Pack Vendor :STMicroelectronics X-CUBE-BLE1 6.2.4
2023-07-07 09:53:18,520 [INFO] ThirdParty:1030 - CMSIS Pack Vendor :STMicroelectronics X-CUBE-AZRTOS-L5 1.1.0
2023-07-07 09:53:18,520 [INFO] ThirdParty:1030 - CMSIS Pack Vendor :STMicroelectronics FreeRTOS 0.0.1
2023-07-07 09:53:18,520 [INFO] ThirdParty:1030 - CMSIS Pack Vendor :STMicroelectronics X-CUBE-AZRTOS-G0 1.1.0
2023-07-07 09:53:18,520 [INFO] ThirdParty:1030 - CMSIS Pack Vendor :STMicroelectronics X-CUBE-BLEMGR 2.0.0
2023-07-07 09:53:18,520 [INFO] ThirdParty:1030 - CMSIS Pack Vendor :STMicroelectronics X-CUBE-AI 8.0.1
2023-07-07 09:53:18,520 [INFO] ThirdParty:1030 - CMSIS Pack Vendor :STMicroelectronics X-CUBE-NFC4 3.0.0
2023-07-07 09:53:18,520 [INFO] ThirdParty:1030 - CMSIS Pack Vendor :STMicroelectronics X-CUBE-SUBG2 5.0.0
2023-07-07 09:53:18,520 [INFO] ThirdParty:1030 - CMSIS Pack Vendor :STMicroelectronics STM32_WPAN 1.0.0
2023-07-07 09:53:18,520 [INFO] ThirdParty:1030 - CMSIS Pack Vendor :STMicroelectronics lwIP 2.0.3
2023-07-07 09:53:18,520 [INFO] ThirdParty:1030 - CMSIS Pack Vendor :STMicroelectronics USB_HOST 1.0.0
2023-07-07 09:53:18,520 [INFO] ThirdParty:1030 - CMSIS Pack Vendor :STMicroelectronics X-CUBE-AZRTOS-G4 2.0.0
2023-07-07 09:53:18,520 [INFO] ThirdParty:1030 - CMSIS Pack Vendor :STMicroelectronics PDM2PCM 3.1.0
2023-07-07 09:53:18,520 [INFO] ThirdParty:1030 - CMSIS Pack Vendor :STMicroelectronics X-CUBE-AZRTOS-H7 3.1.0
2023-07-07 09:53:18,520 [INFO] ThirdParty:1030 - CMSIS Pack Vendor :STMicroelectronics X-CUBE-TOF1 3.3.0
2023-07-07 09:53:18,520 [INFO] ThirdParty:1030 - CMSIS Pack Vendor :STMicroelectronics PDM2PCM 3.3.0
2023-07-07 09:53:18,520 [INFO] ThirdParty:1030 - CMSIS Pack Vendor :STMicroelectronics X-CUBE-DISPLAY 3.0.0
2023-07-07 09:53:18,520 [INFO] ThirdParty:1030 - CMSIS Pack Vendor :STMicroelectronics FP-ATR-SIGFOX1 3.2.0
2023-07-07 09:53:18,520 [INFO] ThirdParty:1030 - CMSIS Pack Vendor :wolfSSL I-CUBE-wolfSSL 5.5.4
2023-07-07 09:53:18,520 [INFO] ThirdParty:1030 - CMSIS Pack Vendor :STMicroelectronics HAL Drivers 0.0.0
2023-07-07 09:53:18,520 [INFO] ThirdParty:1030 - CMSIS Pack Vendor :STMicroelectronics MBEDTLS 2.16.2
2023-07-07 09:53:18,520 [INFO] ThirdParty:1030 - CMSIS Pack Vendor :emotas I-CUBE-CANOPEN 1.3.0
2023-07-07 09:53:18,520 [INFO] ThirdParty:1030 - CMSIS Pack Vendor :STMicroelectronics X-CUBE-TOUCHGFX 4.22.0
2023-07-07 09:53:18,520 [INFO] ThirdParty:1030 - CMSIS Pack Vendor :STMicroelectronics X-CUBE-NFC7 1.0.1
2023-07-07 09:53:18,520 [INFO] ThirdParty:1030 - CMSIS Pack Vendor :STMicroelectronics MBEDTLS 2.14.1
2023-07-07 09:53:18,520 [INFO] ThirdParty:1030 - CMSIS Pack Vendor :STMicroelectronics X-CUBE-EEPRMA1 4.1.0
2023-07-07 09:53:18,520 [INFO] ThirdParty:1030 - CMSIS Pack Vendor :portGmbH I-Cube-SoM-uGOAL 1.1.0
2023-07-07 09:53:18,520 [INFO] ThirdParty:1030 - CMSIS Pack Vendor :STMicroelectronics X-CUBE-ALS 1.0.1
2023-07-07 09:53:18,520 [INFO] ThirdParty:1030 - CMSIS Pack Vendor :STMicroelectronics ThreadX 1.0.0
2023-07-07 09:53:18,520 [INFO] ThirdParty:1030 - CMSIS Pack Vendor :STMicroelectronics X-CUBE-AZRTOS-WB 1.1.0
2023-07-07 09:53:18,520 [INFO] ThirdParty:1030 - CMSIS Pack Vendor :STMicroelectronics X-CUBE-AZRTOS-WL 2.0.0
2023-07-07 09:53:18,520 [INFO] ThirdParty:1030 - CMSIS Pack Vendor :SEGGER I-CUBE-embOS 1.3.1
2023-07-07 09:53:18,520 [INFO] ThirdParty:1030 - CMSIS Pack Vendor :STMicroelectronics USB_DEVICE 1.0.0
2023-07-07 09:53:18,520 [INFO] ThirdParty:1030 - CMSIS Pack Vendor :STMicroelectronics X-CUBE-AZRTOS-L4 2.0.0
2023-07-07 09:53:18,520 [INFO] ThirdParty:1030 - CMSIS Pack Vendor :STMicroelectronics ThreadX 0.0.2
2023-07-07 09:53:18,520 [INFO] ThirdParty:1030 - CMSIS Pack Vendor :WES I-CUBE-Cesium 1.3.0
2023-07-07 09:53:18,520 [INFO] ThirdParty:1030 - CMSIS Pack Vendor :STMicroelectronics FP-ATR-ASTRA1 2.0.0
2023-07-07 09:53:18,520 [INFO] ThirdParty:1030 - CMSIS Pack Vendor :STMicroelectronics lwIP 2.1.2
2023-07-07 09:53:18,520 [INFO] ThirdParty:1030 - CMSIS Pack Vendor :STMicroelectronics X-CUBE-SFXS2LP1 4.0.0
2023-07-07 09:53:18,520 [INFO] ThirdParty:1030 - CMSIS Pack Vendor :STMicroelectronics X-CUBE-BLE2 3.3.0
2023-07-07 09:53:18,520 [INFO] ThirdParty:1030 - CMSIS Pack Vendor :STMicroelectronics PDM2PCM 3.2.0
2023-07-07 09:53:18,520 [INFO] ThirdParty:841 - exiting critical section [change project]
2023-07-07 09:53:18,661 [INFO] PinOutPanel:1499 - setPackage(No Configuration,No Configuration)
2023-07-07 09:53:18,661 [INFO] PinOutPanel:1499 - setPackage(STM32F411RETx,LQFP64)
2023-07-07 09:53:18,973 [INFO] UtilMem:75 - Before build in PCC Used Memory: 220968088 Bytes (505413632)
2023-07-07 09:53:19,301 [INFO] UtilMem:75 - After build in PCC Used Memory: 263959704 Bytes (505413632)
2023-07-07 09:53:19,332 [INFO] IPUIPlugin:80 - create IPUIPlugin
2023-07-07 09:53:19,332 [INFO] IPUIPlugin:80 - create IPUIPlugin
2023-07-07 09:53:19,332 [INFO] IPUIPlugin:80 - create IPUIPlugin
2023-07-07 09:53:19,332 [INFO] IPUIPlugin:80 - create IPUIPlugin
2023-07-07 09:53:19,332 [INFO] IPUIPlugin:80 - create IPUIPlugin
2023-07-07 09:53:19,332 [INFO] IPUIPlugin:80 - create IPUIPlugin
2023-07-07 09:53:19,332 [INFO] IPUIPlugin:80 - create IPUIPlugin
2023-07-07 09:53:19,332 [INFO] IPUIPlugin:80 - create IPUIPlugin
2023-07-07 09:53:19,332 [INFO] IPUIPlugin:80 - create IPUIPlugin
2023-07-07 09:53:19,332 [INFO] IPUIPlugin:80 - create IPUIPlugin
2023-07-07 09:53:19,332 [INFO] IPUIPlugin:80 - create IPUIPlugin
2023-07-07 09:53:19,332 [INFO] IPUIPlugin:80 - create IPUIPlugin
2023-07-07 09:53:19,332 [INFO] IPUIPlugin:80 - create IPUIPlugin
2023-07-07 09:53:19,332 [INFO] IPUIPlugin:80 - create IPUIPlugin
2023-07-07 09:53:19,332 [INFO] IPUIPlugin:80 - create IPUIPlugin
2023-07-07 09:53:19,332 [INFO] IPUIPlugin:80 - create IPUIPlugin
2023-07-07 09:53:19,332 [INFO] IPUIPlugin:80 - create IPUIPlugin
2023-07-07 09:53:19,332 [INFO] IPUIPlugin:80 - create IPUIPlugin
2023-07-07 09:53:19,332 [INFO] IPUIPlugin:80 - create IPUIPlugin
2023-07-07 09:53:19,332 [INFO] IPUIPlugin:80 - create IPUIPlugin
2023-07-07 09:53:19,332 [INFO] IPUIPlugin:80 - create IPUIPlugin
2023-07-07 09:53:19,332 [INFO] IPUIPlugin:80 - create IPUIPlugin
2023-07-07 09:53:19,332 [INFO] IPUIPlugin:80 - create IPUIPlugin
2023-07-07 09:53:19,332 [INFO] IPUIPlugin:80 - create IPUIPlugin
2023-07-07 09:53:19,332 [INFO] IPUIPlugin:80 - create IPUIPlugin
2023-07-07 09:53:19,332 [INFO] IPUIPlugin:80 - create IPUIPlugin
2023-07-07 09:53:19,332 [INFO] IPUIPlugin:80 - create IPUIPlugin
2023-07-07 09:53:19,332 [INFO] IPUIPlugin:80 - create IPUIPlugin
2023-07-07 09:53:19,332 [INFO] IPUIPlugin:80 - create IPUIPlugin
2023-07-07 09:53:19,332 [INFO] IPUIPlugin:80 - create IPUIPlugin
2023-07-07 09:53:19,332 [INFO] IPUIPlugin:80 - create IPUIPlugin
2023-07-07 09:53:19,332 [INFO] IPUIPlugin:80 - create IPUIPlugin
2023-07-07 09:53:19,332 [INFO] IPUIPlugin:80 - create IPUIPlugin
2023-07-07 09:53:19,332 [INFO] IPUIPlugin:80 - create IPUIPlugin
2023-07-07 09:53:19,332 [INFO] IPUIPlugin:80 - create IPUIPlugin
2023-07-07 09:53:19,332 [INFO] IPUIPlugin:80 - create IPUIPlugin
2023-07-07 09:53:19,332 [INFO] IPUIPlugin:80 - create IPUIPlugin
2023-07-07 09:53:19,332 [INFO] IPUIPlugin:80 - create IPUIPlugin
2023-07-07 09:53:19,332 [INFO] IPUIPlugin:80 - create IPUIPlugin
2023-07-07 09:53:19,332 [INFO] IPUIPlugin:80 - create IPUIPlugin
2023-07-07 09:53:19,332 [INFO] IPUIPlugin:80 - create IPUIPlugin
2023-07-07 09:53:19,332 [INFO] IPUIPlugin:80 - create IPUIPlugin
2023-07-07 09:53:19,332 [INFO] IPUIPlugin:80 - create IPUIPlugin
2023-07-07 09:53:19,348 [INFO] ApiDbMcu:507 - Load IP Config File for PDM2PCM
2023-07-07 09:53:19,457 [WARN] IP:2113 - I2C_Coeff_DF not found: check if there is a RefParameter without a condition.
2023-07-07 09:53:19,457 [WARN] IP:2113 - Analog_Filter not found: check if there is a RefParameter without a condition.
2023-07-07 09:53:19,504 [INFO] CADModel:165 - CPN selected for project levelSTM32F411RET6
2023-07-07 09:53:19,504 [INFO] CADModel:114 - Register for checkConnection events
2023-07-07 09:53:19,567 [INFO] OpenFileManager:328 - Restore cursor
2023-07-07 09:53:20,082 [WARN] IP:2113 - I2C_Coeff_DF not found: check if there is a RefParameter without a condition.
2023-07-07 09:53:20,082 [WARN] IP:2113 - Analog_Filter not found: check if there is a RefParameter without a condition.
2023-07-07 09:53:20,082 [WARN] IP:2113 - I2C_Coeff_DF not found: check if there is a RefParameter without a condition.
2023-07-07 09:53:20,082 [WARN] IP:2113 - Analog_Filter not found: check if there is a RefParameter without a condition.
2023-07-07 09:53:31,517 [INFO] Gpio:273 - dependency for GPIO [I2C1, RCC, SPI1, USART2]
2023-07-07 09:53:56,371 [INFO] Gpio:273 - dependency for GPIO [I2C1, RCC, SPI1, USART2]
2023-07-07 09:53:56,418 [INFO] NvicIntPanel:101 - NVIC parent = com.st.microxplorer.plugins.ip.nvic.MultiNvicIntPanel[,0,0,0x0,invalid,layout=javax.swing.BoxLayout,alignmentX=0.0,alignmentY=0.0,border=,flags=9,maximumSize=,minimumSize=,preferredSize=]
2023-07-07 09:53:56,481 [WARN] IP:2113 - I2C_Coeff_DF not found: check if there is a RefParameter without a condition.
2023-07-07 09:53:56,481 [WARN] IP:2113 - Analog_Filter not found: check if there is a RefParameter without a condition.
2023-07-07 09:53:56,481 [WARN] IP:2113 - I2C_Coeff_DF not found: check if there is a RefParameter without a condition.
2023-07-07 09:53:56,481 [WARN] IP:2113 - Analog_Filter not found: check if there is a RefParameter without a condition.
2023-07-07 09:53:56,496 [WARN] IP:2113 - I2C_Coeff_DF not found: check if there is a RefParameter without a condition.
2023-07-07 09:53:56,496 [WARN] IP:2113 - Analog_Filter not found: check if there is a RefParameter without a condition.
2023-07-07 09:53:56,528 [WARN] IP:2113 - I2C_Coeff_DF not found: check if there is a RefParameter without a condition.
2023-07-07 09:53:56,528 [WARN] IP:2113 - Analog_Filter not found: check if there is a RefParameter without a condition.
2023-07-07 09:53:56,528 [INFO] Gpio:273 - dependency for GPIO [I2C1, RCC, SPI1, USART2]
2023-07-07 09:53:56,574 [INFO] NvicIntPanel:101 - NVIC parent = com.st.microxplorer.plugins.ip.nvic.MultiNvicIntPanel[,0,0,0x0,invalid,layout=javax.swing.BoxLayout,alignmentX=0.0,alignmentY=0.0,border=,flags=9,maximumSize=,minimumSize=,preferredSize=]
2023-07-07 09:54:01,617 [INFO] Gpio:273 - dependency for GPIO [I2C1, RCC, SPI1, USART2]
2023-07-07 09:54:01,664 [INFO] NvicIntPanel:101 - NVIC parent = com.st.microxplorer.plugins.ip.nvic.MultiNvicIntPanel[,0,0,0x0,invalid,layout=javax.swing.BoxLayout,alignmentX=0.0,alignmentY=0.0,border=,flags=9,maximumSize=,minimumSize=,preferredSize=]
2023-07-07 09:54:05,836 [INFO] Gpio:273 - dependency for GPIO [I2C1, RCC, SPI1, USART2]
2023-07-07 09:54:05,867 [INFO] NvicIntPanel:101 - NVIC parent = com.st.microxplorer.plugins.ip.nvic.MultiNvicIntPanel[,0,0,0x0,invalid,layout=javax.swing.BoxLayout,alignmentX=0.0,alignmentY=0.0,border=,flags=9,maximumSize=,minimumSize=,preferredSize=]
2023-07-07 09:54:05,914 [WARN] IP:2113 - I2C_Coeff_DF not found: check if there is a RefParameter without a condition.
2023-07-07 09:54:05,914 [WARN] IP:2113 - Analog_Filter not found: check if there is a RefParameter without a condition.
2023-07-07 09:54:05,914 [WARN] IP:2113 - I2C_Coeff_DF not found: check if there is a RefParameter without a condition.
2023-07-07 09:54:05,914 [WARN] IP:2113 - Analog_Filter not found: check if there is a RefParameter without a condition.
2023-07-07 09:54:05,929 [WARN] IP:2113 - I2C_Coeff_DF not found: check if there is a RefParameter without a condition.
2023-07-07 09:54:05,929 [WARN] IP:2113 - Analog_Filter not found: check if there is a RefParameter without a condition.
2023-07-07 09:54:05,945 [WARN] IP:2113 - I2C_Coeff_DF not found: check if there is a RefParameter without a condition.
2023-07-07 09:54:05,945 [WARN] IP:2113 - Analog_Filter not found: check if there is a RefParameter without a condition.
2023-07-07 09:54:05,945 [INFO] Gpio:273 - dependency for GPIO [I2C1, RCC, SPI1, USART2]
2023-07-07 09:54:05,992 [INFO] NvicIntPanel:101 - NVIC parent = com.st.microxplorer.plugins.ip.nvic.MultiNvicIntPanel[,0,0,0x0,invalid,layout=javax.swing.BoxLayout,alignmentX=0.0,alignmentY=0.0,border=,flags=9,maximumSize=,minimumSize=,preferredSize=]
2023-07-07 09:54:09,757 [INFO] Gpio:273 - dependency for GPIO [I2C1, RCC, SPI1, USART2]
2023-07-07 09:54:09,788 [INFO] NvicIntPanel:101 - NVIC parent = com.st.microxplorer.plugins.ip.nvic.MultiNvicIntPanel[,0,0,0x0,invalid,layout=javax.swing.BoxLayout,alignmentX=0.0,alignmentY=0.0,border=,flags=9,maximumSize=,minimumSize=,preferredSize=]
2023-07-07 09:54:09,850 [WARN] IP:2113 - I2C_Coeff_DF not found: check if there is a RefParameter without a condition.
2023-07-07 09:54:09,850 [WARN] IP:2113 - Analog_Filter not found: check if there is a RefParameter without a condition.
2023-07-07 09:54:09,850 [WARN] IP:2113 - I2C_Coeff_DF not found: check if there is a RefParameter without a condition.
2023-07-07 09:54:09,850 [WARN] IP:2113 - Analog_Filter not found: check if there is a RefParameter without a condition.
2023-07-07 09:54:09,882 [WARN] IP:2113 - I2C_Coeff_DF not found: check if there is a RefParameter without a condition.
2023-07-07 09:54:09,882 [WARN] IP:2113 - Analog_Filter not found: check if there is a RefParameter without a condition.
2023-07-07 09:54:09,897 [WARN] IP:2113 - I2C_Coeff_DF not found: check if there is a RefParameter without a condition.
2023-07-07 09:54:09,897 [WARN] IP:2113 - Analog_Filter not found: check if there is a RefParameter without a condition.
2023-07-07 09:54:09,897 [INFO] Gpio:273 - dependency for GPIO [I2C1, RCC, SPI1, USART2]
2023-07-07 09:54:09,944 [INFO] NvicIntPanel:101 - NVIC parent = com.st.microxplorer.plugins.ip.nvic.MultiNvicIntPanel[,0,0,0x0,invalid,layout=javax.swing.BoxLayout,alignmentX=0.0,alignmentY=0.0,border=,flags=9,maximumSize=,minimumSize=,preferredSize=]
2023-07-07 09:54:21,535 [INFO] UtilMem:75 - End SaveConfig() Used Memory: 218626912 Bytes (505413632)
2023-07-07 09:54:21,598 [INFO] UtilMem:75 - End SaveConfig() Used Memory: 235393728 Bytes (505413632)
2023-07-07 09:54:22,441 [INFO] UtilMem:75 - End SaveConfig() Used Memory: 277863600 Bytes (505413632)
2023-07-07 09:54:23,066 [INFO] BlockDiagram:2759 - set Specific Code input for plugin: SPI
2023-07-07 09:54:23,066 [INFO] BlockDiagram:2759 - set Specific Code input for plugin: NVIC
2023-07-07 09:54:23,066 [INFO] BlockDiagram:2759 - set Specific Code input for plugin: USART
2023-07-07 09:54:23,066 [INFO] BlockDiagram:2759 - set Specific Code input for plugin: SYS
2023-07-07 09:54:23,066 [INFO] BlockDiagram:2759 - set Specific Code input for plugin: GPIO
2023-07-07 09:54:23,066 [INFO] BlockDiagram:2759 - set Specific Code input for plugin: RCC
2023-07-07 09:54:23,066 [INFO] BlockDiagram:2759 - set Specific Code input for plugin: I2C
2023-07-07 09:54:23,066 [INFO] CodeGenerator:793 - code generatio: config db path: C:\ST\STM32CubeIDE_1.12.1\STM32CubeIDE\plugins\com.st.stm32cube.common.mx_6.8.1.202304191431\\db\
2023-07-07 09:54:23,082 [WARN] IP:2113 - I2C_Coeff_DF not found: check if there is a RefParameter without a condition.
2023-07-07 09:54:23,082 [WARN] IP:2113 - Analog_Filter not found: check if there is a RefParameter without a condition.
2023-07-07 09:54:23,379 [INFO] CodeEngine:255 - oldGeneratedFile, C:\Users\HP\Documents\git\STM32\DWM1000-twr-initiator\MXTmpFiles\license.tmp_save
2023-07-07 09:54:23,988 [INFO] CodeEngine:279 - Generated code: C:\Users\HP\Documents\git\STM32\DWM1000-twr-initiator\MXTmpFiles\license.tmp
2023-07-07 09:54:24,082 [INFO] CodeEngine:255 - oldGeneratedFile, C:\Users\HP\Documents\git\STM32\DWM1000-twr-initiator\Core\Src\gpio.c_save
2023-07-07 09:54:24,223 [INFO] CodeEngine:279 - Generated code: C:\Users\HP\Documents\git\STM32\DWM1000-twr-initiator\Core\Src\gpio.c
2023-07-07 09:54:24,254 [INFO] CodeEngine:255 - oldGeneratedFile, C:\Users\HP\Documents\git\STM32\DWM1000-twr-initiator\Core\Inc\gpio.h_save
2023-07-07 09:54:24,348 [INFO] CodeEngine:279 - Generated code: C:\Users\HP\Documents\git\STM32\DWM1000-twr-initiator\Core\Inc\gpio.h
2023-07-07 09:54:24,629 [INFO] CodeEngine:255 - oldGeneratedFile, C:\Users\HP\Documents\git\STM32\DWM1000-twr-initiator\Core\Src\i2c.c_save
2023-07-07 09:54:24,738 [INFO] CodeEngine:279 - Generated code: C:\Users\HP\Documents\git\STM32\DWM1000-twr-initiator\Core\Src\i2c.c
2023-07-07 09:54:24,769 [INFO] CodeEngine:255 - oldGeneratedFile, C:\Users\HP\Documents\git\STM32\DWM1000-twr-initiator\Core\Inc\i2c.h_save
2023-07-07 09:54:24,832 [INFO] CodeEngine:279 - Generated code: C:\Users\HP\Documents\git\STM32\DWM1000-twr-initiator\Core\Inc\i2c.h
2023-07-07 09:54:24,848 [INFO] CodeEngine:255 - oldGeneratedFile, C:\Users\HP\Documents\git\STM32\DWM1000-twr-initiator\Core\Src\spi.c_save
2023-07-07 09:54:24,926 [INFO] CodeEngine:279 - Generated code: C:\Users\HP\Documents\git\STM32\DWM1000-twr-initiator\Core\Src\spi.c
2023-07-07 09:54:24,926 [INFO] CodeEngine:255 - oldGeneratedFile, C:\Users\HP\Documents\git\STM32\DWM1000-twr-initiator\Core\Inc\spi.h_save
2023-07-07 09:54:25,082 [INFO] CodeEngine:279 - Generated code: C:\Users\HP\Documents\git\STM32\DWM1000-twr-initiator\Core\Inc\spi.h
2023-07-07 09:54:25,098 [INFO] CodeEngine:255 - oldGeneratedFile, C:\Users\HP\Documents\git\STM32\DWM1000-twr-initiator\Core\Src\usart.c_save
2023-07-07 09:54:25,176 [INFO] CodeEngine:279 - Generated code: C:\Users\HP\Documents\git\STM32\DWM1000-twr-initiator\Core\Src\usart.c
2023-07-07 09:54:25,176 [INFO] CodeEngine:255 - oldGeneratedFile, C:\Users\HP\Documents\git\STM32\DWM1000-twr-initiator\Core\Inc\usart.h_save
2023-07-07 09:54:25,223 [INFO] CodeEngine:279 - Generated code: C:\Users\HP\Documents\git\STM32\DWM1000-twr-initiator\Core\Inc\usart.h
2023-07-07 09:54:25,270 [INFO] CodeEngine:255 - oldGeneratedFile, C:\Users\HP\Documents\git\STM32\DWM1000-twr-initiator\Core\Src\stm32f4xx_it.c_save
2023-07-07 09:54:25,348 [INFO] CodeEngine:279 - Generated code: C:\Users\HP\Documents\git\STM32\DWM1000-twr-initiator\Core\Src\stm32f4xx_it.c
2023-07-07 09:54:25,363 [INFO] CodeEngine:255 - oldGeneratedFile, C:\Users\HP\Documents\git\STM32\DWM1000-twr-initiator\Core\Inc\stm32f4xx_it.h_save
2023-07-07 09:54:25,442 [INFO] CodeEngine:279 - Generated code: C:\Users\HP\Documents\git\STM32\DWM1000-twr-initiator\Core\Inc\stm32f4xx_it.h
2023-07-07 09:54:25,457 [INFO] CodeEngine:255 - oldGeneratedFile, C:\Users\HP\Documents\git\STM32\DWM1000-twr-initiator\Core\Src\stm32f4xx_hal_msp.c_save
2023-07-07 09:54:25,567 [INFO] CodeEngine:279 - Generated code: C:\Users\HP\Documents\git\STM32\DWM1000-twr-initiator\Core\Src\stm32f4xx_hal_msp.c
2023-07-07 09:54:25,598 [INFO] CodeEngine:255 - oldGeneratedFile, C:\Users\HP\Documents\git\STM32\DWM1000-twr-initiator\MXTmpFiles\system.tmp_save
2023-07-07 09:54:25,645 [INFO] CodeEngine:279 - Generated code: C:\Users\HP\Documents\git\STM32\DWM1000-twr-initiator\MXTmpFiles\system.tmp
2023-07-07 09:54:25,676 [INFO] CodeEngine:311 - oldGeneratedFile, C:\Users\HP\Documents\git\STM32\DWM1000-twr-initiator\Core\Inc\stm32f4xx_hal_conf.h_save
2023-07-07 09:54:25,738 [INFO] CodeEngine:335 - Generated code: C:\Users\HP\Documents\git\STM32\DWM1000-twr-initiator\Core\Inc\stm32f4xx_hal_conf.h
2023-07-07 09:54:25,801 [INFO] CodeEngine:255 - oldGeneratedFile, C:\Users\HP\Documents\git\STM32\DWM1000-twr-initiator\Core\Inc\main.h_save
2023-07-07 09:54:25,879 [INFO] CodeEngine:279 - Generated code: C:\Users\HP\Documents\git\STM32\DWM1000-twr-initiator\Core\Inc\main.h
2023-07-07 09:54:25,910 [INFO] CodeEngine:255 - oldGeneratedFile, C:\Users\HP\Documents\git\STM32\DWM1000-twr-initiator\Core\Src\main.c_save
2023-07-07 09:54:26,020 [INFO] CodeEngine:279 - Generated code: C:\Users\HP\Documents\git\STM32\DWM1000-twr-initiator\Core\Src\main.c
2023-07-07 09:54:27,366 [INFO] ProjectBuilder:2996 - Time for Copy HAL[1] : 956mS.
2023-07-07 09:54:27,488 [INFO] ProjectBuilder:4304 - Project Generator version: 3.19.2
2023-07-07 09:54:27,816 [INFO] ConfigFileManager:1483 - The Die is : DIE431
2023-07-07 09:54:27,863 [INFO] ApiDbMcu:507 - Load IP Config File for FATFS
2023-07-07 09:54:27,895 [INFO] ApiDbMcu:507 - Load IP Config File for FREERTOS
2023-07-07 09:54:27,895 [INFO] ApiDbMcu:507 - Load IP Config File for LIBJPEG
2023-07-07 09:54:27,910 [INFO] ApiDbMcu:507 - Load IP Config File for MBEDTLS
2023-07-07 09:54:27,941 [INFO] ApiDbMcu:507 - Load IP Config File for USB_DEVICE
2023-07-07 09:54:27,973 [INFO] ApiDbMcu:507 - Load IP Config File for USB_HOST
