2023-09-07 09:51:50,106 [INFO] Activator:176 - 


2023-09-07 09:51:50,133 [INFO] Activator:177 - !SESSION log4j initialized
2023-09-07 09:51:56,005 [INFO] LogOutputStream:77 - [STDOUT_REDIRECT] 
2023-09-07 09:52:11,881 [INFO] ApplicationProperties:184 - Using Application install path: C:\ST\STM32CubeIDE_1.12.1\STM32CubeIDE\plugins\com.st.stm32cube.common.mx_6.9.1.202307191849
2023-09-07 09:52:11,912 [INFO] DbMcusXml:78 - Set database path to: C:\ST\STM32CubeIDE_1.12.1\STM32CubeIDE\plugins\com.st.stm32cube.common.mx_6.9.1.202307191849\\db\/mcu/
2023-09-07 09:52:11,912 [INFO] ApiDb:274 - Set plugin database path to: C:\ST\STM32CubeIDE_1.12.1\STM32CubeIDE\plugins\com.st.stm32cube.common.mx_6.9.1.202307191849\\db\/plugins/boardmanager/
2023-09-07 09:52:11,912 [WARN] ApiDb:259 - Overriding images path with different value:  => C:\ST\STM32CubeIDE_1.12.1\STM32CubeIDE\plugins\com.st.stm32cube.common.mx_6.9.1.202307191849\\db\/plugins/mcufinder/images/
2023-09-07 09:52:11,990 [INFO] ApiDb:250 - Set database path to: C:\Users\HP\.stmcufinder\plugins\mcufinder//mcu/
2023-09-07 09:52:11,990 [INFO] DbMcusAds:125 - Set database path to: C:\Users\HP\.stmcufinder\plugins\mcufinder//mcu/
2023-09-07 09:52:11,990 [INFO] CrossReferenceDbSqlite:203 - Set database path to: C:\Users\HP\.stmcufinder\plugins\mcufinder//mcu/cs/
2023-09-07 09:52:12,115 [INFO] RulesReader:64 - Compatibility file has been processed (293 Rules)
2023-09-07 09:52:12,315 [INFO] DbMcusXml:78 - Set database path to: C:\ST\STM32CubeIDE_1.12.1\STM32CubeIDE\plugins\com.st.stm32cube.common.mx_6.9.1.202307191849\\db\/mcu/
2023-09-07 09:52:12,315 [INFO] ApiDb:274 - Set plugin database path to: C:\ST\STM32CubeIDE_1.12.1\STM32CubeIDE\plugins\com.st.stm32cube.common.mx_6.9.1.202307191849\\db\/plugins/boardmanager/
2023-09-07 09:52:12,315 [INFO] ApiDb:261 - Set plugin images path to: C:\ST\STM32CubeIDE_1.12.1\STM32CubeIDE\plugins\com.st.stm32cube.common.mx_6.9.1.202307191849\\db\/plugins/mcufinder/images/
2023-09-07 09:52:12,315 [WARN] DbFile:41 - Overriding database path with different value: C:\Users\HP\.stmcufinder\plugins\mcufinder/ => C:\Users\HP\.stmcufinder\plugins\mcufinder
2023-09-07 09:52:12,315 [INFO] ApiDb:250 - Set database path to: C:\Users\HP\.stmcufinder\plugins\mcufinder//mcu/
2023-09-07 09:52:12,315 [WARN] DbFile:41 - Overriding database path with different value: C:\Users\HP\.stmcufinder\plugins\mcufinder/ => C:\Users\HP\.stmcufinder\plugins\mcufinder
2023-09-07 09:52:12,315 [INFO] DbMcusAds:125 - Set database path to: C:\Users\HP\.stmcufinder\plugins\mcufinder//mcu/
2023-09-07 09:52:12,315 [WARN] DbFile:41 - Overriding database path with different value: C:\Users\HP\.stmcufinder\plugins\mcufinder/ => C:\Users\HP\.stmcufinder\plugins\mcufinder
2023-09-07 09:52:12,315 [WARN] DbFile:41 - Overriding database path with different value: C:\Users\HP\.stmcufinder\plugins\mcufinder/ => C:\Users\HP\.stmcufinder\plugins\mcufinder
2023-09-07 09:52:12,315 [INFO] CrossReferenceDbSqlite:203 - Set database path to: C:\Users\HP\.stmcufinder\plugins\mcufinder//mcu/cs/
2023-09-07 09:52:12,487 [INFO] MainPanel:262 - HeapMemory: 268435456
2023-09-07 09:52:12,705 [INFO] DbMcusXml:78 - Set database path to: C:\ST\STM32CubeIDE_1.12.1\STM32CubeIDE\plugins\com.st.stm32cube.common.mx_6.9.1.202307191849\\db\/mcu/
2023-09-07 09:52:12,705 [INFO] ApiDb:274 - Set plugin database path to: C:\ST\STM32CubeIDE_1.12.1\STM32CubeIDE\plugins\com.st.stm32cube.common.mx_6.9.1.202307191849\\db\/plugins/boardmanager/
2023-09-07 09:52:12,705 [INFO] ApiDb:261 - Set plugin images path to: C:\ST\STM32CubeIDE_1.12.1\STM32CubeIDE\plugins\com.st.stm32cube.common.mx_6.9.1.202307191849\\db\/plugins/mcufinder/images/
2023-09-07 09:52:12,752 [WARN] DbFile:41 - Overriding database path with different value: C:\Users\HP\.stmcufinder\plugins\mcufinder/ => C:\Users\HP\.stmcufinder\plugins\mcufinder
2023-09-07 09:52:12,752 [INFO] ApiDb:250 - Set database path to: C:\Users\HP\.stmcufinder\plugins\mcufinder//mcu/
2023-09-07 09:52:12,768 [WARN] DbFile:41 - Overriding database path with different value: C:\Users\HP\.stmcufinder\plugins\mcufinder/ => C:\Users\HP\.stmcufinder\plugins\mcufinder
2023-09-07 09:52:12,768 [INFO] DbMcusAds:125 - Set database path to: C:\Users\HP\.stmcufinder\plugins\mcufinder//mcu/
2023-09-07 09:52:12,768 [WARN] DbFile:41 - Overriding database path with different value: C:\Users\HP\.stmcufinder\plugins\mcufinder/ => C:\Users\HP\.stmcufinder\plugins\mcufinder
2023-09-07 09:52:12,768 [WARN] DbFile:41 - Overriding database path with different value: C:\Users\HP\.stmcufinder\plugins\mcufinder/ => C:\Users\HP\.stmcufinder\plugins\mcufinder
2023-09-07 09:52:12,768 [INFO] CrossReferenceDbSqlite:203 - Set database path to: C:\Users\HP\.stmcufinder\plugins\mcufinder//mcu/cs/
2023-09-07 09:52:12,815 [INFO] ApplicationProperties:184 - Using Application install path: C:\ST\STM32CubeIDE_1.12.1\STM32CubeIDE\plugins\com.st.stm32cube.common.mx_6.9.1.202307191849
2023-09-07 09:52:12,815 [INFO] PluginManage:196 - Search for loadable plugins [exclusion list=, ]
2023-09-07 09:52:12,846 [INFO] PluginManage:310 - Check plugin analytics
2023-09-07 09:52:18,048 [INFO] AnalyticsPlugin:253 - Accepted Software Licenses: STM32CubeMX.6.7.0,STM32CubeMX.6.8.1,STM32CubeMX.6.5.0
2023-09-07 09:52:18,048 [INFO] AnalyticsPlugin:255 - Accepted CMSIS Pack Licenses: 
2023-09-07 09:52:18,048 [INFO] AnalyticsPlugin:257 - Accepted Firmware Licenses: FW.U5.1.0.0,FW.F4.1.27.0,FW.U5.1.2.0
2023-09-07 09:52:18,048 [INFO] PluginManage:359 - Loaded plugin analytics (category:tool,tabindex:-1)
2023-09-07 09:52:18,048 [INFO] PluginManage:310 - Check plugin cadmodel
2023-09-07 09:52:18,220 [INFO] CADModel:105 - Init CAD model plugin
2023-09-07 09:52:18,220 [INFO] PluginManage:359 - Loaded plugin cadmodel (category:power,tabindex:5)
2023-09-07 09:52:18,220 [INFO] PluginManage:310 - Check plugin clock
2023-09-07 09:52:18,251 [INFO] PluginManage:359 - Loaded plugin clock (category:base,tabindex:2)
2023-09-07 09:52:18,251 [INFO] PluginManage:310 - Check plugin ddr
2023-09-07 09:52:18,282 [INFO] PluginManage:359 - Loaded plugin ddr (category:tool,tabindex:6)
2023-09-07 09:52:18,282 [INFO] PluginManage:310 - Check plugin filemanager
2023-09-07 09:52:18,657 [INFO] PluginManage:359 - Loaded plugin filemanager (category:base,tabindex:10)
2023-09-07 09:52:18,657 [INFO] PluginManage:310 - Check plugin ipmanager
2023-09-07 09:52:18,704 [INFO] PluginManage:359 - Loaded plugin ipmanager (category:base,tabindex:5)
2023-09-07 09:52:18,704 [INFO] PluginManage:310 - Check plugin lpbam
2023-09-07 09:52:18,720 [INFO] PluginManage:359 - Loaded plugin lpbam (category:base,tabindex:0)
2023-09-07 09:52:18,720 [INFO] PluginManage:310 - Check plugin memorymap
2023-09-07 09:52:18,766 [INFO] PluginManage:359 - Loaded plugin memorymap (category:base,tabindex:4)
2023-09-07 09:52:18,766 [INFO] PluginManage:310 - Check plugin pinoutandconfiguration
2023-09-07 09:52:18,798 [INFO] PluginManage:359 - Loaded plugin pinoutandconfiguration (category:base,tabindex:1)
2023-09-07 09:52:18,798 [INFO] PluginManage:310 - Check plugin pinoutconfig
2023-09-07 09:52:18,907 [WARN] SupportedApi:132 - Cannot load RTOS API schema: s4s-elt-must-match.1: The content of 'definitions' must match (annotation?, (simpleType | complexType)?, (unique | key | keyref)*)). A problem was found starting at: attribute.
2023-09-07 09:52:19,079 [INFO] PluginManage:359 - Loaded plugin pinoutconfig (category:base,tabindex:0)
2023-09-07 09:52:19,079 [INFO] PluginManage:310 - Check plugin power
2023-09-07 09:52:19,126 [INFO] PluginManage:359 - Loaded plugin power (category:power,tabindex:4)
2023-09-07 09:52:19,126 [INFO] PluginManage:310 - Check plugin projectmanager
2023-09-07 09:52:19,157 [INFO] PluginManage:359 - Loaded plugin projectmanager (category:projectmanager,tabindex:3)
2023-09-07 09:52:19,157 [INFO] PluginManage:310 - Check plugin thirdparty
2023-09-07 09:52:19,563 [INFO] PluginManage:359 - Loaded plugin thirdparty (category:base,tabindex:-1)
2023-09-07 09:52:19,563 [WARN] IntegrityCheckThread:84 - waiting for thirdparty lock release [integrity check]
2023-09-07 09:52:19,563 [INFO] PluginManage:310 - Check plugin tools
2023-09-07 09:52:19,563 [INFO] IntegrityCheckThread:86 - entering critical section [integrity check]
2023-09-07 09:52:19,563 [INFO] ThirdPartyUpdaterWithRetryManager:70 - Updater plugin not ready yet. [1/15]
2023-09-07 09:52:19,594 [INFO] PluginManage:359 - Loaded plugin tools (category:base,tabindex:7)
2023-09-07 09:52:19,594 [INFO] PluginManage:310 - Check plugin tutovideos
2023-09-07 09:52:19,860 [INFO] PluginManage:359 - Loaded plugin tutovideos (category:base,tabindex:-1)
2023-09-07 09:52:19,860 [INFO] PluginManage:310 - Check plugin updater
2023-09-07 09:52:19,876 [INFO] PluginManage:359 - Loaded plugin updater (category:base,tabindex:12)
2023-09-07 09:52:19,876 [INFO] PluginManage:310 - Check plugin userauth
2023-09-07 09:52:19,891 [INFO] UserAuth:113 - Init User Auth plugin
2023-09-07 09:52:19,891 [INFO] PluginManage:359 - Loaded plugin userauth (category:base,tabindex:14)
2023-09-07 09:52:19,891 [INFO] PluginManage:283 - PluginManage : Loaded plugins [17]
2023-09-07 09:52:20,532 [INFO] PinOutPanel:1499 - setPackage(No Configuration,No Configuration)
2023-09-07 09:52:20,797 [INFO] CADModel:165 - CPN selected for project level
2023-09-07 09:52:20,797 [INFO] CADModel:114 - Register for checkConnection events
2023-09-07 09:52:20,891 [INFO] IPUIPlugin:80 - create IPUIPlugin
2023-09-07 09:52:20,891 [INFO] PluginManager:220 - loadIPPluginJar : add adc
2023-09-07 09:52:20,938 [INFO] IPUIPlugin:80 - create IPUIPlugin
2023-09-07 09:52:20,938 [INFO] PluginManager:220 - loadIPPluginJar : add aes
2023-09-07 09:52:20,969 [INFO] IPUIPlugin:80 - create IPUIPlugin
2023-09-07 09:52:20,969 [INFO] PluginManager:220 - loadIPPluginJar : add can
2023-09-07 09:52:21,000 [INFO] IPUIPlugin:80 - create IPUIPlugin
2023-09-07 09:52:21,000 [INFO] PluginManager:220 - loadIPPluginJar : add comp
2023-09-07 09:52:21,031 [INFO] IPUIPlugin:80 - create IPUIPlugin
2023-09-07 09:52:21,031 [INFO] PluginManager:220 - loadIPPluginJar : add cryp
2023-09-07 09:52:21,063 [INFO] IPUIPlugin:80 - create IPUIPlugin
2023-09-07 09:52:21,063 [INFO] PluginManager:220 - loadIPPluginJar : add dfsdm
2023-09-07 09:52:21,078 [INFO] IPUIPlugin:80 - create IPUIPlugin
2023-09-07 09:52:21,094 [INFO] PluginManager:220 - loadIPPluginJar : add dma
2023-09-07 09:52:21,125 [INFO] IPUIPlugin:80 - create IPUIPlugin
2023-09-07 09:52:21,125 [INFO] PluginManager:220 - loadIPPluginJar : add dma3
2023-09-07 09:52:21,188 [INFO] IPUIPlugin:80 - create IPUIPlugin
2023-09-07 09:52:21,188 [INFO] PluginManager:220 - loadIPPluginJar : add fatfs
2023-09-07 09:52:21,250 [INFO] IPUIPlugin:80 - create IPUIPlugin
2023-09-07 09:52:21,250 [INFO] PluginManager:220 - loadIPPluginJar : add fmc
2023-09-07 09:52:21,266 [INFO] IPUIPlugin:80 - create IPUIPlugin
2023-09-07 09:52:21,266 [INFO] PluginManager:220 - loadIPPluginJar : add freertos
2023-09-07 09:52:21,297 [INFO] IPUIPlugin:80 - create IPUIPlugin
2023-09-07 09:52:21,344 [INFO] PluginManager:220 - loadIPPluginJar : add genericplugin
2023-09-07 09:52:21,438 [INFO] IPUIPlugin:80 - create IPUIPlugin
2023-09-07 09:52:21,438 [INFO] PluginManager:220 - loadIPPluginJar : add gfxmmu
2023-09-07 09:52:21,531 [INFO] IPUIPlugin:80 - create IPUIPlugin
2023-09-07 09:52:21,531 [INFO] PluginManager:220 - loadIPPluginJar : add gic
2023-09-07 09:52:21,563 [INFO] IPUIPlugin:80 - create IPUIPlugin
2023-09-07 09:52:21,563 [INFO] PluginManager:220 - loadIPPluginJar : add gpio
2023-09-07 09:52:21,625 [INFO] IPUIPlugin:80 - create IPUIPlugin
2023-09-07 09:52:21,625 [INFO] PluginManager:220 - loadIPPluginJar : add gtzc
2023-09-07 09:52:21,703 [INFO] IPUIPlugin:80 - create IPUIPlugin
2023-09-07 09:52:21,703 [INFO] PluginManager:220 - loadIPPluginJar : add hash
2023-09-07 09:52:21,766 [INFO] IPUIPlugin:80 - create IPUIPlugin
2023-09-07 09:52:21,766 [INFO] PluginManager:220 - loadIPPluginJar : add i2c
2023-09-07 09:52:21,828 [INFO] IPUIPlugin:80 - create IPUIPlugin
2023-09-07 09:52:21,828 [INFO] PluginManager:220 - loadIPPluginJar : add i2s
2023-09-07 09:52:21,859 [INFO] IPUIPlugin:80 - create IPUIPlugin
2023-09-07 09:52:21,859 [INFO] PluginManager:220 - loadIPPluginJar : add i3c
2023-09-07 09:52:21,969 [INFO] IPUIPlugin:80 - create IPUIPlugin
2023-09-07 09:52:21,969 [INFO] PluginManager:220 - loadIPPluginJar : add ipddr
2023-09-07 09:52:22,047 [INFO] IPUIPlugin:80 - create IPUIPlugin
2023-09-07 09:52:22,047 [INFO] PluginManager:220 - loadIPPluginJar : add linkedlist
2023-09-07 09:52:22,078 [INFO] IPUIPlugin:80 - create IPUIPlugin
2023-09-07 09:52:22,078 [INFO] PluginManager:220 - loadIPPluginJar : add lorawan
2023-09-07 09:52:22,109 [INFO] IPUIPlugin:80 - create IPUIPlugin
2023-09-07 09:52:22,109 [INFO] PluginManager:220 - loadIPPluginJar : add ltdc
2023-09-07 09:52:22,125 [INFO] IPUIPlugin:80 - create IPUIPlugin
2023-09-07 09:52:22,125 [INFO] PluginManager:220 - loadIPPluginJar : add mdma
2023-09-07 09:52:22,141 [INFO] IPUIPlugin:80 - create IPUIPlugin
2023-09-07 09:52:22,141 [INFO] PluginManager:220 - loadIPPluginJar : add nvic
2023-09-07 09:52:22,172 [INFO] IPUIPlugin:80 - create IPUIPlugin
2023-09-07 09:52:22,172 [INFO] PluginManager:220 - loadIPPluginJar : add opamp
2023-09-07 09:52:22,219 [INFO] IPUIPlugin:80 - create IPUIPlugin
2023-09-07 09:52:22,219 [INFO] PluginManager:220 - loadIPPluginJar : add openamp
2023-09-07 09:52:22,250 [INFO] IPUIPlugin:80 - create IPUIPlugin
2023-09-07 09:52:22,250 [INFO] PluginManager:220 - loadIPPluginJar : add pdm2pcm
2023-09-07 09:52:22,281 [INFO] IPUIPlugin:80 - create IPUIPlugin
2023-09-07 09:52:22,281 [INFO] PluginManager:220 - loadIPPluginJar : add plateformsettings
2023-09-07 09:52:22,297 [INFO] IPUIPlugin:80 - create IPUIPlugin
2023-09-07 09:52:22,297 [INFO] PluginManager:220 - loadIPPluginJar : add quadspi
2023-09-07 09:52:22,312 [INFO] IPUIPlugin:80 - create IPUIPlugin
2023-09-07 09:52:22,312 [INFO] PluginManager:220 - loadIPPluginJar : add resmgrutility
2023-09-07 09:52:22,359 [INFO] IPUIPlugin:80 - create IPUIPlugin
2023-09-07 09:52:22,359 [INFO] PluginManager:220 - loadIPPluginJar : add sai
2023-09-07 09:52:22,422 [INFO] IPUIPlugin:80 - create IPUIPlugin
2023-09-07 09:52:22,422 [INFO] PluginManager:220 - loadIPPluginJar : add spi
2023-09-07 09:52:22,469 [INFO] IPUIPlugin:80 - create IPUIPlugin
2023-09-07 09:52:22,469 [INFO] PluginManager:220 - loadIPPluginJar : add stm32_wpan
2023-09-07 09:52:22,500 [INFO] IPUIPlugin:80 - create IPUIPlugin
2023-09-07 09:52:22,500 [INFO] PluginManager:220 - loadIPPluginJar : add tim
2023-09-07 09:52:22,562 [INFO] IPUIPlugin:80 - create IPUIPlugin
2023-09-07 09:52:22,562 [INFO] PluginManager:220 - loadIPPluginJar : add touchsensing
2023-09-07 09:52:22,578 [INFO] ThirdPartyUpdaterWithRetryManager:70 - Updater plugin not ready yet. [2/15]
2023-09-07 09:52:22,594 [INFO] IPUIPlugin:80 - create IPUIPlugin
2023-09-07 09:52:22,594 [INFO] PluginManager:220 - loadIPPluginJar : add tracer_emb
2023-09-07 09:52:22,609 [INFO] IPUIPlugin:80 - create IPUIPlugin
2023-09-07 09:52:22,625 [INFO] PluginManager:220 - loadIPPluginJar : add ts
2023-09-07 09:52:22,640 [INFO] IPUIPlugin:80 - create IPUIPlugin
2023-09-07 09:52:22,640 [INFO] PluginManager:220 - loadIPPluginJar : add tsc
2023-09-07 09:52:22,656 [INFO] IPUIPlugin:80 - create IPUIPlugin
2023-09-07 09:52:22,719 [INFO] PluginManager:220 - loadIPPluginJar : add ucpd
2023-09-07 09:52:22,750 [INFO] IPUIPlugin:80 - create IPUIPlugin
2023-09-07 09:52:22,750 [INFO] PluginManager:220 - loadIPPluginJar : add usart
2023-09-07 09:52:22,797 [INFO] IPUIPlugin:80 - create IPUIPlugin
2023-09-07 09:52:22,797 [INFO] PluginManager:220 - loadIPPluginJar : add usbx
2023-09-07 09:52:23,297 [INFO] CADModel:165 - CPN selected for project level
2023-09-07 09:52:23,297 [INFO] CADModel:114 - Register for checkConnection events
2023-09-07 09:52:23,297 [FATAL] Updater:308 - Updater called before beeing initialized
2023-09-07 09:52:23,297 [ERROR] CADModel:125 - Updater not yet initialized, retry later 
2023-09-07 09:52:23,593 [INFO] CADModel:165 - CPN selected for project level
2023-09-07 09:52:23,593 [INFO] CADModel:114 - Register for checkConnection events
2023-09-07 09:52:23,593 [FATAL] Updater:308 - Updater called before beeing initialized
2023-09-07 09:52:23,593 [ERROR] CADModel:125 - Updater not yet initialized, retry later 
2023-09-07 09:52:23,593 [FATAL] Updater:308 - Updater called before beeing initialized
2023-09-07 09:52:23,765 [FATAL] Updater:308 - Updater called before beeing initialized
2023-09-07 09:52:23,765 [INFO] DbMcusAds:53 - JSON generation date=Tue Mar 07 14:20:55 IST 2023 (1678179055114)
2023-09-07 09:52:23,765 [FATAL] Updater:308 - Updater called before beeing initialized
2023-09-07 09:52:23,859 [WARN] DetailPanel:346 - Failed to get advertising image, set to default
2023-09-07 09:52:23,953 [FATAL] Updater:308 - Updater called before beeing initialized
2023-09-07 09:52:23,953 [FATAL] Updater:308 - Updater called before beeing initialized
2023-09-07 09:52:23,953 [FATAL] Updater:308 - Updater called before beeing initialized
2023-09-07 09:52:23,953 [WARN] DetailPanel:346 - Failed to get advertising image, set to default
2023-09-07 09:52:23,953 [FATAL] Updater:308 - Updater called before beeing initialized
2023-09-07 09:52:24,093 [ERROR] Updater:1120 - MainUpdater not yet initialized. External WinMGr cannot be set.
2023-09-07 09:52:24,281 [INFO] Updater:1056 - Updater Version found : 6.9.1
2023-09-07 09:52:24,296 [INFO] ApplicationProperties:184 - Using Application install path: C:\ST\STM32CubeIDE_1.12.1\STM32CubeIDE\plugins\com.st.stm32cube.common.mx_6.9.1.202307191849
2023-09-07 09:52:25,593 [INFO] ThirdPartyUpdaterWithRetryManager:70 - Updater plugin not ready yet. [3/15]
2023-09-07 09:52:26,296 [INFO] MainUpdater:2868 - connection check result : 10
2023-09-07 09:52:26,296 [INFO] MainUpdater:285 - Updater Check For Update Now.
2023-09-07 09:52:26,296 [INFO] MicroXplorer:498 - Change Database Version : DB.6.0.91
2023-09-07 09:52:26,312 [INFO] McuFinderGlobals:63 - Set McuFinder mode to 2 (CubeIDE integrated)
2023-09-07 09:52:26,499 [INFO] CheckServerUpdateThread:120 - End of CheckServer Thread
2023-09-07 09:52:28,796 [WARN] PackLoader:240 - Cannot read IP mode file for STMicroelectronics.X-CUBE-SMBUS.2.1.0
2023-09-07 09:52:28,858 [WARN] PackLoader:240 - Cannot read IP mode file for STMicroelectronics.X-CUBE-AZRTOS-F7.1.1.0
2023-09-07 09:52:28,874 [WARN] PackLoader:240 - Cannot read IP mode file for STMicroelectronics.FP-SNS-MOTENV1.4.3.2
2023-09-07 09:52:28,905 [WARN] PackLoader:240 - Cannot read IP mode file for STMicroelectronics.FP-SNS-FLIGHT1.5.0.1
2023-09-07 09:52:28,921 [WARN] PackLoader:240 - Cannot read IP mode file for STMicroelectronics.X-CUBE-BLE1.6.2.4
2023-09-07 09:52:28,936 [WARN] PackLoader:240 - Cannot read IP mode file for STMicroelectronics.FP-SNS-FLIGHT1.5.0.2
2023-09-07 09:52:28,952 [WARN] PackLoader:240 - Cannot read IP mode file for STMicroelectronics.X-CUBE-DISPLAY.3.0.0
2023-09-07 09:52:28,968 [WARN] PackLoader:240 - Cannot read IP mode file for STMicroelectronics.X-CUBE-BLE1.7.0.0
2023-09-07 09:52:28,983 [WARN] PackLoader:240 - Cannot read IP mode file for emotas.I-CUBE-CANOPEN.1.3.0
2023-09-07 09:52:29,014 [WARN] PackLoader:240 - Cannot read IP mode file for STMicroelectronics.X-CUBE-TOUCHGFX.4.22.0
2023-09-07 09:52:29,030 [INFO] LogOutputStream:77 - [STDOUT_REDIRECT] 1 : Invalid condition id : UX_CORESTACK_Condition cause : null
2023-09-07 09:52:29,030 [INFO] LogOutputStream:77 - [STDOUT_REDIRECT] 1 : Invalid condition id : UX_CORESTACK_Condition cause : null
2023-09-07 09:52:29,030 [INFO] LogOutputStream:77 - [STDOUT_REDIRECT] 1 : Invalid condition id : UX_CORESTACK_Condition cause : null
2023-09-07 09:52:29,030 [INFO] LogOutputStream:77 - [STDOUT_REDIRECT] 1 : Invalid condition id : UX_CORESTACK_Condition cause : null
2023-09-07 09:52:29,030 [INFO] LogOutputStream:77 - [STDOUT_REDIRECT] 1 : Invalid condition id : UX_CORESTACK_Condition cause : null
2023-09-07 09:52:29,030 [WARN] PackLoader:240 - Cannot read IP mode file for STMicroelectronics.X-CUBE-AZRTOS-WL.2.0.0
2023-09-07 09:52:29,061 [WARN] PackLoader:240 - Cannot read IP mode file for WES.I-CUBE-Cesium.1.3.0
2023-09-07 09:52:29,077 [WARN] PackLoader:240 - Cannot read IP mode file for STMicroelectronics.X-CUBE-BLE2.3.3.0
2023-09-07 09:52:29,093 [WARN] PackLoader:240 - Cannot read IP mode file for STMicroelectronics.X-CUBE-ALGOBUILD.1.3.0
2023-09-07 09:52:29,108 [WARN] PackLoader:240 - Cannot read IP mode file for STMicroelectronics.X-CUBE-AZRTOS-G0.1.1.0
2023-09-07 09:52:29,124 [WARN] PackLoader:240 - Cannot read IP mode file for STMicroelectronics.X-CUBE-NFC4.3.0.0
2023-09-07 09:52:29,155 [WARN] PackLoader:240 - Cannot read IP mode file for STMicroelectronics.FP-ATR-SIGFOX1.3.2.0
2023-09-07 09:52:29,186 [WARN] PackLoader:240 - Cannot read IP mode file for SEGGER.I-CUBE-embOS.1.3.1
2023-09-07 09:52:29,217 [WARN] PackLoader:240 - Cannot read IP mode file for STMicroelectronics.X-CUBE-GNSS1.6.0.0
2023-09-07 09:52:29,264 [WARN] PackLoader:240 - Cannot read IP mode file for STMicroelectronics.X-CUBE-AZRTOS-F4.1.1.0
2023-09-07 09:52:29,280 [WARN] PackLoader:240 - Cannot read IP mode file for wolfSSL.I-CUBE-wolfSSL.5.6.3
2023-09-07 09:52:29,311 [WARN] PackLoader:240 - Cannot read IP mode file for STMicroelectronics.X-CUBE-AZRTOS-L5.2.0.0
2023-09-07 09:52:29,358 [WARN] PackLoader:240 - Cannot read IP mode file for STMicroelectronics.X-CUBE-MEMS1.9.6.0
2023-09-07 09:52:29,483 [WARN] PackLoader:240 - Cannot read IP mode file for STMicroelectronics.X-CUBE-BLEMGR.2.0.0
2023-09-07 09:52:29,514 [WARN] ConditionMgr:438 - getConditionDescription Invalid condition id : UX DEVICE CLASS RTOS Condition cause : null
2023-09-07 09:52:29,514 [WARN] ConditionMgr:438 - getConditionDescription Invalid condition id : UX DEVICE CLASS RTOS Condition cause : null
2023-09-07 09:52:29,514 [WARN] PackLoader:240 - Cannot read IP mode file for STMicroelectronics.X-CUBE-AZRTOS-H7.3.1.0
2023-09-07 09:52:29,514 [WARN] ConditionMgr:1039 - genDependencies : Invalid condition id : UX DEVICE CLASS RTOS Condition cause : null
2023-09-07 09:52:29,514 [WARN] ConditionMgr:1039 - genDependencies : Invalid condition id : UX DEVICE CLASS RTOS Condition cause : null
2023-09-07 09:52:29,514 [WARN] ConditionMgr:1039 - genDependencies : Invalid condition id : UX DEVICE CLASS RTOS Condition cause : null
2023-09-07 09:52:29,514 [WARN] ConditionMgr:1039 - genDependencies : Invalid condition id : UX DEVICE CLASS RTOS Condition cause : null
2023-09-07 09:52:29,514 [WARN] ConditionMgr:1039 - genDependencies : Invalid condition id : UX DEVICE CLASS RTOS Condition cause : null
2023-09-07 09:52:29,546 [WARN] PackLoader:240 - Cannot read IP mode file for wolfSSL.I-CUBE-wolfSSL.5.5.4
2023-09-07 09:52:29,655 [WARN] PackLoader:240 - Cannot read IP mode file for STMicroelectronics.X-CUBE-NFC7.1.0.1
2023-09-07 09:52:29,670 [WARN] PackLoader:240 - Cannot read IP mode file for STMicroelectronics.X-CUBE-EEPRMA1.4.1.0
2023-09-07 09:52:29,702 [WARN] PackLoader:240 - Cannot read IP mode file for STMicroelectronics.X-CUBE-AI.8.1.0
2023-09-07 09:52:29,733 [WARN] ConditionMgr:438 - getConditionDescription Invalid condition id : LAN8742 Phy interface Condition cause : null
2023-09-07 09:52:29,733 [WARN] PackLoader:240 - Cannot read IP mode file for STMicroelectronics.X-CUBE-AZRTOS-L4.2.0.0
2023-09-07 09:52:29,733 [WARN] ConditionMgr:1039 - genDependencies : Invalid condition id : LAN8742 Phy interface Condition cause : null
2023-09-07 09:52:29,733 [WARN] ConditionMgr:1039 - genDependencies : Invalid condition id : LAN8742 Phy interface Condition cause : null
2023-09-07 09:52:29,733 [WARN] ConditionMgr:1039 - genDependencies : Invalid condition id : LAN8742 Phy interface Condition cause : null
2023-09-07 09:52:29,749 [WARN] PackLoader:240 - Cannot read IP mode file for STMicroelectronics.X-CUBE-SFXS2LP1.4.0.0
2023-09-07 09:52:29,780 [WARN] PackLoader:240 - Cannot read IP mode file for STMicroelectronics.X-CUBE-ISPU.1.1.0
2023-09-07 09:52:29,795 [WARN] ConditionMgr:438 - getConditionDescription Invalid condition id : UX DEVICE CLASS RTOS Condition cause : null
2023-09-07 09:52:29,811 [WARN] ConditionMgr:438 - getConditionDescription Invalid condition id : UX DEVICE CLASS RTOS Condition cause : null
2023-09-07 09:52:29,811 [WARN] PackLoader:240 - Cannot read IP mode file for STMicroelectronics.X-CUBE-AZRTOS-WB.2.0.0
2023-09-07 09:52:29,811 [WARN] ConditionMgr:1039 - genDependencies : Invalid condition id : UX DEVICE CLASS RTOS Condition cause : null
2023-09-07 09:52:29,811 [WARN] ConditionMgr:1039 - genDependencies : Invalid condition id : UX DEVICE CLASS RTOS Condition cause : null
2023-09-07 09:52:29,811 [WARN] ConditionMgr:1039 - genDependencies : Invalid condition id : UX DEVICE CLASS RTOS Condition cause : null
2023-09-07 09:52:29,811 [WARN] ConditionMgr:1039 - genDependencies : Invalid condition id : UX DEVICE CLASS RTOS Condition cause : null
2023-09-07 09:52:29,811 [WARN] ConditionMgr:1039 - genDependencies : Invalid condition id : UX DEVICE CLASS RTOS Condition cause : null
2023-09-07 09:52:29,827 [WARN] PackLoader:240 - Cannot read IP mode file for STMicroelectronics.X-CUBE-FREERTOS.1.0.1
2023-09-07 09:52:29,936 [WARN] PackLoader:240 - Cannot read IP mode file for STMicroelectronics.X-CUBE-AZRTOS-L5.1.1.0
2023-09-07 09:52:29,952 [WARN] PackLoader:240 - Cannot read IP mode file for STMicroelectronics.X-CUBE-AI.8.0.1
2023-09-07 09:52:29,967 [WARN] PackLoader:240 - Cannot read IP mode file for STMicroelectronics.X-CUBE-SUBG2.5.0.0
2023-09-07 09:52:30,014 [WARN] PackLoader:240 - Cannot read IP mode file for STMicroelectronics.X-CUBE-TOF1.3.3.1
2023-09-07 09:52:30,061 [WARN] PackLoader:240 - Cannot read IP mode file for STMicroelectronics.X-CUBE-AZRTOS-G4.2.0.0
2023-09-07 09:52:30,077 [WARN] PackLoader:240 - Cannot read IP mode file for STMicroelectronics.X-CUBE-TOF1.3.3.0
2023-09-07 09:52:30,092 [WARN] PackLoader:240 - Cannot read IP mode file for STMicroelectronics.X-CUBE-FREERTOS.1.1.0
2023-09-07 09:52:30,108 [WARN] PackLoader:240 - Cannot read IP mode file for portGmbH.I-Cube-SoM-uGOAL.1.1.0
2023-09-07 09:52:30,124 [WARN] PackLoader:240 - Cannot read IP mode file for STMicroelectronics.X-CUBE-ALS.1.0.1
2023-09-07 09:52:30,155 [WARN] PackLoader:240 - Cannot read IP mode file for STMicroelectronics.X-CUBE-AZRTOS-WB.1.1.0
2023-09-07 09:52:30,170 [WARN] PackLoader:240 - Cannot read IP mode file for STMicroelectronics.FP-ATR-ASTRA1.2.0.0
2023-09-07 09:52:30,170 [INFO] ThirdParty:978 - Integrity check success = true
2023-09-07 09:52:30,170 [INFO] IntegrityCheckThread:100 - exiting critical section [integrity check]
2023-09-07 09:52:30,170 [INFO] IntegrityCheckThread:103 - End integrity checks thread
2023-09-07 09:52:47,295 [ERROR] LogOutputStream:75 - [STDERR_REDIRECT] SLF4J: Failed to load class "org.slf4j.impl.StaticLoggerBinder".
2023-09-07 09:52:47,295 [ERROR] LogOutputStream:75 - [STDERR_REDIRECT] SLF4J: Defaulting to no-operation (NOP) logger implementation
2023-09-07 09:52:47,295 [ERROR] LogOutputStream:75 - [STDERR_REDIRECT] SLF4J: See http://www.slf4j.org/codes.html#StaticLoggerBinder for further details.
2023-09-07 10:12:15,399 [INFO] Activator:176 - 


2023-09-07 10:12:15,399 [INFO] Activator:177 - !SESSION log4j initialized
2023-09-07 10:12:19,095 [INFO] LogOutputStream:77 - [STDOUT_REDIRECT] 
2023-09-07 10:12:24,718 [INFO] ApplicationProperties:184 - Using Application install path: C:\ST\STM32CubeIDE_1.12.1\STM32CubeIDE\plugins\com.st.stm32cube.common.mx_6.9.1.202307191849
2023-09-07 10:12:24,729 [INFO] DbMcusXml:78 - Set database path to: C:\ST\STM32CubeIDE_1.12.1\STM32CubeIDE\plugins\com.st.stm32cube.common.mx_6.9.1.202307191849\\db\/mcu/
2023-09-07 10:12:24,729 [INFO] ApiDb:274 - Set plugin database path to: C:\ST\STM32CubeIDE_1.12.1\STM32CubeIDE\plugins\com.st.stm32cube.common.mx_6.9.1.202307191849\\db\/plugins/boardmanager/
2023-09-07 10:12:24,729 [WARN] ApiDb:259 - Overriding images path with different value:  => C:\ST\STM32CubeIDE_1.12.1\STM32CubeIDE\plugins\com.st.stm32cube.common.mx_6.9.1.202307191849\\db\/plugins/mcufinder/images/
2023-09-07 10:12:24,735 [INFO] ApiDb:250 - Set database path to: C:\Users\HP\.stmcufinder\plugins\mcufinder//mcu/
2023-09-07 10:12:24,736 [INFO] DbMcusAds:125 - Set database path to: C:\Users\HP\.stmcufinder\plugins\mcufinder//mcu/
2023-09-07 10:12:24,738 [INFO] CrossReferenceDbSqlite:203 - Set database path to: C:\Users\HP\.stmcufinder\plugins\mcufinder//mcu/cs/
2023-09-07 10:12:24,809 [INFO] RulesReader:64 - Compatibility file has been processed (293 Rules)
2023-09-07 10:12:24,944 [INFO] DbMcusXml:78 - Set database path to: C:\ST\STM32CubeIDE_1.12.1\STM32CubeIDE\plugins\com.st.stm32cube.common.mx_6.9.1.202307191849\\db\/mcu/
2023-09-07 10:12:24,945 [INFO] ApiDb:274 - Set plugin database path to: C:\ST\STM32CubeIDE_1.12.1\STM32CubeIDE\plugins\com.st.stm32cube.common.mx_6.9.1.202307191849\\db\/plugins/boardmanager/
2023-09-07 10:12:24,945 [INFO] ApiDb:261 - Set plugin images path to: C:\ST\STM32CubeIDE_1.12.1\STM32CubeIDE\plugins\com.st.stm32cube.common.mx_6.9.1.202307191849\\db\/plugins/mcufinder/images/
2023-09-07 10:12:24,945 [WARN] DbFile:41 - Overriding database path with different value: C:\Users\HP\.stmcufinder\plugins\mcufinder/ => C:\Users\HP\.stmcufinder\plugins\mcufinder
2023-09-07 10:12:24,945 [INFO] ApiDb:250 - Set database path to: C:\Users\HP\.stmcufinder\plugins\mcufinder//mcu/
2023-09-07 10:12:24,945 [WARN] DbFile:41 - Overriding database path with different value: C:\Users\HP\.stmcufinder\plugins\mcufinder/ => C:\Users\HP\.stmcufinder\plugins\mcufinder
2023-09-07 10:12:24,945 [INFO] DbMcusAds:125 - Set database path to: C:\Users\HP\.stmcufinder\plugins\mcufinder//mcu/
2023-09-07 10:12:24,945 [WARN] DbFile:41 - Overriding database path with different value: C:\Users\HP\.stmcufinder\plugins\mcufinder/ => C:\Users\HP\.stmcufinder\plugins\mcufinder
2023-09-07 10:12:24,945 [WARN] DbFile:41 - Overriding database path with different value: C:\Users\HP\.stmcufinder\plugins\mcufinder/ => C:\Users\HP\.stmcufinder\plugins\mcufinder
2023-09-07 10:12:24,945 [INFO] CrossReferenceDbSqlite:203 - Set database path to: C:\Users\HP\.stmcufinder\plugins\mcufinder//mcu/cs/
2023-09-07 10:12:25,031 [INFO] MainPanel:262 - HeapMemory: 268435456
2023-09-07 10:12:25,079 [INFO] DbMcusXml:78 - Set database path to: C:\ST\STM32CubeIDE_1.12.1\STM32CubeIDE\plugins\com.st.stm32cube.common.mx_6.9.1.202307191849\\db\/mcu/
2023-09-07 10:12:25,080 [INFO] ApiDb:274 - Set plugin database path to: C:\ST\STM32CubeIDE_1.12.1\STM32CubeIDE\plugins\com.st.stm32cube.common.mx_6.9.1.202307191849\\db\/plugins/boardmanager/
2023-09-07 10:12:25,080 [INFO] ApiDb:261 - Set plugin images path to: C:\ST\STM32CubeIDE_1.12.1\STM32CubeIDE\plugins\com.st.stm32cube.common.mx_6.9.1.202307191849\\db\/plugins/mcufinder/images/
2023-09-07 10:12:25,080 [WARN] DbFile:41 - Overriding database path with different value: C:\Users\HP\.stmcufinder\plugins\mcufinder/ => C:\Users\HP\.stmcufinder\plugins\mcufinder
2023-09-07 10:12:25,080 [INFO] ApiDb:250 - Set database path to: C:\Users\HP\.stmcufinder\plugins\mcufinder//mcu/
2023-09-07 10:12:25,080 [WARN] DbFile:41 - Overriding database path with different value: C:\Users\HP\.stmcufinder\plugins\mcufinder/ => C:\Users\HP\.stmcufinder\plugins\mcufinder
2023-09-07 10:12:25,080 [INFO] DbMcusAds:125 - Set database path to: C:\Users\HP\.stmcufinder\plugins\mcufinder//mcu/
2023-09-07 10:12:25,080 [WARN] DbFile:41 - Overriding database path with different value: C:\Users\HP\.stmcufinder\plugins\mcufinder/ => C:\Users\HP\.stmcufinder\plugins\mcufinder
2023-09-07 10:12:25,080 [WARN] DbFile:41 - Overriding database path with different value: C:\Users\HP\.stmcufinder\plugins\mcufinder/ => C:\Users\HP\.stmcufinder\plugins\mcufinder
2023-09-07 10:12:25,080 [INFO] CrossReferenceDbSqlite:203 - Set database path to: C:\Users\HP\.stmcufinder\plugins\mcufinder//mcu/cs/
2023-09-07 10:12:25,110 [INFO] ApplicationProperties:184 - Using Application install path: C:\ST\STM32CubeIDE_1.12.1\STM32CubeIDE\plugins\com.st.stm32cube.common.mx_6.9.1.202307191849
2023-09-07 10:12:25,111 [INFO] PluginManage:196 - Search for loadable plugins [exclusion list=, ]
2023-09-07 10:12:25,113 [INFO] PluginManage:310 - Check plugin analytics
2023-09-07 10:12:30,163 [INFO] AnalyticsPlugin:253 - Accepted Software Licenses: STM32CubeMX.6.7.0,STM32CubeMX.6.8.1,STM32CubeMX.6.5.0
2023-09-07 10:12:30,163 [INFO] AnalyticsPlugin:255 - Accepted CMSIS Pack Licenses: 
2023-09-07 10:12:30,163 [INFO] AnalyticsPlugin:257 - Accepted Firmware Licenses: FW.U5.1.0.0,FW.F4.1.27.0,FW.U5.1.2.0
2023-09-07 10:12:30,165 [INFO] PluginManage:359 - Loaded plugin analytics (category:tool,tabindex:-1)
2023-09-07 10:12:30,165 [INFO] PluginManage:310 - Check plugin cadmodel
2023-09-07 10:12:30,180 [INFO] CADModel:105 - Init CAD model plugin
2023-09-07 10:12:30,180 [INFO] PluginManage:359 - Loaded plugin cadmodel (category:power,tabindex:5)
2023-09-07 10:12:30,180 [INFO] PluginManage:310 - Check plugin clock
2023-09-07 10:12:30,186 [INFO] PluginManage:359 - Loaded plugin clock (category:base,tabindex:2)
2023-09-07 10:12:30,186 [INFO] PluginManage:310 - Check plugin ddr
2023-09-07 10:12:30,187 [INFO] PluginManage:359 - Loaded plugin ddr (category:tool,tabindex:6)
2023-09-07 10:12:30,187 [INFO] PluginManage:310 - Check plugin filemanager
2023-09-07 10:12:30,273 [INFO] PluginManage:359 - Loaded plugin filemanager (category:base,tabindex:10)
2023-09-07 10:12:30,273 [INFO] PluginManage:310 - Check plugin ipmanager
2023-09-07 10:12:30,277 [INFO] PluginManage:359 - Loaded plugin ipmanager (category:base,tabindex:5)
2023-09-07 10:12:30,277 [INFO] PluginManage:310 - Check plugin lpbam
2023-09-07 10:12:30,283 [INFO] PluginManage:359 - Loaded plugin lpbam (category:base,tabindex:0)
2023-09-07 10:12:30,283 [INFO] PluginManage:310 - Check plugin memorymap
2023-09-07 10:12:30,289 [INFO] PluginManage:359 - Loaded plugin memorymap (category:base,tabindex:4)
2023-09-07 10:12:30,289 [INFO] PluginManage:310 - Check plugin pinoutandconfiguration
2023-09-07 10:12:30,295 [INFO] PluginManage:359 - Loaded plugin pinoutandconfiguration (category:base,tabindex:1)
2023-09-07 10:12:30,295 [INFO] PluginManage:310 - Check plugin pinoutconfig
2023-09-07 10:12:30,356 [WARN] SupportedApi:132 - Cannot load RTOS API schema: s4s-elt-must-match.1: The content of 'definitions' must match (annotation?, (simpleType | complexType)?, (unique | key | keyref)*)). A problem was found starting at: attribute.
2023-09-07 10:12:30,441 [INFO] PluginManage:359 - Loaded plugin pinoutconfig (category:base,tabindex:0)
2023-09-07 10:12:30,441 [INFO] PluginManage:310 - Check plugin power
2023-09-07 10:12:30,448 [INFO] PluginManage:359 - Loaded plugin power (category:power,tabindex:4)
2023-09-07 10:12:30,448 [INFO] PluginManage:310 - Check plugin projectmanager
2023-09-07 10:12:30,458 [INFO] PluginManage:359 - Loaded plugin projectmanager (category:projectmanager,tabindex:3)
2023-09-07 10:12:30,458 [INFO] PluginManage:310 - Check plugin thirdparty
2023-09-07 10:12:30,534 [WARN] IntegrityCheckThread:84 - waiting for thirdparty lock release [integrity check]
2023-09-07 10:12:30,534 [INFO] PluginManage:359 - Loaded plugin thirdparty (category:base,tabindex:-1)
2023-09-07 10:12:30,534 [INFO] IntegrityCheckThread:86 - entering critical section [integrity check]
2023-09-07 10:12:30,534 [INFO] PluginManage:310 - Check plugin tools
2023-09-07 10:12:30,535 [INFO] ThirdPartyUpdaterWithRetryManager:70 - Updater plugin not ready yet. [1/15]
2023-09-07 10:12:30,536 [INFO] PluginManage:359 - Loaded plugin tools (category:base,tabindex:7)
2023-09-07 10:12:30,536 [INFO] PluginManage:310 - Check plugin tutovideos
2023-09-07 10:12:30,654 [INFO] PluginManage:359 - Loaded plugin tutovideos (category:base,tabindex:-1)
2023-09-07 10:12:30,654 [INFO] PluginManage:310 - Check plugin updater
2023-09-07 10:12:30,660 [INFO] PluginManage:359 - Loaded plugin updater (category:base,tabindex:12)
2023-09-07 10:12:30,660 [INFO] PluginManage:310 - Check plugin userauth
2023-09-07 10:12:30,664 [INFO] UserAuth:113 - Init User Auth plugin
2023-09-07 10:12:30,664 [INFO] PluginManage:359 - Loaded plugin userauth (category:base,tabindex:14)
2023-09-07 10:12:30,664 [INFO] PluginManage:283 - PluginManage : Loaded plugins [17]
2023-09-07 10:12:31,122 [INFO] PinOutPanel:1499 - setPackage(No Configuration,No Configuration)
2023-09-07 10:12:31,341 [INFO] CADModel:165 - CPN selected for project level
2023-09-07 10:12:31,341 [INFO] CADModel:114 - Register for checkConnection events
2023-09-07 10:12:31,350 [INFO] IPUIPlugin:80 - create IPUIPlugin
2023-09-07 10:12:31,351 [INFO] PluginManager:220 - loadIPPluginJar : add adc
2023-09-07 10:12:31,352 [INFO] IPUIPlugin:80 - create IPUIPlugin
2023-09-07 10:12:31,352 [INFO] PluginManager:220 - loadIPPluginJar : add aes
2023-09-07 10:12:31,353 [INFO] IPUIPlugin:80 - create IPUIPlugin
2023-09-07 10:12:31,353 [INFO] PluginManager:220 - loadIPPluginJar : add can
2023-09-07 10:12:31,354 [INFO] IPUIPlugin:80 - create IPUIPlugin
2023-09-07 10:12:31,354 [INFO] PluginManager:220 - loadIPPluginJar : add comp
2023-09-07 10:12:31,356 [INFO] IPUIPlugin:80 - create IPUIPlugin
2023-09-07 10:12:31,356 [INFO] PluginManager:220 - loadIPPluginJar : add cryp
2023-09-07 10:12:31,357 [INFO] IPUIPlugin:80 - create IPUIPlugin
2023-09-07 10:12:31,357 [INFO] PluginManager:220 - loadIPPluginJar : add dfsdm
2023-09-07 10:12:31,360 [INFO] IPUIPlugin:80 - create IPUIPlugin
2023-09-07 10:12:31,361 [INFO] PluginManager:220 - loadIPPluginJar : add dma
2023-09-07 10:12:31,362 [INFO] IPUIPlugin:80 - create IPUIPlugin
2023-09-07 10:12:31,362 [INFO] PluginManager:220 - loadIPPluginJar : add dma3
2023-09-07 10:12:31,363 [INFO] IPUIPlugin:80 - create IPUIPlugin
2023-09-07 10:12:31,363 [INFO] PluginManager:220 - loadIPPluginJar : add fatfs
2023-09-07 10:12:31,365 [INFO] IPUIPlugin:80 - create IPUIPlugin
2023-09-07 10:12:31,365 [INFO] PluginManager:220 - loadIPPluginJar : add fmc
2023-09-07 10:12:31,368 [INFO] IPUIPlugin:80 - create IPUIPlugin
2023-09-07 10:12:31,368 [INFO] PluginManager:220 - loadIPPluginJar : add freertos
2023-09-07 10:12:31,368 [INFO] IPUIPlugin:80 - create IPUIPlugin
2023-09-07 10:12:31,368 [INFO] PluginManager:220 - loadIPPluginJar : add genericplugin
2023-09-07 10:12:31,369 [INFO] IPUIPlugin:80 - create IPUIPlugin
2023-09-07 10:12:31,369 [INFO] PluginManager:220 - loadIPPluginJar : add gfxmmu
2023-09-07 10:12:31,372 [INFO] IPUIPlugin:80 - create IPUIPlugin
2023-09-07 10:12:31,372 [INFO] PluginManager:220 - loadIPPluginJar : add gic
2023-09-07 10:12:31,374 [INFO] IPUIPlugin:80 - create IPUIPlugin
2023-09-07 10:12:31,374 [INFO] PluginManager:220 - loadIPPluginJar : add gpio
2023-09-07 10:12:31,375 [INFO] IPUIPlugin:80 - create IPUIPlugin
2023-09-07 10:12:31,375 [INFO] PluginManager:220 - loadIPPluginJar : add gtzc
2023-09-07 10:12:31,376 [INFO] IPUIPlugin:80 - create IPUIPlugin
2023-09-07 10:12:31,376 [INFO] PluginManager:220 - loadIPPluginJar : add hash
2023-09-07 10:12:31,378 [INFO] IPUIPlugin:80 - create IPUIPlugin
2023-09-07 10:12:31,378 [INFO] PluginManager:220 - loadIPPluginJar : add i2c
2023-09-07 10:12:31,379 [INFO] IPUIPlugin:80 - create IPUIPlugin
2023-09-07 10:12:31,379 [INFO] PluginManager:220 - loadIPPluginJar : add i2s
2023-09-07 10:12:31,380 [INFO] IPUIPlugin:80 - create IPUIPlugin
2023-09-07 10:12:31,380 [INFO] PluginManager:220 - loadIPPluginJar : add i3c
2023-09-07 10:12:31,383 [INFO] IPUIPlugin:80 - create IPUIPlugin
2023-09-07 10:12:31,383 [INFO] PluginManager:220 - loadIPPluginJar : add ipddr
2023-09-07 10:12:31,387 [INFO] IPUIPlugin:80 - create IPUIPlugin
2023-09-07 10:12:31,387 [INFO] PluginManager:220 - loadIPPluginJar : add linkedlist
2023-09-07 10:12:31,389 [INFO] IPUIPlugin:80 - create IPUIPlugin
2023-09-07 10:12:31,389 [INFO] PluginManager:220 - loadIPPluginJar : add lorawan
2023-09-07 10:12:31,390 [INFO] IPUIPlugin:80 - create IPUIPlugin
2023-09-07 10:12:31,390 [INFO] PluginManager:220 - loadIPPluginJar : add ltdc
2023-09-07 10:12:31,394 [INFO] IPUIPlugin:80 - create IPUIPlugin
2023-09-07 10:12:31,394 [INFO] PluginManager:220 - loadIPPluginJar : add mdma
2023-09-07 10:12:31,396 [INFO] IPUIPlugin:80 - create IPUIPlugin
2023-09-07 10:12:31,396 [INFO] PluginManager:220 - loadIPPluginJar : add nvic
2023-09-07 10:12:31,397 [INFO] IPUIPlugin:80 - create IPUIPlugin
2023-09-07 10:12:31,397 [INFO] PluginManager:220 - loadIPPluginJar : add opamp
2023-09-07 10:12:31,399 [INFO] IPUIPlugin:80 - create IPUIPlugin
2023-09-07 10:12:31,399 [INFO] PluginManager:220 - loadIPPluginJar : add openamp
2023-09-07 10:12:31,401 [INFO] IPUIPlugin:80 - create IPUIPlugin
2023-09-07 10:12:31,401 [INFO] PluginManager:220 - loadIPPluginJar : add pdm2pcm
2023-09-07 10:12:31,404 [INFO] IPUIPlugin:80 - create IPUIPlugin
2023-09-07 10:12:31,406 [INFO] PluginManager:220 - loadIPPluginJar : add plateformsettings
2023-09-07 10:12:31,407 [INFO] IPUIPlugin:80 - create IPUIPlugin
2023-09-07 10:12:31,407 [INFO] PluginManager:220 - loadIPPluginJar : add quadspi
2023-09-07 10:12:31,408 [INFO] IPUIPlugin:80 - create IPUIPlugin
2023-09-07 10:12:31,408 [INFO] PluginManager:220 - loadIPPluginJar : add resmgrutility
2023-09-07 10:12:31,410 [INFO] IPUIPlugin:80 - create IPUIPlugin
2023-09-07 10:12:31,410 [INFO] PluginManager:220 - loadIPPluginJar : add sai
2023-09-07 10:12:31,411 [INFO] IPUIPlugin:80 - create IPUIPlugin
2023-09-07 10:12:31,411 [INFO] PluginManager:220 - loadIPPluginJar : add spi
2023-09-07 10:12:31,414 [INFO] IPUIPlugin:80 - create IPUIPlugin
2023-09-07 10:12:31,414 [INFO] PluginManager:220 - loadIPPluginJar : add stm32_wpan
2023-09-07 10:12:31,415 [INFO] IPUIPlugin:80 - create IPUIPlugin
2023-09-07 10:12:31,415 [INFO] PluginManager:220 - loadIPPluginJar : add tim
2023-09-07 10:12:31,416 [INFO] IPUIPlugin:80 - create IPUIPlugin
2023-09-07 10:12:31,416 [INFO] PluginManager:220 - loadIPPluginJar : add touchsensing
2023-09-07 10:12:31,417 [INFO] IPUIPlugin:80 - create IPUIPlugin
2023-09-07 10:12:31,417 [INFO] PluginManager:220 - loadIPPluginJar : add tracer_emb
2023-09-07 10:12:31,418 [INFO] IPUIPlugin:80 - create IPUIPlugin
2023-09-07 10:12:31,418 [INFO] PluginManager:220 - loadIPPluginJar : add ts
2023-09-07 10:12:31,419 [INFO] IPUIPlugin:80 - create IPUIPlugin
2023-09-07 10:12:31,419 [INFO] PluginManager:220 - loadIPPluginJar : add tsc
2023-09-07 10:12:31,420 [INFO] IPUIPlugin:80 - create IPUIPlugin
2023-09-07 10:12:31,420 [INFO] PluginManager:220 - loadIPPluginJar : add ucpd
2023-09-07 10:12:31,421 [INFO] IPUIPlugin:80 - create IPUIPlugin
2023-09-07 10:12:31,421 [INFO] PluginManager:220 - loadIPPluginJar : add usart
2023-09-07 10:12:31,423 [INFO] IPUIPlugin:80 - create IPUIPlugin
2023-09-07 10:12:31,423 [INFO] PluginManager:220 - loadIPPluginJar : add usbx
2023-09-07 10:12:31,566 [INFO] CADModel:165 - CPN selected for project level
2023-09-07 10:12:31,566 [INFO] CADModel:114 - Register for checkConnection events
2023-09-07 10:12:31,567 [FATAL] Updater:308 - Updater called before beeing initialized
2023-09-07 10:12:31,567 [ERROR] CADModel:125 - Updater not yet initialized, retry later 
2023-09-07 10:12:31,655 [INFO] CADModel:165 - CPN selected for project level
2023-09-07 10:12:31,656 [INFO] CADModel:114 - Register for checkConnection events
2023-09-07 10:12:31,656 [FATAL] Updater:308 - Updater called before beeing initialized
2023-09-07 10:12:31,656 [ERROR] CADModel:125 - Updater not yet initialized, retry later 
2023-09-07 10:12:31,658 [FATAL] Updater:308 - Updater called before beeing initialized
2023-09-07 10:12:31,858 [FATAL] Updater:308 - Updater called before beeing initialized
2023-09-07 10:12:31,862 [INFO] DbMcusAds:53 - JSON generation date=Tue Mar 07 14:20:55 IST 2023 (1678179055114)
2023-09-07 10:12:31,862 [FATAL] Updater:308 - Updater called before beeing initialized
2023-09-07 10:12:31,887 [WARN] DetailPanel:346 - Failed to get advertising image, set to default
2023-09-07 10:12:31,977 [FATAL] Updater:308 - Updater called before beeing initialized
2023-09-07 10:12:31,980 [FATAL] Updater:308 - Updater called before beeing initialized
2023-09-07 10:12:31,980 [FATAL] Updater:308 - Updater called before beeing initialized
2023-09-07 10:12:31,980 [WARN] DetailPanel:346 - Failed to get advertising image, set to default
2023-09-07 10:12:31,980 [FATAL] Updater:308 - Updater called before beeing initialized
2023-09-07 10:12:32,011 [ERROR] Updater:1120 - MainUpdater not yet initialized. External WinMGr cannot be set.
2023-09-07 10:12:32,012 [INFO] Updater:1056 - Updater Version found : 6.9.1
2023-09-07 10:12:32,025 [INFO] ApplicationProperties:184 - Using Application install path: C:\ST\STM32CubeIDE_1.12.1\STM32CubeIDE\plugins\com.st.stm32cube.common.mx_6.9.1.202307191849
2023-09-07 10:12:32,591 [INFO] MainUpdater:2868 - connection check result : 10
2023-09-07 10:12:32,592 [INFO] MainUpdater:285 - Updater Check For Update Now.
2023-09-07 10:12:32,592 [INFO] MicroXplorer:498 - Change Database Version : DB.6.0.91
2023-09-07 10:12:32,598 [INFO] McuFinderGlobals:63 - Set McuFinder mode to 2 (CubeIDE integrated)
2023-09-07 10:12:32,782 [INFO] CheckServerUpdateThread:120 - End of CheckServer Thread
2023-09-07 10:12:33,683 [WARN] PackLoader:240 - Cannot read IP mode file for STMicroelectronics.X-CUBE-SMBUS.2.1.0
2023-09-07 10:12:33,709 [WARN] PackLoader:240 - Cannot read IP mode file for STMicroelectronics.X-CUBE-AZRTOS-F7.1.1.0
2023-09-07 10:12:33,721 [WARN] PackLoader:240 - Cannot read IP mode file for STMicroelectronics.FP-SNS-MOTENV1.4.3.2
2023-09-07 10:12:33,727 [WARN] PackLoader:240 - Cannot read IP mode file for STMicroelectronics.FP-SNS-FLIGHT1.5.0.1
2023-09-07 10:12:33,735 [WARN] PackLoader:240 - Cannot read IP mode file for STMicroelectronics.X-CUBE-BLE1.6.2.4
2023-09-07 10:12:33,739 [WARN] PackLoader:240 - Cannot read IP mode file for STMicroelectronics.FP-SNS-FLIGHT1.5.0.2
2023-09-07 10:12:33,748 [WARN] PackLoader:240 - Cannot read IP mode file for STMicroelectronics.X-CUBE-DISPLAY.3.0.0
2023-09-07 10:12:33,757 [WARN] PackLoader:240 - Cannot read IP mode file for STMicroelectronics.X-CUBE-BLE1.7.0.0
2023-09-07 10:12:33,762 [WARN] PackLoader:240 - Cannot read IP mode file for emotas.I-CUBE-CANOPEN.1.3.0
2023-09-07 10:12:33,766 [WARN] PackLoader:240 - Cannot read IP mode file for STMicroelectronics.X-CUBE-TOUCHGFX.4.22.0
2023-09-07 10:12:33,778 [INFO] LogOutputStream:77 - [STDOUT_REDIRECT] 1 : Invalid condition id : UX_CORESTACK_Condition cause : null
2023-09-07 10:12:33,779 [INFO] LogOutputStream:77 - [STDOUT_REDIRECT] 1 : Invalid condition id : UX_CORESTACK_Condition cause : null
2023-09-07 10:12:33,780 [INFO] LogOutputStream:77 - [STDOUT_REDIRECT] 1 : Invalid condition id : UX_CORESTACK_Condition cause : null
2023-09-07 10:12:33,782 [INFO] LogOutputStream:77 - [STDOUT_REDIRECT] 1 : Invalid condition id : UX_CORESTACK_Condition cause : null
2023-09-07 10:12:33,783 [INFO] LogOutputStream:77 - [STDOUT_REDIRECT] 1 : Invalid condition id : UX_CORESTACK_Condition cause : null
2023-09-07 10:12:33,786 [WARN] PackLoader:240 - Cannot read IP mode file for STMicroelectronics.X-CUBE-AZRTOS-WL.2.0.0
2023-09-07 10:12:33,796 [WARN] PackLoader:240 - Cannot read IP mode file for WES.I-CUBE-Cesium.1.3.0
2023-09-07 10:12:33,801 [WARN] PackLoader:240 - Cannot read IP mode file for STMicroelectronics.X-CUBE-BLE2.3.3.0
2023-09-07 10:12:33,817 [WARN] PackLoader:240 - Cannot read IP mode file for STMicroelectronics.X-CUBE-ALGOBUILD.1.3.0
2023-09-07 10:12:33,830 [WARN] PackLoader:240 - Cannot read IP mode file for STMicroelectronics.X-CUBE-AZRTOS-G0.1.1.0
2023-09-07 10:12:33,837 [WARN] PackLoader:240 - Cannot read IP mode file for STMicroelectronics.X-CUBE-NFC4.3.0.0
2023-09-07 10:12:33,840 [WARN] PackLoader:240 - Cannot read IP mode file for STMicroelectronics.FP-ATR-SIGFOX1.3.2.0
2023-09-07 10:12:33,867 [WARN] PackLoader:240 - Cannot read IP mode file for SEGGER.I-CUBE-embOS.1.3.1
2023-09-07 10:12:33,895 [WARN] PackLoader:240 - Cannot read IP mode file for STMicroelectronics.X-CUBE-GNSS1.6.0.0
2023-09-07 10:12:33,906 [WARN] PackLoader:240 - Cannot read IP mode file for STMicroelectronics.X-CUBE-AZRTOS-F4.1.1.0
2023-09-07 10:12:33,911 [WARN] PackLoader:240 - Cannot read IP mode file for wolfSSL.I-CUBE-wolfSSL.5.6.3
2023-09-07 10:12:33,921 [WARN] PackLoader:240 - Cannot read IP mode file for STMicroelectronics.X-CUBE-AZRTOS-L5.2.0.0
2023-09-07 10:12:33,952 [WARN] PackLoader:240 - Cannot read IP mode file for STMicroelectronics.X-CUBE-MEMS1.9.6.0
2023-09-07 10:12:34,114 [WARN] PackLoader:240 - Cannot read IP mode file for STMicroelectronics.X-CUBE-BLEMGR.2.0.0
2023-09-07 10:12:34,127 [WARN] ConditionMgr:438 - getConditionDescription Invalid condition id : UX DEVICE CLASS RTOS Condition cause : null
2023-09-07 10:12:34,127 [WARN] ConditionMgr:438 - getConditionDescription Invalid condition id : UX DEVICE CLASS RTOS Condition cause : null
2023-09-07 10:12:34,129 [WARN] PackLoader:240 - Cannot read IP mode file for STMicroelectronics.X-CUBE-AZRTOS-H7.3.1.0
2023-09-07 10:12:34,130 [WARN] ConditionMgr:1039 - genDependencies : Invalid condition id : UX DEVICE CLASS RTOS Condition cause : null
2023-09-07 10:12:34,130 [WARN] ConditionMgr:1039 - genDependencies : Invalid condition id : UX DEVICE CLASS RTOS Condition cause : null
2023-09-07 10:12:34,130 [WARN] ConditionMgr:1039 - genDependencies : Invalid condition id : UX DEVICE CLASS RTOS Condition cause : null
2023-09-07 10:12:34,131 [WARN] ConditionMgr:1039 - genDependencies : Invalid condition id : UX DEVICE CLASS RTOS Condition cause : null
2023-09-07 10:12:34,131 [WARN] ConditionMgr:1039 - genDependencies : Invalid condition id : UX DEVICE CLASS RTOS Condition cause : null
2023-09-07 10:12:34,135 [WARN] PackLoader:240 - Cannot read IP mode file for wolfSSL.I-CUBE-wolfSSL.5.5.4
2023-09-07 10:12:34,198 [WARN] PackLoader:240 - Cannot read IP mode file for STMicroelectronics.X-CUBE-NFC7.1.0.1
2023-09-07 10:12:34,202 [WARN] PackLoader:240 - Cannot read IP mode file for STMicroelectronics.X-CUBE-EEPRMA1.4.1.0
2023-09-07 10:12:34,205 [WARN] PackLoader:240 - Cannot read IP mode file for STMicroelectronics.X-CUBE-AI.8.1.0
2023-09-07 10:12:34,217 [WARN] ConditionMgr:438 - getConditionDescription Invalid condition id : LAN8742 Phy interface Condition cause : null
2023-09-07 10:12:34,217 [WARN] PackLoader:240 - Cannot read IP mode file for STMicroelectronics.X-CUBE-AZRTOS-L4.2.0.0
2023-09-07 10:12:34,218 [WARN] ConditionMgr:1039 - genDependencies : Invalid condition id : LAN8742 Phy interface Condition cause : null
2023-09-07 10:12:34,218 [WARN] ConditionMgr:1039 - genDependencies : Invalid condition id : LAN8742 Phy interface Condition cause : null
2023-09-07 10:12:34,218 [WARN] ConditionMgr:1039 - genDependencies : Invalid condition id : LAN8742 Phy interface Condition cause : null
2023-09-07 10:12:34,223 [WARN] PackLoader:240 - Cannot read IP mode file for STMicroelectronics.X-CUBE-SFXS2LP1.4.0.0
2023-09-07 10:12:34,226 [WARN] PackLoader:240 - Cannot read IP mode file for STMicroelectronics.X-CUBE-ISPU.1.1.0
2023-09-07 10:12:34,234 [WARN] ConditionMgr:438 - getConditionDescription Invalid condition id : UX DEVICE CLASS RTOS Condition cause : null
2023-09-07 10:12:34,234 [WARN] ConditionMgr:438 - getConditionDescription Invalid condition id : UX DEVICE CLASS RTOS Condition cause : null
2023-09-07 10:12:34,236 [WARN] PackLoader:240 - Cannot read IP mode file for STMicroelectronics.X-CUBE-AZRTOS-WB.2.0.0
2023-09-07 10:12:34,236 [WARN] ConditionMgr:1039 - genDependencies : Invalid condition id : UX DEVICE CLASS RTOS Condition cause : null
2023-09-07 10:12:34,236 [WARN] ConditionMgr:1039 - genDependencies : Invalid condition id : UX DEVICE CLASS RTOS Condition cause : null
2023-09-07 10:12:34,236 [WARN] ConditionMgr:1039 - genDependencies : Invalid condition id : UX DEVICE CLASS RTOS Condition cause : null
2023-09-07 10:12:34,236 [WARN] ConditionMgr:1039 - genDependencies : Invalid condition id : UX DEVICE CLASS RTOS Condition cause : null
2023-09-07 10:12:34,237 [WARN] ConditionMgr:1039 - genDependencies : Invalid condition id : UX DEVICE CLASS RTOS Condition cause : null
2023-09-07 10:12:34,240 [WARN] PackLoader:240 - Cannot read IP mode file for STMicroelectronics.X-CUBE-FREERTOS.1.0.1
2023-09-07 10:12:34,293 [WARN] PackLoader:240 - Cannot read IP mode file for STMicroelectronics.X-CUBE-AZRTOS-L5.1.1.0
2023-09-07 10:12:34,297 [WARN] PackLoader:240 - Cannot read IP mode file for STMicroelectronics.X-CUBE-AI.8.0.1
2023-09-07 10:12:34,309 [WARN] PackLoader:240 - Cannot read IP mode file for STMicroelectronics.X-CUBE-SUBG2.5.0.0
2023-09-07 10:12:34,323 [WARN] PackLoader:240 - Cannot read IP mode file for STMicroelectronics.X-CUBE-TOF1.3.3.1
2023-09-07 10:12:34,348 [WARN] PackLoader:240 - Cannot read IP mode file for STMicroelectronics.X-CUBE-AZRTOS-G4.2.0.0
2023-09-07 10:12:34,359 [WARN] PackLoader:240 - Cannot read IP mode file for STMicroelectronics.X-CUBE-TOF1.3.3.0
2023-09-07 10:12:34,374 [WARN] PackLoader:240 - Cannot read IP mode file for STMicroelectronics.X-CUBE-FREERTOS.1.1.0
2023-09-07 10:12:34,380 [WARN] PackLoader:240 - Cannot read IP mode file for portGmbH.I-Cube-SoM-uGOAL.1.1.0
2023-09-07 10:12:34,384 [WARN] PackLoader:240 - Cannot read IP mode file for STMicroelectronics.X-CUBE-ALS.1.0.1
2023-09-07 10:12:34,398 [WARN] PackLoader:240 - Cannot read IP mode file for STMicroelectronics.X-CUBE-AZRTOS-WB.1.1.0
2023-09-07 10:12:34,404 [WARN] PackLoader:240 - Cannot read IP mode file for STMicroelectronics.FP-ATR-ASTRA1.2.0.0
2023-09-07 10:12:34,405 [INFO] ThirdParty:978 - Integrity check success = true
2023-09-07 10:12:34,405 [INFO] IntegrityCheckThread:100 - exiting critical section [integrity check]
2023-09-07 10:12:34,405 [INFO] IntegrityCheckThread:103 - End integrity checks thread
2023-09-07 10:12:53,010 [ERROR] LogOutputStream:75 - [STDERR_REDIRECT] SLF4J: Failed to load class "org.slf4j.impl.StaticLoggerBinder".
2023-09-07 10:12:53,010 [ERROR] LogOutputStream:75 - [STDERR_REDIRECT] SLF4J: Defaulting to no-operation (NOP) logger implementation
2023-09-07 10:12:53,011 [ERROR] LogOutputStream:75 - [STDERR_REDIRECT] SLF4J: See http://www.slf4j.org/codes.html#StaticLoggerBinder for further details.
