2023-07-26 09:37:10,239 [INFO] TasksAndQueuesTab:757 - Dynamic
2023-07-26 09:37:10,315 [WARN] TasksAndQueuesTab:763 - 128 128
2023-07-26 09:37:10,316 [WARN] TasksAndQueuesTab:775 - max value is: 3840.0
2023-07-26 09:37:13,356 [INFO] EditThreadDialog:704 - RAM SIZE (in KB): 128
2023-07-26 09:37:13,356 [INFO] EditThreadDialog:706 - RAM SIZE (in words): 32768
2023-07-26 09:37:23,331 [INFO] EditThreadDialog:704 - RAM SIZE (in KB): 128
2023-07-26 09:37:23,331 [INFO] EditThreadDialog:706 - RAM SIZE (in words): 32768
2023-07-26 09:37:34,638 [INFO] TasksAndQueuesTab:757 - Dynamic
2023-07-26 09:37:34,638 [WARN] TasksAndQueuesTab:763 - 128 128
2023-07-26 09:37:34,638 [WARN] TasksAndQueuesTab:775 - max value is: 3840.0
2023-07-26 09:37:34,638 [INFO] TasksAndQueuesTab:757 - Dynamic
2023-07-26 09:37:34,638 [WARN] TasksAndQueuesTab:763 - 128 128
2023-07-26 09:37:34,638 [WARN] TasksAndQueuesTab:775 - max value is: 3840.0
2023-07-26 09:37:34,688 [ERROR] RtosPanel:558 - Can not restore the selected Tab for FREERTOS(A reason can be that the tab is no more available.)
2023-07-26 09:37:43,688 [INFO] UtilMem:75 - End SaveConfig() Used Memory: 472319144 Bytes (951058432)
2023-07-26 09:37:43,858 [INFO] UtilMem:75 - End SaveConfig() Used Memory: 491193512 Bytes (951058432)
2023-07-26 09:37:44,272 [INFO] UtilMem:75 - End SaveConfig() Used Memory: 560399528 Bytes (951058432)
2023-07-26 09:37:45,923 [INFO] BlockDiagram:2759 - set Specific Code input for plugin: NVIC
2023-07-26 09:37:45,924 [INFO] BlockDiagram:2759 - set Specific Code input for plugin: FREERTOS
2023-07-26 09:37:45,924 [INFO] BlockDiagram:2759 - set Specific Code input for plugin: USART
2023-07-26 09:37:45,924 [INFO] BlockDiagram:2759 - set Specific Code input for plugin: SYS
2023-07-26 09:37:45,924 [INFO] BlockDiagram:2759 - set Specific Code input for plugin: GPIO
2023-07-26 09:37:45,924 [INFO] BlockDiagram:2759 - set Specific Code input for plugin: RCC
2023-07-26 09:37:45,925 [INFO] CodeGenerator:799 - code generatio: config db path: C:\ST\STM32CubeIDE_1.12.1\STM32CubeIDE\plugins\com.st.stm32cube.common.mx_6.9.0.202307051724\\db\
2023-07-26 09:37:46,136 [INFO] CodeEngine:255 - oldGeneratedFile, C:\Users\HP\Documents\git\STM32\freertos_test\MXTmpFiles\license.tmp_save
2023-07-26 09:37:46,200 [INFO] CodeEngine:279 - Generated code: C:\Users\HP\Documents\git\STM32\freertos_test\MXTmpFiles\license.tmp
2023-07-26 09:37:46,308 [INFO] CodeEngine:255 - oldGeneratedFile, C:\Users\HP\Documents\git\STM32\freertos_test\MXTmpFiles\gpio.tmp_save
2023-07-26 09:37:46,372 [INFO] CodeEngine:279 - Generated code: C:\Users\HP\Documents\git\STM32\freertos_test\MXTmpFiles\gpio.tmp
2023-07-26 09:37:46,423 [INFO] Middleware:1439 - No code input for Bsp Dependency
2023-07-26 09:37:46,430 [INFO] CodeEngine:255 - oldGeneratedFile, C:\Users\HP\Documents\git\STM32\freertos_test\MXTmpFiles\rtos_inc.tmp_save
2023-07-26 09:37:46,492 [INFO] CodeEngine:279 - Generated code: C:\Users\HP\Documents\git\STM32\freertos_test\MXTmpFiles\rtos_inc.tmp
2023-07-26 09:37:46,497 [INFO] CodeEngine:255 - oldGeneratedFile, C:\Users\HP\Documents\git\STM32\freertos_test\MXTmpFiles\rtos_kernelInit.tmp_save
2023-07-26 09:37:46,586 [INFO] CodeEngine:279 - Generated code: C:\Users\HP\Documents\git\STM32\freertos_test\MXTmpFiles\rtos_kernelInit.tmp
2023-07-26 09:37:46,603 [INFO] CodeEngine:255 - oldGeneratedFile, C:\Users\HP\Documents\git\STM32\freertos_test\MXTmpFiles\rtos_kernelStart.tmp_save
2023-07-26 09:37:46,669 [INFO] CodeEngine:279 - Generated code: C:\Users\HP\Documents\git\STM32\freertos_test\MXTmpFiles\rtos_kernelStart.tmp
2023-07-26 09:37:46,675 [INFO] CodeEngine:255 - oldGeneratedFile, C:\Users\HP\Documents\git\STM32\freertos_test\MXTmpFiles\rtos_typedefs.tmp_save
2023-07-26 09:37:46,713 [INFO] CodeEngine:279 - Generated code: C:\Users\HP\Documents\git\STM32\freertos_test\MXTmpFiles\rtos_typedefs.tmp
2023-07-26 09:37:46,739 [INFO] CodeEngine:255 - oldGeneratedFile, C:\Users\HP\Documents\git\STM32\freertos_test\MXTmpFiles\rtos_vars.tmp_save
2023-07-26 09:37:46,827 [INFO] CodeEngine:279 - Generated code: C:\Users\HP\Documents\git\STM32\freertos_test\MXTmpFiles\rtos_vars.tmp
2023-07-26 09:37:46,833 [INFO] CodeEngine:255 - oldGeneratedFile, C:\Users\HP\Documents\git\STM32\freertos_test\MXTmpFiles\rtos_pfp.tmp_save
2023-07-26 09:37:46,882 [INFO] CodeEngine:279 - Generated code: C:\Users\HP\Documents\git\STM32\freertos_test\MXTmpFiles\rtos_pfp.tmp
2023-07-26 09:37:46,888 [INFO] CodeEngine:255 - oldGeneratedFile, C:\Users\HP\Documents\git\STM32\freertos_test\MXTmpFiles\rtos_obj_creat.tmp_save
2023-07-26 09:37:46,946 [INFO] CodeEngine:279 - Generated code: C:\Users\HP\Documents\git\STM32\freertos_test\MXTmpFiles\rtos_obj_creat.tmp
2023-07-26 09:37:46,953 [INFO] CodeEngine:255 - oldGeneratedFile, C:\Users\HP\Documents\git\STM32\freertos_test\MXTmpFiles\rtos_default_thread.tmp_save
2023-07-26 09:37:47,002 [INFO] CodeEngine:279 - Generated code: C:\Users\HP\Documents\git\STM32\freertos_test\MXTmpFiles\rtos_default_thread.tmp
2023-07-26 09:37:47,009 [INFO] CodeEngine:255 - oldGeneratedFile, C:\Users\HP\Documents\git\STM32\freertos_test\MXTmpFiles\rtos_threads.tmp_save
2023-07-26 09:37:47,071 [INFO] CodeEngine:279 - Generated code: C:\Users\HP\Documents\git\STM32\freertos_test\MXTmpFiles\rtos_threads.tmp
2023-07-26 09:37:47,076 [INFO] Middleware:1439 - No code input for Bsp Dependency
2023-07-26 09:37:47,081 [INFO] CodeEngine:255 - oldGeneratedFile, C:\Users\HP\Documents\git\STM32\freertos_test\MXTmpFiles\rtos_inc.tmp_save
2023-07-26 09:37:47,135 [INFO] CodeEngine:279 - Generated code: C:\Users\HP\Documents\git\STM32\freertos_test\MXTmpFiles\rtos_inc.tmp
2023-07-26 09:37:47,144 [INFO] CodeEngine:255 - oldGeneratedFile, C:\Users\HP\Documents\git\STM32\freertos_test\MXTmpFiles\rtos_kernelInit.tmp_save
2023-07-26 09:37:47,183 [INFO] CodeEngine:279 - Generated code: C:\Users\HP\Documents\git\STM32\freertos_test\MXTmpFiles\rtos_kernelInit.tmp
2023-07-26 09:37:47,302 [INFO] CodeEngine:255 - oldGeneratedFile, C:\Users\HP\Documents\git\STM32\freertos_test\MXTmpFiles\rtos_kernelStart.tmp_save
2023-07-26 09:37:47,627 [INFO] CodeEngine:279 - Generated code: C:\Users\HP\Documents\git\STM32\freertos_test\MXTmpFiles\rtos_kernelStart.tmp
2023-07-26 09:37:47,630 [INFO] CodeEngine:255 - oldGeneratedFile, C:\Users\HP\Documents\git\STM32\freertos_test\MXTmpFiles\rtos_typedefs.tmp_save
2023-07-26 09:37:47,670 [INFO] CodeEngine:279 - Generated code: C:\Users\HP\Documents\git\STM32\freertos_test\MXTmpFiles\rtos_typedefs.tmp
2023-07-26 09:37:47,680 [INFO] CodeEngine:255 - oldGeneratedFile, C:\Users\HP\Documents\git\STM32\freertos_test\MXTmpFiles\rtos_vars.tmp_save
2023-07-26 09:37:47,721 [INFO] CodeEngine:279 - Generated code: C:\Users\HP\Documents\git\STM32\freertos_test\MXTmpFiles\rtos_vars.tmp
2023-07-26 09:37:47,724 [INFO] CodeEngine:255 - oldGeneratedFile, C:\Users\HP\Documents\git\STM32\freertos_test\MXTmpFiles\rtos_pfp.tmp_save
2023-07-26 09:37:47,763 [INFO] CodeEngine:279 - Generated code: C:\Users\HP\Documents\git\STM32\freertos_test\MXTmpFiles\rtos_pfp.tmp
2023-07-26 09:37:47,775 [INFO] CodeEngine:255 - oldGeneratedFile, C:\Users\HP\Documents\git\STM32\freertos_test\MXTmpFiles\rtos_obj_creat.tmp_save
2023-07-26 09:37:47,815 [INFO] CodeEngine:279 - Generated code: C:\Users\HP\Documents\git\STM32\freertos_test\MXTmpFiles\rtos_obj_creat.tmp
2023-07-26 09:37:47,818 [INFO] CodeEngine:255 - oldGeneratedFile, C:\Users\HP\Documents\git\STM32\freertos_test\MXTmpFiles\rtos_default_thread.tmp_save
2023-07-26 09:37:47,859 [INFO] CodeEngine:279 - Generated code: C:\Users\HP\Documents\git\STM32\freertos_test\MXTmpFiles\rtos_default_thread.tmp
2023-07-26 09:37:47,862 [INFO] CodeEngine:255 - oldGeneratedFile, C:\Users\HP\Documents\git\STM32\freertos_test\MXTmpFiles\rtos_threads.tmp_save
2023-07-26 09:37:47,900 [INFO] CodeEngine:279 - Generated code: C:\Users\HP\Documents\git\STM32\freertos_test\MXTmpFiles\rtos_threads.tmp
2023-07-26 09:37:47,968 [INFO] CodeEngine:255 - oldGeneratedFile, C:\Users\HP\Documents\git\STM32\freertos_test\Core\Inc\FreeRTOSConfig.h_save
2023-07-26 09:37:48,044 [INFO] CodeEngine:279 - Generated code: C:\Users\HP\Documents\git\STM32\freertos_test\Core\Inc\FreeRTOSConfig.h
2023-07-26 09:37:48,075 [INFO] CodeEngine:255 - oldGeneratedFile, C:\Users\HP\Documents\git\STM32\freertos_test\Core\Src\freertos.c_save
2023-07-26 09:37:48,136 [INFO] CodeEngine:279 - Generated code: C:\Users\HP\Documents\git\STM32\freertos_test\Core\Src\freertos.c
2023-07-26 09:37:48,154 [INFO] CodeEngine:255 - oldGeneratedFile, C:\Users\HP\Documents\git\STM32\freertos_test\Core\Src\stm32f4xx_it.c_save
2023-07-26 09:37:48,284 [INFO] CodeEngine:279 - Generated code: C:\Users\HP\Documents\git\STM32\freertos_test\Core\Src\stm32f4xx_it.c
2023-07-26 09:37:48,293 [INFO] CodeEngine:255 - oldGeneratedFile, C:\Users\HP\Documents\git\STM32\freertos_test\Core\Inc\stm32f4xx_it.h_save
2023-07-26 09:37:48,345 [INFO] CodeEngine:279 - Generated code: C:\Users\HP\Documents\git\STM32\freertos_test\Core\Inc\stm32f4xx_it.h
2023-07-26 09:37:48,364 [INFO] CodeEngine:255 - oldGeneratedFile, C:\Users\HP\Documents\git\STM32\freertos_test\Core\Src\stm32f4xx_hal_msp.c_save
2023-07-26 09:37:48,478 [INFO] CodeEngine:279 - Generated code: C:\Users\HP\Documents\git\STM32\freertos_test\Core\Src\stm32f4xx_hal_msp.c
2023-07-26 09:37:48,488 [INFO] CodeEngine:255 - oldGeneratedFile, C:\Users\HP\Documents\git\STM32\freertos_test\MXTmpFiles\system.tmp_save
2023-07-26 09:37:48,540 [INFO] CodeEngine:279 - Generated code: C:\Users\HP\Documents\git\STM32\freertos_test\MXTmpFiles\system.tmp
2023-07-26 09:37:48,594 [INFO] CodeEngine:311 - oldGeneratedFile, C:\Users\HP\Documents\git\STM32\freertos_test\Core\Inc\stm32f4xx_hal_conf.h_save
2023-07-26 09:37:48,666 [INFO] CodeEngine:335 - Generated code: C:\Users\HP\Documents\git\STM32\freertos_test\Core\Inc\stm32f4xx_hal_conf.h
2023-07-26 09:37:48,800 [INFO] CodeEngine:255 - oldGeneratedFile, C:\Users\HP\Documents\git\STM32\freertos_test\Core\Inc\main.h_save
2023-07-26 09:37:48,867 [INFO] CodeEngine:279 - Generated code: C:\Users\HP\Documents\git\STM32\freertos_test\Core\Inc\main.h
2023-07-26 09:37:48,882 [INFO] CodeEngine:255 - oldGeneratedFile, C:\Users\HP\Documents\git\STM32\freertos_test\Core\Src\main.c_save
2023-07-26 09:37:48,975 [INFO] CodeEngine:279 - Generated code: C:\Users\HP\Documents\git\STM32\freertos_test\Core\Src\main.c
2023-07-26 09:37:54,056 [INFO] ProjectBuilder:3064 - Time for Copy HAL[1] : 4822mS.
2023-07-26 09:37:54,058 [INFO] ProjectBuilder:4404 - Project Generator version: 4.1.0
2023-07-26 09:37:54,193 [INFO] ConfigFileManager:1457 - The Die is : DIE431
2023-07-26 09:37:55,009 [INFO] ProjectBuilder:4626 - Time for Generating toolchain IDE Files: 951mS.
2023-07-26 09:37:55,009 [INFO] ProjectBuilder:2935 - Time for Copy CMSIS : 0mS.
2023-07-26 09:37:55,014 [INFO] ProjectBuilder:2935 - Time for Copy CMSIS : 0mS.
