2023-06-22 15:49:07,658 [INFO] MainUpdater:2854 - connection check result : 10
2023-06-22 15:49:07,803 [INFO] McuFinderGlobals:66 - Set McuFinderConnectedMode to true
2023-06-22 15:49:07,803 [INFO] MultiScanPanel:200 - Auto-refresh data requested => check proxy status ongoing
2023-06-22 15:49:07,803 [INFO] FinderPluginLoader:95 - Searching for filters in installed packs
2023-06-22 15:49:08,770 [INFO] LoadUrlFilesThread:185 - End of LoadServerUrlFiles without Thread
2023-06-22 15:49:08,770 [INFO] DetailPanel:341 - Set advertising image to C:/Users/HP/STM32Cube/Repository/\en.prom-stm32h5-mcu-finder.jpg
2023-06-22 15:49:09,083 [INFO] ToolPreferences:110 - Table McuList, key=mcufinder_cubeide.mculist: column name not found=IO
2023-06-22 15:49:09,083 [INFO] ToolPreferences:110 - Table McuList, key=mcufinder_cubeide.mculist: column name not found=Freq.
2023-06-22 15:49:39,401 [INFO] MainUpdater:2854 - connection check result : 10
2023-06-22 15:49:39,480 [INFO] McuFinderGlobals:66 - Set McuFinderConnectedMode to true
2023-06-22 15:49:39,480 [INFO] MultiScanPanel:200 - Auto-refresh data requested => check proxy status ongoing
2023-06-22 15:49:39,480 [INFO] FinderPluginLoader:95 - Searching for filters in installed packs
2023-06-22 15:49:39,839 [INFO] LoadUrlFilesThread:185 - End of LoadServerUrlFiles without Thread
2023-06-22 15:49:39,839 [INFO] DetailPanel:341 - Set advertising image to C:/Users/HP/STM32Cube/Repository/\en.prom-stm32h5-mcu-finder.jpg
2023-06-22 15:49:40,120 [INFO] ToolPreferences:110 - Table McuList, key=mcufinder_cubeide.mculist: column name not found=IO
2023-06-22 15:49:40,120 [INFO] ToolPreferences:110 - Table McuList, key=mcufinder_cubeide.mculist: column name not found=Freq.
2023-06-22 15:49:43,088 [INFO] MultiScanPanel:200 - Auto-refresh data requested => check proxy status ongoing
2023-06-22 15:49:43,119 [INFO] LoadUrlFilesThread:185 - End of LoadServerUrlFiles without Thread
2023-06-22 15:49:43,119 [INFO] DetailPanel:341 - Set advertising image to C:/Users/HP/STM32Cube/Repository/\en.prom-stm32h5-mcu-finder.jpg
2023-06-22 15:50:02,917 [INFO] MainUpdater:2854 - connection check result : 10
2023-06-22 15:50:02,917 [INFO] MainUpdater:2854 - connection check result : 10
2023-06-22 15:50:02,995 [INFO] MicroXplorer:468 - Change Database Path : 
2023-06-22 15:50:02,995 [INFO] MicroXplorer:498 - Change Database Version : DB.6.0.81
2023-06-22 15:50:03,026 [WARN] ThirdParty:871 - waiting for thirdparty lock release [close project]
2023-06-22 15:50:03,026 [INFO] ThirdParty:873 - entering critical section [close project]
2023-06-22 15:50:03,026 [INFO] ThirdParty:883 - exiting critical section [close project]
2023-06-22 15:50:03,026 [INFO] PinOutPanel:1499 - setPackage(No Configuration,No Configuration)
2023-06-22 15:50:03,026 [WARN] IpParametersView:150 - Warning: This peripheral hasn't parameters
2023-06-22 15:50:03,026 [WARN] MainPanel:257 - <html><b><center>Warning: This peripheral has no parameters to be configured<br></b></html>
2023-06-22 15:50:03,026 [INFO] UtilMem:75 - Begin LoadConfig() Used Memory: 426256976 Bytes (993001472)
2023-06-22 15:50:03,042 [INFO] OpenFileManager:308 - Change cursor
2023-06-22 15:50:03,057 [INFO] RulesReader:64 - Compatibility file has been processed (293 Rules)
2023-06-22 15:50:03,073 [INFO] ProjectFactory:402 - No CPN specified for board NUCLEO-L152RE => set CPN to STM32L152RET6
2023-06-22 15:50:03,073 [INFO] Mcu:1937 - Initializing MCU STM32L152RETx STM32L152RETx STM32L152RET6
2023-06-22 15:50:04,041 [INFO] Context:659 - Trying to add GPIOservice into a context  which must be forbidden
2023-06-22 15:50:04,182 [INFO] Rule:228 - rule 117617 - U5Cobra4M][GTZC] default value MPCBB3 and MPCBB5 - Not Secured memory - MPCBB1 is applicable
2023-06-22 15:50:04,182 [INFO] Rule:228 - rule 117617 - U5Cobra4M][GTZC] default value MPCBB3 and MPCBB5 - Not Secured memory - MPCBB1 is applicable
2023-06-22 15:50:04,182 [INFO] Rule:228 - rule 117617 - U5Cobra4M][GTZC] default value MPCBB3 and MPCBB5 - Not Secured memory - MPCBB2 is applicable
2023-06-22 15:50:04,182 [INFO] Rule:228 - rule 117617 - U5Cobra4M][GTZC] default value MPCBB3 and MPCBB5 - Not Secured memory - MPCBB2 is applicable
2023-06-22 15:50:04,182 [INFO] Rule:228 - rule 117617 - U5Cobra4M][GTZC] default value MPCBB3 and MPCBB5 - Not Secured memory - MPCBB3 is applicable
2023-06-22 15:50:04,182 [INFO] Rule:228 - rule 117617 - U5Cobra4M][GTZC] default value MPCBB3 and MPCBB5 - Not Secured memory - MPCBB3 is applicable
2023-06-22 15:50:04,182 [INFO] Rule:228 - rule 117617 - U5Cobra4M][GTZC] default value MPCBB3 and MPCBB5 - Not Secured memory - MPCBB4 is applicable
2023-06-22 15:50:04,182 [INFO] Rule:228 - rule 117617 - U5Cobra4M][GTZC] default value MPCBB3 and MPCBB5 - Not Secured memory - MPCBB4 is applicable
2023-06-22 15:50:04,182 [INFO] Rule:228 - rule 117617 - U5Cobra4M][GTZC] default value MPCBB3 and MPCBB5 - Secured memory - MPCBB1 is applicable
2023-06-22 15:50:04,182 [INFO] Rule:228 - rule 117617 - U5Cobra4M][GTZC] default value MPCBB3 and MPCBB5 - Secured memory - MPCBB2 is applicable
2023-06-22 15:50:04,182 [INFO] Rule:228 - rule 117617 - U5Cobra4M][GTZC] default value MPCBB3 and MPCBB5 - Secured memory - MPCBB3 is applicable
2023-06-22 15:50:04,182 [INFO] Rule:228 - rule 117617 - U5Cobra4M][GTZC] default value MPCBB3 and MPCBB5 - Secured memory - MPCBB4 is applicable
2023-06-22 15:50:04,182 [INFO] Rule:228 - rule 117617 - U5Cobra4M][GTZC] default value MPCBB3 and MPCBB5 - Privileged memory - MPCBB1 is applicable
2023-06-22 15:50:04,182 [INFO] Rule:228 - rule 117617 - U5Cobra4M][GTZC] default value MPCBB3 and MPCBB5 - Privileged memory - MPCBB2 is applicable
2023-06-22 15:50:04,182 [INFO] Rule:228 - rule 117617 - U5Cobra4M][GTZC] default value MPCBB3 and MPCBB5 - Privileged memory - MPCBB3 is applicable
2023-06-22 15:50:04,182 [INFO] Rule:228 - rule 117617 - U5Cobra4M][GTZC] default value MPCBB3 and MPCBB5 - Privileged memory - MPCBB4 is applicable
2023-06-22 15:50:04,182 [INFO] Rule:228 - rule 117617 - U5Cobra4M][GTZC] default value MPCBB3 and MPCBB5 - Not Privileged memory - MPCBB1 is applicable
2023-06-22 15:50:04,182 [INFO] Rule:228 - rule 117617 - U5Cobra4M][GTZC] default value MPCBB3 and MPCBB5 - Not Privileged memory - MPCBB2 is applicable
2023-06-22 15:50:04,182 [INFO] Rule:228 - rule 117617 - U5Cobra4M][GTZC] default value MPCBB3 and MPCBB5 - Not Privileged memory - MPCBB3 is applicable
2023-06-22 15:50:04,182 [INFO] Rule:228 - rule 117617 - U5Cobra4M][GTZC] default value MPCBB3 and MPCBB5 - Not Privileged memory - MPCBB4 is applicable
2023-06-22 15:50:04,182 [INFO] Rule:228 - rule 117617 - U5Cobra4M][GTZC] default value MPCBB3 and MPCBB5 - Privileged memory - MPCBB1 is applicable
2023-06-22 15:50:04,182 [INFO] Rule:228 - rule 117617 - U5Cobra4M][GTZC] default value MPCBB3 and MPCBB5 - Privileged memory - MPCBB2 is applicable
2023-06-22 15:50:04,182 [INFO] Rule:228 - rule 117617 - U5Cobra4M][GTZC] default value MPCBB3 and MPCBB5 - Privileged memory - MPCBB3 is applicable
2023-06-22 15:50:04,182 [INFO] Rule:228 - rule 117617 - U5Cobra4M][GTZC] default value MPCBB3 and MPCBB5 - Privileged memory - MPCBB4 is applicable
2023-06-22 15:50:04,182 [INFO] Rule:228 - rule 117617 - U5Cobra4M][GTZC] default value MPCBB3 and MPCBB5 - Privileged memory - MPCBB1 is applicable
2023-06-22 15:50:04,182 [INFO] Rule:228 - rule 117617 - U5Cobra4M][GTZC] default value MPCBB3 and MPCBB5 - Privileged memory - MPCBB2 is applicable
2023-06-22 15:50:04,182 [INFO] Rule:228 - rule 117617 - U5Cobra4M][GTZC] default value MPCBB3 and MPCBB5 - Privileged memory - MPCBB3 is applicable
2023-06-22 15:50:04,182 [INFO] Rule:228 - rule 117617 - U5Cobra4M][GTZC] default value MPCBB3 and MPCBB5 - Privileged memory - MPCBB4 is applicable
2023-06-22 15:50:04,182 [INFO] Rule:228 - rule 117617 - U5Cobra4M][GTZC] default value MPCBB3 and MPCBB5 - Not Privileged memory - MPCBB1 is applicable
2023-06-22 15:50:04,182 [INFO] Rule:228 - rule 117617 - U5Cobra4M][GTZC] default value MPCBB3 and MPCBB5 - Not Privileged memory - MPCBB2 is applicable
2023-06-22 15:50:04,182 [INFO] Rule:228 - rule 117617 - U5Cobra4M][GTZC] default value MPCBB3 and MPCBB5 - Not Privileged memory - MPCBB3 is applicable
2023-06-22 15:50:04,182 [INFO] Rule:228 - rule 117617 - U5Cobra4M][GTZC] default value MPCBB3 and MPCBB5 - Not Privileged memory - MPCBB4 is applicable
2023-06-22 15:50:04,182 [INFO] Rule:228 - rule 117617 - U5Cobra4M][GTZC] default value MPCBB3 and MPCBB5 - Privileged memory - MPCBB1 is applicable
2023-06-22 15:50:04,182 [INFO] Rule:228 - rule 117617 - U5Cobra4M][GTZC] default value MPCBB3 and MPCBB5 - Privileged memory - MPCBB2 is applicable
2023-06-22 15:50:04,182 [INFO] Rule:228 - rule 117617 - U5Cobra4M][GTZC] default value MPCBB3 and MPCBB5 - Privileged memory - MPCBB3 is applicable
2023-06-22 15:50:04,182 [INFO] Rule:228 - rule 117617 - U5Cobra4M][GTZC] default value MPCBB3 and MPCBB5 - Privileged memory - MPCBB4 is applicable
2023-06-22 15:50:04,182 [INFO] Rule:228 - rule Rename SubGHz_Phy SUBGHZ_APPLICATION SUBGHZ_PINGPONG to SUBGHZ_ADV_APPLICATION is applicable
2023-06-22 15:50:04,182 [INFO] Rule:228 - rule Rename Enabled to IBEACON is applicable
2023-06-22 15:50:04,182 [INFO] Rule:228 - rule GTZC_S instance for project manager is applicable
2023-06-22 15:50:04,182 [INFO] Rule:228 - rule GTZC_S instance for context M33S is applicable
2023-06-22 15:50:04,182 [INFO] Rule:228 - rule GTZC_S instance value for IP GTZC is applicable
2023-06-22 15:50:04,182 [INFO] Rule:228 - rule GTZC_S instance for mcu.IP is applicable
2023-06-22 15:50:04,182 [INFO] Rule:228 - rule GTZC_S instance for VP is applicable
2023-06-22 15:50:04,182 [INFO] Rule:228 - rule GTZC_S instance for signal is applicable
2023-06-22 15:50:04,182 [INFO] Rule:228 - rule GTZC_S instance for mcu.Pin is applicable
2023-06-22 15:50:04,182 [INFO] Rule:228 - rule GTZC_S instance for VP is applicable
2023-06-22 15:50:04,182 [INFO] Rule:228 - rule GTZC_S instance for signal is applicable
2023-06-22 15:50:04,182 [INFO] Rule:228 - rule GTZC_S instance for mcu is applicable
2023-06-22 15:50:04,182 [INFO] Rule:228 - rule GTZC_S instance for mcu.Pin is applicable
2023-06-22 15:50:04,182 [INFO] Rule:228 - rule GTZC_S instance value for IP GTZC is applicable
2023-06-22 15:50:04,182 [INFO] Rule:228 - rule GTZC_S instance for project manager is applicable
2023-06-22 15:50:04,182 [INFO] Rule:228 - rule GTZC_S instance for context M33S is applicable
2023-06-22 15:50:04,182 [INFO] Rule:228 - rule GTZC_S instance for VP is applicable
2023-06-22 15:50:04,182 [INFO] Rule:228 - rule GTZC_S instance for signal is applicable
2023-06-22 15:50:04,182 [INFO] Rule:228 - rule SPDIFRX instance for mcu is applicable
2023-06-22 15:50:04,182 [INFO] Rule:228 - rule Rename Tracer Mode is applicable
2023-06-22 15:50:04,182 [INFO] Rule:228 - rule SPDIFRX instance value for IP SPDIFRX is applicable
2023-06-22 15:50:04,182 [INFO] Rule:228 - rule SPDIFRX instance for signal is applicable
2023-06-22 15:50:04,182 [INFO] Rule:228 - rule SPDIFRX instance for project manager is applicable
2023-06-22 15:50:04,182 [INFO] Rule:228 - rule SPDIFRX instance for project manager is applicable
2023-06-22 15:50:04,182 [INFO] Rule:228 - rule ADC Scan  fix with FW F7 is applicable
2023-06-22 15:50:04,182 [INFO] Rule:228 - rule ADC Scan  fix with FW F7 is applicable
2023-06-22 15:50:04,182 [INFO] Rule:228 - rule WakeUp0 Mode is applicable
2023-06-22 15:50:04,182 [INFO] Rule:228 - rule WakeUp0 SIGNAL is applicable
2023-06-22 15:50:04,182 [INFO] Rule:228 - rule WakeUp1 Mode is applicable
2023-06-22 15:50:04,182 [INFO] Rule:228 - rule WakeUp1 SIGNAL is applicable
2023-06-22 15:50:04,182 [INFO] Rule:228 - rule WakeUp2 Mode is applicable
2023-06-22 15:50:04,182 [INFO] Rule:228 - rule WakeUp2 SIGNAL is applicable
2023-06-22 15:50:04,182 [INFO] Rule:228 - rule WakeUp4 Mode is applicable
2023-06-22 15:50:04,182 [INFO] Rule:228 - rule WakeUp4 SIGNAL is applicable
2023-06-22 15:50:04,182 [INFO] Rule:228 - rule WakeUp5 Mode is applicable
2023-06-22 15:50:04,182 [INFO] Rule:228 - rule WakeUp5 SIGNAL is applicable
2023-06-22 15:50:04,182 [INFO] Rule:228 - rule Change Default Value for LSE Drive Capability for WB family is applicable
2023-06-22 15:50:04,182 [INFO] Rule:228 - rule Change Default Value for ADC Clock Prescaler G0 family is applicable
2023-06-22 15:50:04,182 [INFO] Rule:228 - rule Rename DIE462/DIE415 pin PC14/OSC32_IN -> PC14-OSC32_IN (PC14) is applicable
2023-06-22 15:50:04,182 [INFO] Rule:228 - rule Rename DIE462/DIE415 pin PC15/OSC32_OUT -> PC15-OSC32_OUT (PC15) is applicable
2023-06-22 15:50:04,182 [INFO] Rule:228 - rule Rename DIE462/DIE415 pin PH0/OSC_IN -> PH0-OSC_IN (PH0) is applicable
2023-06-22 15:50:04,182 [INFO] Rule:228 - rule Rename DIE462/DIE415 pin PH1/OSC_OUT -> PH1-OSC_OUT (PH1) is applicable
2023-06-22 15:50:04,182 [INFO] Rule:228 - rule Rename DIE462 pin PA13 -> PA13 (JTMS/SWDIO) is applicable
2023-06-22 15:50:04,182 [INFO] Rule:228 - rule Rename DIE415 pin PA13 -> PA13 (JTMS/SWDIO) is applicable
2023-06-22 15:50:04,182 [INFO] Rule:228 - rule Rename DIE462 pin PA14 -> PA14 (JTCK/SWCLK) is applicable
2023-06-22 15:50:04,182 [INFO] Rule:228 - rule Rename DIE415 pin PA14 -> PA14 (JTCK/SWCLK) is applicable
2023-06-22 15:50:04,182 [INFO] Rule:228 - rule Rename DIE462/DIE415 pin PA15 -> PA15 (JTDI) is applicable
2023-06-22 15:50:04,182 [INFO] Rule:228 - rule Rename DIE462 pin PB3 -> PB3 (JTD0/TRACESWO) is applicable
2023-06-22 15:50:04,182 [INFO] Rule:228 - rule Rename DIE415 pin PB3 -> PB3 (JTD0-TRACESWO) is applicable
2023-06-22 15:50:04,182 [INFO] Rule:228 - rule Rename DIE462/DIE415 pin PB4 -> PB4 (NJTRST) is applicable
2023-06-22 15:50:04,182 [INFO] Rule:228 - rule Rename DIE462 pin PH3/BOOT0 -> PH3-BOOT0 (BOOT0) is applicable
2023-06-22 15:50:04,182 [INFO] Rule:228 - rule Rename CRYP DataEncryptionTypesList to Algorithm is applicable
2023-06-22 15:50:04,182 [INFO] Rule:228 - rule Rename AES DataEncryptionTypesList to Algorithm is applicable
2023-06-22 15:50:04,182 [INFO] Rule:228 - rule Rename TDESECB to CRYP_TDES_ECB is applicable
2023-06-22 15:50:04,182 [INFO] Rule:228 - rule Rename TDESCBC to CRYP_TDES_CBC is applicable
2023-06-22 15:50:04,182 [INFO] Rule:228 - rule Rename DESECB to CRYP_DES_ECB is applicable
2023-06-22 15:50:04,182 [INFO] Rule:228 - rule Rename DESCBC to CRYP_DES_CBC is applicable
2023-06-22 15:50:04,182 [INFO] Rule:228 - rule Rename AESECB to CRYP_AES_ECB is applicable
2023-06-22 15:50:04,182 [INFO] Rule:228 - rule Rename AESCBC to CRYP_AES_CBC is applicable
2023-06-22 15:50:04,182 [INFO] Rule:228 - rule Rename AESCTR to CRYP_AES_CTR is applicable
2023-06-22 15:50:04,182 [INFO] Rule:228 - rule Rename AESGCM to CRYP_AES_GCM is applicable
2023-06-22 15:50:04,182 [INFO] Rule:228 - rule Rename AESCCM to CRYP_AES_CCM is applicable
2023-06-22 15:50:04,182 [INFO] Rule:228 - rule Rename CAN TimeSeg1 to BS1 is applicable
2023-06-22 15:50:04,182 [INFO] Rule:228 - rule Rename CAN TimeSeg2 to BS2 is applicable
2023-06-22 15:50:04,182 [INFO] Rule:228 - rule Rename CAN SyncJumpWidth to SJW is applicable
2023-06-22 15:50:04,182 [INFO] Rule:228 - rule TimeTriggeredMode to TTCM is applicable
2023-06-22 15:50:04,182 [INFO] Rule:228 - rule Rename CAN AutoBusOff to ABOM is applicable
2023-06-22 15:50:04,182 [INFO] Rule:228 - rule Rename CAN AutoWakeUp to AWUM is applicable
2023-06-22 15:50:04,182 [INFO] Rule:228 - rule Rename CAN AutoRetransmission to NART is applicable
2023-06-22 15:50:04,182 [INFO] Rule:228 - rule Rename CAN ReceiveFifoLocked to RFLM is applicable
2023-06-22 15:50:04,182 [INFO] Rule:228 - rule Rename CAN TransmitFifoPriority to TXFP is applicable
2023-06-22 15:50:04,182 [INFO] Rule:228 - rule Rename HRTIMER HRTIM_OUTPUTFAULTLEVEL_HIGH in HRTIMER HRTIM_OUTPUTFAULTLEVEL_HIGHZ is applicable
2023-06-22 15:50:04,182 [INFO] Rule:228 - rule Rename TIMER TIM_CLEARINPUTSOURCE_OCREFCLR in  TIMER TIM_CLEARINPUTSOURCE_NONE for F7 family is applicable
2023-06-22 15:50:04,182 [INFO] Rule:228 - rule FDCAN_R1 - Rename FDCAN mode Master into Classic is applicable
2023-06-22 15:50:04,182 [INFO] Rule:228 - rule FDCAN_R2 - Rename FDCAN mode Slave into Classic is applicable
2023-06-22 15:50:04,182 [INFO] Rule:228 - rule FDCAN1_R3 - if PA10.Mode=FullDuplex, add Pin PA12 is applicable
2023-06-22 15:50:04,182 [INFO] Rule:228 - rule FDCAN1_R3 - if PA9.Mode=FullDuplex, add Pin PA11 is applicable
2023-06-22 15:50:04,182 [INFO] Rule:228 - rule FDCAN1_R3 - Alternatepin_1 - if PE1.Mode=FullDuplex, add Pin PB9 is applicable
2023-06-22 15:50:04,182 [INFO] Rule:228 - rule FDCAN1_R3 - Alternatepin_1 - if PE0.Mode=FullDuplex, add Pin PB8 is applicable
2023-06-22 15:50:04,182 [INFO] Rule:228 - rule FDCAN1_R3 - Alternatepin_2 - if PD5.Mode=FullDuplex, add Pin PD1 is applicable
2023-06-22 15:50:04,182 [INFO] Rule:228 - rule FDCAN1_R3 - Alternatepin_2 - if PD4.Mode=FullDuplex, add Pin PD0 is applicable
2023-06-22 15:50:04,182 [INFO] Rule:228 - rule FDCAN1_R4 - Rename Mode FullDuplex into Enable FDCAN_TXFD for pin PA10 is applicable
2023-06-22 15:50:04,182 [INFO] Rule:228 - rule FDCAN1_R4 - Rename Mode FullDuplex into Enable FDCAN_TXFD for pin PA9 is applicable
2023-06-22 15:50:04,182 [INFO] Rule:228 - rule FDCAN1_R4 - Alternatepin_1 - Rename Mode FullDuplex into Enable FDCAN_TXFD for pin PE1 is applicable
2023-06-22 15:50:04,182 [INFO] Rule:228 - rule FDCAN1_R4 - Alternatepin_1 - Rename Mode FullDuplex into Enable FDCAN_TXFD for pin PE0 is applicable
2023-06-22 15:50:04,182 [INFO] Rule:228 - rule FDCAN1_R4 - Alternatepin_2 - Rename Mode FullDuplex into Enable FDCAN_TXFD for pin PD5 is applicable
2023-06-22 15:50:04,182 [INFO] Rule:228 - rule FDCAN1_R4 - Alternatepin_2 - Rename Mode FullDuplex into Enable FDCAN_TXFD for pin PD4 is applicable
2023-06-22 15:50:04,182 [INFO] Rule:228 - rule FDCAN2_R3 - if PD10.Mode=FullDuplex, add Pin PB13 is applicable
2023-06-22 15:50:04,182 [INFO] Rule:228 - rule FDCAN2_R3 - if PD9.Mode=FullDuplex, add Pin PB12 is applicable
2023-06-22 15:50:04,182 [INFO] Rule:228 - rule FDCAN2_R3 - Alternatepin_1 - if PB7.Mode=FullDuplex, add Pin PB6 is applicable
2023-06-22 15:50:04,182 [INFO] Rule:228 - rule FDCAN2_R3 - Alternatepin_1 - if PD9.Mode=FullDuplex, add Pin PB12 is applicable
2023-06-22 15:50:04,182 [INFO] Rule:228 - rule FDCAN2_R4 - Rename Mode FullDuplex into Enable FDCAN_TXFD for pin PD10 is applicable
2023-06-22 15:50:04,182 [INFO] Rule:228 - rule FDCAN2_R4 - Rename Mode FullDuplex into Enable FDCAN_TXFD for pin PD9 is applicable
2023-06-22 15:50:04,182 [INFO] Rule:228 - rule FDCAN2_R4 - Alternatepin_1 - Rename Mode FullDuplex into Enable FDCAN_TXFD for pin PB7 is applicable
2023-06-22 15:50:04,182 [INFO] Rule:228 - rule FDCAN2_R4 - Alternatepin_1 - Rename Mode FullDuplex into Enable FDCAN_TXFD for pin PD6 is applicable
2023-06-22 15:50:04,182 [INFO] Rule:228 - rule USART TxPinLevelInvertParam Mode is applicable
2023-06-22 15:50:04,182 [INFO] Rule:228 - rule USART RxPinLevelInvertParam Mode is applicable
2023-06-22 15:50:04,182 [INFO] Rule:228 - rule USART DataInvertParam Mode is applicable
2023-06-22 15:50:04,182 [INFO] Rule:228 - rule USART SwapParam Mode is applicable
2023-06-22 15:50:04,182 [INFO] Rule:228 - rule USART OverrunDisableParam Mode is applicable
2023-06-22 15:50:04,182 [INFO] Rule:228 - rule USART DMADisableonRxErrorParam Mode is applicable
2023-06-22 15:50:04,182 [INFO] Rule:228 - rule USART MSBFirstParam Mode is applicable
2023-06-22 15:50:04,182 [INFO] Rule:228 - rule Update MwName for USB_DEVICE is applicable
2023-06-22 15:50:04,182 [INFO] Rule:228 - rule Change PWR_Regulator_Voltage_Scale Default Value for RCC  H7 family is applicable
2023-06-22 15:50:04,182 [INFO] Rule:228 - rule UART/USART IPParameter rename Prescaler parameter to ClockPrescaler is applicable
2023-06-22 15:50:04,182 [INFO] Rule:228 - rule UART/USART Prescaler rename Prescaler parameter to ClockPrescaler is applicable
2023-06-22 15:50:04,182 [INFO] Rule:228 - rule TIM1CLockSelection is applicable
2023-06-22 15:50:04,182 [INFO] Rule:228 - rule TIM15CLockSelection is applicable
2023-06-22 15:50:04,182 [INFO] Rule:228 - rule align RCC SDMMC3CLockSelection default value on MP1 is applicable
2023-06-22 15:50:04,182 [INFO] Rule:228 - rule align RCC SDMMC12CLockSelection default value on MP1 is applicable
2023-06-22 15:50:04,198 [INFO] Rule:228 - rule align RCC QSPICLockSelection default value on MP1 is applicable
2023-06-22 15:50:04,198 [INFO] Rule:228 - rule align RCC QSPICLockSelection default value on MP1 is applicable
2023-06-22 15:50:04,198 [INFO] Rule:228 - rule align RCC SPI6CLockSelection default value on MP1 is applicable
2023-06-22 15:50:04,198 [INFO] Rule:228 - rule align RCC LPTIM23CLockSelection default value on MP1 is applicable
2023-06-22 15:50:04,198 [INFO] Rule:228 - rule align RCC LPTIM1CLockSelection default value on MP1 is applicable
2023-06-22 15:50:04,198 [INFO] Rule:228 - rule align RCC USART1CLockSelection default value on MP1 is applicable
2023-06-22 15:50:04,198 [INFO] Rule:228 - rule align RCC USART24CLockSelection default value on MP1 is applicable
2023-06-22 15:50:04,198 [INFO] Rule:228 - rule align RCC USART6CLockSelection default value on MP1 is applicable
2023-06-22 15:50:04,198 [INFO] Rule:228 - rule align RCC UART78CLockSelection default value on MP1 is applicable
2023-06-22 15:50:04,198 [INFO] Rule:228 - rule align RCC USART35CLockSelection default value on MP1 is applicable
2023-06-22 15:50:04,198 [INFO] Rule:228 - rule align RCC SPI45CLockSelection default value on MP1 is applicable
2023-06-22 15:50:04,198 [INFO] Rule:228 - rule align RCC I2C46CLockSelection BCLK value on MP1 is applicable
2023-06-22 15:50:04,198 [INFO] Rule:228 - rule align RCC SPI45CLockSelection default value on MP1 is applicable
2023-06-22 15:50:04,198 [INFO] Rule:228 - rule align RCC I2C12CLockSelection default value on MP1 is applicable
2023-06-22 15:50:04,198 [INFO] Rule:228 - rule align RCC I2C35CLockSelection default value on MP1 is applicable
2023-06-22 15:50:04,198 [INFO] Rule:228 - rule align RCC LPTIM45CLockSelection default value on MP1 is applicable
2023-06-22 15:50:04,198 [INFO] Rule:228 - rule Rename DCMI PIXCK signal is applicable
2023-06-22 15:50:04,198 [INFO] Rule:228 - rule Change Default Value for I2C46CLockSelection MP1 family is applicable
2023-06-22 15:50:04,198 [INFO] Rule:228 - rule Change Default Value for UART for G4, G0 and WB families is applicable
2023-06-22 15:50:04,198 [INFO] Rule:228 - rule Change Default Value for USART for G4, G0 and WB families is applicable
2023-06-22 15:50:04,198 [INFO] Rule:228 - rule Change Default Value for USART for G4 family is applicable
2023-06-22 15:50:04,198 [INFO] Rule:228 - rule Change USART1CLockSelection refparam name for MP1 is applicable
2023-06-22 15:50:04,198 [INFO] Rule:228 - rule Change USART2CLockSelection refparam name for MP1 is applicable
2023-06-22 15:50:04,198 [INFO] Rule:228 - rule Change USART3CLockSelection refparam name for MP1 is applicable
2023-06-22 15:50:04,198 [INFO] Rule:228 - rule Change UART4CLockSelection refparam name for MP1 is applicable
2023-06-22 15:50:04,198 [INFO] Rule:228 - rule Change UART5CLockSelection refparam name for MP1 is applicable
2023-06-22 15:50:04,198 [INFO] Rule:228 - rule Change LPUART1CLockSelection refparam name for MP1 is applicable
2023-06-22 15:50:04,198 [INFO] Rule:228 - rule Change LPTIM1CLockSelection refparam name for MP1 is applicable
2023-06-22 15:50:04,198 [INFO] Rule:228 - rule Change LPTIM2CLockSelection refparam name for MP1 is applicable
2023-06-22 15:50:04,198 [INFO] Rule:228 - rule Change RCC_MCO1Source refparam name for MP1 is applicable
2023-06-22 15:50:04,198 [INFO] Rule:228 - rule Change LSCOSource1 refparam name for MP1 is applicable
2023-06-22 15:50:04,198 [INFO] Rule:228 - rule Change SMPSCLockSelection refparam name for MP1 is applicable
2023-06-22 15:50:04,198 [INFO] Rule:228 - rule Change LPTIM3CLockSelection refparam name for MP1 is applicable
2023-06-22 15:50:04,198 [INFO] Rule:228 - rule Change MPCBB* Default Template Mode to Parameters is applicable
2023-06-22 15:50:04,198 [INFO] Rule:228 - rule Change MPCWM* or MPCBB* Secure Mode to Parameters is applicable
2023-06-22 15:50:04,198 [INFO] Rule:228 - rule Change MPCWM* or MPCBB* No Secure Mode to Parameters is applicable
2023-06-22 15:50:04,198 [INFO] Rule:228 - rule Change TZSC IP Secure Mode to Parameters is applicable
2023-06-22 15:50:04,198 [INFO] Rule:228 - rule Change TZSC IP No Secure Mode to Parameters is applicable
2023-06-22 15:50:04,198 [INFO] Rule:228 - rule Change TZSC IP Privilege Mode to Parameters is applicable
2023-06-22 15:50:04,198 [INFO] Rule:228 - rule Change TZSC IP No Privilege Mode to Parameters is applicable
2023-06-22 15:50:04,198 [INFO] Rule:228 - rule Change TZIC IT Secure Mode to Parameters is applicable
2023-06-22 15:50:04,198 [INFO] Rule:228 - rule Change TZIC IT No Secure Mode to Parameters is applicable
2023-06-22 15:50:04,198 [INFO] Rule:228 - rule Add MPCBB1_NonSecureArea_Start_Address value with referenced to MPCBB1_NonSecureArea_Start value is applicable
2023-06-22 15:50:04,198 [INFO] Rule:228 - rule Add MPCBB2_NonSecureArea_Start_Address value with referenced to MPCBB2_NonSecureArea_Start value is applicable
2023-06-22 15:50:04,198 [INFO] Rule:228 - rule Add MPCWM1_NonSecureArea*_Start_Address value with referenced to MPCWM1_NonSecureArea*_Start value is applicable
2023-06-22 15:50:04,198 [INFO] Rule:228 - rule Add MPCWM2_NonSecureArea*_Start_Address value with referenced to MPCWM2_NonSecureArea*_Start value is applicable
2023-06-22 15:50:04,198 [INFO] Rule:228 - rule Add MPCWM3_NonSecureArea_Start_Address value with referenced to MPCWM3_NonSecureArea_Start value is applicable
2023-06-22 15:50:04,198 [INFO] Rule:228 - rule Change Default Value for PLL1UserDefinedConfig is applicable
2023-06-22 15:50:04,198 [INFO] Rule:228 - rule Change GPIO_PuPd Default Value for USART in async mode is applicable
2023-06-22 15:50:04,198 [INFO] Rule:228 - rule Change SMPSDivider Default Value is applicable
2023-06-22 15:50:04,198 [INFO] Rule:228 - rule OPAMP is applicable
2023-06-22 15:50:04,198 [INFO] Rule:228 - rule LPUART IPParameter rename Prescaler parameter to ClockPrescaler for STM32H7 is applicable
2023-06-22 15:50:04,198 [INFO] Rule:228 - rule LPUART IPParameter rename Prescaler parameter to ClockPrescaler for STM32H7 is applicable
2023-06-22 15:50:04,198 [INFO] Rule:228 - rule LPUART IPParameter rename Prescaler parameter to ClockPrescaler for STM32WB is applicable
2023-06-22 15:50:04,198 [INFO] Rule:228 - rule LPUART IPParameter rename Prescaler parameter to ClockPrescaler for STM32WB is applicable
2023-06-22 15:50:04,198 [INFO] Rule:228 - rule LPUART IPParameter rename Prescaler parameter to ClockPrescaler for STM32G4 is applicable
2023-06-22 15:50:04,198 [INFO] Rule:228 - rule LPUART IPParameter rename Prescaler parameter to ClockPrescaler for STM32G4 is applicable
2023-06-22 15:50:04,198 [INFO] Rule:228 - rule LPUART IPParameter rename Prescaler parameter to ClockPrescaler for STM32L5 is applicable
2023-06-22 15:50:04,198 [INFO] Rule:228 - rule LPUART IPParameter rename Prescaler parameter to ClockPrescaler for STM32L5 is applicable
2023-06-22 15:50:04,198 [INFO] Rule:228 - rule LPUART IPParameter rename Prescaler parameter to ClockPrescaler for STM32G4 is applicable
2023-06-22 15:50:04,198 [INFO] Rule:228 - rule LPUART IPParameter rename Prescaler parameter to ClockPrescaler for STM32G4 is applicable
2023-06-22 15:50:04,198 [INFO] Rule:228 - rule USB device lib V2.5.3 for L0 rename USBD_SUPPORT_USER_STRING parameter to USBD_SUPPORT_USER_STRING_DESC4 is applicable
2023-06-22 15:50:04,198 [INFO] Rule:228 - rule I2SCLockSelection clock entry align is applicable
2023-06-22 15:50:04,198 [INFO] Rule:228 - rule Assign TIMx context if used as SYS timebase is applicable
2023-06-22 15:50:04,198 [INFO] Rule:228 - rule Change GPIO_Pu Default Value for I2C is applicable
2023-06-22 15:50:04,198 [INFO] Rule:228 - rule Change GPIO_Pu Default Value for SMBus is applicable
2023-06-22 15:50:04,198 [INFO] Rule:228 - rule change FDCAN default value is applicable
2023-06-22 15:50:04,198 [INFO] Rule:228 - rule Change mode sai is applicable
2023-06-22 15:50:04,198 [INFO] Rule:228 - rule **Change sai mode is applicable
2023-06-22 15:50:04,198 [INFO] DbConfProperties:307 - Apply Compatibility (21/215 Rules)
2023-06-22 15:50:04,213 [INFO] ImportTextPane:194 - (OptionalMessage_ERROR) Unable to find key (Mcu.ThirdPartyNb) in loaded IOC file
2023-06-22 15:50:04,291 [INFO] RtosManager:555 - Registered RTOS mode: class=CMSIS, group=RTOS, mode=CMSIS_V1, owner=FREERTOS
2023-06-22 15:50:04,291 [INFO] RtosManager:555 - Registered RTOS mode: class=CMSIS, group=RTOS2, mode=CMSIS_V2, owner=FREERTOS
2023-06-22 15:50:04,291 [INFO] RtosManager:555 - Registered RTOS mode: class=RTOS, group=Core, mode=CMSIS_V1, owner=FREERTOS
2023-06-22 15:50:04,291 [INFO] RtosManager:555 - Registered RTOS mode: class=RTOS, group=Core, mode=CMSIS_V2, owner=FREERTOS
2023-06-22 15:50:04,291 [WARN] ModelIntegratedComponent:184 - Missing modes for component STMicroelectronics:FreeRTOS:0.0.1:STMicroelectronics:RTOS:FreeRTOS:Core:::10.2.0:
2023-06-22 15:50:04,307 [WARN] ModelIntegratedComponent:63 - No mode defined for component null
2023-06-22 15:50:04,307 [WARN] ModelIntegratedComponent:63 - No mode defined for component null
2023-06-22 15:50:04,307 [WARN] ModelIntegratedComponent:63 - No mode defined for component null
2023-06-22 15:50:04,307 [WARN] ModelIntegratedComponent:63 - No mode defined for component null
2023-06-22 15:50:04,307 [WARN] ModelIntegratedComponent:63 - No mode defined for component null
2023-06-22 15:50:04,307 [WARN] ModelIntegratedComponent:63 - No mode defined for component null
2023-06-22 15:50:04,307 [WARN] ModelIntegratedComponent:63 - No mode defined for component null
2023-06-22 15:50:04,307 [WARN] ModelIntegratedComponent:63 - No mode defined for component null
2023-06-22 15:50:04,307 [WARN] ModelIntegratedComponent:63 - No mode defined for component null
2023-06-22 15:50:04,307 [WARN] ModelIntegratedComponent:63 - No mode defined for component null
2023-06-22 15:50:04,307 [WARN] ModelIntegratedComponent:63 - No mode defined for component null
2023-06-22 15:50:04,307 [WARN] ModelIntegratedComponent:63 - No mode defined for component null
2023-06-22 15:50:04,307 [WARN] ModelIntegratedComponent:63 - No mode defined for component null
2023-06-22 15:50:04,307 [WARN] ModelIntegratedComponent:63 - No mode defined for component null
2023-06-22 15:50:04,307 [WARN] ModelIntegratedComponent:63 - No mode defined for component null
2023-06-22 15:50:04,307 [WARN] ModelIntegratedComponent:63 - No mode defined for component null
2023-06-22 15:50:04,307 [WARN] ModelIntegratedComponent:63 - No mode defined for component null
2023-06-22 15:50:04,307 [WARN] ModelIntegratedComponent:63 - No mode defined for component null
2023-06-22 15:50:04,307 [WARN] ModelIntegratedComponent:63 - No mode defined for component null
2023-06-22 15:50:04,307 [WARN] ModelIntegratedComponent:63 - No mode defined for component null
2023-06-22 15:50:04,307 [WARN] ModelIntegratedComponent:63 - No mode defined for component null
2023-06-22 15:50:04,307 [WARN] ModelIntegratedComponent:63 - No mode defined for component null
2023-06-22 15:50:04,307 [WARN] ModelIntegratedComponent:63 - No mode defined for component null
2023-06-22 15:50:04,307 [WARN] ModelIntegratedComponent:63 - No mode defined for component null
2023-06-22 15:50:04,307 [WARN] ModelIntegratedComponent:63 - No mode defined for component null
2023-06-22 15:50:04,307 [WARN] ModelIntegratedComponent:63 - No mode defined for component null
2023-06-22 15:50:04,307 [WARN] ModelIntegratedComponent:63 - No mode defined for component null
2023-06-22 15:50:04,307 [WARN] ModelIntegratedComponent:63 - No mode defined for component null
2023-06-22 15:50:04,307 [WARN] ModelIntegratedComponent:63 - No mode defined for component null
2023-06-22 15:50:04,307 [WARN] ModelIntegratedComponent:63 - No mode defined for component null
2023-06-22 15:50:04,307 [WARN] ModelIntegratedComponent:63 - No mode defined for component null
2023-06-22 15:50:04,307 [WARN] ModelIntegratedComponent:63 - No mode defined for component null
2023-06-22 15:50:04,307 [WARN] ModelIntegratedComponent:63 - No mode defined for component null
2023-06-22 15:50:04,369 [INFO] ThirdPartyModel:298 - Start build external matchings
2023-06-22 15:50:04,979 [INFO] ThirdPartyModel:316 - End build external matchings
2023-06-22 15:50:04,979 [INFO] ImportTextPane:194 - (OptionalMessage_ERROR) IP (RCC) : Invalid parameter (FamilyName)
2023-06-22 15:50:04,994 [INFO] ImportTextPane:194 - (OptionalMessage_ERROR) IP (RCC) : Parameter (RTCHSEDivFreq_Value) has invalid value (4000000)
2023-06-22 15:50:04,994 [INFO] ImportTextPane:194 - (OptionalMessage_ERROR) IP (RCC) : Invalid parameter (TIMFreq_Value)
2023-06-22 15:50:04,994 [INFO] ImportTextPane:194 - (OptionalMessage_ERROR) IP (RCC) : Invalid parameter (USBOutput)
2023-06-22 15:50:05,166 [INFO] UtilMem:75 - End LoadConfig() Used Memory: 773645312 Bytes (993001472)
2023-06-22 15:50:05,291 [WARN] ThirdParty:833 - waiting for thirdparty lock release [change project]
2023-06-22 15:50:05,291 [INFO] ThirdParty:835 - entering critical section [change project]
2023-06-22 15:50:05,291 [INFO] ThirdParty:1030 - CMSIS Pack Vendor :STMicroelectronics X-CUBE-ISPU 1.1.0
2023-06-22 15:50:05,291 [INFO] ThirdParty:1030 - CMSIS Pack Vendor :RoweBots I-CUBE-UNISONRTOS 5.5.0-4
2023-06-22 15:50:05,291 [INFO] ThirdParty:1030 - CMSIS Pack Vendor :STMicroelectronics X-CUBE-GNSS1 6.0.0
2023-06-22 15:50:05,291 [INFO] ThirdParty:1030 - CMSIS Pack Vendor :STMicroelectronics USB_HOST 2.0.0
2023-06-22 15:50:05,291 [INFO] ThirdParty:1030 - CMSIS Pack Vendor :STMicroelectronics X-CUBE-AZRTOS-F4 1.1.0
2023-06-22 15:50:05,291 [INFO] ThirdParty:1030 - CMSIS Pack Vendor :STMicroelectronics LIBJPEG 8.0.0
2023-06-22 15:50:05,291 [INFO] ThirdParty:1030 - CMSIS Pack Vendor :STMicroelectronics X-CUBE-SMBUS 2.1.0
2023-06-22 15:50:05,291 [INFO] ThirdParty:1030 - CMSIS Pack Vendor :STMicroelectronics USB_DEVICE 3.0.0
2023-06-22 15:50:05,291 [INFO] ThirdParty:1030 - CMSIS Pack Vendor :STMicroelectronics X-CUBE-AI 8.0.0
2023-06-22 15:50:05,291 [INFO] ThirdParty:1030 - CMSIS Pack Vendor :STMicroelectronics X-CUBE-FREERTOS 1.0.0
2023-06-22 15:50:05,291 [INFO] ThirdParty:1030 - CMSIS Pack Vendor :STMicroelectronics X-CUBE-FREERTOS 1.0.1
2023-06-22 15:50:05,291 [INFO] ThirdParty:1030 - CMSIS Pack Vendor :STMicroelectronics X-CUBE-TOUCHGFX 4.21.1
2023-06-22 15:50:05,291 [INFO] ThirdParty:1030 - CMSIS Pack Vendor :STMicroelectronics X-CUBE-TOUCHGFX 4.21.3
2023-06-22 15:50:05,291 [INFO] ThirdParty:1030 - CMSIS Pack Vendor :STMicroelectronics X-CUBE-AZRTOS-F7 1.1.0
2023-06-22 15:50:05,291 [INFO] ThirdParty:1030 - CMSIS Pack Vendor :STMicroelectronics X-CUBE-TOUCHGFX 4.21.4
2023-06-22 15:50:05,291 [INFO] ThirdParty:1030 - CMSIS Pack Vendor :STMicroelectronics USB_DEVICE 2.0.0
2023-06-22 15:50:05,291 [INFO] ThirdParty:1030 - CMSIS Pack Vendor :STMicroelectronics X-CUBE-AI 7.3.0
2023-06-22 15:50:05,291 [INFO] ThirdParty:1030 - CMSIS Pack Vendor :STMicroelectronics X-CUBE-MEMS1 9.6.0
2023-06-22 15:50:05,291 [INFO] ThirdParty:1030 - CMSIS Pack Vendor :STMicroelectronics FP-SNS-MOTENV1 4.3.0
2023-06-22 15:50:05,291 [INFO] ThirdParty:1030 - CMSIS Pack Vendor :STMicroelectronics FP-SNS-FLIGHT1 5.0.0
2023-06-22 15:50:05,291 [INFO] ThirdParty:1030 - CMSIS Pack Vendor :STMicroelectronics FP-SNS-MOTENV1 4.3.1
2023-06-22 15:50:05,291 [INFO] ThirdParty:1030 - CMSIS Pack Vendor :STMicroelectronics FP-SNS-FLIGHT1 5.0.1
2023-06-22 15:50:05,291 [INFO] ThirdParty:1030 - CMSIS Pack Vendor :STMicroelectronics X-CUBE-ALGOBUILD 1.3.0
2023-06-22 15:50:05,291 [INFO] ThirdParty:1030 - CMSIS Pack Vendor :STMicroelectronics X-CUBE-BLE1 6.2.4
2023-06-22 15:50:05,291 [INFO] ThirdParty:1030 - CMSIS Pack Vendor :STMicroelectronics X-CUBE-AZRTOS-L5 1.1.0
2023-06-22 15:50:05,291 [INFO] ThirdParty:1030 - CMSIS Pack Vendor :STMicroelectronics FreeRTOS 0.0.1
2023-06-22 15:50:05,291 [INFO] ThirdParty:1030 - CMSIS Pack Vendor :STMicroelectronics X-CUBE-AZRTOS-G0 1.1.0
2023-06-22 15:50:05,291 [INFO] ThirdParty:1030 - CMSIS Pack Vendor :emotas I-CUBE-CANOPEN 1.1.3
2023-06-22 15:50:05,291 [INFO] ThirdParty:1030 - CMSIS Pack Vendor :STMicroelectronics X-CUBE-BLEMGR 2.0.0
2023-06-22 15:50:05,291 [INFO] ThirdParty:1030 - CMSIS Pack Vendor :STMicroelectronics X-CUBE-AI 8.0.1
2023-06-22 15:50:05,291 [INFO] ThirdParty:1030 - CMSIS Pack Vendor :STMicroelectronics X-CUBE-NFC4 3.0.0
2023-06-22 15:50:05,291 [INFO] ThirdParty:1030 - CMSIS Pack Vendor :STMicroelectronics X-CUBE-SUBG2 5.0.0
2023-06-22 15:50:05,291 [INFO] ThirdParty:1030 - CMSIS Pack Vendor :STMicroelectronics STM32_WPAN 1.0.0
2023-06-22 15:50:05,291 [INFO] ThirdParty:1030 - CMSIS Pack Vendor :STMicroelectronics lwIP 2.0.3
2023-06-22 15:50:05,291 [INFO] ThirdParty:1030 - CMSIS Pack Vendor :STMicroelectronics USB_HOST 1.0.0
2023-06-22 15:50:05,291 [INFO] ThirdParty:1030 - CMSIS Pack Vendor :STMicroelectronics X-CUBE-AZRTOS-G4 2.0.0
2023-06-22 15:50:05,291 [INFO] ThirdParty:1030 - CMSIS Pack Vendor :STMicroelectronics PDM2PCM 3.1.0
2023-06-22 15:50:05,291 [INFO] ThirdParty:1030 - CMSIS Pack Vendor :STMicroelectronics X-CUBE-AZRTOS-H7 3.1.0
2023-06-22 15:50:05,291 [INFO] ThirdParty:1030 - CMSIS Pack Vendor :STMicroelectronics X-CUBE-TOF1 3.3.0
2023-06-22 15:50:05,291 [INFO] ThirdParty:1030 - CMSIS Pack Vendor :STMicroelectronics FP-ATR-ASTRA1 1.1.1
2023-06-22 15:50:05,291 [INFO] ThirdParty:1030 - CMSIS Pack Vendor :STMicroelectronics PDM2PCM 3.3.0
2023-06-22 15:50:05,291 [INFO] ThirdParty:1030 - CMSIS Pack Vendor :STMicroelectronics X-CUBE-DISPLAY 3.0.0
2023-06-22 15:50:05,291 [INFO] ThirdParty:1030 - CMSIS Pack Vendor :STMicroelectronics X-CUBE-BLEMGR 1.3.0
2023-06-22 15:50:05,291 [INFO] ThirdParty:1030 - CMSIS Pack Vendor :STMicroelectronics FP-ATR-SIGFOX1 3.2.0
2023-06-22 15:50:05,291 [INFO] ThirdParty:1030 - CMSIS Pack Vendor :STMicroelectronics X-CUBE-AZRTOS-G4 1.0.0
2023-06-22 15:50:05,291 [INFO] ThirdParty:1030 - CMSIS Pack Vendor :wolfSSL I-CUBE-wolfSSL 5.5.4
2023-06-22 15:50:05,291 [INFO] ThirdParty:1030 - CMSIS Pack Vendor :STMicroelectronics X-CUBE-AZRTOS-L4 1.0.0
2023-06-22 15:50:05,291 [INFO] ThirdParty:1030 - CMSIS Pack Vendor :STMicroelectronics HAL Drivers 0.0.0
2023-06-22 15:50:05,291 [INFO] ThirdParty:1030 - CMSIS Pack Vendor :STMicroelectronics MBEDTLS 2.16.2
2023-06-22 15:50:05,291 [INFO] ThirdParty:1030 - CMSIS Pack Vendor :STMicroelectronics X-CUBE-NFC7 1.0.1
2023-06-22 15:50:05,291 [INFO] ThirdParty:1030 - CMSIS Pack Vendor :STMicroelectronics MBEDTLS 2.14.1
2023-06-22 15:50:05,291 [INFO] ThirdParty:1030 - CMSIS Pack Vendor :STMicroelectronics X-CUBE-NFC7 1.0.0
2023-06-22 15:50:05,291 [INFO] ThirdParty:1030 - CMSIS Pack Vendor :STMicroelectronics X-CUBE-AZRTOS-WL 1.0.0
2023-06-22 15:50:05,291 [INFO] ThirdParty:1030 - CMSIS Pack Vendor :STMicroelectronics X-CUBE-EEPRMA1 4.1.0
2023-06-22 15:50:05,291 [INFO] ThirdParty:1030 - CMSIS Pack Vendor :portGmbH I-Cube-SoM-uGOAL 1.1.0
2023-06-22 15:50:05,291 [INFO] ThirdParty:1030 - CMSIS Pack Vendor :STMicroelectronics X-CUBE-ALS 1.0.1
2023-06-22 15:50:05,291 [INFO] ThirdParty:1030 - CMSIS Pack Vendor :STMicroelectronics X-CUBE-MEMS1 9.5.0
2023-06-22 15:50:05,291 [INFO] ThirdParty:1030 - CMSIS Pack Vendor :STMicroelectronics ThreadX 1.0.0
2023-06-22 15:50:05,291 [INFO] ThirdParty:1030 - CMSIS Pack Vendor :STMicroelectronics X-CUBE-AZRTOS-WB 1.1.0
2023-06-22 15:50:05,291 [INFO] ThirdParty:1030 - CMSIS Pack Vendor :STMicroelectronics X-CUBE-AZRTOS-WL 2.0.0
2023-06-22 15:50:05,291 [INFO] ThirdParty:1030 - CMSIS Pack Vendor :SEGGER I-CUBE-embOS 1.3.1
2023-06-22 15:50:05,291 [INFO] ThirdParty:1030 - CMSIS Pack Vendor :STMicroelectronics USB_DEVICE 1.0.0
2023-06-22 15:50:05,291 [INFO] ThirdParty:1030 - CMSIS Pack Vendor :STMicroelectronics X-CUBE-AZRTOS-L4 2.0.0
2023-06-22 15:50:05,291 [INFO] ThirdParty:1030 - CMSIS Pack Vendor :STMicroelectronics ThreadX 0.0.2
2023-06-22 15:50:05,291 [INFO] ThirdParty:1030 - CMSIS Pack Vendor :WES I-CUBE-Cesium 1.3.0
2023-06-22 15:50:05,291 [INFO] ThirdParty:1030 - CMSIS Pack Vendor :STMicroelectronics FP-ATR-ASTRA1 2.0.0
2023-06-22 15:50:05,291 [INFO] ThirdParty:1030 - CMSIS Pack Vendor :STMicroelectronics lwIP 2.1.2
2023-06-22 15:50:05,291 [INFO] ThirdParty:1030 - CMSIS Pack Vendor :STMicroelectronics X-CUBE-SFXS2LP1 4.0.0
2023-06-22 15:50:05,291 [INFO] ThirdParty:1030 - CMSIS Pack Vendor :STMicroelectronics X-CUBE-BLE2 3.3.0
2023-06-22 15:50:05,291 [INFO] ThirdParty:1030 - CMSIS Pack Vendor :STMicroelectronics X-CUBE-TOF1 3.2.0
2023-06-22 15:50:05,291 [INFO] ThirdParty:1030 - CMSIS Pack Vendor :STMicroelectronics PDM2PCM 3.2.0
2023-06-22 15:50:05,291 [INFO] ThirdParty:1030 - CMSIS Pack Vendor :STMicroelectronics X-CUBE-AZRTOS-H7 3.0.0
2023-06-22 15:50:05,291 [INFO] ThirdParty:841 - exiting critical section [change project]
2023-06-22 15:50:05,385 [INFO] PinOutPanel:1499 - setPackage(No Configuration,No Configuration)
2023-06-22 15:50:05,400 [INFO] PinOutPanel:1499 - setPackage(STM32L152RETx,LQFP64)
2023-06-22 15:50:05,604 [INFO] UtilMem:75 - Before build in PCC Used Memory: 454689880 Bytes (993001472)
2023-06-22 15:50:05,853 [INFO] UtilMem:75 - After build in PCC Used Memory: 506070104 Bytes (993001472)
2023-06-22 15:50:05,869 [INFO] IPUIPlugin:80 - create IPUIPlugin
2023-06-22 15:50:05,869 [INFO] IPUIPlugin:80 - create IPUIPlugin
2023-06-22 15:50:05,869 [INFO] IPUIPlugin:80 - create IPUIPlugin
2023-06-22 15:50:05,869 [INFO] IPUIPlugin:80 - create IPUIPlugin
2023-06-22 15:50:05,869 [INFO] IPUIPlugin:80 - create IPUIPlugin
2023-06-22 15:50:05,869 [INFO] IPUIPlugin:80 - create IPUIPlugin
2023-06-22 15:50:05,869 [INFO] IPUIPlugin:80 - create IPUIPlugin
2023-06-22 15:50:05,869 [INFO] IPUIPlugin:80 - create IPUIPlugin
2023-06-22 15:50:05,869 [INFO] IPUIPlugin:80 - create IPUIPlugin
2023-06-22 15:50:05,869 [INFO] IPUIPlugin:80 - create IPUIPlugin
2023-06-22 15:50:05,869 [INFO] IPUIPlugin:80 - create IPUIPlugin
2023-06-22 15:50:05,869 [INFO] IPUIPlugin:80 - create IPUIPlugin
2023-06-22 15:50:05,869 [INFO] IPUIPlugin:80 - create IPUIPlugin
2023-06-22 15:50:05,869 [INFO] IPUIPlugin:80 - create IPUIPlugin
2023-06-22 15:50:05,869 [INFO] IPUIPlugin:80 - create IPUIPlugin
2023-06-22 15:50:05,869 [INFO] IPUIPlugin:80 - create IPUIPlugin
2023-06-22 15:50:05,869 [INFO] IPUIPlugin:80 - create IPUIPlugin
2023-06-22 15:50:05,869 [INFO] IPUIPlugin:80 - create IPUIPlugin
2023-06-22 15:50:05,869 [INFO] IPUIPlugin:80 - create IPUIPlugin
2023-06-22 15:50:05,869 [INFO] IPUIPlugin:80 - create IPUIPlugin
2023-06-22 15:50:05,869 [INFO] IPUIPlugin:80 - create IPUIPlugin
2023-06-22 15:50:05,869 [INFO] IPUIPlugin:80 - create IPUIPlugin
2023-06-22 15:50:05,869 [INFO] IPUIPlugin:80 - create IPUIPlugin
2023-06-22 15:50:05,869 [INFO] IPUIPlugin:80 - create IPUIPlugin
2023-06-22 15:50:05,869 [INFO] IPUIPlugin:80 - create IPUIPlugin
2023-06-22 15:50:05,869 [INFO] IPUIPlugin:80 - create IPUIPlugin
2023-06-22 15:50:05,869 [INFO] IPUIPlugin:80 - create IPUIPlugin
2023-06-22 15:50:05,869 [INFO] IPUIPlugin:80 - create IPUIPlugin
2023-06-22 15:50:05,869 [INFO] IPUIPlugin:80 - create IPUIPlugin
2023-06-22 15:50:05,869 [INFO] IPUIPlugin:80 - create IPUIPlugin
2023-06-22 15:50:05,869 [INFO] IPUIPlugin:80 - create IPUIPlugin
2023-06-22 15:50:05,869 [INFO] IPUIPlugin:80 - create IPUIPlugin
2023-06-22 15:50:05,869 [INFO] IPUIPlugin:80 - create IPUIPlugin
2023-06-22 15:50:05,869 [INFO] IPUIPlugin:80 - create IPUIPlugin
2023-06-22 15:50:05,869 [INFO] IPUIPlugin:80 - create IPUIPlugin
2023-06-22 15:50:05,869 [INFO] IPUIPlugin:80 - create IPUIPlugin
2023-06-22 15:50:05,869 [INFO] IPUIPlugin:80 - create IPUIPlugin
2023-06-22 15:50:05,869 [INFO] IPUIPlugin:80 - create IPUIPlugin
2023-06-22 15:50:05,869 [INFO] IPUIPlugin:80 - create IPUIPlugin
2023-06-22 15:50:05,885 [INFO] IPUIPlugin:80 - create IPUIPlugin
2023-06-22 15:50:05,885 [INFO] IPUIPlugin:80 - create IPUIPlugin
2023-06-22 15:50:05,885 [INFO] IPUIPlugin:80 - create IPUIPlugin
2023-06-22 15:50:05,885 [INFO] IPUIPlugin:80 - create IPUIPlugin
2023-06-22 15:50:05,916 [INFO] CADModel:165 - CPN selected for project levelSTM32L152RET6
2023-06-22 15:50:05,916 [INFO] CADModel:114 - Register for checkConnection events
2023-06-22 15:50:05,963 [INFO] OpenFileManager:328 - Restore cursor
2023-06-22 15:50:06,182 [INFO] UtilMem:75 - End SaveConfig() Used Memory: 630850648 Bytes (993001472)
2023-06-22 15:50:06,228 [INFO] UtilMem:75 - End SaveConfig() Used Memory: 653408272 Bytes (993001472)
2023-06-22 15:50:06,369 [INFO] BlockDiagram:2759 - set Specific Code input for plugin: RCC
2023-06-22 15:50:06,369 [INFO] BlockDiagram:2759 - set Specific Code input for plugin: USART
2023-06-22 15:50:06,369 [INFO] BlockDiagram:2759 - set Specific Code input for plugin: SYS
2023-06-22 15:50:06,369 [INFO] BlockDiagram:2759 - set Specific Code input for plugin: NVIC
2023-06-22 15:50:06,369 [INFO] BlockDiagram:2759 - set Specific Code input for plugin: GPIO
2023-06-22 15:50:06,385 [INFO] CodeGenerator:793 - code generatio: config db path: C:\ST\STM32CubeIDE_1.12.1\STM32CubeIDE\plugins\com.st.stm32cube.common.mx_6.8.1.202304191431\\db\
2023-06-22 15:50:06,728 [INFO] CodeEngine:255 - oldGeneratedFile, C:\Users\HP\Documents\git\STM32\dwm3000-tx\MXTmpFiles\license.tmp_save
2023-06-22 15:50:06,806 [INFO] CodeEngine:279 - Generated code: C:\Users\HP\Documents\git\STM32\dwm3000-tx\MXTmpFiles\license.tmp
2023-06-22 15:50:06,853 [INFO] CodeEngine:255 - oldGeneratedFile, C:\Users\HP\Documents\git\STM32\dwm3000-tx\MXTmpFiles\gpio.tmp_save
2023-06-22 15:50:06,916 [INFO] CodeEngine:279 - Generated code: C:\Users\HP\Documents\git\STM32\dwm3000-tx\MXTmpFiles\gpio.tmp
2023-06-22 15:50:07,025 [INFO] CodeEngine:255 - oldGeneratedFile, C:\Users\HP\Documents\git\STM32\dwm3000-tx\Core\Src\stm32l1xx_it.c_save
2023-06-22 15:50:07,150 [INFO] CodeEngine:279 - Generated code: C:\Users\HP\Documents\git\STM32\dwm3000-tx\Core\Src\stm32l1xx_it.c
2023-06-22 15:50:07,166 [INFO] CodeEngine:255 - oldGeneratedFile, C:\Users\HP\Documents\git\STM32\dwm3000-tx\Core\Inc\stm32l1xx_it.h_save
2023-06-22 15:50:07,213 [INFO] CodeEngine:279 - Generated code: C:\Users\HP\Documents\git\STM32\dwm3000-tx\Core\Inc\stm32l1xx_it.h
2023-06-22 15:50:07,228 [INFO] CodeEngine:255 - oldGeneratedFile, C:\Users\HP\Documents\git\STM32\dwm3000-tx\Core\Src\stm32l1xx_hal_msp.c_save
2023-06-22 15:50:07,306 [INFO] CodeEngine:279 - Generated code: C:\Users\HP\Documents\git\STM32\dwm3000-tx\Core\Src\stm32l1xx_hal_msp.c
2023-06-22 15:50:07,322 [INFO] CodeEngine:255 - oldGeneratedFile, C:\Users\HP\Documents\git\STM32\dwm3000-tx\MXTmpFiles\system.tmp_save
2023-06-22 15:50:07,369 [INFO] CodeEngine:279 - Generated code: C:\Users\HP\Documents\git\STM32\dwm3000-tx\MXTmpFiles\system.tmp
2023-06-22 15:50:07,384 [INFO] CodeEngine:311 - oldGeneratedFile, C:\Users\HP\Documents\git\STM32\dwm3000-tx\Core\Inc\stm32l1xx_hal_conf.h_save
2023-06-22 15:50:07,447 [INFO] CodeEngine:335 - Generated code: C:\Users\HP\Documents\git\STM32\dwm3000-tx\Core\Inc\stm32l1xx_hal_conf.h
2023-06-22 15:50:07,478 [INFO] CodeEngine:255 - oldGeneratedFile, C:\Users\HP\Documents\git\STM32\dwm3000-tx\Core\Inc\main.h_save
2023-06-22 15:50:07,572 [INFO] CodeEngine:279 - Generated code: C:\Users\HP\Documents\git\STM32\dwm3000-tx\Core\Inc\main.h
2023-06-22 15:50:07,603 [INFO] CodeEngine:255 - oldGeneratedFile, C:\Users\HP\Documents\git\STM32\dwm3000-tx\Core\Src\main.c_save
2023-06-22 15:50:07,744 [INFO] CodeEngine:279 - Generated code: C:\Users\HP\Documents\git\STM32\dwm3000-tx\Core\Src\main.c
2023-06-22 15:50:08,837 [INFO] ProjectBuilder:2996 - Time for Copy HAL[1] : 703mS.
2023-06-22 15:50:08,837 [INFO] ProjectBuilder:4304 - Project Generator version: 3.19.2
2023-06-22 15:50:09,009 [INFO] ConfigFileManager:1483 - The Die is : DIE437
2023-06-22 15:50:09,087 [INFO] ApiDbMcu:507 - Load IP Config File for FATFS
2023-06-22 15:50:09,103 [INFO] ApiDbMcu:507 - Load IP Config File for FREERTOS
2023-06-22 15:50:09,134 [INFO] ApiDbMcu:507 - Load IP Config File for TOUCHSENSING
2023-06-22 15:50:09,165 [INFO] ApiDbMcu:507 - Load IP Config File for USB_DEVICE
2023-06-22 15:50:10,573 [INFO] ProjectBuilder:4505 - Time for Generating toolchain IDE Files: 1736mS.
2023-06-22 15:50:10,573 [INFO] ProjectBuilder:2867 - Time for Copy CMSIS : 0mS.
2023-06-22 15:50:10,573 [INFO] ProjectBuilder:2867 - Time for Copy CMSIS : 0mS.
2023-06-22 15:50:11,073 [INFO] McuFinderGlobals:66 - Set McuFinderConnectedMode to true
2023-06-22 15:50:11,089 [INFO] ApiDb:448 - Save user favorites file C:\Users\HP/.stm32cubeide/favorites.mcus.txt: 0 item(s)
2023-06-22 15:50:11,089 [INFO] ApiDb:452 - User favorites MCUs=[]
2023-06-22 15:50:11,089 [INFO] ApiDb:448 - Save user favorites file C:\Users\HP/.stm32cubeide/favorites.boards.txt: 0 item(s)
2023-06-22 15:50:11,089 [INFO] ApiDb:452 - User favorites Boards=[]
2023-06-22 15:51:19,453 [INFO] NvicIntPanel:101 - NVIC parent = com.st.microxplorer.plugins.ip.nvic.MultiNvicIntPanel[,0,0,0x0,invalid,layout=javax.swing.BoxLayout,alignmentX=0.0,alignmentY=0.0,border=,flags=9,maximumSize=,minimumSize=,preferredSize=]
2023-06-22 15:51:34,490 [INFO] NvicIntPanel:101 - NVIC parent = com.st.microxplorer.plugins.ip.nvic.MultiNvicIntPanel[,0,0,0x0,invalid,layout=javax.swing.BoxLayout,alignmentX=0.0,alignmentY=0.0,border=,flags=9,maximumSize=,minimumSize=,preferredSize=]
2023-06-22 15:51:34,537 [INFO] NvicIntPanel:101 - NVIC parent = com.st.microxplorer.plugins.ip.nvic.MultiNvicIntPanel[,0,0,0x0,invalid,layout=javax.swing.BoxLayout,alignmentX=0.0,alignmentY=0.0,border=,flags=9,maximumSize=,minimumSize=,preferredSize=]
2023-06-22 15:51:38,286 [INFO] NvicIntPanel:101 - NVIC parent = com.st.microxplorer.plugins.ip.nvic.MultiNvicIntPanel[,0,0,0x0,invalid,layout=javax.swing.BoxLayout,alignmentX=0.0,alignmentY=0.0,border=,flags=9,maximumSize=,minimumSize=,preferredSize=]
2023-06-22 15:51:40,520 [INFO] NvicIntPanel:101 - NVIC parent = com.st.microxplorer.plugins.ip.nvic.MultiNvicIntPanel[,0,0,0x0,invalid,layout=javax.swing.BoxLayout,alignmentX=0.0,alignmentY=0.0,border=,flags=9,maximumSize=,minimumSize=,preferredSize=]
2023-06-22 15:51:49,214 [INFO] NvicIntPanel:101 - NVIC parent = com.st.microxplorer.plugins.ip.nvic.MultiNvicIntPanel[,0,0,0x0,invalid,layout=javax.swing.BoxLayout,alignmentX=0.0,alignmentY=0.0,border=,flags=9,maximumSize=,minimumSize=,preferredSize=]
2023-06-22 15:51:50,573 [INFO] NvicIntPanel:101 - NVIC parent = com.st.microxplorer.plugins.ip.nvic.MultiNvicIntPanel[,0,0,0x0,invalid,layout=javax.swing.BoxLayout,alignmentX=0.0,alignmentY=0.0,border=,flags=9,maximumSize=,minimumSize=,preferredSize=]
2023-06-22 15:51:50,620 [INFO] NvicIntPanel:101 - NVIC parent = com.st.microxplorer.plugins.ip.nvic.MultiNvicIntPanel[,0,0,0x0,invalid,layout=javax.swing.BoxLayout,alignmentX=0.0,alignmentY=0.0,border=,flags=9,maximumSize=,minimumSize=,preferredSize=]
2023-06-22 15:51:58,357 [INFO] NvicIntPanel:101 - NVIC parent = com.st.microxplorer.plugins.ip.nvic.MultiNvicIntPanel[,0,0,0x0,invalid,layout=javax.swing.BoxLayout,alignmentX=0.0,alignmentY=0.0,border=,flags=9,maximumSize=,minimumSize=,preferredSize=]
2023-06-22 15:52:20,230 [INFO] NvicIntPanel:101 - NVIC parent = com.st.microxplorer.plugins.ip.nvic.MultiNvicIntPanel[,0,0,0x0,invalid,layout=javax.swing.BoxLayout,alignmentX=0.0,alignmentY=0.0,border=,flags=9,maximumSize=,minimumSize=,preferredSize=]
2023-06-22 15:52:49,073 [INFO] NvicIntPanel:101 - NVIC parent = com.st.microxplorer.plugins.ip.nvic.MultiNvicIntPanel[,0,0,0x0,invalid,layout=javax.swing.BoxLayout,alignmentX=0.0,alignmentY=0.0,border=,flags=9,maximumSize=,minimumSize=,preferredSize=]
2023-06-22 15:52:54,253 [INFO] NvicIntPanel:101 - NVIC parent = com.st.microxplorer.plugins.ip.nvic.MultiNvicIntPanel[,0,0,0x0,invalid,layout=javax.swing.BoxLayout,alignmentX=0.0,alignmentY=0.0,border=,flags=9,maximumSize=,minimumSize=,preferredSize=]
2023-06-22 15:53:05,623 [INFO] NvicIntPanel:101 - NVIC parent = com.st.microxplorer.plugins.ip.nvic.MultiNvicIntPanel[,0,0,0x0,invalid,layout=javax.swing.BoxLayout,alignmentX=0.0,alignmentY=0.0,border=,flags=9,maximumSize=,minimumSize=,preferredSize=]
2023-06-22 15:53:21,765 [INFO] NvicIntPanel:101 - NVIC parent = com.st.microxplorer.plugins.ip.nvic.MultiNvicIntPanel[,0,0,0x0,invalid,layout=javax.swing.BoxLayout,alignmentX=0.0,alignmentY=0.0,border=,flags=9,maximumSize=,minimumSize=,preferredSize=]
2023-06-22 15:53:21,796 [INFO] NvicIntPanel:101 - NVIC parent = com.st.microxplorer.plugins.ip.nvic.MultiNvicIntPanel[,0,0,0x0,invalid,layout=javax.swing.BoxLayout,alignmentX=0.0,alignmentY=0.0,border=,flags=9,maximumSize=,minimumSize=,preferredSize=]
2023-06-22 15:53:34,836 [INFO] NvicIntPanel:101 - NVIC parent = com.st.microxplorer.plugins.ip.nvic.MultiNvicIntPanel[,0,0,0x0,invalid,layout=javax.swing.BoxLayout,alignmentX=0.0,alignmentY=0.0,border=,flags=9,maximumSize=,minimumSize=,preferredSize=]
2023-06-22 15:53:48,079 [WARN] IP:2113 - I2C_Coeff_DF not found: check if there is a RefParameter without a condition.
2023-06-22 15:53:48,079 [WARN] IP:2113 - Analog_Filter not found: check if there is a RefParameter without a condition.
2023-06-22 15:53:48,095 [WARN] IP:2113 - I2C_Coeff_DF not found: check if there is a RefParameter without a condition.
2023-06-22 15:53:48,095 [WARN] IP:2113 - Analog_Filter not found: check if there is a RefParameter without a condition.
2023-06-22 15:53:48,095 [WARN] IP:2113 - I2C_Coeff_DF not found: check if there is a RefParameter without a condition.
2023-06-22 15:53:48,095 [WARN] IP:2113 - Analog_Filter not found: check if there is a RefParameter without a condition.
2023-06-22 15:53:48,110 [WARN] IP:2113 - I2C_Coeff_DF not found: check if there is a RefParameter without a condition.
2023-06-22 15:53:48,110 [WARN] IP:2113 - Analog_Filter not found: check if there is a RefParameter without a condition.
2023-06-22 15:53:48,110 [WARN] IP:2113 - I2C_Coeff_DF not found: check if there is a RefParameter without a condition.
2023-06-22 15:53:48,110 [WARN] IP:2113 - Analog_Filter not found: check if there is a RefParameter without a condition.
2023-06-22 15:53:50,735 [WARN] IP:2113 - I2C_Coeff_DF not found: check if there is a RefParameter without a condition.
2023-06-22 15:53:50,735 [WARN] IP:2113 - Analog_Filter not found: check if there is a RefParameter without a condition.
2023-06-22 15:53:50,735 [WARN] IP:2113 - I2C_Coeff_DF not found: check if there is a RefParameter without a condition.
2023-06-22 15:53:50,735 [WARN] IP:2113 - Analog_Filter not found: check if there is a RefParameter without a condition.
2023-06-22 15:53:50,766 [WARN] IP:2113 - I2C_Coeff_DF not found: check if there is a RefParameter without a condition.
2023-06-22 15:53:50,766 [WARN] IP:2113 - Analog_Filter not found: check if there is a RefParameter without a condition.
2023-06-22 15:53:50,766 [WARN] IP:2113 - I2C_Coeff_DF not found: check if there is a RefParameter without a condition.
2023-06-22 15:53:50,766 [WARN] IP:2113 - Analog_Filter not found: check if there is a RefParameter without a condition.
2023-06-22 15:54:04,976 [WARN] IP:2113 - I2C_Coeff_DF not found: check if there is a RefParameter without a condition.
2023-06-22 15:54:04,976 [WARN] IP:2113 - Analog_Filter not found: check if there is a RefParameter without a condition.
2023-06-22 15:54:04,976 [WARN] IP:2113 - I2C_Coeff_DF not found: check if there is a RefParameter without a condition.
2023-06-22 15:54:04,976 [WARN] IP:2113 - Analog_Filter not found: check if there is a RefParameter without a condition.
2023-06-22 15:54:05,070 [WARN] IP:2113 - I2C_Coeff_DF not found: check if there is a RefParameter without a condition.
2023-06-22 15:54:05,070 [WARN] IP:2113 - Analog_Filter not found: check if there is a RefParameter without a condition.
2023-06-22 15:54:05,070 [WARN] IP:2113 - I2C_Coeff_DF not found: check if there is a RefParameter without a condition.
2023-06-22 15:54:05,070 [WARN] IP:2113 - Analog_Filter not found: check if there is a RefParameter without a condition.
2023-06-22 15:54:06,631 [WARN] IP:2113 - I2C_Coeff_DF not found: check if there is a RefParameter without a condition.
2023-06-22 15:54:06,631 [WARN] IP:2113 - Analog_Filter not found: check if there is a RefParameter without a condition.
2023-06-22 15:54:06,631 [WARN] IP:2113 - I2C_Coeff_DF not found: check if there is a RefParameter without a condition.
2023-06-22 15:54:06,631 [WARN] IP:2113 - Analog_Filter not found: check if there is a RefParameter without a condition.
2023-06-22 15:54:06,710 [WARN] IP:2113 - I2C_Coeff_DF not found: check if there is a RefParameter without a condition.
2023-06-22 15:54:06,710 [WARN] IP:2113 - Analog_Filter not found: check if there is a RefParameter without a condition.
2023-06-22 15:54:06,710 [WARN] IP:2113 - I2C_Coeff_DF not found: check if there is a RefParameter without a condition.
2023-06-22 15:54:06,710 [WARN] IP:2113 - Analog_Filter not found: check if there is a RefParameter without a condition.
2023-06-22 15:54:29,504 [WARN] IP:2113 - I2C_Coeff_DF not found: check if there is a RefParameter without a condition.
2023-06-22 15:54:29,504 [WARN] IP:2113 - Analog_Filter not found: check if there is a RefParameter without a condition.
2023-06-22 15:54:29,504 [WARN] IP:2113 - I2C_Coeff_DF not found: check if there is a RefParameter without a condition.
2023-06-22 15:54:29,504 [WARN] IP:2113 - Analog_Filter not found: check if there is a RefParameter without a condition.
2023-06-22 15:54:41,081 [INFO] UtilMem:75 - End SaveConfig() Used Memory: 542303984 Bytes (996147200)
2023-06-22 15:54:41,206 [INFO] UtilMem:75 - End SaveConfig() Used Memory: 571602008 Bytes (996147200)
2023-06-22 15:54:41,738 [INFO] UtilMem:75 - End SaveConfig() Used Memory: 631966984 Bytes (996147200)
2023-06-22 15:54:41,894 [INFO] BlockDiagram:2759 - set Specific Code input for plugin: SPI
2023-06-22 15:54:41,894 [INFO] BlockDiagram:2759 - set Specific Code input for plugin: RCC
2023-06-22 15:54:41,894 [INFO] BlockDiagram:2759 - set Specific Code input for plugin: I2C
2023-06-22 15:54:41,894 [INFO] BlockDiagram:2759 - set Specific Code input for plugin: USART
2023-06-22 15:54:41,894 [INFO] BlockDiagram:2759 - set Specific Code input for plugin: SYS
2023-06-22 15:54:41,894 [INFO] BlockDiagram:2759 - set Specific Code input for plugin: NVIC
2023-06-22 15:54:41,894 [INFO] BlockDiagram:2759 - set Specific Code input for plugin: GPIO
2023-06-22 15:54:41,894 [INFO] CodeGenerator:793 - code generatio: config db path: C:\ST\STM32CubeIDE_1.12.1\STM32CubeIDE\plugins\com.st.stm32cube.common.mx_6.8.1.202304191431\\db\
2023-06-22 15:54:41,894 [WARN] IP:2113 - I2C_Coeff_DF not found: check if there is a RefParameter without a condition.
2023-06-22 15:54:41,894 [WARN] IP:2113 - Analog_Filter not found: check if there is a RefParameter without a condition.
2023-06-22 15:54:42,050 [INFO] CodeEngine:255 - oldGeneratedFile, C:\Users\HP\Documents\git\STM32\dwm3000-tx\MXTmpFiles\license.tmp_save
2023-06-22 15:54:42,097 [INFO] CodeEngine:279 - Generated code: C:\Users\HP\Documents\git\STM32\dwm3000-tx\MXTmpFiles\license.tmp
2023-06-22 15:54:42,128 [INFO] CodeEngine:255 - oldGeneratedFile, C:\Users\HP\Documents\git\STM32\dwm3000-tx\Core\Src\gpio.c_save
2023-06-22 15:54:42,195 [INFO] CodeEngine:279 - Generated code: C:\Users\HP\Documents\git\STM32\dwm3000-tx\Core\Src\gpio.c
2023-06-22 15:54:42,211 [INFO] CodeEngine:255 - oldGeneratedFile, C:\Users\HP\Documents\git\STM32\dwm3000-tx\Core\Inc\gpio.h_save
2023-06-22 15:54:42,273 [INFO] CodeEngine:279 - Generated code: C:\Users\HP\Documents\git\STM32\dwm3000-tx\Core\Inc\gpio.h
2023-06-22 15:54:42,351 [INFO] CodeEngine:255 - oldGeneratedFile, C:\Users\HP\Documents\git\STM32\dwm3000-tx\Core\Src\i2c.c_save
2023-06-22 15:54:42,429 [INFO] CodeEngine:279 - Generated code: C:\Users\HP\Documents\git\STM32\dwm3000-tx\Core\Src\i2c.c
2023-06-22 15:54:42,445 [INFO] CodeEngine:255 - oldGeneratedFile, C:\Users\HP\Documents\git\STM32\dwm3000-tx\Core\Inc\i2c.h_save
2023-06-22 15:54:42,492 [INFO] CodeEngine:279 - Generated code: C:\Users\HP\Documents\git\STM32\dwm3000-tx\Core\Inc\i2c.h
2023-06-22 15:54:42,507 [INFO] CodeEngine:255 - oldGeneratedFile, C:\Users\HP\Documents\git\STM32\dwm3000-tx\Core\Src\spi.c_save
2023-06-22 15:54:42,570 [INFO] CodeEngine:279 - Generated code: C:\Users\HP\Documents\git\STM32\dwm3000-tx\Core\Src\spi.c
2023-06-22 15:54:42,586 [INFO] CodeEngine:255 - oldGeneratedFile, C:\Users\HP\Documents\git\STM32\dwm3000-tx\Core\Inc\spi.h_save
2023-06-22 15:54:42,632 [INFO] CodeEngine:279 - Generated code: C:\Users\HP\Documents\git\STM32\dwm3000-tx\Core\Inc\spi.h
2023-06-22 15:54:42,632 [INFO] CodeEngine:255 - oldGeneratedFile, C:\Users\HP\Documents\git\STM32\dwm3000-tx\Core\Src\usart.c_save
2023-06-22 15:54:42,711 [INFO] CodeEngine:279 - Generated code: C:\Users\HP\Documents\git\STM32\dwm3000-tx\Core\Src\usart.c
2023-06-22 15:54:42,711 [INFO] CodeEngine:255 - oldGeneratedFile, C:\Users\HP\Documents\git\STM32\dwm3000-tx\Core\Inc\usart.h_save
2023-06-22 15:54:42,757 [INFO] CodeEngine:279 - Generated code: C:\Users\HP\Documents\git\STM32\dwm3000-tx\Core\Inc\usart.h
2023-06-22 15:54:42,773 [INFO] CodeEngine:255 - oldGeneratedFile, C:\Users\HP\Documents\git\STM32\dwm3000-tx\Core\Src\stm32l1xx_it.c_save
2023-06-22 15:54:42,851 [INFO] CodeEngine:279 - Generated code: C:\Users\HP\Documents\git\STM32\dwm3000-tx\Core\Src\stm32l1xx_it.c
2023-06-22 15:54:42,851 [INFO] CodeEngine:255 - oldGeneratedFile, C:\Users\HP\Documents\git\STM32\dwm3000-tx\Core\Inc\stm32l1xx_it.h_save
2023-06-22 15:54:42,898 [INFO] CodeEngine:279 - Generated code: C:\Users\HP\Documents\git\STM32\dwm3000-tx\Core\Inc\stm32l1xx_it.h
2023-06-22 15:54:42,914 [INFO] CodeEngine:255 - oldGeneratedFile, C:\Users\HP\Documents\git\STM32\dwm3000-tx\Core\Src\stm32l1xx_hal_msp.c_save
2023-06-22 15:54:42,992 [INFO] CodeEngine:279 - Generated code: C:\Users\HP\Documents\git\STM32\dwm3000-tx\Core\Src\stm32l1xx_hal_msp.c
2023-06-22 15:54:42,992 [INFO] CodeEngine:255 - oldGeneratedFile, C:\Users\HP\Documents\git\STM32\dwm3000-tx\MXTmpFiles\system.tmp_save
2023-06-22 15:54:43,039 [INFO] CodeEngine:279 - Generated code: C:\Users\HP\Documents\git\STM32\dwm3000-tx\MXTmpFiles\system.tmp
2023-06-22 15:54:43,039 [INFO] CodeEngine:311 - oldGeneratedFile, C:\Users\HP\Documents\git\STM32\dwm3000-tx\Core\Inc\stm32l1xx_hal_conf.h_save
2023-06-22 15:54:43,117 [INFO] CodeEngine:335 - Generated code: C:\Users\HP\Documents\git\STM32\dwm3000-tx\Core\Inc\stm32l1xx_hal_conf.h
2023-06-22 15:54:43,132 [INFO] CodeEngine:255 - oldGeneratedFile, C:\Users\HP\Documents\git\STM32\dwm3000-tx\Core\Inc\main.h_save
2023-06-22 15:54:43,195 [INFO] CodeEngine:279 - Generated code: C:\Users\HP\Documents\git\STM32\dwm3000-tx\Core\Inc\main.h
2023-06-22 15:54:43,210 [INFO] CodeEngine:255 - oldGeneratedFile, C:\Users\HP\Documents\git\STM32\dwm3000-tx\Core\Src\main.c_save
2023-06-22 15:54:43,289 [INFO] CodeEngine:279 - Generated code: C:\Users\HP\Documents\git\STM32\dwm3000-tx\Core\Src\main.c
2023-06-22 15:54:43,820 [INFO] ProjectBuilder:2996 - Time for Copy HAL[1] : 141mS.
2023-06-22 15:54:44,007 [INFO] ProjectBuilder:4304 - Project Generator version: 3.19.2
2023-06-22 15:54:44,257 [INFO] ConfigFileManager:1483 - The Die is : DIE437
2023-06-22 15:54:45,070 [INFO] ProjectBuilder:4505 - Time for Generating toolchain IDE Files: 1063mS.
2023-06-22 15:54:45,070 [INFO] ProjectBuilder:2867 - Time for Copy CMSIS : 0mS.
2023-06-22 15:54:45,070 [INFO] ProjectBuilder:2867 - Time for Copy CMSIS : 0mS.
2023-06-22 16:00:59,175 [INFO] MainUpdater:2854 - connection check result : 10
2023-06-22 16:00:59,175 [INFO] MainUpdater:2854 - connection check result : 10
2023-06-22 16:00:59,238 [INFO] MicroXplorer:468 - Change Database Path : 
2023-06-22 16:00:59,238 [INFO] MicroXplorer:498 - Change Database Version : DB.6.0.81
2023-06-22 16:00:59,238 [WARN] ThirdParty:871 - waiting for thirdparty lock release [close project]
2023-06-22 16:00:59,238 [INFO] ThirdParty:873 - entering critical section [close project]
2023-06-22 16:00:59,238 [INFO] ThirdParty:883 - exiting critical section [close project]
2023-06-22 16:00:59,254 [INFO] PinOutPanel:1499 - setPackage(No Configuration,No Configuration)
2023-06-22 16:00:59,254 [INFO] UtilMem:75 - Begin LoadConfig() Used Memory: 691008184 Bytes (996147200)
2023-06-22 16:00:59,254 [INFO] MicroXplorer:468 - Change Database Path : 
2023-06-22 16:00:59,254 [INFO] MicroXplorer:498 - Change Database Version : DB.6.0.81
2023-06-22 16:00:59,254 [INFO] OpenFileManager:308 - Change cursor
2023-06-22 16:00:59,254 [INFO] RulesReader:64 - Compatibility file has been processed (293 Rules)
2023-06-22 16:00:59,269 [INFO] Mcu:1937 - Initializing MCU STM32L152RETx STM32L152RETx STM32L152RET6
2023-06-22 16:00:59,910 [INFO] Context:659 - Trying to add GPIOservice into a context  which must be forbidden
2023-06-22 16:01:00,098 [INFO] RtosManager:555 - Registered RTOS mode: class=CMSIS, group=RTOS, mode=CMSIS_V1, owner=FREERTOS
2023-06-22 16:01:00,098 [INFO] RtosManager:555 - Registered RTOS mode: class=CMSIS, group=RTOS2, mode=CMSIS_V2, owner=FREERTOS
2023-06-22 16:01:00,098 [INFO] RtosManager:555 - Registered RTOS mode: class=RTOS, group=Core, mode=CMSIS_V1, owner=FREERTOS
2023-06-22 16:01:00,098 [INFO] RtosManager:555 - Registered RTOS mode: class=RTOS, group=Core, mode=CMSIS_V2, owner=FREERTOS
2023-06-22 16:01:00,098 [WARN] ModelIntegratedComponent:184 - Missing modes for component STMicroelectronics:FreeRTOS:0.0.1:STMicroelectronics:RTOS:FreeRTOS:Core:::10.2.0:
2023-06-22 16:01:00,098 [WARN] ModelIntegratedComponent:63 - No mode defined for component null
2023-06-22 16:01:00,098 [WARN] ModelIntegratedComponent:63 - No mode defined for component null
2023-06-22 16:01:00,098 [WARN] ModelIntegratedComponent:63 - No mode defined for component null
2023-06-22 16:01:00,098 [WARN] ModelIntegratedComponent:63 - No mode defined for component null
2023-06-22 16:01:00,098 [WARN] ModelIntegratedComponent:63 - No mode defined for component null
2023-06-22 16:01:00,098 [WARN] ModelIntegratedComponent:63 - No mode defined for component null
2023-06-22 16:01:00,098 [WARN] ModelIntegratedComponent:63 - No mode defined for component null
2023-06-22 16:01:00,098 [WARN] ModelIntegratedComponent:63 - No mode defined for component null
2023-06-22 16:01:00,098 [WARN] ModelIntegratedComponent:63 - No mode defined for component null
2023-06-22 16:01:00,098 [WARN] ModelIntegratedComponent:63 - No mode defined for component null
2023-06-22 16:01:00,098 [WARN] ModelIntegratedComponent:63 - No mode defined for component null
2023-06-22 16:01:00,098 [WARN] ModelIntegratedComponent:63 - No mode defined for component null
2023-06-22 16:01:00,098 [WARN] ModelIntegratedComponent:63 - No mode defined for component null
2023-06-22 16:01:00,098 [WARN] ModelIntegratedComponent:63 - No mode defined for component null
2023-06-22 16:01:00,098 [WARN] ModelIntegratedComponent:63 - No mode defined for component null
2023-06-22 16:01:00,098 [WARN] ModelIntegratedComponent:63 - No mode defined for component null
2023-06-22 16:01:00,098 [WARN] ModelIntegratedComponent:63 - No mode defined for component null
2023-06-22 16:01:00,098 [WARN] ModelIntegratedComponent:63 - No mode defined for component null
2023-06-22 16:01:00,098 [WARN] ModelIntegratedComponent:63 - No mode defined for component null
2023-06-22 16:01:00,098 [WARN] ModelIntegratedComponent:63 - No mode defined for component null
2023-06-22 16:01:00,098 [WARN] ModelIntegratedComponent:63 - No mode defined for component null
2023-06-22 16:01:00,098 [WARN] ModelIntegratedComponent:63 - No mode defined for component null
2023-06-22 16:01:00,098 [WARN] ModelIntegratedComponent:63 - No mode defined for component null
2023-06-22 16:01:00,098 [WARN] ModelIntegratedComponent:63 - No mode defined for component null
2023-06-22 16:01:00,098 [WARN] ModelIntegratedComponent:63 - No mode defined for component null
2023-06-22 16:01:00,098 [WARN] ModelIntegratedComponent:63 - No mode defined for component null
2023-06-22 16:01:00,098 [WARN] ModelIntegratedComponent:63 - No mode defined for component null
2023-06-22 16:01:00,098 [WARN] ModelIntegratedComponent:63 - No mode defined for component null
2023-06-22 16:01:00,098 [WARN] ModelIntegratedComponent:63 - No mode defined for component null
2023-06-22 16:01:00,098 [WARN] ModelIntegratedComponent:63 - No mode defined for component null
2023-06-22 16:01:00,098 [WARN] ModelIntegratedComponent:63 - No mode defined for component null
2023-06-22 16:01:00,098 [WARN] ModelIntegratedComponent:63 - No mode defined for component null
2023-06-22 16:01:00,098 [WARN] ModelIntegratedComponent:63 - No mode defined for component null
2023-06-22 16:01:00,160 [INFO] ThirdPartyModel:298 - Start build external matchings
2023-06-22 16:01:00,770 [INFO] ThirdPartyModel:316 - End build external matchings
2023-06-22 16:01:00,770 [WARN] IP:2113 - I2C_Coeff_DF not found: check if there is a RefParameter without a condition.
2023-06-22 16:01:00,770 [WARN] IP:2113 - Analog_Filter not found: check if there is a RefParameter without a condition.
2023-06-22 16:01:00,770 [INFO] ImportTextPane:194 - (OptionalMessage_ERROR) IP (RCC) : Invalid parameter (FamilyName)
2023-06-22 16:01:00,770 [INFO] ImportTextPane:194 - (OptionalMessage_ERROR) IP (RCC) : Parameter (RTCHSEDivFreq_Value) has invalid value (12000000)
2023-06-22 16:01:00,770 [INFO] ImportTextPane:194 - (OptionalMessage_ERROR) IP (RCC) : Invalid parameter (TIMFreq_Value)
2023-06-22 16:01:00,770 [INFO] ImportTextPane:194 - (OptionalMessage_ERROR) IP (RCC) : Invalid parameter (USBOutput)
2023-06-22 16:01:00,957 [INFO] UtilMem:75 - End LoadConfig() Used Memory: 511393672 Bytes (996147200)
2023-06-22 16:01:01,082 [WARN] ThirdParty:833 - waiting for thirdparty lock release [change project]
2023-06-22 16:01:01,082 [INFO] ThirdParty:835 - entering critical section [change project]
2023-06-22 16:01:01,082 [INFO] ThirdParty:1030 - CMSIS Pack Vendor :STMicroelectronics X-CUBE-ISPU 1.1.0
2023-06-22 16:01:01,082 [INFO] ThirdParty:1030 - CMSIS Pack Vendor :RoweBots I-CUBE-UNISONRTOS 5.5.0-4
2023-06-22 16:01:01,082 [INFO] ThirdParty:1030 - CMSIS Pack Vendor :STMicroelectronics X-CUBE-GNSS1 6.0.0
2023-06-22 16:01:01,082 [INFO] ThirdParty:1030 - CMSIS Pack Vendor :STMicroelectronics USB_HOST 2.0.0
2023-06-22 16:01:01,082 [INFO] ThirdParty:1030 - CMSIS Pack Vendor :STMicroelectronics X-CUBE-AZRTOS-F4 1.1.0
2023-06-22 16:01:01,082 [INFO] ThirdParty:1030 - CMSIS Pack Vendor :STMicroelectronics LIBJPEG 8.0.0
2023-06-22 16:01:01,082 [INFO] ThirdParty:1030 - CMSIS Pack Vendor :STMicroelectronics X-CUBE-SMBUS 2.1.0
2023-06-22 16:01:01,082 [INFO] ThirdParty:1030 - CMSIS Pack Vendor :STMicroelectronics USB_DEVICE 3.0.0
2023-06-22 16:01:01,082 [INFO] ThirdParty:1030 - CMSIS Pack Vendor :STMicroelectronics X-CUBE-AI 8.0.0
2023-06-22 16:01:01,082 [INFO] ThirdParty:1030 - CMSIS Pack Vendor :STMicroelectronics X-CUBE-FREERTOS 1.0.0
2023-06-22 16:01:01,082 [INFO] ThirdParty:1030 - CMSIS Pack Vendor :STMicroelectronics X-CUBE-FREERTOS 1.0.1
2023-06-22 16:01:01,082 [INFO] ThirdParty:1030 - CMSIS Pack Vendor :STMicroelectronics X-CUBE-TOUCHGFX 4.21.1
2023-06-22 16:01:01,082 [INFO] ThirdParty:1030 - CMSIS Pack Vendor :STMicroelectronics X-CUBE-TOUCHGFX 4.21.3
2023-06-22 16:01:01,082 [INFO] ThirdParty:1030 - CMSIS Pack Vendor :STMicroelectronics X-CUBE-AZRTOS-F7 1.1.0
2023-06-22 16:01:01,082 [INFO] ThirdParty:1030 - CMSIS Pack Vendor :STMicroelectronics X-CUBE-TOUCHGFX 4.21.4
2023-06-22 16:01:01,082 [INFO] ThirdParty:1030 - CMSIS Pack Vendor :STMicroelectronics USB_DEVICE 2.0.0
2023-06-22 16:01:01,082 [INFO] ThirdParty:1030 - CMSIS Pack Vendor :STMicroelectronics X-CUBE-AI 7.3.0
2023-06-22 16:01:01,082 [INFO] ThirdParty:1030 - CMSIS Pack Vendor :STMicroelectronics X-CUBE-MEMS1 9.6.0
2023-06-22 16:01:01,082 [INFO] ThirdParty:1030 - CMSIS Pack Vendor :STMicroelectronics FP-SNS-MOTENV1 4.3.0
2023-06-22 16:01:01,082 [INFO] ThirdParty:1030 - CMSIS Pack Vendor :STMicroelectronics FP-SNS-FLIGHT1 5.0.0
2023-06-22 16:01:01,082 [INFO] ThirdParty:1030 - CMSIS Pack Vendor :STMicroelectronics FP-SNS-MOTENV1 4.3.1
2023-06-22 16:01:01,082 [INFO] ThirdParty:1030 - CMSIS Pack Vendor :STMicroelectronics FP-SNS-FLIGHT1 5.0.1
2023-06-22 16:01:01,082 [INFO] ThirdParty:1030 - CMSIS Pack Vendor :STMicroelectronics X-CUBE-ALGOBUILD 1.3.0
2023-06-22 16:01:01,082 [INFO] ThirdParty:1030 - CMSIS Pack Vendor :STMicroelectronics X-CUBE-BLE1 6.2.4
2023-06-22 16:01:01,082 [INFO] ThirdParty:1030 - CMSIS Pack Vendor :STMicroelectronics X-CUBE-AZRTOS-L5 1.1.0
2023-06-22 16:01:01,082 [INFO] ThirdParty:1030 - CMSIS Pack Vendor :STMicroelectronics FreeRTOS 0.0.1
2023-06-22 16:01:01,082 [INFO] ThirdParty:1030 - CMSIS Pack Vendor :STMicroelectronics X-CUBE-AZRTOS-G0 1.1.0
2023-06-22 16:01:01,082 [INFO] ThirdParty:1030 - CMSIS Pack Vendor :emotas I-CUBE-CANOPEN 1.1.3
2023-06-22 16:01:01,082 [INFO] ThirdParty:1030 - CMSIS Pack Vendor :STMicroelectronics X-CUBE-BLEMGR 2.0.0
2023-06-22 16:01:01,082 [INFO] ThirdParty:1030 - CMSIS Pack Vendor :STMicroelectronics X-CUBE-AI 8.0.1
2023-06-22 16:01:01,082 [INFO] ThirdParty:1030 - CMSIS Pack Vendor :STMicroelectronics X-CUBE-NFC4 3.0.0
2023-06-22 16:01:01,082 [INFO] ThirdParty:1030 - CMSIS Pack Vendor :STMicroelectronics X-CUBE-SUBG2 5.0.0
2023-06-22 16:01:01,082 [INFO] ThirdParty:1030 - CMSIS Pack Vendor :STMicroelectronics STM32_WPAN 1.0.0
2023-06-22 16:01:01,082 [INFO] ThirdParty:1030 - CMSIS Pack Vendor :STMicroelectronics lwIP 2.0.3
2023-06-22 16:01:01,082 [INFO] ThirdParty:1030 - CMSIS Pack Vendor :STMicroelectronics USB_HOST 1.0.0
2023-06-22 16:01:01,082 [INFO] ThirdParty:1030 - CMSIS Pack Vendor :STMicroelectronics X-CUBE-AZRTOS-G4 2.0.0
2023-06-22 16:01:01,082 [INFO] ThirdParty:1030 - CMSIS Pack Vendor :STMicroelectronics PDM2PCM 3.1.0
2023-06-22 16:01:01,082 [INFO] ThirdParty:1030 - CMSIS Pack Vendor :STMicroelectronics X-CUBE-AZRTOS-H7 3.1.0
2023-06-22 16:01:01,082 [INFO] ThirdParty:1030 - CMSIS Pack Vendor :STMicroelectronics X-CUBE-TOF1 3.3.0
2023-06-22 16:01:01,082 [INFO] ThirdParty:1030 - CMSIS Pack Vendor :STMicroelectronics FP-ATR-ASTRA1 1.1.1
2023-06-22 16:01:01,082 [INFO] ThirdParty:1030 - CMSIS Pack Vendor :STMicroelectronics PDM2PCM 3.3.0
2023-06-22 16:01:01,082 [INFO] ThirdParty:1030 - CMSIS Pack Vendor :STMicroelectronics X-CUBE-DISPLAY 3.0.0
2023-06-22 16:01:01,082 [INFO] ThirdParty:1030 - CMSIS Pack Vendor :STMicroelectronics X-CUBE-BLEMGR 1.3.0
2023-06-22 16:01:01,082 [INFO] ThirdParty:1030 - CMSIS Pack Vendor :STMicroelectronics FP-ATR-SIGFOX1 3.2.0
2023-06-22 16:01:01,082 [INFO] ThirdParty:1030 - CMSIS Pack Vendor :STMicroelectronics X-CUBE-AZRTOS-G4 1.0.0
2023-06-22 16:01:01,082 [INFO] ThirdParty:1030 - CMSIS Pack Vendor :wolfSSL I-CUBE-wolfSSL 5.5.4
2023-06-22 16:01:01,082 [INFO] ThirdParty:1030 - CMSIS Pack Vendor :STMicroelectronics X-CUBE-AZRTOS-L4 1.0.0
2023-06-22 16:01:01,082 [INFO] ThirdParty:1030 - CMSIS Pack Vendor :STMicroelectronics HAL Drivers 0.0.0
2023-06-22 16:01:01,082 [INFO] ThirdParty:1030 - CMSIS Pack Vendor :STMicroelectronics MBEDTLS 2.16.2
2023-06-22 16:01:01,082 [INFO] ThirdParty:1030 - CMSIS Pack Vendor :STMicroelectronics X-CUBE-NFC7 1.0.1
2023-06-22 16:01:01,082 [INFO] ThirdParty:1030 - CMSIS Pack Vendor :STMicroelectronics MBEDTLS 2.14.1
2023-06-22 16:01:01,082 [INFO] ThirdParty:1030 - CMSIS Pack Vendor :STMicroelectronics X-CUBE-NFC7 1.0.0
2023-06-22 16:01:01,082 [INFO] ThirdParty:1030 - CMSIS Pack Vendor :STMicroelectronics X-CUBE-AZRTOS-WL 1.0.0
2023-06-22 16:01:01,082 [INFO] ThirdParty:1030 - CMSIS Pack Vendor :STMicroelectronics X-CUBE-EEPRMA1 4.1.0
2023-06-22 16:01:01,082 [INFO] ThirdParty:1030 - CMSIS Pack Vendor :portGmbH I-Cube-SoM-uGOAL 1.1.0
2023-06-22 16:01:01,082 [INFO] ThirdParty:1030 - CMSIS Pack Vendor :STMicroelectronics X-CUBE-ALS 1.0.1
2023-06-22 16:01:01,082 [INFO] ThirdParty:1030 - CMSIS Pack Vendor :STMicroelectronics X-CUBE-MEMS1 9.5.0
2023-06-22 16:01:01,082 [INFO] ThirdParty:1030 - CMSIS Pack Vendor :STMicroelectronics ThreadX 1.0.0
2023-06-22 16:01:01,082 [INFO] ThirdParty:1030 - CMSIS Pack Vendor :STMicroelectronics X-CUBE-AZRTOS-WB 1.1.0
2023-06-22 16:01:01,082 [INFO] ThirdParty:1030 - CMSIS Pack Vendor :STMicroelectronics X-CUBE-AZRTOS-WL 2.0.0
2023-06-22 16:01:01,082 [INFO] ThirdParty:1030 - CMSIS Pack Vendor :SEGGER I-CUBE-embOS 1.3.1
2023-06-22 16:01:01,082 [INFO] ThirdParty:1030 - CMSIS Pack Vendor :STMicroelectronics USB_DEVICE 1.0.0
2023-06-22 16:01:01,082 [INFO] ThirdParty:1030 - CMSIS Pack Vendor :STMicroelectronics X-CUBE-AZRTOS-L4 2.0.0
2023-06-22 16:01:01,082 [INFO] ThirdParty:1030 - CMSIS Pack Vendor :STMicroelectronics ThreadX 0.0.2
2023-06-22 16:01:01,082 [INFO] ThirdParty:1030 - CMSIS Pack Vendor :WES I-CUBE-Cesium 1.3.0
2023-06-22 16:01:01,082 [INFO] ThirdParty:1030 - CMSIS Pack Vendor :STMicroelectronics FP-ATR-ASTRA1 2.0.0
2023-06-22 16:01:01,082 [INFO] ThirdParty:1030 - CMSIS Pack Vendor :STMicroelectronics lwIP 2.1.2
2023-06-22 16:01:01,082 [INFO] ThirdParty:1030 - CMSIS Pack Vendor :STMicroelectronics X-CUBE-SFXS2LP1 4.0.0
2023-06-22 16:01:01,082 [INFO] ThirdParty:1030 - CMSIS Pack Vendor :STMicroelectronics X-CUBE-BLE2 3.3.0
2023-06-22 16:01:01,082 [INFO] ThirdParty:1030 - CMSIS Pack Vendor :STMicroelectronics X-CUBE-TOF1 3.2.0
2023-06-22 16:01:01,082 [INFO] ThirdParty:1030 - CMSIS Pack Vendor :STMicroelectronics PDM2PCM 3.2.0
2023-06-22 16:01:01,082 [INFO] ThirdParty:1030 - CMSIS Pack Vendor :STMicroelectronics X-CUBE-AZRTOS-H7 3.0.0
2023-06-22 16:01:01,082 [INFO] ThirdParty:841 - exiting critical section [change project]
2023-06-22 16:01:01,160 [INFO] PinOutPanel:1499 - setPackage(No Configuration,No Configuration)
2023-06-22 16:01:01,160 [INFO] PinOutPanel:1499 - setPackage(STM32L152RETx,LQFP64)
2023-06-22 16:01:01,285 [INFO] UtilMem:75 - Before build in PCC Used Memory: 441924384 Bytes (996147200)
2023-06-22 16:01:01,599 [INFO] UtilMem:75 - After build in PCC Used Memory: 490158880 Bytes (996147200)
2023-06-22 16:01:01,615 [INFO] IPUIPlugin:80 - create IPUIPlugin
2023-06-22 16:01:01,615 [INFO] IPUIPlugin:80 - create IPUIPlugin
2023-06-22 16:01:01,615 [INFO] IPUIPlugin:80 - create IPUIPlugin
2023-06-22 16:01:01,615 [INFO] IPUIPlugin:80 - create IPUIPlugin
2023-06-22 16:01:01,615 [INFO] IPUIPlugin:80 - create IPUIPlugin
2023-06-22 16:01:01,615 [INFO] IPUIPlugin:80 - create IPUIPlugin
2023-06-22 16:01:01,615 [INFO] IPUIPlugin:80 - create IPUIPlugin
2023-06-22 16:01:01,615 [INFO] IPUIPlugin:80 - create IPUIPlugin
2023-06-22 16:01:01,615 [INFO] IPUIPlugin:80 - create IPUIPlugin
2023-06-22 16:01:01,615 [INFO] IPUIPlugin:80 - create IPUIPlugin
2023-06-22 16:01:01,615 [INFO] IPUIPlugin:80 - create IPUIPlugin
2023-06-22 16:01:01,615 [INFO] IPUIPlugin:80 - create IPUIPlugin
2023-06-22 16:01:01,615 [INFO] IPUIPlugin:80 - create IPUIPlugin
2023-06-22 16:01:01,615 [INFO] IPUIPlugin:80 - create IPUIPlugin
2023-06-22 16:01:01,615 [INFO] IPUIPlugin:80 - create IPUIPlugin
2023-06-22 16:01:01,615 [INFO] IPUIPlugin:80 - create IPUIPlugin
2023-06-22 16:01:01,615 [INFO] IPUIPlugin:80 - create IPUIPlugin
2023-06-22 16:01:01,615 [INFO] IPUIPlugin:80 - create IPUIPlugin
2023-06-22 16:01:01,615 [INFO] IPUIPlugin:80 - create IPUIPlugin
2023-06-22 16:01:01,615 [INFO] IPUIPlugin:80 - create IPUIPlugin
2023-06-22 16:01:01,615 [INFO] IPUIPlugin:80 - create IPUIPlugin
2023-06-22 16:01:01,615 [INFO] IPUIPlugin:80 - create IPUIPlugin
2023-06-22 16:01:01,615 [INFO] IPUIPlugin:80 - create IPUIPlugin
2023-06-22 16:01:01,615 [INFO] IPUIPlugin:80 - create IPUIPlugin
2023-06-22 16:01:01,615 [INFO] IPUIPlugin:80 - create IPUIPlugin
2023-06-22 16:01:01,615 [INFO] IPUIPlugin:80 - create IPUIPlugin
2023-06-22 16:01:01,615 [INFO] IPUIPlugin:80 - create IPUIPlugin
2023-06-22 16:01:01,615 [INFO] IPUIPlugin:80 - create IPUIPlugin
2023-06-22 16:01:01,615 [INFO] IPUIPlugin:80 - create IPUIPlugin
2023-06-22 16:01:01,615 [INFO] IPUIPlugin:80 - create IPUIPlugin
2023-06-22 16:01:01,615 [INFO] IPUIPlugin:80 - create IPUIPlugin
2023-06-22 16:01:01,615 [INFO] IPUIPlugin:80 - create IPUIPlugin
2023-06-22 16:01:01,615 [INFO] IPUIPlugin:80 - create IPUIPlugin
2023-06-22 16:01:01,615 [INFO] IPUIPlugin:80 - create IPUIPlugin
2023-06-22 16:01:01,615 [INFO] IPUIPlugin:80 - create IPUIPlugin
2023-06-22 16:01:01,615 [INFO] IPUIPlugin:80 - create IPUIPlugin
2023-06-22 16:01:01,615 [INFO] IPUIPlugin:80 - create IPUIPlugin
2023-06-22 16:01:01,615 [INFO] IPUIPlugin:80 - create IPUIPlugin
2023-06-22 16:01:01,615 [INFO] IPUIPlugin:80 - create IPUIPlugin
2023-06-22 16:01:01,615 [INFO] IPUIPlugin:80 - create IPUIPlugin
2023-06-22 16:01:01,615 [INFO] IPUIPlugin:80 - create IPUIPlugin
2023-06-22 16:01:01,615 [INFO] IPUIPlugin:80 - create IPUIPlugin
2023-06-22 16:01:01,615 [INFO] IPUIPlugin:80 - create IPUIPlugin
2023-06-22 16:01:01,615 [WARN] IP:2113 - I2C_Coeff_DF not found: check if there is a RefParameter without a condition.
2023-06-22 16:01:01,615 [WARN] IP:2113 - Analog_Filter not found: check if there is a RefParameter without a condition.
2023-06-22 16:01:01,662 [INFO] CADModel:165 - CPN selected for project levelSTM32L152RET6
2023-06-22 16:01:01,662 [INFO] CADModel:114 - Register for checkConnection events
2023-06-22 16:01:01,709 [INFO] OpenFileManager:328 - Restore cursor
2023-06-22 16:01:01,802 [WARN] IP:2113 - I2C_Coeff_DF not found: check if there is a RefParameter without a condition.
2023-06-22 16:01:01,802 [WARN] IP:2113 - Analog_Filter not found: check if there is a RefParameter without a condition.
2023-06-22 16:01:01,802 [WARN] IP:2113 - I2C_Coeff_DF not found: check if there is a RefParameter without a condition.
2023-06-22 16:01:01,802 [WARN] IP:2113 - Analog_Filter not found: check if there is a RefParameter without a condition.
2023-06-22 16:01:17,172 [WARN] IP:2113 - I2C_Coeff_DF not found: check if there is a RefParameter without a condition.
2023-06-22 16:01:17,172 [WARN] IP:2113 - Analog_Filter not found: check if there is a RefParameter without a condition.
2023-06-22 16:01:17,172 [WARN] IP:2113 - I2C_Coeff_DF not found: check if there is a RefParameter without a condition.
2023-06-22 16:01:17,172 [WARN] IP:2113 - Analog_Filter not found: check if there is a RefParameter without a condition.
2023-06-22 16:01:17,172 [WARN] IP:2113 - I2C_Coeff_DF not found: check if there is a RefParameter without a condition.
2023-06-22 16:01:17,172 [WARN] IP:2113 - Analog_Filter not found: check if there is a RefParameter without a condition.
2023-06-22 16:01:17,187 [WARN] IP:2113 - I2C_Coeff_DF not found: check if there is a RefParameter without a condition.
2023-06-22 16:01:17,187 [WARN] IP:2113 - Analog_Filter not found: check if there is a RefParameter without a condition.
2023-06-22 16:01:21,947 [WARN] IP:2113 - I2C_Coeff_DF not found: check if there is a RefParameter without a condition.
2023-06-22 16:01:21,947 [WARN] IP:2113 - Analog_Filter not found: check if there is a RefParameter without a condition.
2023-06-22 16:01:21,947 [WARN] IP:2113 - I2C_Coeff_DF not found: check if there is a RefParameter without a condition.
2023-06-22 16:01:21,947 [WARN] IP:2113 - Analog_Filter not found: check if there is a RefParameter without a condition.
2023-06-22 16:01:21,947 [WARN] IP:2113 - I2C_Coeff_DF not found: check if there is a RefParameter without a condition.
2023-06-22 16:01:21,947 [WARN] IP:2113 - Analog_Filter not found: check if there is a RefParameter without a condition.
2023-06-22 16:01:21,963 [WARN] IP:2113 - I2C_Coeff_DF not found: check if there is a RefParameter without a condition.
2023-06-22 16:01:21,963 [WARN] IP:2113 - Analog_Filter not found: check if there is a RefParameter without a condition.
2023-06-22 16:01:26,305 [WARN] IP:2113 - I2C_Coeff_DF not found: check if there is a RefParameter without a condition.
2023-06-22 16:01:26,305 [WARN] IP:2113 - Analog_Filter not found: check if there is a RefParameter without a condition.
2023-06-22 16:01:26,305 [WARN] IP:2113 - I2C_Coeff_DF not found: check if there is a RefParameter without a condition.
2023-06-22 16:01:26,305 [WARN] IP:2113 - Analog_Filter not found: check if there is a RefParameter without a condition.
2023-06-22 16:01:26,321 [WARN] IP:2113 - I2C_Coeff_DF not found: check if there is a RefParameter without a condition.
2023-06-22 16:01:26,321 [WARN] IP:2113 - Analog_Filter not found: check if there is a RefParameter without a condition.
2023-06-22 16:01:26,336 [WARN] IP:2113 - I2C_Coeff_DF not found: check if there is a RefParameter without a condition.
2023-06-22 16:01:26,336 [WARN] IP:2113 - Analog_Filter not found: check if there is a RefParameter without a condition.
2023-06-22 16:01:33,976 [INFO] UtilMem:75 - End SaveConfig() Used Memory: 407279520 Bytes (996147200)
2023-06-22 16:01:34,023 [INFO] UtilMem:75 - End SaveConfig() Used Memory: 402881840 Bytes (996147200)
2023-06-22 16:01:37,426 [INFO] UtilMem:75 - End SaveConfig() Used Memory: 485125736 Bytes (996147200)
2023-06-22 16:01:37,582 [INFO] BlockDiagram:2759 - set Specific Code input for plugin: SPI
2023-06-22 16:01:37,582 [INFO] BlockDiagram:2759 - set Specific Code input for plugin: RCC
2023-06-22 16:01:37,582 [INFO] BlockDiagram:2759 - set Specific Code input for plugin: I2C
2023-06-22 16:01:37,582 [INFO] BlockDiagram:2759 - set Specific Code input for plugin: USART
2023-06-22 16:01:37,582 [INFO] BlockDiagram:2759 - set Specific Code input for plugin: SYS
2023-06-22 16:01:37,582 [INFO] BlockDiagram:2759 - set Specific Code input for plugin: NVIC
2023-06-22 16:01:37,582 [INFO] BlockDiagram:2759 - set Specific Code input for plugin: GPIO
2023-06-22 16:01:37,582 [INFO] CodeGenerator:793 - code generatio: config db path: C:\ST\STM32CubeIDE_1.12.1\STM32CubeIDE\plugins\com.st.stm32cube.common.mx_6.8.1.202304191431\\db\
2023-06-22 16:01:37,582 [WARN] IP:2113 - I2C_Coeff_DF not found: check if there is a RefParameter without a condition.
2023-06-22 16:01:37,582 [WARN] IP:2113 - Analog_Filter not found: check if there is a RefParameter without a condition.
2023-06-22 16:01:37,739 [INFO] CodeEngine:255 - oldGeneratedFile, C:\Users\HP\Documents\git\STM32\dwm3000-tx\MXTmpFiles\license.tmp_save
2023-06-22 16:01:37,801 [INFO] CodeEngine:279 - Generated code: C:\Users\HP\Documents\git\STM32\dwm3000-tx\MXTmpFiles\license.tmp
2023-06-22 16:01:37,817 [INFO] CodeEngine:255 - oldGeneratedFile, C:\Users\HP\Documents\git\STM32\dwm3000-tx\Core\Src\gpio.c_save
2023-06-22 16:01:37,895 [INFO] CodeEngine:279 - Generated code: C:\Users\HP\Documents\git\STM32\dwm3000-tx\Core\Src\gpio.c
2023-06-22 16:01:37,895 [INFO] CodeEngine:255 - oldGeneratedFile, C:\Users\HP\Documents\git\STM32\dwm3000-tx\Core\Inc\gpio.h_save
2023-06-22 16:01:37,926 [INFO] CodeEngine:279 - Generated code: C:\Users\HP\Documents\git\STM32\dwm3000-tx\Core\Inc\gpio.h
2023-06-22 16:01:37,973 [INFO] CodeEngine:255 - oldGeneratedFile, C:\Users\HP\Documents\git\STM32\dwm3000-tx\Core\Src\i2c.c_save
2023-06-22 16:01:38,035 [INFO] CodeEngine:279 - Generated code: C:\Users\HP\Documents\git\STM32\dwm3000-tx\Core\Src\i2c.c
2023-06-22 16:01:38,035 [INFO] CodeEngine:255 - oldGeneratedFile, C:\Users\HP\Documents\git\STM32\dwm3000-tx\Core\Inc\i2c.h_save
2023-06-22 16:01:38,082 [INFO] CodeEngine:279 - Generated code: C:\Users\HP\Documents\git\STM32\dwm3000-tx\Core\Inc\i2c.h
2023-06-22 16:01:38,082 [INFO] CodeEngine:255 - oldGeneratedFile, C:\Users\HP\Documents\git\STM32\dwm3000-tx\Core\Src\spi.c_save
2023-06-22 16:01:38,145 [INFO] CodeEngine:279 - Generated code: C:\Users\HP\Documents\git\STM32\dwm3000-tx\Core\Src\spi.c
2023-06-22 16:01:38,145 [INFO] CodeEngine:255 - oldGeneratedFile, C:\Users\HP\Documents\git\STM32\dwm3000-tx\Core\Inc\spi.h_save
2023-06-22 16:01:38,192 [INFO] CodeEngine:279 - Generated code: C:\Users\HP\Documents\git\STM32\dwm3000-tx\Core\Inc\spi.h
2023-06-22 16:01:38,207 [INFO] CodeEngine:255 - oldGeneratedFile, C:\Users\HP\Documents\git\STM32\dwm3000-tx\Core\Src\usart.c_save
2023-06-22 16:01:38,254 [INFO] CodeEngine:279 - Generated code: C:\Users\HP\Documents\git\STM32\dwm3000-tx\Core\Src\usart.c
2023-06-22 16:01:38,254 [INFO] CodeEngine:255 - oldGeneratedFile, C:\Users\HP\Documents\git\STM32\dwm3000-tx\Core\Inc\usart.h_save
2023-06-22 16:01:38,301 [INFO] CodeEngine:279 - Generated code: C:\Users\HP\Documents\git\STM32\dwm3000-tx\Core\Inc\usart.h
2023-06-22 16:01:38,317 [INFO] CodeEngine:255 - oldGeneratedFile, C:\Users\HP\Documents\git\STM32\dwm3000-tx\Core\Src\stm32l1xx_it.c_save
2023-06-22 16:01:38,379 [INFO] CodeEngine:279 - Generated code: C:\Users\HP\Documents\git\STM32\dwm3000-tx\Core\Src\stm32l1xx_it.c
2023-06-22 16:01:38,395 [INFO] CodeEngine:255 - oldGeneratedFile, C:\Users\HP\Documents\git\STM32\dwm3000-tx\Core\Inc\stm32l1xx_it.h_save
2023-06-22 16:01:38,426 [INFO] CodeEngine:279 - Generated code: C:\Users\HP\Documents\git\STM32\dwm3000-tx\Core\Inc\stm32l1xx_it.h
2023-06-22 16:01:38,442 [INFO] CodeEngine:255 - oldGeneratedFile, C:\Users\HP\Documents\git\STM32\dwm3000-tx\Core\Src\stm32l1xx_hal_msp.c_save
2023-06-22 16:01:38,488 [INFO] CodeEngine:279 - Generated code: C:\Users\HP\Documents\git\STM32\dwm3000-tx\Core\Src\stm32l1xx_hal_msp.c
2023-06-22 16:01:38,488 [INFO] CodeEngine:255 - oldGeneratedFile, C:\Users\HP\Documents\git\STM32\dwm3000-tx\MXTmpFiles\system.tmp_save
2023-06-22 16:01:38,535 [INFO] CodeEngine:279 - Generated code: C:\Users\HP\Documents\git\STM32\dwm3000-tx\MXTmpFiles\system.tmp
2023-06-22 16:01:38,551 [INFO] CodeEngine:311 - oldGeneratedFile, C:\Users\HP\Documents\git\STM32\dwm3000-tx\Core\Inc\stm32l1xx_hal_conf.h_save
2023-06-22 16:01:38,613 [INFO] CodeEngine:335 - Generated code: C:\Users\HP\Documents\git\STM32\dwm3000-tx\Core\Inc\stm32l1xx_hal_conf.h
2023-06-22 16:01:38,629 [INFO] CodeEngine:255 - oldGeneratedFile, C:\Users\HP\Documents\git\STM32\dwm3000-tx\Core\Inc\main.h_save
2023-06-22 16:01:38,707 [INFO] CodeEngine:279 - Generated code: C:\Users\HP\Documents\git\STM32\dwm3000-tx\Core\Inc\main.h
2023-06-22 16:01:38,707 [INFO] CodeEngine:255 - oldGeneratedFile, C:\Users\HP\Documents\git\STM32\dwm3000-tx\Core\Src\main.c_save
2023-06-22 16:01:38,754 [INFO] CodeEngine:279 - Generated code: C:\Users\HP\Documents\git\STM32\dwm3000-tx\Core\Src\main.c
2023-06-22 16:01:39,239 [INFO] ProjectBuilder:2996 - Time for Copy HAL[1] : 94mS.
2023-06-22 16:01:39,427 [INFO] ProjectBuilder:4304 - Project Generator version: 3.19.2
2023-06-22 16:01:39,583 [INFO] ConfigFileManager:1483 - The Die is : DIE437
2023-06-22 16:01:39,583 [INFO] ApiDbMcu:507 - Load IP Config File for FATFS
2023-06-22 16:01:39,583 [INFO] ApiDbMcu:507 - Load IP Config File for FREERTOS
2023-06-22 16:01:39,599 [INFO] ApiDbMcu:507 - Load IP Config File for TOUCHSENSING
2023-06-22 16:01:39,599 [INFO] ApiDbMcu:507 - Load IP Config File for USB_DEVICE
2023-06-22 16:01:40,419 [INFO] ProjectBuilder:4505 - Time for Generating toolchain IDE Files: 992mS.
2023-06-22 16:01:40,419 [INFO] ProjectBuilder:2867 - Time for Copy CMSIS : 0mS.
2023-06-22 16:01:40,435 [INFO] ProjectBuilder:2867 - Time for Copy CMSIS : 0mS.
